#-----------------------------------------------------------
# Vivado v2019.1 (64-bit)
# SW Build 2552052 on Fri May 24 14:47:09 MDT 2019
# IP Build 2548770 on Fri May 24 18:01:18 MDT 2019
# Start of session at: Mon Jul 15 14:33:03 2019
# Process ID: 12895
# Current directory: /home/xavier/MSc_Project/hls/yolo_conv_hls_2019/yolo_conv_fp_prj_2019_64
# Command line: vivado yolo_conv_fp_prj_2019_64.xpr
# Log file: /home/xavier/MSc_Project/hls/yolo_conv_hls_2019/yolo_conv_fp_prj_2019_64/vivado.log
# Journal file: /home/xavier/MSc_Project/hls/yolo_conv_hls_2019/yolo_conv_fp_prj_2019_64/vivado.jou
#-----------------------------------------------------------
start_gui
open_project yolo_conv_fp_prj_2019_64.xpr
Scanning sources...
Finished scanning sources
INFO: [IP_Flow 19-234] Refreshing IP repositories
INFO: [IP_Flow 19-1700] Loaded user IP repository '/home/xavier/MSc_Project/hls/ip_fp64'.
INFO: [IP_Flow 19-2313] Loaded Vivado IP repository '/opt/Xilinx_2019_1/Vivado/2019.1/data/ip'.
WARNING: [BD 41-1661] One or more IPs have been locked in the design 'design_1.bd'. Please run report_ip_status for more details and recommendations on how to fix this issue.
List of locked IPs:
design_1_yolo_conv_top_0_6

open_project: Time (s): cpu = 00:00:24 ; elapsed = 00:00:17 . Memory (MB): peak = 6462.344 ; gain = 149.266 ; free physical = 2171 ; free virtual = 13568
update_compile_order -fileset sources_1
open_bd_design {/home/xavier/MSc_Project/hls/yolo_conv_hls_2019/yolo_conv_fp_prj_2019_64/yolo_conv_fp_prj_2019_64.srcs/sources_1/bd/design_1/design_1.bd}
Adding component instance block -- xilinx.com:ip:processing_system7:5.5 - processing_system7_0
Adding component instance block -- xilinx.com:ip:axi_dma:7.1 - axi_dma_0
Adding component instance block -- xilinx.com:hls:yolo_conv_top:1.0 - yolo_conv_top_0
Adding component instance block -- xilinx.com:ip:smartconnect:1.0 - axi_smc
Adding component instance block -- xilinx.com:ip:proc_sys_reset:5.0 - rst_ps7_0_100M
Adding component instance block -- xilinx.com:ip:axi_interconnect:2.1 - ps7_0_axi_periph
Adding component instance block -- xilinx.com:ip:axi_crossbar:2.1 - xbar
Adding component instance block -- xilinx.com:ip:axi_protocol_converter:2.1 - auto_pc
Successfully read diagram <design_1> from BD file </home/xavier/MSc_Project/hls/yolo_conv_hls_2019/yolo_conv_fp_prj_2019_64/yolo_conv_fp_prj_2019_64.srcs/sources_1/bd/design_1/design_1.bd>
open_bd_design: Time (s): cpu = 00:00:15 ; elapsed = 00:00:11 . Memory (MB): peak = 6575.273 ; gain = 85.918 ; free physical = 1960 ; free virtual = 13421
startgroup
delete_bd_objs [get_bd_intf_nets axi_dma_0_M_AXIS_MM2S] [get_bd_intf_nets yolo_conv_top_0_outStream] [get_bd_intf_nets axi_dma_0_M_AXI_S2MM] [get_bd_intf_nets axi_smc_M00_AXI] [get_bd_intf_nets ps7_0_axi_periph_M01_AXI] [get_bd_intf_nets axi_dma_0_M_AXI_MM2S] [get_bd_nets processing_system7_0_FCLK_RESET0_N] [get_bd_cells axi_smc] [get_bd_cells yolo_conv_top_0] [get_bd_cells rst_ps7_0_100M]
delete_bd_objs [get_bd_intf_nets processing_system7_0_M_AXI_GP0] [get_bd_intf_nets ps7_0_axi_periph_M00_AXI] [get_bd_nets rst_ps7_0_100M_peripheral_aresetn] [get_bd_cells ps7_0_axi_periph]
endgroup
delete_bd_objs [get_bd_nets processing_system7_0_FCLK_CLK0]
startgroup
create_bd_cell -type ip -vlnv xilinx.com:hls:yolo_conv_top:1.0 yolo_conv_top_0
endgroup
startgroup
apply_bd_automation -rule xilinx.com:bd_rule:axi4 -config { Clk_master {Auto} Clk_slave {Auto} Clk_xbar {Auto} Master {/axi_dma_0/M_AXI_MM2S} Slave {/processing_system7_0/S_AXI_HP0} intc_ip {Auto} master_apm {0}}  [get_bd_intf_pins processing_system7_0/S_AXI_HP0]
INFO: [Ipptcl 7-1463] No Compatible Board Interface found. Board Tab not created in customize GUI
apply_bd_automation -rule xilinx.com:bd_rule:axi4 -config { Clk_master {Auto} Clk_slave {Auto} Clk_xbar {Auto} Master {/processing_system7_0/M_AXI_GP0} Slave {/axi_dma_0/S_AXI_LITE} intc_ip {New AXI Interconnect} master_apm {0}}  [get_bd_intf_pins axi_dma_0/S_AXI_LITE]
apply_bd_automation -rule xilinx.com:bd_rule:axi4 -config { Clk_master {Auto} Clk_slave {Auto} Clk_xbar {Auto} Master {/processing_system7_0/M_AXI_GP0} Slave {/yolo_conv_top_0/s_axi_CTRL_BUS} intc_ip {New AXI Interconnect} master_apm {0}}  [get_bd_intf_pins yolo_conv_top_0/s_axi_CTRL_BUS]
Slave segment </yolo_conv_top_0/s_axi_CTRL_BUS/Reg> is being mapped into address space </processing_system7_0/Data> at <0x43C0_0000 [ 64K ]>
endgroup
connect_bd_intf_net [get_bd_intf_pins yolo_conv_top_0/inStream] [get_bd_intf_pins axi_dma_0/M_AXIS_MM2S]
connect_bd_intf_net [get_bd_intf_pins axi_dma_0/S_AXIS_S2MM] [get_bd_intf_pins yolo_conv_top_0/outStream]
apply_bd_automation -rule xilinx.com:bd_rule:axi4 -config { Clk_master {Auto} Clk_slave {/processing_system7_0/FCLK_CLK0 (100 MHz)} Clk_xbar {/processing_system7_0/FCLK_CLK0 (100 MHz)} Master {/axi_dma_0/M_AXI_S2MM} Slave {/processing_system7_0/S_AXI_HP0} intc_ip {/axi_smc} master_apm {0}}  [get_bd_intf_pins axi_dma_0/M_AXI_S2MM]
regenerate_bd_layout
regenerate_bd_layout -routing
regenerate_bd_layout
validate_bd_design
INFO: [Ipptcl 7-1463] No Compatible Board Interface found. Board Tab not created in customize GUI
save_bd_design
Wrote  : </home/xavier/MSc_Project/hls/yolo_conv_hls_2019/yolo_conv_fp_prj_2019_64/yolo_conv_fp_prj_2019_64.srcs/sources_1/bd/design_1/design_1.bd> 
reset_run synth_1
launch_runs impl_1 -to_step write_bitstream -jobs 3
INFO: [BD 41-1662] The design 'design_1.bd' is already validated. Therefore parameter propagation will not be re-run.
VHDL Output written to : /home/xavier/MSc_Project/hls/yolo_conv_hls_2019/yolo_conv_fp_prj_2019_64/yolo_conv_fp_prj_2019_64.srcs/sources_1/bd/design_1/synth/design_1.v
VHDL Output written to : /home/xavier/MSc_Project/hls/yolo_conv_hls_2019/yolo_conv_fp_prj_2019_64/yolo_conv_fp_prj_2019_64.srcs/sources_1/bd/design_1/sim/design_1.v
VHDL Output written to : /home/xavier/MSc_Project/hls/yolo_conv_hls_2019/yolo_conv_fp_prj_2019_64/yolo_conv_fp_prj_2019_64.srcs/sources_1/bd/design_1/hdl/design_1_wrapper.v
INFO: [BD 41-1029] Generation completed for the IP Integrator block processing_system7_0 .
INFO: [BD 41-1029] Generation completed for the IP Integrator block axi_dma_0 .
INFO: [BD 41-1029] Generation completed for the IP Integrator block yolo_conv_top_0 .
Exporting to file /home/xavier/MSc_Project/hls/yolo_conv_hls_2019/yolo_conv_fp_prj_2019_64/yolo_conv_fp_prj_2019_64.srcs/sources_1/bd/design_1/ip/design_1_axi_smc_7/bd_0/hw_handoff/design_1_axi_smc_7.hwh
Generated Block Design Tcl file /home/xavier/MSc_Project/hls/yolo_conv_hls_2019/yolo_conv_fp_prj_2019_64/yolo_conv_fp_prj_2019_64.srcs/sources_1/bd/design_1/ip/design_1_axi_smc_7/bd_0/hw_handoff/design_1_axi_smc_7_bd.tcl
Generated Hardware Definition File /home/xavier/MSc_Project/hls/yolo_conv_hls_2019/yolo_conv_fp_prj_2019_64/yolo_conv_fp_prj_2019_64.srcs/sources_1/bd/design_1/ip/design_1_axi_smc_7/bd_0/synth/design_1_axi_smc_7.hwdef
INFO: [BD 41-1029] Generation completed for the IP Integrator block axi_smc .
INFO: [BD 41-1029] Generation completed for the IP Integrator block rst_ps7_0_100M .
INFO: [BD 41-1029] Generation completed for the IP Integrator block ps7_0_axi_periph/xbar .
WARNING: [IP_Flow 19-4994] Overwriting existing constraint file '/home/xavier/MSc_Project/hls/yolo_conv_hls_2019/yolo_conv_fp_prj_2019_64/yolo_conv_fp_prj_2019_64.srcs/sources_1/bd/design_1/ip/design_1_auto_pc_7/design_1_auto_pc_7_ooc.xdc'
INFO: [BD 41-1029] Generation completed for the IP Integrator block ps7_0_axi_periph/s00_couplers/auto_pc .
Exporting to file /home/xavier/MSc_Project/hls/yolo_conv_hls_2019/yolo_conv_fp_prj_2019_64/yolo_conv_fp_prj_2019_64.srcs/sources_1/bd/design_1/hw_handoff/design_1.hwh
Generated Block Design Tcl file /home/xavier/MSc_Project/hls/yolo_conv_hls_2019/yolo_conv_fp_prj_2019_64/yolo_conv_fp_prj_2019_64.srcs/sources_1/bd/design_1/hw_handoff/design_1_bd.tcl
Generated Hardware Definition File /home/xavier/MSc_Project/hls/yolo_conv_hls_2019/yolo_conv_fp_prj_2019_64/yolo_conv_fp_prj_2019_64.srcs/sources_1/bd/design_1/synth/design_1.hwdef
INFO: [IP_Flow 19-4993] Using cached IP synthesis design for IP design_1_auto_pc_7, cache-ID = c7981aa4510def98; cache size = 369.513 MB.
INFO: [IP_Flow 19-4993] Using cached IP synthesis design for IP design_1_rst_ps7_0_100M_7, cache-ID = 34bfec66c547985c; cache size = 369.513 MB.
INFO: [IP_Flow 19-4993] Using cached IP synthesis design for IP design_1_xbar_7, cache-ID = 6429a62b604e4e8e; cache size = 369.513 MB.
[Mon Jul 15 14:37:11 2019] Launched design_1_axi_smc_7_synth_1, design_1_yolo_conv_top_0_7_synth_1, synth_1...
Run output will be captured here:
design_1_axi_smc_7_synth_1: /home/xavier/MSc_Project/hls/yolo_conv_hls_2019/yolo_conv_fp_prj_2019_64/yolo_conv_fp_prj_2019_64.runs/design_1_axi_smc_7_synth_1/runme.log
design_1_yolo_conv_top_0_7_synth_1: /home/xavier/MSc_Project/hls/yolo_conv_hls_2019/yolo_conv_fp_prj_2019_64/yolo_conv_fp_prj_2019_64.runs/design_1_yolo_conv_top_0_7_synth_1/runme.log
synth_1: /home/xavier/MSc_Project/hls/yolo_conv_hls_2019/yolo_conv_fp_prj_2019_64/yolo_conv_fp_prj_2019_64.runs/synth_1/runme.log
[Mon Jul 15 14:37:11 2019] Launched impl_1...
Run output will be captured here: /home/xavier/MSc_Project/hls/yolo_conv_hls_2019/yolo_conv_fp_prj_2019_64/yolo_conv_fp_prj_2019_64.runs/impl_1/runme.log
launch_runs: Time (s): cpu = 00:00:19 ; elapsed = 00:00:14 . Memory (MB): peak = 7082.742 ; gain = 298.484 ; free physical = 1669 ; free virtual = 13142
open_run impl_1
INFO: [Device 21-403] Loading part xc7z020clg484-1
INFO: [Netlist 29-17] Analyzing 1204 Unisim elements for replacement
INFO: [Netlist 29-28] Unisim Transformation completed in 0 CPU seconds
INFO: [Project 1-479] Netlist was created with Vivado 2019.1
INFO: [Project 1-570] Preparing netlist for logic optimization
INFO: [Timing 38-478] Restoring timing data from binary archive.
INFO: [Timing 38-479] Binary timing data restore complete.
INFO: [Project 1-856] Restoring constraints from binary archive.
INFO: [Constraints 18-5170] The checkpoint was created with non-default parameter values which do not match the current Vivado settings.  Mismatching parameters are:
  general.maxThreads
INFO: [Project 1-853] Binary constraint restore complete.
Reading XDEF placement.
Reading placer database...
Reading XDEF routing.
Read XDEF File: Time (s): cpu = 00:00:05 ; elapsed = 00:00:05 . Memory (MB): peak = 8071.582 ; gain = 66.961 ; free physical = 2840 ; free virtual = 12317
Restored from archive | CPU: 5.290000 secs | Memory: 70.932777 MB |
Finished XDEF File Restore: Time (s): cpu = 00:00:05 ; elapsed = 00:00:05 . Memory (MB): peak = 8071.582 ; gain = 66.961 ; free physical = 2840 ; free virtual = 12317
Netlist sorting complete. Time (s): cpu = 00:00:00.02 ; elapsed = 00:00:00.02 . Memory (MB): peak = 8071.582 ; gain = 0.000 ; free physical = 2851 ; free virtual = 12332
INFO: [Project 1-111] Unisim Transformation Summary:
  A total of 108 instances were transformed.
  RAM16X1D => RAM32X1D (RAMD32, RAMD32): 1 instances
  RAM32M => RAM32M (RAMD32, RAMD32, RAMD32, RAMD32, RAMD32, RAMD32, RAMS32, RAMS32): 107 instances

open_run: Time (s): cpu = 00:00:44 ; elapsed = 00:00:37 . Memory (MB): peak = 8190.488 ; gain = 1090.180 ; free physical = 2738 ; free virtual = 12223
open_report: Time (s): cpu = 00:00:22 ; elapsed = 00:00:10 . Memory (MB): peak = 8323.852 ; gain = 66.430 ; free physical = 2478 ; free virtual = 11966
report_utilization -name utilization_1
report_utilization: Time (s): cpu = 00:00:20 ; elapsed = 00:00:10 . Memory (MB): peak = 8357.926 ; gain = 31.340 ; free physical = 2301 ; free virtual = 11791
file mkdir /home/xavier/MSc_Project/hls/yolo_conv_hls_2019/yolo_conv_fp_prj_2019_64/yolo_conv_fp_prj_2019_64.sdk
file copy -force /home/xavier/MSc_Project/hls/yolo_conv_hls_2019/yolo_conv_fp_prj_2019_64/yolo_conv_fp_prj_2019_64.runs/impl_1/design_1_wrapper.sysdef /home/xavier/MSc_Project/hls/yolo_conv_hls_2019/yolo_conv_fp_prj_2019_64/yolo_conv_fp_prj_2019_64.sdk/design_1_wrapper.hdf

launch_sdk -workspace /home/xavier/MSc_Project/hls/yolo_conv_hls_2019/yolo_conv_fp_prj_2019_64/yolo_conv_fp_prj_2019_64.sdk -hwspec /home/xavier/MSc_Project/hls/yolo_conv_hls_2019/yolo_conv_fp_prj_2019_64/yolo_conv_fp_prj_2019_64.sdk/design_1_wrapper.hdf
INFO: [Vivado 12-393] Launching SDK...
INFO: [Vivado 12-417] Running xsdk -workspace /home/xavier/MSc_Project/hls/yolo_conv_hls_2019/yolo_conv_fp_prj_2019_64/yolo_conv_fp_prj_2019_64.sdk -hwspec /home/xavier/MSc_Project/hls/yolo_conv_hls_2019/yolo_conv_fp_prj_2019_64/yolo_conv_fp_prj_2019_64.sdk/design_1_wrapper.hdf
INFO: [Vivado 12-3157] SDK launch initiated. Please check console for any further messages.
exit
INFO: [Common 17-206] Exiting Vivado at Mon Jul 15 15:11:23 2019...
