

================================================================
== Vivado HLS Report for 'out_stream_merge'
================================================================
* Date:           Fri Jun  7 09:43:14 2019

* Version:        2019.1 (Build 2552052 on Fri May 24 15:28:33 MDT 2019)
* Project:        yolo_conv_2019
* Solution:       solution1
* Product family: zynq
* Target device:  xc7z020-clg484-1


================================================================
== Performance Estimates
================================================================
+ Timing (ns): 
    * Summary: 
    +--------+-------+----------+------------+
    |  Clock | Target| Estimated| Uncertainty|
    +--------+-------+----------+------------+
    |ap_clk  |  10.00|     5.635|        1.25|
    +--------+-------+----------+------------+

+ Latency (clock cycles): 
    * Summary: 
    +-----+-----+-----+-----+----------+
    |  Latency  |  Interval | Pipeline |
    | min | max | min | max |   Type   |
    +-----+-----+-----+-----+----------+
    |    6|    6|    6|    6| function |
    +-----+-----+-----+-----+----------+

    + Detail: 
        * Instance: 
        N/A

        * Loop: 
        N/A

============================================================
+ Verbose Summary: Synthesis Manager
============================================================
InlineROM: 1
ExposeGlobal: 0
============================================================
+ Verbose Summary: CDFG Model
============================================================
IsTopModel: 0
ResetActiveHigh: 1
IsCombinational: 0
IsDatapathOnly: 0
HasWiredReturn: 1
HasMFsm: 2
HasVarLatency: 0
IsPipeline: 1
IsRtlPipelined: 1
IsInstanceOverlapped: 0
IsDontTouch: 0
HasImplIP: 0
IsGatedGlobalClock: 0

+ Individual pipeline summary: 
  * Pipeline-0: initiation interval (II) = 6, depth = 7


============================================================
+ Verbose Summary: Schedule
============================================================
* Number of FSM states : 7
* Pipeline : 1
  Pipeline-0 : II = 6, D = 7, States = { 1 2 3 4 5 6 7 }
* Dataflow Pipeline: 0

* FSM state transitions: 
1 --> 2 
2 --> 3 
3 --> 4 
4 --> 5 
5 --> 6 
6 --> 7 
7 --> 

* FSM state operations: 

State 1 <SV = 0> <Delay = 5.54>
ST_1 : Operation 8 [1/1] (0.00ns)   --->   "%input_ch_idx_read = call i2 @_ssdm_op_Read.ap_auto.i2(i2 %input_ch_idx)"   --->   Operation 8 'read' 'input_ch_idx_read' <Predicate = true> <Delay = 0.00>
ST_1 : Operation 9 [1/1] (0.00ns)   --->   "%shl_ln = call i5 @_ssdm_op_BitConcatenate.i5.i2.i3(i2 %input_ch_idx_read, i3 0)" [yolo_conv_2019/src/yolo_conv.cpp:168]   --->   Operation 9 'bitconcatenate' 'shl_ln' <Predicate = true> <Delay = 0.00>
ST_1 : Operation 10 [1/1] (0.00ns)   --->   "%zext_ln168 = zext i5 %shl_ln to i6" [yolo_conv_2019/src/yolo_conv.cpp:168]   --->   Operation 10 'zext' 'zext_ln168' <Predicate = true> <Delay = 0.00>
ST_1 : Operation 11 [1/1] (0.00ns)   --->   "%shl_ln168_1 = call i3 @_ssdm_op_BitConcatenate.i3.i2.i1(i2 %input_ch_idx_read, i1 false)" [yolo_conv_2019/src/yolo_conv.cpp:168]   --->   Operation 11 'bitconcatenate' 'shl_ln168_1' <Predicate = true> <Delay = 0.00>
ST_1 : Operation 12 [1/1] (0.00ns)   --->   "%zext_ln168_1 = zext i3 %shl_ln168_1 to i6" [yolo_conv_2019/src/yolo_conv.cpp:168]   --->   Operation 12 'zext' 'zext_ln168_1' <Predicate = true> <Delay = 0.00>
ST_1 : Operation 13 [1/1] (1.78ns)   --->   "%sub_ln168 = sub i6 %zext_ln168, %zext_ln168_1" [yolo_conv_2019/src/yolo_conv.cpp:168]   --->   Operation 13 'sub' 'sub_ln168' <Predicate = true> <Delay = 1.78> <Core = "AddSub">   --->   Core 14 'AddSub' <Latency = 0> <II = 1> <Delay = 1.82> <FuncUnit> <Opcode : 'add' 'sub'> <InPorts = 2> <OutPorts = 1>
ST_1 : Operation 14 [1/1] (0.00ns)   --->   "%sext_ln168 = sext i6 %sub_ln168 to i32" [yolo_conv_2019/src/yolo_conv.cpp:168]   --->   Operation 14 'sext' 'sext_ln168' <Predicate = true> <Delay = 0.00>
ST_1 : Operation 15 [1/1] (0.00ns)   --->   "%tmp = call i2 @_ssdm_op_PartSelect.i2.i6.i32.i32(i6 %sub_ln168, i32 4, i32 5)" [yolo_conv_2019/src/yolo_conv.cpp:169]   --->   Operation 15 'partselect' 'tmp' <Predicate = true> <Delay = 0.00>
ST_1 : Operation 16 [1/1] (0.95ns)   --->   "%icmp_ln169 = icmp eq i2 %tmp, 1" [yolo_conv_2019/src/yolo_conv.cpp:169]   --->   Operation 16 'icmp' 'icmp_ln169' <Predicate = true> <Delay = 0.95> <Core = "Cmp">   --->   Core 25 'Cmp' <Latency = 0> <II = 1> <Delay = 1.36> <FuncUnit> <Opcode : 'icmp'> <InPorts = 2> <OutPorts = 1>
ST_1 : Operation 17 [1/1] (0.00ns)   --->   "br i1 %icmp_ln169, label %._crit_edge.0, label %1" [yolo_conv_2019/src/yolo_conv.cpp:169]   --->   Operation 17 'br' <Predicate = true> <Delay = 0.00>
ST_1 : Operation 18 [1/1] (0.00ns)   --->   "%trunc_ln114 = trunc i6 %sub_ln168 to i4" [yolo_conv_2019/src/yolo_conv.cpp:170]   --->   Operation 18 'trunc' 'trunc_ln114' <Predicate = (!icmp_ln169)> <Delay = 0.00>
ST_1 : Operation 19 [1/1] (1.13ns)   --->   "switch i4 %trunc_ln114, label %branch188 [
    i4 0, label %branch176
    i4 6, label %branch182
  ]" [yolo_conv_2019/src/yolo_conv.cpp:170]   --->   Operation 19 'switch' <Predicate = (!icmp_ln169)> <Delay = 1.13>
ST_1 : Operation 20 [1/1] (0.00ns)   --->   "%tmp_17 = call i1 @_ssdm_op_NbReadReq.ap_fifo.floatP(float* %out_stream_group_6_V, i32 1)" [yolo_conv_2019/src/yolo_conv.cpp:170]   --->   Operation 20 'nbreadreq' 'tmp_17' <Predicate = (!icmp_ln169 & trunc_ln114 == 6)> <Delay = 0.00> <Core = "FIFO">   --->   Core 32 'FIFO' <Latency = 0> <II = 1> <Delay = 3.63> <Storage> <Opcode : 'read' 'write' 'nbread' 'nbwrite'> <Ports = 0> <Width = 32> <Depth = 2> <FIFO>
ST_1 : Operation 21 [1/1] (1.81ns)   --->   "br label %2" [yolo_conv_2019/src/yolo_conv.cpp:170]   --->   Operation 21 'br' <Predicate = (!icmp_ln169 & trunc_ln114 == 6)> <Delay = 1.81>
ST_1 : Operation 22 [1/1] (0.00ns)   --->   "%tmp_16 = call i1 @_ssdm_op_NbReadReq.ap_fifo.floatP(float* %out_stream_group_0_V, i32 1)" [yolo_conv_2019/src/yolo_conv.cpp:170]   --->   Operation 22 'nbreadreq' 'tmp_16' <Predicate = (!icmp_ln169 & trunc_ln114 == 0)> <Delay = 0.00> <Core = "FIFO">   --->   Core 32 'FIFO' <Latency = 0> <II = 1> <Delay = 3.63> <Storage> <Opcode : 'read' 'write' 'nbread' 'nbwrite'> <Ports = 0> <Width = 32> <Depth = 2> <FIFO>
ST_1 : Operation 23 [1/1] (1.81ns)   --->   "br label %2" [yolo_conv_2019/src/yolo_conv.cpp:170]   --->   Operation 23 'br' <Predicate = (!icmp_ln169 & trunc_ln114 == 0)> <Delay = 1.81>
ST_1 : Operation 24 [1/1] (0.00ns)   --->   "%tmp_s = call i1 @_ssdm_op_NbReadReq.ap_fifo.floatP(float* %out_stream_group_12_V, i32 1)" [yolo_conv_2019/src/yolo_conv.cpp:170]   --->   Operation 24 'nbreadreq' 'tmp_s' <Predicate = (!icmp_ln169 & trunc_ln114 != 0 & trunc_ln114 != 6)> <Delay = 0.00> <Core = "FIFO">   --->   Core 32 'FIFO' <Latency = 0> <II = 1> <Delay = 3.63> <Storage> <Opcode : 'read' 'write' 'nbread' 'nbwrite'> <Ports = 0> <Width = 32> <Depth = 2> <FIFO>
ST_1 : Operation 25 [1/1] (1.81ns)   --->   "br label %2" [yolo_conv_2019/src/yolo_conv.cpp:170]   --->   Operation 25 'br' <Predicate = (!icmp_ln169 & trunc_ln114 != 0 & trunc_ln114 != 6)> <Delay = 1.81>
ST_1 : Operation 26 [1/1] (0.00ns)   --->   "%phi_ln114 = phi i1 [ %tmp_16, %branch176 ], [ %tmp_17, %branch182 ], [ %tmp_s, %branch188 ]" [yolo_conv_2019/src/yolo_conv.cpp:170]   --->   Operation 26 'phi' 'phi_ln114' <Predicate = (!icmp_ln169)> <Delay = 0.00>
ST_1 : Operation 27 [1/1] (0.00ns)   --->   "br i1 %phi_ln114, label %._crit_edge55.0, label %._crit_edge54.0" [yolo_conv_2019/src/yolo_conv.cpp:170]   --->   Operation 27 'br' <Predicate = (!icmp_ln169)> <Delay = 0.00>
ST_1 : Operation 28 [1/1] (1.13ns)   --->   "switch i4 %trunc_ln114, label %branch172 [
    i4 0, label %branch160
    i4 6, label %branch166
  ]" [yolo_conv_2019/src/yolo_conv.cpp:174]   --->   Operation 28 'switch' <Predicate = (!icmp_ln169 & phi_ln114)> <Delay = 1.13>
ST_1 : Operation 29 [1/1] (0.00ns)   --->   "%trunc_ln168 = trunc i6 %sub_ln168 to i4" [yolo_conv_2019/src/yolo_conv.cpp:168]   --->   Operation 29 'trunc' 'trunc_ln168' <Predicate = true> <Delay = 0.00>
ST_1 : Operation 30 [1/1] (0.00ns)   --->   "%or_ln168 = or i32 %sext_ln168, 1" [yolo_conv_2019/src/yolo_conv.cpp:168]   --->   Operation 30 'or' 'or_ln168' <Predicate = true> <Delay = 0.00>
ST_1 : Operation 31 [1/1] (0.00ns)   --->   "%tmp_78 = call i28 @_ssdm_op_PartSelect.i28.i32.i32.i32(i32 %or_ln168, i32 4, i32 31)" [yolo_conv_2019/src/yolo_conv.cpp:169]   --->   Operation 31 'partselect' 'tmp_78' <Predicate = true> <Delay = 0.00>
ST_1 : Operation 32 [1/1] (2.46ns)   --->   "%icmp_ln169_1 = icmp slt i28 %tmp_78, 1" [yolo_conv_2019/src/yolo_conv.cpp:169]   --->   Operation 32 'icmp' 'icmp_ln169_1' <Predicate = true> <Delay = 2.46> <Core = "Cmp">   --->   Core 25 'Cmp' <Latency = 0> <II = 1> <Delay = 1.36> <FuncUnit> <Opcode : 'icmp'> <InPorts = 2> <OutPorts = 1>
ST_1 : Operation 33 [1/1] (0.00ns)   --->   "br i1 %icmp_ln169_1, label %3, label %._crit_edge.1" [yolo_conv_2019/src/yolo_conv.cpp:169]   --->   Operation 33 'br' <Predicate = true> <Delay = 0.00>
ST_1 : Operation 34 [1/1] (0.00ns)   --->   "%or_ln114 = or i4 %trunc_ln168, 1" [yolo_conv_2019/src/yolo_conv.cpp:170]   --->   Operation 34 'or' 'or_ln114' <Predicate = (icmp_ln169_1)> <Delay = 0.00>
ST_1 : Operation 35 [1/1] (0.00ns)   --->   "%tmp_25 = call i1 @_ssdm_op_NbReadReq.ap_fifo.floatP(float* %out_stream_group_11_V, i32 1)" [yolo_conv_2019/src/yolo_conv.cpp:170]   --->   Operation 35 'nbreadreq' 'tmp_25' <Predicate = (icmp_ln169_1 & or_ln114 == 11)> <Delay = 0.00> <Core = "FIFO">   --->   Core 32 'FIFO' <Latency = 0> <II = 1> <Delay = 3.63> <Storage> <Opcode : 'read' 'write' 'nbread' 'nbwrite'> <Ports = 0> <Width = 32> <Depth = 2> <FIFO>
ST_1 : Operation 36 [1/1] (2.00ns)   --->   "br label %4" [yolo_conv_2019/src/yolo_conv.cpp:170]   --->   Operation 36 'br' <Predicate = (icmp_ln169_1 & or_ln114 == 11)> <Delay = 2.00>
ST_1 : Operation 37 [1/1] (0.00ns)   --->   "%tmp_24 = call i1 @_ssdm_op_NbReadReq.ap_fifo.floatP(float* %out_stream_group_5_V, i32 1)" [yolo_conv_2019/src/yolo_conv.cpp:170]   --->   Operation 37 'nbreadreq' 'tmp_24' <Predicate = (icmp_ln169_1 & or_ln114 == 5)> <Delay = 0.00> <Core = "FIFO">   --->   Core 32 'FIFO' <Latency = 0> <II = 1> <Delay = 3.63> <Storage> <Opcode : 'read' 'write' 'nbread' 'nbwrite'> <Ports = 0> <Width = 32> <Depth = 2> <FIFO>
ST_1 : Operation 38 [1/1] (2.00ns)   --->   "br label %4" [yolo_conv_2019/src/yolo_conv.cpp:170]   --->   Operation 38 'br' <Predicate = (icmp_ln169_1 & or_ln114 == 5)> <Delay = 2.00>
ST_1 : Operation 39 [1/1] (0.00ns)   --->   "%tmp_23 = call i1 @_ssdm_op_NbReadReq.ap_fifo.floatP(float* %out_stream_group_9_V, i32 1)" [yolo_conv_2019/src/yolo_conv.cpp:170]   --->   Operation 39 'nbreadreq' 'tmp_23' <Predicate = (icmp_ln169_1 & or_ln114 == 9)> <Delay = 0.00> <Core = "FIFO">   --->   Core 32 'FIFO' <Latency = 0> <II = 1> <Delay = 3.63> <Storage> <Opcode : 'read' 'write' 'nbread' 'nbwrite'> <Ports = 0> <Width = 32> <Depth = 2> <FIFO>
ST_1 : Operation 40 [1/1] (2.00ns)   --->   "br label %4" [yolo_conv_2019/src/yolo_conv.cpp:170]   --->   Operation 40 'br' <Predicate = (icmp_ln169_1 & or_ln114 == 9)> <Delay = 2.00>
ST_1 : Operation 41 [1/1] (0.00ns)   --->   "%tmp_22 = call i1 @_ssdm_op_NbReadReq.ap_fifo.floatP(float* %out_stream_group_3_V, i32 1)" [yolo_conv_2019/src/yolo_conv.cpp:170]   --->   Operation 41 'nbreadreq' 'tmp_22' <Predicate = (icmp_ln169_1 & or_ln114 == 3)> <Delay = 0.00> <Core = "FIFO">   --->   Core 32 'FIFO' <Latency = 0> <II = 1> <Delay = 3.63> <Storage> <Opcode : 'read' 'write' 'nbread' 'nbwrite'> <Ports = 0> <Width = 32> <Depth = 2> <FIFO>
ST_1 : Operation 42 [1/1] (2.00ns)   --->   "br label %4" [yolo_conv_2019/src/yolo_conv.cpp:170]   --->   Operation 42 'br' <Predicate = (icmp_ln169_1 & or_ln114 == 3)> <Delay = 2.00>
ST_1 : Operation 43 [1/1] (0.00ns)   --->   "%tmp_21 = call i1 @_ssdm_op_NbReadReq.ap_fifo.floatP(float* %out_stream_group_13_V, i32 1)" [yolo_conv_2019/src/yolo_conv.cpp:170]   --->   Operation 43 'nbreadreq' 'tmp_21' <Predicate = (icmp_ln169_1 & or_ln114 == 13)> <Delay = 0.00> <Core = "FIFO">   --->   Core 32 'FIFO' <Latency = 0> <II = 1> <Delay = 3.63> <Storage> <Opcode : 'read' 'write' 'nbread' 'nbwrite'> <Ports = 0> <Width = 32> <Depth = 2> <FIFO>
ST_1 : Operation 44 [1/1] (2.00ns)   --->   "br label %4" [yolo_conv_2019/src/yolo_conv.cpp:170]   --->   Operation 44 'br' <Predicate = (icmp_ln169_1 & or_ln114 == 13)> <Delay = 2.00>
ST_1 : Operation 45 [1/1] (0.00ns)   --->   "%tmp_20 = call i1 @_ssdm_op_NbReadReq.ap_fifo.floatP(float* %out_stream_group_1_V, i32 1)" [yolo_conv_2019/src/yolo_conv.cpp:170]   --->   Operation 45 'nbreadreq' 'tmp_20' <Predicate = (icmp_ln169_1 & or_ln114 == 1)> <Delay = 0.00> <Core = "FIFO">   --->   Core 32 'FIFO' <Latency = 0> <II = 1> <Delay = 3.63> <Storage> <Opcode : 'read' 'write' 'nbread' 'nbwrite'> <Ports = 0> <Width = 32> <Depth = 2> <FIFO>
ST_1 : Operation 46 [1/1] (2.00ns)   --->   "br label %4" [yolo_conv_2019/src/yolo_conv.cpp:170]   --->   Operation 46 'br' <Predicate = (icmp_ln169_1 & or_ln114 == 1)> <Delay = 2.00>
ST_1 : Operation 47 [1/1] (0.00ns)   --->   "%tmp_19 = call i1 @_ssdm_op_NbReadReq.ap_fifo.floatP(float* %out_stream_group_7_V, i32 1)" [yolo_conv_2019/src/yolo_conv.cpp:170]   --->   Operation 47 'nbreadreq' 'tmp_19' <Predicate = (icmp_ln169_1 & or_ln114 == 7)> <Delay = 0.00> <Core = "FIFO">   --->   Core 32 'FIFO' <Latency = 0> <II = 1> <Delay = 3.63> <Storage> <Opcode : 'read' 'write' 'nbread' 'nbwrite'> <Ports = 0> <Width = 32> <Depth = 2> <FIFO>
ST_1 : Operation 48 [1/1] (2.00ns)   --->   "br label %4" [yolo_conv_2019/src/yolo_conv.cpp:170]   --->   Operation 48 'br' <Predicate = (icmp_ln169_1 & or_ln114 == 7)> <Delay = 2.00>
ST_1 : Operation 49 [1/1] (0.00ns)   --->   "%tmp_18 = call i1 @_ssdm_op_NbReadReq.ap_fifo.floatP(float* %out_stream_group_15_V, i32 1)" [yolo_conv_2019/src/yolo_conv.cpp:170]   --->   Operation 49 'nbreadreq' 'tmp_18' <Predicate = (icmp_ln169_1 & or_ln114 != 7 & or_ln114 != 1 & or_ln114 != 13 & or_ln114 != 3 & or_ln114 != 9 & or_ln114 != 5 & or_ln114 != 11)> <Delay = 0.00> <Core = "FIFO">   --->   Core 32 'FIFO' <Latency = 0> <II = 1> <Delay = 3.63> <Storage> <Opcode : 'read' 'write' 'nbread' 'nbwrite'> <Ports = 0> <Width = 32> <Depth = 2> <FIFO>
ST_1 : Operation 50 [1/1] (2.00ns)   --->   "br label %4" [yolo_conv_2019/src/yolo_conv.cpp:170]   --->   Operation 50 'br' <Predicate = (icmp_ln169_1 & or_ln114 != 7 & or_ln114 != 1 & or_ln114 != 13 & or_ln114 != 3 & or_ln114 != 9 & or_ln114 != 5 & or_ln114 != 11)> <Delay = 2.00>
ST_1 : Operation 51 [1/1] (1.82ns)   --->   "%add_ln168 = add i6 %sub_ln168, 2" [yolo_conv_2019/src/yolo_conv.cpp:168]   --->   Operation 51 'add' 'add_ln168' <Predicate = true> <Delay = 1.82> <Core = "AddSub">   --->   Core 14 'AddSub' <Latency = 0> <II = 1> <Delay = 1.82> <FuncUnit> <Opcode : 'add' 'sub'> <InPorts = 2> <OutPorts = 1>
ST_1 : Operation 52 [1/1] (0.00ns)   --->   "%tmp_87 = call i2 @_ssdm_op_PartSelect.i2.i6.i32.i32(i6 %add_ln168, i32 4, i32 5)" [yolo_conv_2019/src/yolo_conv.cpp:169]   --->   Operation 52 'partselect' 'tmp_87' <Predicate = true> <Delay = 0.00>
ST_1 : Operation 53 [1/1] (0.95ns)   --->   "%icmp_ln169_2 = icmp eq i2 %tmp_87, 1" [yolo_conv_2019/src/yolo_conv.cpp:169]   --->   Operation 53 'icmp' 'icmp_ln169_2' <Predicate = true> <Delay = 0.95> <Core = "Cmp">   --->   Core 25 'Cmp' <Latency = 0> <II = 1> <Delay = 1.36> <FuncUnit> <Opcode : 'icmp'> <InPorts = 2> <OutPorts = 1>
ST_1 : Operation 54 [1/1] (0.00ns)   --->   "br i1 %icmp_ln169_2, label %._crit_edge.2, label %5" [yolo_conv_2019/src/yolo_conv.cpp:169]   --->   Operation 54 'br' <Predicate = true> <Delay = 0.00>
ST_1 : Operation 55 [1/1] (0.00ns)   --->   "%tmp_28 = call i1 @_ssdm_op_NbReadReq.ap_fifo.floatP(float* %out_stream_group_8_V, i32 1)" [yolo_conv_2019/src/yolo_conv.cpp:170]   --->   Operation 55 'nbreadreq' 'tmp_28' <Predicate = (!icmp_ln169_2 & trunc_ln168 == 6)> <Delay = 0.00> <Core = "FIFO">   --->   Core 32 'FIFO' <Latency = 0> <II = 1> <Delay = 3.63> <Storage> <Opcode : 'read' 'write' 'nbread' 'nbwrite'> <Ports = 0> <Width = 32> <Depth = 2> <FIFO>
ST_1 : Operation 56 [1/1] (1.81ns)   --->   "br label %6" [yolo_conv_2019/src/yolo_conv.cpp:170]   --->   Operation 56 'br' <Predicate = (!icmp_ln169_2 & trunc_ln168 == 6)> <Delay = 1.81>
ST_1 : Operation 57 [1/1] (0.00ns)   --->   "%tmp_27 = call i1 @_ssdm_op_NbReadReq.ap_fifo.floatP(float* %out_stream_group_2_V, i32 1)" [yolo_conv_2019/src/yolo_conv.cpp:170]   --->   Operation 57 'nbreadreq' 'tmp_27' <Predicate = (!icmp_ln169_2 & trunc_ln168 == 0)> <Delay = 0.00> <Core = "FIFO">   --->   Core 32 'FIFO' <Latency = 0> <II = 1> <Delay = 3.63> <Storage> <Opcode : 'read' 'write' 'nbread' 'nbwrite'> <Ports = 0> <Width = 32> <Depth = 2> <FIFO>
ST_1 : Operation 58 [1/1] (1.81ns)   --->   "br label %6" [yolo_conv_2019/src/yolo_conv.cpp:170]   --->   Operation 58 'br' <Predicate = (!icmp_ln169_2 & trunc_ln168 == 0)> <Delay = 1.81>
ST_1 : Operation 59 [1/1] (0.00ns)   --->   "%tmp_26 = call i1 @_ssdm_op_NbReadReq.ap_fifo.floatP(float* %out_stream_group_14_V, i32 1)" [yolo_conv_2019/src/yolo_conv.cpp:170]   --->   Operation 59 'nbreadreq' 'tmp_26' <Predicate = (!icmp_ln169_2 & trunc_ln168 != 0 & trunc_ln168 != 6)> <Delay = 0.00> <Core = "FIFO">   --->   Core 32 'FIFO' <Latency = 0> <II = 1> <Delay = 3.63> <Storage> <Opcode : 'read' 'write' 'nbread' 'nbwrite'> <Ports = 0> <Width = 32> <Depth = 2> <FIFO>
ST_1 : Operation 60 [1/1] (1.81ns)   --->   "br label %6" [yolo_conv_2019/src/yolo_conv.cpp:170]   --->   Operation 60 'br' <Predicate = (!icmp_ln169_2 & trunc_ln168 != 0 & trunc_ln168 != 6)> <Delay = 1.81>
ST_1 : Operation 61 [1/1] (1.82ns)   --->   "%add_ln168_2 = add i6 4, %sub_ln168" [yolo_conv_2019/src/yolo_conv.cpp:168]   --->   Operation 61 'add' 'add_ln168_2' <Predicate = true> <Delay = 1.82> <Core = "AddSub">   --->   Core 14 'AddSub' <Latency = 0> <II = 1> <Delay = 1.82> <FuncUnit> <Opcode : 'add' 'sub'> <InPorts = 2> <OutPorts = 1>
ST_1 : Operation 62 [1/1] (0.00ns)   --->   "%tmp_95 = call i2 @_ssdm_op_PartSelect.i2.i6.i32.i32(i6 %add_ln168_2, i32 4, i32 5)" [yolo_conv_2019/src/yolo_conv.cpp:169]   --->   Operation 62 'partselect' 'tmp_95' <Predicate = true> <Delay = 0.00>
ST_1 : Operation 63 [1/1] (0.95ns)   --->   "%icmp_ln169_4 = icmp eq i2 %tmp_95, 1" [yolo_conv_2019/src/yolo_conv.cpp:169]   --->   Operation 63 'icmp' 'icmp_ln169_4' <Predicate = true> <Delay = 0.95> <Core = "Cmp">   --->   Core 25 'Cmp' <Latency = 0> <II = 1> <Delay = 1.36> <FuncUnit> <Opcode : 'icmp'> <InPorts = 2> <OutPorts = 1>
ST_1 : Operation 64 [1/1] (0.00ns)   --->   "br i1 %icmp_ln169_4, label %._crit_edge.4, label %9" [yolo_conv_2019/src/yolo_conv.cpp:169]   --->   Operation 64 'br' <Predicate = true> <Delay = 0.00>
ST_1 : Operation 65 [1/1] (1.30ns)   --->   "%icmp_ln114 = icmp eq i4 %trunc_ln168, 0" [yolo_conv_2019/src/yolo_conv.cpp:170]   --->   Operation 65 'icmp' 'icmp_ln114' <Predicate = (!icmp_ln169_4)> <Delay = 1.30> <Core = "Cmp">   --->   Core 25 'Cmp' <Latency = 0> <II = 1> <Delay = 1.36> <FuncUnit> <Opcode : 'icmp'> <InPorts = 2> <OutPorts = 1>
ST_1 : Operation 66 [1/1] (0.00ns)   --->   "%tmp_33 = call i1 @_ssdm_op_NbReadReq.ap_fifo.floatP(float* %out_stream_group_10_V, i32 1)" [yolo_conv_2019/src/yolo_conv.cpp:170]   --->   Operation 66 'nbreadreq' 'tmp_33' <Predicate = (!icmp_ln169_4 & !icmp_ln114)> <Delay = 0.00> <Core = "FIFO">   --->   Core 32 'FIFO' <Latency = 0> <II = 1> <Delay = 3.63> <Storage> <Opcode : 'read' 'write' 'nbread' 'nbwrite'> <Ports = 0> <Width = 32> <Depth = 2> <FIFO>
ST_1 : Operation 67 [1/1] (1.76ns)   --->   "br label %10" [yolo_conv_2019/src/yolo_conv.cpp:170]   --->   Operation 67 'br' <Predicate = (!icmp_ln169_4 & !icmp_ln114)> <Delay = 1.76>
ST_1 : Operation 68 [1/1] (0.00ns)   --->   "%tmp_32 = call i1 @_ssdm_op_NbReadReq.ap_fifo.floatP(float* %out_stream_group_4_V, i32 1)" [yolo_conv_2019/src/yolo_conv.cpp:170]   --->   Operation 68 'nbreadreq' 'tmp_32' <Predicate = (!icmp_ln169_4 & icmp_ln114)> <Delay = 0.00> <Core = "FIFO">   --->   Core 32 'FIFO' <Latency = 0> <II = 1> <Delay = 3.63> <Storage> <Opcode : 'read' 'write' 'nbread' 'nbwrite'> <Ports = 0> <Width = 32> <Depth = 2> <FIFO>
ST_1 : Operation 69 [1/1] (1.76ns)   --->   "br label %10" [yolo_conv_2019/src/yolo_conv.cpp:170]   --->   Operation 69 'br' <Predicate = (!icmp_ln169_4 & icmp_ln114)> <Delay = 1.76>

State 2 <SV = 1> <Delay = 5.44>
ST_2 : Operation 70 [1/1] (0.00ns)   --->   "%last_V_read = call i1 @_ssdm_op_Read.ap_auto.i1(i1 %last_V)"   --->   Operation 70 'read' 'last_V_read' <Predicate = true> <Delay = 0.00>
ST_2 : Operation 71 [1/1] (0.00ns)   --->   "%tmp_dest_V = call i6 @_ssdm_op_Read.ap_auto.i6(i6 %curr_input_dest_V)"   --->   Operation 71 'read' 'tmp_dest_V' <Predicate = true> <Delay = 0.00>
ST_2 : Operation 72 [1/1] (0.00ns)   --->   "%tmp_id_V = call i5 @_ssdm_op_Read.ap_auto.i5(i5 %curr_input_id_V)"   --->   Operation 72 'read' 'tmp_id_V' <Predicate = true> <Delay = 0.00>
ST_2 : Operation 73 [1/1] (0.00ns)   --->   "%tmp_user_V = call i2 @_ssdm_op_Read.ap_auto.i2(i2 %curr_input_user_V)"   --->   Operation 73 'read' 'tmp_user_V' <Predicate = true> <Delay = 0.00>
ST_2 : Operation 74 [1/1] (0.00ns)   --->   "%tmp_strb_V = call i4 @_ssdm_op_Read.ap_auto.i4(i4 %curr_input_strb_V)"   --->   Operation 74 'read' 'tmp_strb_V' <Predicate = true> <Delay = 0.00>
ST_2 : Operation 75 [1/1] (0.00ns)   --->   "%tmp_keep_V = call i4 @_ssdm_op_Read.ap_auto.i4(i4 %curr_input_keep_V)"   --->   Operation 75 'read' 'tmp_keep_V' <Predicate = true> <Delay = 0.00>
ST_2 : Operation 76 [1/1] (3.63ns)   --->   "%tmp_77 = call float @_ssdm_op_Read.ap_fifo.volatile.floatP(float* %out_stream_group_6_V)" [yolo_conv_2019/src/yolo_conv.cpp:174]   --->   Operation 76 'read' 'tmp_77' <Predicate = (!icmp_ln169 & trunc_ln114 == 6 & phi_ln114)> <Delay = 3.63> <Core = "FIFO">   --->   Core 32 'FIFO' <Latency = 0> <II = 1> <Delay = 3.63> <Storage> <Opcode : 'read' 'write' 'nbread' 'nbwrite'> <Ports = 0> <Width = 32> <Depth = 2> <FIFO>
ST_2 : Operation 77 [1/1] (1.81ns)   --->   "br label %._crit_edge55.0196" [yolo_conv_2019/src/yolo_conv.cpp:174]   --->   Operation 77 'br' <Predicate = (!icmp_ln169 & trunc_ln114 == 6 & phi_ln114)> <Delay = 1.81>
ST_2 : Operation 78 [1/1] (3.63ns)   --->   "%tmp_76 = call float @_ssdm_op_Read.ap_fifo.volatile.floatP(float* %out_stream_group_0_V)" [yolo_conv_2019/src/yolo_conv.cpp:174]   --->   Operation 78 'read' 'tmp_76' <Predicate = (!icmp_ln169 & trunc_ln114 == 0 & phi_ln114)> <Delay = 3.63> <Core = "FIFO">   --->   Core 32 'FIFO' <Latency = 0> <II = 1> <Delay = 3.63> <Storage> <Opcode : 'read' 'write' 'nbread' 'nbwrite'> <Ports = 0> <Width = 32> <Depth = 2> <FIFO>
ST_2 : Operation 79 [1/1] (1.81ns)   --->   "br label %._crit_edge55.0196" [yolo_conv_2019/src/yolo_conv.cpp:174]   --->   Operation 79 'br' <Predicate = (!icmp_ln169 & trunc_ln114 == 0 & phi_ln114)> <Delay = 1.81>
ST_2 : Operation 80 [1/1] (3.63ns)   --->   "%tmp_75 = call float @_ssdm_op_Read.ap_fifo.volatile.floatP(float* %out_stream_group_12_V)" [yolo_conv_2019/src/yolo_conv.cpp:174]   --->   Operation 80 'read' 'tmp_75' <Predicate = (!icmp_ln169 & trunc_ln114 != 0 & trunc_ln114 != 6 & phi_ln114)> <Delay = 3.63> <Core = "FIFO">   --->   Core 32 'FIFO' <Latency = 0> <II = 1> <Delay = 3.63> <Storage> <Opcode : 'read' 'write' 'nbread' 'nbwrite'> <Ports = 0> <Width = 32> <Depth = 2> <FIFO>
ST_2 : Operation 81 [1/1] (1.81ns)   --->   "br label %._crit_edge55.0196" [yolo_conv_2019/src/yolo_conv.cpp:174]   --->   Operation 81 'br' <Predicate = (!icmp_ln169 & trunc_ln114 != 0 & trunc_ln114 != 6 & phi_ln114)> <Delay = 1.81>
ST_2 : Operation 82 [1/1] (0.00ns)   --->   "%tmp_data = phi float [ %tmp_75, %branch172 ], [ %tmp_77, %branch166 ], [ %tmp_76, %branch160 ]"   --->   Operation 82 'phi' 'tmp_data' <Predicate = (!icmp_ln169 & phi_ln114)> <Delay = 0.00>
ST_2 : Operation 83 [1/1] (1.42ns)   --->   "%icmp_ln178 = icmp eq i6 %sub_ln168, 15" [yolo_conv_2019/src/yolo_conv.cpp:178]   --->   Operation 83 'icmp' 'icmp_ln178' <Predicate = (!icmp_ln169 & phi_ln114)> <Delay = 1.42> <Core = "Cmp">   --->   Core 25 'Cmp' <Latency = 0> <II = 1> <Delay = 1.36> <FuncUnit> <Opcode : 'icmp'> <InPorts = 2> <OutPorts = 1>
ST_2 : Operation 84 [1/1] (0.97ns)   --->   "%curr_output_last_V = and i1 %icmp_ln178, %last_V_read" [yolo_conv_2019/src/yolo_conv.cpp:178]   --->   Operation 84 'and' 'curr_output_last_V' <Predicate = (!icmp_ln169 & phi_ln114)> <Delay = 0.97> <Core = "LogicGate">   --->   Core 27 'LogicGate' <Latency = 0> <II = 1> <Delay = 0.97> <FuncUnit> <Opcode : 'and' 'or' 'xor'> <InPorts = 2> <OutPorts = 1>
ST_2 : Operation 85 [1/1] (0.00ns)   --->   "call void @_ssdm_op_Write.axis.volatile.floatP.i4P.i4P.i2P.i1P.i5P.i6P(float* %outStream_V_data, i4* %outStream_V_keep_V, i4* %outStream_V_strb_V, i2* %outStream_V_user_V, i1* %outStream_V_last_V, i5* %outStream_V_id_V, i6* %outStream_V_dest_V, float %tmp_data, i4 %tmp_keep_V, i4 %tmp_strb_V, i2 %tmp_user_V, i1 %curr_output_last_V, i5 %tmp_id_V, i6 %tmp_dest_V)" [yolo_conv_2019/src/yolo_conv.cpp:184]   --->   Operation 85 'write' <Predicate = (!icmp_ln169 & phi_ln114)> <Delay = 0.00> <Core = "AXI4Stream">   --->   Core 5 'AXI4Stream' <Latency = 0> <II = 1> <Delay = 1.00> <Adapter> <Opcode : >
ST_2 : Operation 86 [1/1] (1.36ns)   --->   "switch i4 %or_ln114, label %branch159 [
    i4 7, label %branch151
    i4 1, label %branch145
    i4 -3, label %branch157
    i4 3, label %branch147
    i4 -7, label %branch153
    i4 5, label %branch149
    i4 -5, label %branch155
  ]" [yolo_conv_2019/src/yolo_conv.cpp:170]   --->   Operation 86 'switch' <Predicate = (icmp_ln169_1)> <Delay = 1.36>
ST_2 : Operation 87 [1/1] (0.00ns)   --->   "%phi_ln114_1 = phi i1 [ %tmp_20, %branch145 ], [ %tmp_22, %branch147 ], [ %tmp_24, %branch149 ], [ %tmp_19, %branch151 ], [ %tmp_23, %branch153 ], [ %tmp_25, %branch155 ], [ %tmp_21, %branch157 ], [ %tmp_18, %branch159 ]" [yolo_conv_2019/src/yolo_conv.cpp:170]   --->   Operation 87 'phi' 'phi_ln114_1' <Predicate = (icmp_ln169_1)> <Delay = 0.00>
ST_2 : Operation 88 [1/1] (0.00ns)   --->   "br i1 %phi_ln114_1, label %._crit_edge55.1, label %._crit_edge54.1" [yolo_conv_2019/src/yolo_conv.cpp:170]   --->   Operation 88 'br' <Predicate = (icmp_ln169_1)> <Delay = 0.00>
ST_2 : Operation 89 [1/1] (1.36ns)   --->   "switch i4 %or_ln114, label %branch143 [
    i4 7, label %branch135
    i4 1, label %branch129
    i4 -3, label %branch141
    i4 3, label %branch131
    i4 -7, label %branch137
    i4 5, label %branch133
    i4 -5, label %branch139
  ]" [yolo_conv_2019/src/yolo_conv.cpp:174]   --->   Operation 89 'switch' <Predicate = (icmp_ln169_1 & phi_ln114_1)> <Delay = 1.36>
ST_2 : Operation 90 [1/1] (2.47ns)   --->   "%icmp_ln178_1 = icmp eq i32 %or_ln168, 15" [yolo_conv_2019/src/yolo_conv.cpp:178]   --->   Operation 90 'icmp' 'icmp_ln178_1' <Predicate = (icmp_ln169_1 & phi_ln114_1)> <Delay = 2.47> <Core = "Cmp">   --->   Core 25 'Cmp' <Latency = 0> <II = 1> <Delay = 1.36> <FuncUnit> <Opcode : 'icmp'> <InPorts = 2> <OutPorts = 1>
ST_2 : Operation 91 [1/1] (0.00ns)   --->   "%phi_ln114_2 = phi i1 [ %tmp_27, %branch114 ], [ %tmp_28, %branch120 ], [ %tmp_26, %branch126 ]" [yolo_conv_2019/src/yolo_conv.cpp:170]   --->   Operation 91 'phi' 'phi_ln114_2' <Predicate = (!icmp_ln169_2)> <Delay = 0.00>
ST_2 : Operation 92 [1/1] (0.00ns)   --->   "br i1 %phi_ln114_2, label %._crit_edge55.2, label %._crit_edge54.2" [yolo_conv_2019/src/yolo_conv.cpp:170]   --->   Operation 92 'br' <Predicate = (!icmp_ln169_2)> <Delay = 0.00>
ST_2 : Operation 93 [1/1] (1.42ns)   --->   "%icmp_ln178_2 = icmp eq i6 %add_ln168, 15" [yolo_conv_2019/src/yolo_conv.cpp:178]   --->   Operation 93 'icmp' 'icmp_ln178_2' <Predicate = (!icmp_ln169_2 & phi_ln114_2)> <Delay = 1.42> <Core = "Cmp">   --->   Core 25 'Cmp' <Latency = 0> <II = 1> <Delay = 1.36> <FuncUnit> <Opcode : 'icmp'> <InPorts = 2> <OutPorts = 1>
ST_2 : Operation 94 [1/1] (0.00ns)   --->   "br i1 %icmp_ln114, label %branch52, label %branch58" [yolo_conv_2019/src/yolo_conv.cpp:170]   --->   Operation 94 'br' <Predicate = (!icmp_ln169_4)> <Delay = 0.00>
ST_2 : Operation 95 [1/1] (0.00ns)   --->   "%phi_ln114_4 = phi i1 [ %tmp_32, %branch52 ], [ %tmp_33, %branch58 ]" [yolo_conv_2019/src/yolo_conv.cpp:170]   --->   Operation 95 'phi' 'phi_ln114_4' <Predicate = (!icmp_ln169_4)> <Delay = 0.00>
ST_2 : Operation 96 [1/1] (0.00ns)   --->   "br i1 %phi_ln114_4, label %._crit_edge55.4, label %._crit_edge54.4" [yolo_conv_2019/src/yolo_conv.cpp:170]   --->   Operation 96 'br' <Predicate = (!icmp_ln169_4)> <Delay = 0.00>
ST_2 : Operation 97 [1/1] (0.00ns)   --->   "br i1 %icmp_ln114, label %branch36, label %branch42" [yolo_conv_2019/src/yolo_conv.cpp:174]   --->   Operation 97 'br' <Predicate = (!icmp_ln169_4 & phi_ln114_4)> <Delay = 0.00>

State 3 <SV = 2> <Delay = 5.63>
ST_3 : Operation 98 [1/1] (3.63ns)   --->   "%tmp_86 = call float @_ssdm_op_Read.ap_fifo.volatile.floatP(float* %out_stream_group_11_V)" [yolo_conv_2019/src/yolo_conv.cpp:174]   --->   Operation 98 'read' 'tmp_86' <Predicate = (icmp_ln169_1 & or_ln114 == 11 & phi_ln114_1)> <Delay = 3.63> <Core = "FIFO">   --->   Core 32 'FIFO' <Latency = 0> <II = 1> <Delay = 3.63> <Storage> <Opcode : 'read' 'write' 'nbread' 'nbwrite'> <Ports = 0> <Width = 32> <Depth = 2> <FIFO>
ST_3 : Operation 99 [1/1] (2.00ns)   --->   "br label %._crit_edge55.1163" [yolo_conv_2019/src/yolo_conv.cpp:174]   --->   Operation 99 'br' <Predicate = (icmp_ln169_1 & or_ln114 == 11 & phi_ln114_1)> <Delay = 2.00>
ST_3 : Operation 100 [1/1] (3.63ns)   --->   "%tmp_85 = call float @_ssdm_op_Read.ap_fifo.volatile.floatP(float* %out_stream_group_5_V)" [yolo_conv_2019/src/yolo_conv.cpp:174]   --->   Operation 100 'read' 'tmp_85' <Predicate = (icmp_ln169_1 & or_ln114 == 5 & phi_ln114_1)> <Delay = 3.63> <Core = "FIFO">   --->   Core 32 'FIFO' <Latency = 0> <II = 1> <Delay = 3.63> <Storage> <Opcode : 'read' 'write' 'nbread' 'nbwrite'> <Ports = 0> <Width = 32> <Depth = 2> <FIFO>
ST_3 : Operation 101 [1/1] (2.00ns)   --->   "br label %._crit_edge55.1163" [yolo_conv_2019/src/yolo_conv.cpp:174]   --->   Operation 101 'br' <Predicate = (icmp_ln169_1 & or_ln114 == 5 & phi_ln114_1)> <Delay = 2.00>
ST_3 : Operation 102 [1/1] (3.63ns)   --->   "%tmp_84 = call float @_ssdm_op_Read.ap_fifo.volatile.floatP(float* %out_stream_group_9_V)" [yolo_conv_2019/src/yolo_conv.cpp:174]   --->   Operation 102 'read' 'tmp_84' <Predicate = (icmp_ln169_1 & or_ln114 == 9 & phi_ln114_1)> <Delay = 3.63> <Core = "FIFO">   --->   Core 32 'FIFO' <Latency = 0> <II = 1> <Delay = 3.63> <Storage> <Opcode : 'read' 'write' 'nbread' 'nbwrite'> <Ports = 0> <Width = 32> <Depth = 2> <FIFO>
ST_3 : Operation 103 [1/1] (2.00ns)   --->   "br label %._crit_edge55.1163" [yolo_conv_2019/src/yolo_conv.cpp:174]   --->   Operation 103 'br' <Predicate = (icmp_ln169_1 & or_ln114 == 9 & phi_ln114_1)> <Delay = 2.00>
ST_3 : Operation 104 [1/1] (3.63ns)   --->   "%tmp_83 = call float @_ssdm_op_Read.ap_fifo.volatile.floatP(float* %out_stream_group_3_V)" [yolo_conv_2019/src/yolo_conv.cpp:174]   --->   Operation 104 'read' 'tmp_83' <Predicate = (icmp_ln169_1 & or_ln114 == 3 & phi_ln114_1)> <Delay = 3.63> <Core = "FIFO">   --->   Core 32 'FIFO' <Latency = 0> <II = 1> <Delay = 3.63> <Storage> <Opcode : 'read' 'write' 'nbread' 'nbwrite'> <Ports = 0> <Width = 32> <Depth = 2> <FIFO>
ST_3 : Operation 105 [1/1] (2.00ns)   --->   "br label %._crit_edge55.1163" [yolo_conv_2019/src/yolo_conv.cpp:174]   --->   Operation 105 'br' <Predicate = (icmp_ln169_1 & or_ln114 == 3 & phi_ln114_1)> <Delay = 2.00>
ST_3 : Operation 106 [1/1] (3.63ns)   --->   "%tmp_82 = call float @_ssdm_op_Read.ap_fifo.volatile.floatP(float* %out_stream_group_13_V)" [yolo_conv_2019/src/yolo_conv.cpp:174]   --->   Operation 106 'read' 'tmp_82' <Predicate = (icmp_ln169_1 & or_ln114 == 13 & phi_ln114_1)> <Delay = 3.63> <Core = "FIFO">   --->   Core 32 'FIFO' <Latency = 0> <II = 1> <Delay = 3.63> <Storage> <Opcode : 'read' 'write' 'nbread' 'nbwrite'> <Ports = 0> <Width = 32> <Depth = 2> <FIFO>
ST_3 : Operation 107 [1/1] (2.00ns)   --->   "br label %._crit_edge55.1163" [yolo_conv_2019/src/yolo_conv.cpp:174]   --->   Operation 107 'br' <Predicate = (icmp_ln169_1 & or_ln114 == 13 & phi_ln114_1)> <Delay = 2.00>
ST_3 : Operation 108 [1/1] (3.63ns)   --->   "%tmp_81 = call float @_ssdm_op_Read.ap_fifo.volatile.floatP(float* %out_stream_group_1_V)" [yolo_conv_2019/src/yolo_conv.cpp:174]   --->   Operation 108 'read' 'tmp_81' <Predicate = (icmp_ln169_1 & or_ln114 == 1 & phi_ln114_1)> <Delay = 3.63> <Core = "FIFO">   --->   Core 32 'FIFO' <Latency = 0> <II = 1> <Delay = 3.63> <Storage> <Opcode : 'read' 'write' 'nbread' 'nbwrite'> <Ports = 0> <Width = 32> <Depth = 2> <FIFO>
ST_3 : Operation 109 [1/1] (2.00ns)   --->   "br label %._crit_edge55.1163" [yolo_conv_2019/src/yolo_conv.cpp:174]   --->   Operation 109 'br' <Predicate = (icmp_ln169_1 & or_ln114 == 1 & phi_ln114_1)> <Delay = 2.00>
ST_3 : Operation 110 [1/1] (3.63ns)   --->   "%tmp_80 = call float @_ssdm_op_Read.ap_fifo.volatile.floatP(float* %out_stream_group_7_V)" [yolo_conv_2019/src/yolo_conv.cpp:174]   --->   Operation 110 'read' 'tmp_80' <Predicate = (icmp_ln169_1 & or_ln114 == 7 & phi_ln114_1)> <Delay = 3.63> <Core = "FIFO">   --->   Core 32 'FIFO' <Latency = 0> <II = 1> <Delay = 3.63> <Storage> <Opcode : 'read' 'write' 'nbread' 'nbwrite'> <Ports = 0> <Width = 32> <Depth = 2> <FIFO>
ST_3 : Operation 111 [1/1] (2.00ns)   --->   "br label %._crit_edge55.1163" [yolo_conv_2019/src/yolo_conv.cpp:174]   --->   Operation 111 'br' <Predicate = (icmp_ln169_1 & or_ln114 == 7 & phi_ln114_1)> <Delay = 2.00>
ST_3 : Operation 112 [1/1] (3.63ns)   --->   "%tmp_79 = call float @_ssdm_op_Read.ap_fifo.volatile.floatP(float* %out_stream_group_15_V)" [yolo_conv_2019/src/yolo_conv.cpp:174]   --->   Operation 112 'read' 'tmp_79' <Predicate = (icmp_ln169_1 & or_ln114 != 7 & or_ln114 != 1 & or_ln114 != 13 & or_ln114 != 3 & or_ln114 != 9 & or_ln114 != 5 & or_ln114 != 11 & phi_ln114_1)> <Delay = 3.63> <Core = "FIFO">   --->   Core 32 'FIFO' <Latency = 0> <II = 1> <Delay = 3.63> <Storage> <Opcode : 'read' 'write' 'nbread' 'nbwrite'> <Ports = 0> <Width = 32> <Depth = 2> <FIFO>
ST_3 : Operation 113 [1/1] (2.00ns)   --->   "br label %._crit_edge55.1163" [yolo_conv_2019/src/yolo_conv.cpp:174]   --->   Operation 113 'br' <Predicate = (icmp_ln169_1 & or_ln114 != 7 & or_ln114 != 1 & or_ln114 != 13 & or_ln114 != 3 & or_ln114 != 9 & or_ln114 != 5 & or_ln114 != 11 & phi_ln114_1)> <Delay = 2.00>
ST_3 : Operation 114 [1/1] (0.00ns)   --->   "%tmp_data_1 = phi float [ %tmp_79, %branch143 ], [ %tmp_82, %branch141 ], [ %tmp_86, %branch139 ], [ %tmp_84, %branch137 ], [ %tmp_80, %branch135 ], [ %tmp_85, %branch133 ], [ %tmp_83, %branch131 ], [ %tmp_81, %branch129 ]"   --->   Operation 114 'phi' 'tmp_data_1' <Predicate = (icmp_ln169_1 & phi_ln114_1)> <Delay = 0.00>
ST_3 : Operation 115 [1/1] (0.97ns)   --->   "%curr_output_last_V_1 = and i1 %icmp_ln178_1, %last_V_read" [yolo_conv_2019/src/yolo_conv.cpp:178]   --->   Operation 115 'and' 'curr_output_last_V_1' <Predicate = (icmp_ln169_1 & phi_ln114_1)> <Delay = 0.97> <Core = "LogicGate">   --->   Core 27 'LogicGate' <Latency = 0> <II = 1> <Delay = 0.97> <FuncUnit> <Opcode : 'and' 'or' 'xor'> <InPorts = 2> <OutPorts = 1>
ST_3 : Operation 116 [1/1] (0.00ns)   --->   "call void @_ssdm_op_Write.axis.volatile.floatP.i4P.i4P.i2P.i1P.i5P.i6P(float* %outStream_V_data, i4* %outStream_V_keep_V, i4* %outStream_V_strb_V, i2* %outStream_V_user_V, i1* %outStream_V_last_V, i5* %outStream_V_id_V, i6* %outStream_V_dest_V, float %tmp_data_1, i4 %tmp_keep_V, i4 %tmp_strb_V, i2 %tmp_user_V, i1 %curr_output_last_V_1, i5 %tmp_id_V, i6 %tmp_dest_V)" [yolo_conv_2019/src/yolo_conv.cpp:184]   --->   Operation 116 'write' <Predicate = (icmp_ln169_1 & phi_ln114_1)> <Delay = 0.00> <Core = "AXI4Stream">   --->   Core 5 'AXI4Stream' <Latency = 0> <II = 1> <Delay = 1.00> <Adapter> <Opcode : >
ST_3 : Operation 117 [1/1] (3.63ns)   --->   "%tmp_90 = call float @_ssdm_op_Read.ap_fifo.volatile.floatP(float* %out_stream_group_8_V)" [yolo_conv_2019/src/yolo_conv.cpp:174]   --->   Operation 117 'read' 'tmp_90' <Predicate = (!icmp_ln169_2 & trunc_ln168 == 6 & phi_ln114_2)> <Delay = 3.63> <Core = "FIFO">   --->   Core 32 'FIFO' <Latency = 0> <II = 1> <Delay = 3.63> <Storage> <Opcode : 'read' 'write' 'nbread' 'nbwrite'> <Ports = 0> <Width = 32> <Depth = 2> <FIFO>
ST_3 : Operation 118 [1/1] (1.81ns)   --->   "br label %._crit_edge55.2130" [yolo_conv_2019/src/yolo_conv.cpp:174]   --->   Operation 118 'br' <Predicate = (!icmp_ln169_2 & trunc_ln168 == 6 & phi_ln114_2)> <Delay = 1.81>
ST_3 : Operation 119 [1/1] (3.63ns)   --->   "%tmp_89 = call float @_ssdm_op_Read.ap_fifo.volatile.floatP(float* %out_stream_group_2_V)" [yolo_conv_2019/src/yolo_conv.cpp:174]   --->   Operation 119 'read' 'tmp_89' <Predicate = (!icmp_ln169_2 & trunc_ln168 == 0 & phi_ln114_2)> <Delay = 3.63> <Core = "FIFO">   --->   Core 32 'FIFO' <Latency = 0> <II = 1> <Delay = 3.63> <Storage> <Opcode : 'read' 'write' 'nbread' 'nbwrite'> <Ports = 0> <Width = 32> <Depth = 2> <FIFO>
ST_3 : Operation 120 [1/1] (1.81ns)   --->   "br label %._crit_edge55.2130" [yolo_conv_2019/src/yolo_conv.cpp:174]   --->   Operation 120 'br' <Predicate = (!icmp_ln169_2 & trunc_ln168 == 0 & phi_ln114_2)> <Delay = 1.81>
ST_3 : Operation 121 [1/1] (3.63ns)   --->   "%tmp_88 = call float @_ssdm_op_Read.ap_fifo.volatile.floatP(float* %out_stream_group_14_V)" [yolo_conv_2019/src/yolo_conv.cpp:174]   --->   Operation 121 'read' 'tmp_88' <Predicate = (!icmp_ln169_2 & trunc_ln168 != 0 & trunc_ln168 != 6 & phi_ln114_2)> <Delay = 3.63> <Core = "FIFO">   --->   Core 32 'FIFO' <Latency = 0> <II = 1> <Delay = 3.63> <Storage> <Opcode : 'read' 'write' 'nbread' 'nbwrite'> <Ports = 0> <Width = 32> <Depth = 2> <FIFO>
ST_3 : Operation 122 [1/1] (1.81ns)   --->   "br label %._crit_edge55.2130" [yolo_conv_2019/src/yolo_conv.cpp:174]   --->   Operation 122 'br' <Predicate = (!icmp_ln169_2 & trunc_ln168 != 0 & trunc_ln168 != 6 & phi_ln114_2)> <Delay = 1.81>

State 4 <SV = 3> <Delay = 3.76>
ST_4 : Operation 123 [1/1] (1.13ns)   --->   "switch i4 %trunc_ln168, label %branch126 [
    i4 0, label %branch114
    i4 6, label %branch120
  ]" [yolo_conv_2019/src/yolo_conv.cpp:170]   --->   Operation 123 'switch' <Predicate = (!icmp_ln169_2)> <Delay = 1.13>
ST_4 : Operation 124 [1/1] (1.13ns)   --->   "switch i4 %trunc_ln168, label %branch110 [
    i4 0, label %branch98
    i4 6, label %branch104
  ]" [yolo_conv_2019/src/yolo_conv.cpp:174]   --->   Operation 124 'switch' <Predicate = (!icmp_ln169_2 & phi_ln114_2)> <Delay = 1.13>
ST_4 : Operation 125 [1/1] (0.00ns)   --->   "%tmp_data_2 = phi float [ %tmp_88, %branch110 ], [ %tmp_90, %branch104 ], [ %tmp_89, %branch98 ]"   --->   Operation 125 'phi' 'tmp_data_2' <Predicate = (!icmp_ln169_2 & phi_ln114_2)> <Delay = 0.00>
ST_4 : Operation 126 [1/1] (0.97ns)   --->   "%curr_output_last_V_2 = and i1 %icmp_ln178_2, %last_V_read" [yolo_conv_2019/src/yolo_conv.cpp:178]   --->   Operation 126 'and' 'curr_output_last_V_2' <Predicate = (!icmp_ln169_2 & phi_ln114_2)> <Delay = 0.97> <Core = "LogicGate">   --->   Core 27 'LogicGate' <Latency = 0> <II = 1> <Delay = 0.97> <FuncUnit> <Opcode : 'and' 'or' 'xor'> <InPorts = 2> <OutPorts = 1>
ST_4 : Operation 127 [1/1] (0.00ns)   --->   "call void @_ssdm_op_Write.axis.volatile.floatP.i4P.i4P.i2P.i1P.i5P.i6P(float* %outStream_V_data, i4* %outStream_V_keep_V, i4* %outStream_V_strb_V, i2* %outStream_V_user_V, i1* %outStream_V_last_V, i5* %outStream_V_id_V, i6* %outStream_V_dest_V, float %tmp_data_2, i4 %tmp_keep_V, i4 %tmp_strb_V, i2 %tmp_user_V, i1 %curr_output_last_V_2, i5 %tmp_id_V, i6 %tmp_dest_V)" [yolo_conv_2019/src/yolo_conv.cpp:184]   --->   Operation 127 'write' <Predicate = (!icmp_ln169_2 & phi_ln114_2)> <Delay = 0.00> <Core = "AXI4Stream">   --->   Core 5 'AXI4Stream' <Latency = 0> <II = 1> <Delay = 1.00> <Adapter> <Opcode : >
ST_4 : Operation 128 [1/1] (1.82ns)   --->   "%add_ln168_1 = add i6 %sub_ln168, 3" [yolo_conv_2019/src/yolo_conv.cpp:168]   --->   Operation 128 'add' 'add_ln168_1' <Predicate = true> <Delay = 1.82> <Core = "AddSub">   --->   Core 14 'AddSub' <Latency = 0> <II = 1> <Delay = 1.82> <FuncUnit> <Opcode : 'add' 'sub'> <InPorts = 2> <OutPorts = 1>
ST_4 : Operation 129 [1/1] (0.00ns)   --->   "%tmp_91 = call i2 @_ssdm_op_PartSelect.i2.i6.i32.i32(i6 %add_ln168_1, i32 4, i32 5)" [yolo_conv_2019/src/yolo_conv.cpp:169]   --->   Operation 129 'partselect' 'tmp_91' <Predicate = true> <Delay = 0.00>
ST_4 : Operation 130 [1/1] (0.95ns)   --->   "%icmp_ln169_3 = icmp eq i2 %tmp_91, 1" [yolo_conv_2019/src/yolo_conv.cpp:169]   --->   Operation 130 'icmp' 'icmp_ln169_3' <Predicate = true> <Delay = 0.95> <Core = "Cmp">   --->   Core 25 'Cmp' <Latency = 0> <II = 1> <Delay = 1.36> <FuncUnit> <Opcode : 'icmp'> <InPorts = 2> <OutPorts = 1>
ST_4 : Operation 131 [1/1] (0.00ns)   --->   "br i1 %icmp_ln169_3, label %._crit_edge.3, label %7" [yolo_conv_2019/src/yolo_conv.cpp:169]   --->   Operation 131 'br' <Predicate = true> <Delay = 0.00>
ST_4 : Operation 132 [1/1] (1.13ns)   --->   "switch i4 %trunc_ln168, label %branch95 [
    i4 0, label %branch83
    i4 6, label %branch89
  ]" [yolo_conv_2019/src/yolo_conv.cpp:170]   --->   Operation 132 'switch' <Predicate = (!icmp_ln169_3)> <Delay = 1.13>
ST_4 : Operation 133 [1/1] (0.00ns)   --->   "%tmp_31 = call i1 @_ssdm_op_NbReadReq.ap_fifo.floatP(float* %out_stream_group_9_V, i32 1)" [yolo_conv_2019/src/yolo_conv.cpp:170]   --->   Operation 133 'nbreadreq' 'tmp_31' <Predicate = (trunc_ln168 == 6 & !icmp_ln169_3)> <Delay = 0.00> <Core = "FIFO">   --->   Core 32 'FIFO' <Latency = 0> <II = 1> <Delay = 3.63> <Storage> <Opcode : 'read' 'write' 'nbread' 'nbwrite'> <Ports = 0> <Width = 32> <Depth = 2> <FIFO>
ST_4 : Operation 134 [1/1] (1.81ns)   --->   "br label %8" [yolo_conv_2019/src/yolo_conv.cpp:170]   --->   Operation 134 'br' <Predicate = (trunc_ln168 == 6 & !icmp_ln169_3)> <Delay = 1.81>
ST_4 : Operation 135 [1/1] (0.00ns)   --->   "%tmp_30 = call i1 @_ssdm_op_NbReadReq.ap_fifo.floatP(float* %out_stream_group_3_V, i32 1)" [yolo_conv_2019/src/yolo_conv.cpp:170]   --->   Operation 135 'nbreadreq' 'tmp_30' <Predicate = (trunc_ln168 == 0 & !icmp_ln169_3)> <Delay = 0.00> <Core = "FIFO">   --->   Core 32 'FIFO' <Latency = 0> <II = 1> <Delay = 3.63> <Storage> <Opcode : 'read' 'write' 'nbread' 'nbwrite'> <Ports = 0> <Width = 32> <Depth = 2> <FIFO>
ST_4 : Operation 136 [1/1] (1.81ns)   --->   "br label %8" [yolo_conv_2019/src/yolo_conv.cpp:170]   --->   Operation 136 'br' <Predicate = (trunc_ln168 == 0 & !icmp_ln169_3)> <Delay = 1.81>
ST_4 : Operation 137 [1/1] (0.00ns)   --->   "%tmp_29 = call i1 @_ssdm_op_NbReadReq.ap_fifo.floatP(float* %out_stream_group_15_V, i32 1)" [yolo_conv_2019/src/yolo_conv.cpp:170]   --->   Operation 137 'nbreadreq' 'tmp_29' <Predicate = (trunc_ln168 != 0 & trunc_ln168 != 6 & !icmp_ln169_3)> <Delay = 0.00> <Core = "FIFO">   --->   Core 32 'FIFO' <Latency = 0> <II = 1> <Delay = 3.63> <Storage> <Opcode : 'read' 'write' 'nbread' 'nbwrite'> <Ports = 0> <Width = 32> <Depth = 2> <FIFO>
ST_4 : Operation 138 [1/1] (1.81ns)   --->   "br label %8" [yolo_conv_2019/src/yolo_conv.cpp:170]   --->   Operation 138 'br' <Predicate = (trunc_ln168 != 0 & trunc_ln168 != 6 & !icmp_ln169_3)> <Delay = 1.81>
ST_4 : Operation 139 [1/1] (0.00ns)   --->   "%phi_ln114_3 = phi i1 [ %tmp_30, %branch83 ], [ %tmp_31, %branch89 ], [ %tmp_29, %branch95 ]" [yolo_conv_2019/src/yolo_conv.cpp:170]   --->   Operation 139 'phi' 'phi_ln114_3' <Predicate = (!icmp_ln169_3)> <Delay = 0.00>
ST_4 : Operation 140 [1/1] (0.00ns)   --->   "br i1 %phi_ln114_3, label %._crit_edge55.3, label %._crit_edge54.3" [yolo_conv_2019/src/yolo_conv.cpp:170]   --->   Operation 140 'br' <Predicate = (!icmp_ln169_3)> <Delay = 0.00>
ST_4 : Operation 141 [1/1] (1.13ns)   --->   "switch i4 %trunc_ln168, label %branch79 [
    i4 0, label %branch67
    i4 6, label %branch73
  ]" [yolo_conv_2019/src/yolo_conv.cpp:174]   --->   Operation 141 'switch' <Predicate = (!icmp_ln169_3 & phi_ln114_3)> <Delay = 1.13>
ST_4 : Operation 142 [1/1] (1.42ns)   --->   "%icmp_ln178_3 = icmp eq i6 %add_ln168_1, 15" [yolo_conv_2019/src/yolo_conv.cpp:178]   --->   Operation 142 'icmp' 'icmp_ln178_3' <Predicate = (!icmp_ln169_3 & phi_ln114_3)> <Delay = 1.42> <Core = "Cmp">   --->   Core 25 'Cmp' <Latency = 0> <II = 1> <Delay = 1.36> <FuncUnit> <Opcode : 'icmp'> <InPorts = 2> <OutPorts = 1>
ST_4 : Operation 143 [1/1] (0.00ns)   --->   "%trunc_ln168_1 = trunc i6 %sub_ln168 to i5" [yolo_conv_2019/src/yolo_conv.cpp:168]   --->   Operation 143 'trunc' 'trunc_ln168_1' <Predicate = true> <Delay = 0.00>
ST_4 : Operation 144 [1/1] (1.82ns)   --->   "%add_ln168_3 = add i6 %sub_ln168, 5" [yolo_conv_2019/src/yolo_conv.cpp:168]   --->   Operation 144 'add' 'add_ln168_3' <Predicate = true> <Delay = 1.82> <Core = "AddSub">   --->   Core 14 'AddSub' <Latency = 0> <II = 1> <Delay = 1.82> <FuncUnit> <Opcode : 'add' 'sub'> <InPorts = 2> <OutPorts = 1>
ST_4 : Operation 145 [1/1] (0.00ns)   --->   "%tmp_98 = call i2 @_ssdm_op_PartSelect.i2.i6.i32.i32(i6 %add_ln168_3, i32 4, i32 5)" [yolo_conv_2019/src/yolo_conv.cpp:169]   --->   Operation 145 'partselect' 'tmp_98' <Predicate = true> <Delay = 0.00>
ST_4 : Operation 146 [1/1] (0.95ns)   --->   "%icmp_ln169_5 = icmp eq i2 %tmp_98, 1" [yolo_conv_2019/src/yolo_conv.cpp:169]   --->   Operation 146 'icmp' 'icmp_ln169_5' <Predicate = true> <Delay = 0.95> <Core = "Cmp">   --->   Core 25 'Cmp' <Latency = 0> <II = 1> <Delay = 1.36> <FuncUnit> <Opcode : 'icmp'> <InPorts = 2> <OutPorts = 1>
ST_4 : Operation 147 [1/1] (0.00ns)   --->   "br i1 %icmp_ln169_5, label %._crit_edge.5, label %11" [yolo_conv_2019/src/yolo_conv.cpp:169]   --->   Operation 147 'br' <Predicate = true> <Delay = 0.00>
ST_4 : Operation 148 [1/1] (1.30ns)   --->   "%icmp_ln114_1 = icmp eq i4 %trunc_ln168, 0" [yolo_conv_2019/src/yolo_conv.cpp:170]   --->   Operation 148 'icmp' 'icmp_ln114_1' <Predicate = (!icmp_ln169_5)> <Delay = 1.30> <Core = "Cmp">   --->   Core 25 'Cmp' <Latency = 0> <II = 1> <Delay = 1.36> <FuncUnit> <Opcode : 'icmp'> <InPorts = 2> <OutPorts = 1>
ST_4 : Operation 149 [1/1] (0.00ns)   --->   "%tmp_35 = call i1 @_ssdm_op_NbReadReq.ap_fifo.floatP(float* %out_stream_group_11_V, i32 1)" [yolo_conv_2019/src/yolo_conv.cpp:170]   --->   Operation 149 'nbreadreq' 'tmp_35' <Predicate = (!icmp_ln169_5 & !icmp_ln114_1)> <Delay = 0.00> <Core = "FIFO">   --->   Core 32 'FIFO' <Latency = 0> <II = 1> <Delay = 3.63> <Storage> <Opcode : 'read' 'write' 'nbread' 'nbwrite'> <Ports = 0> <Width = 32> <Depth = 2> <FIFO>
ST_4 : Operation 150 [1/1] (1.76ns)   --->   "br label %12" [yolo_conv_2019/src/yolo_conv.cpp:170]   --->   Operation 150 'br' <Predicate = (!icmp_ln169_5 & !icmp_ln114_1)> <Delay = 1.76>
ST_4 : Operation 151 [1/1] (0.00ns)   --->   "%tmp_34 = call i1 @_ssdm_op_NbReadReq.ap_fifo.floatP(float* %out_stream_group_5_V, i32 1)" [yolo_conv_2019/src/yolo_conv.cpp:170]   --->   Operation 151 'nbreadreq' 'tmp_34' <Predicate = (!icmp_ln169_5 & icmp_ln114_1)> <Delay = 0.00> <Core = "FIFO">   --->   Core 32 'FIFO' <Latency = 0> <II = 1> <Delay = 3.63> <Storage> <Opcode : 'read' 'write' 'nbread' 'nbwrite'> <Ports = 0> <Width = 32> <Depth = 2> <FIFO>
ST_4 : Operation 152 [1/1] (1.76ns)   --->   "br label %12" [yolo_conv_2019/src/yolo_conv.cpp:170]   --->   Operation 152 'br' <Predicate = (!icmp_ln169_5 & icmp_ln114_1)> <Delay = 1.76>

State 5 <SV = 4> <Delay = 5.44>
ST_5 : Operation 153 [1/1] (3.63ns)   --->   "%tmp_94 = call float @_ssdm_op_Read.ap_fifo.volatile.floatP(float* %out_stream_group_9_V)" [yolo_conv_2019/src/yolo_conv.cpp:174]   --->   Operation 153 'read' 'tmp_94' <Predicate = (trunc_ln168 == 6 & !icmp_ln169_3 & phi_ln114_3)> <Delay = 3.63> <Core = "FIFO">   --->   Core 32 'FIFO' <Latency = 0> <II = 1> <Delay = 3.63> <Storage> <Opcode : 'read' 'write' 'nbread' 'nbwrite'> <Ports = 0> <Width = 32> <Depth = 2> <FIFO>
ST_5 : Operation 154 [1/1] (1.81ns)   --->   "br label %._crit_edge55.397" [yolo_conv_2019/src/yolo_conv.cpp:174]   --->   Operation 154 'br' <Predicate = (trunc_ln168 == 6 & !icmp_ln169_3 & phi_ln114_3)> <Delay = 1.81>
ST_5 : Operation 155 [1/1] (3.63ns)   --->   "%tmp_93 = call float @_ssdm_op_Read.ap_fifo.volatile.floatP(float* %out_stream_group_3_V)" [yolo_conv_2019/src/yolo_conv.cpp:174]   --->   Operation 155 'read' 'tmp_93' <Predicate = (trunc_ln168 == 0 & !icmp_ln169_3 & phi_ln114_3)> <Delay = 3.63> <Core = "FIFO">   --->   Core 32 'FIFO' <Latency = 0> <II = 1> <Delay = 3.63> <Storage> <Opcode : 'read' 'write' 'nbread' 'nbwrite'> <Ports = 0> <Width = 32> <Depth = 2> <FIFO>
ST_5 : Operation 156 [1/1] (1.81ns)   --->   "br label %._crit_edge55.397" [yolo_conv_2019/src/yolo_conv.cpp:174]   --->   Operation 156 'br' <Predicate = (trunc_ln168 == 0 & !icmp_ln169_3 & phi_ln114_3)> <Delay = 1.81>
ST_5 : Operation 157 [1/1] (3.63ns)   --->   "%tmp_92 = call float @_ssdm_op_Read.ap_fifo.volatile.floatP(float* %out_stream_group_15_V)" [yolo_conv_2019/src/yolo_conv.cpp:174]   --->   Operation 157 'read' 'tmp_92' <Predicate = (trunc_ln168 != 0 & trunc_ln168 != 6 & !icmp_ln169_3 & phi_ln114_3)> <Delay = 3.63> <Core = "FIFO">   --->   Core 32 'FIFO' <Latency = 0> <II = 1> <Delay = 3.63> <Storage> <Opcode : 'read' 'write' 'nbread' 'nbwrite'> <Ports = 0> <Width = 32> <Depth = 2> <FIFO>
ST_5 : Operation 158 [1/1] (1.81ns)   --->   "br label %._crit_edge55.397" [yolo_conv_2019/src/yolo_conv.cpp:174]   --->   Operation 158 'br' <Predicate = (trunc_ln168 != 0 & trunc_ln168 != 6 & !icmp_ln169_3 & phi_ln114_3)> <Delay = 1.81>
ST_5 : Operation 159 [1/1] (0.00ns)   --->   "%tmp_data_3 = phi float [ %tmp_92, %branch79 ], [ %tmp_94, %branch73 ], [ %tmp_93, %branch67 ]"   --->   Operation 159 'phi' 'tmp_data_3' <Predicate = (!icmp_ln169_3 & phi_ln114_3)> <Delay = 0.00>
ST_5 : Operation 160 [1/1] (0.97ns)   --->   "%curr_output_last_V_3 = and i1 %icmp_ln178_3, %last_V_read" [yolo_conv_2019/src/yolo_conv.cpp:178]   --->   Operation 160 'and' 'curr_output_last_V_3' <Predicate = (!icmp_ln169_3 & phi_ln114_3)> <Delay = 0.97> <Core = "LogicGate">   --->   Core 27 'LogicGate' <Latency = 0> <II = 1> <Delay = 0.97> <FuncUnit> <Opcode : 'and' 'or' 'xor'> <InPorts = 2> <OutPorts = 1>
ST_5 : Operation 161 [1/1] (0.00ns)   --->   "call void @_ssdm_op_Write.axis.volatile.floatP.i4P.i4P.i2P.i1P.i5P.i6P(float* %outStream_V_data, i4* %outStream_V_keep_V, i4* %outStream_V_strb_V, i2* %outStream_V_user_V, i1* %outStream_V_last_V, i5* %outStream_V_id_V, i6* %outStream_V_dest_V, float %tmp_data_3, i4 %tmp_keep_V, i4 %tmp_strb_V, i2 %tmp_user_V, i1 %curr_output_last_V_3, i5 %tmp_id_V, i6 %tmp_dest_V)" [yolo_conv_2019/src/yolo_conv.cpp:184]   --->   Operation 161 'write' <Predicate = (!icmp_ln169_3 & phi_ln114_3)> <Delay = 0.00> <Core = "AXI4Stream">   --->   Core 5 'AXI4Stream' <Latency = 0> <II = 1> <Delay = 1.00> <Adapter> <Opcode : >
ST_5 : Operation 162 [1/1] (3.63ns)   --->   "%tmp_97 = call float @_ssdm_op_Read.ap_fifo.volatile.floatP(float* %out_stream_group_10_V)" [yolo_conv_2019/src/yolo_conv.cpp:174]   --->   Operation 162 'read' 'tmp_97' <Predicate = (!icmp_ln169_4 & !icmp_ln114 & phi_ln114_4)> <Delay = 3.63> <Core = "FIFO">   --->   Core 32 'FIFO' <Latency = 0> <II = 1> <Delay = 3.63> <Storage> <Opcode : 'read' 'write' 'nbread' 'nbwrite'> <Ports = 0> <Width = 32> <Depth = 2> <FIFO>
ST_5 : Operation 163 [1/1] (1.76ns)   --->   "br label %._crit_edge55.464" [yolo_conv_2019/src/yolo_conv.cpp:174]   --->   Operation 163 'br' <Predicate = (!icmp_ln169_4 & !icmp_ln114 & phi_ln114_4)> <Delay = 1.76>
ST_5 : Operation 164 [1/1] (3.63ns)   --->   "%tmp_96 = call float @_ssdm_op_Read.ap_fifo.volatile.floatP(float* %out_stream_group_4_V)" [yolo_conv_2019/src/yolo_conv.cpp:174]   --->   Operation 164 'read' 'tmp_96' <Predicate = (!icmp_ln169_4 & icmp_ln114 & phi_ln114_4)> <Delay = 3.63> <Core = "FIFO">   --->   Core 32 'FIFO' <Latency = 0> <II = 1> <Delay = 3.63> <Storage> <Opcode : 'read' 'write' 'nbread' 'nbwrite'> <Ports = 0> <Width = 32> <Depth = 2> <FIFO>
ST_5 : Operation 165 [1/1] (1.76ns)   --->   "br label %._crit_edge55.464" [yolo_conv_2019/src/yolo_conv.cpp:174]   --->   Operation 165 'br' <Predicate = (!icmp_ln169_4 & icmp_ln114 & phi_ln114_4)> <Delay = 1.76>
ST_5 : Operation 166 [1/1] (1.36ns)   --->   "%icmp_ln178_4 = icmp eq i5 %trunc_ln168_1, 11" [yolo_conv_2019/src/yolo_conv.cpp:178]   --->   Operation 166 'icmp' 'icmp_ln178_4' <Predicate = (!icmp_ln169_4 & phi_ln114_4)> <Delay = 1.36> <Core = "Cmp">   --->   Core 25 'Cmp' <Latency = 0> <II = 1> <Delay = 1.36> <FuncUnit> <Opcode : 'icmp'> <InPorts = 2> <OutPorts = 1>
ST_5 : Operation 167 [1/1] (0.97ns)   --->   "%curr_output_last_V_4 = and i1 %icmp_ln178_4, %last_V_read" [yolo_conv_2019/src/yolo_conv.cpp:178]   --->   Operation 167 'and' 'curr_output_last_V_4' <Predicate = (!icmp_ln169_4 & phi_ln114_4)> <Delay = 0.97> <Core = "LogicGate">   --->   Core 27 'LogicGate' <Latency = 0> <II = 1> <Delay = 0.97> <FuncUnit> <Opcode : 'and' 'or' 'xor'> <InPorts = 2> <OutPorts = 1>
ST_5 : Operation 168 [1/1] (0.00ns)   --->   "br i1 %icmp_ln114_1, label %branch21, label %branch27" [yolo_conv_2019/src/yolo_conv.cpp:170]   --->   Operation 168 'br' <Predicate = (!icmp_ln169_5)> <Delay = 0.00>
ST_5 : Operation 169 [1/1] (0.00ns)   --->   "%phi_ln114_5 = phi i1 [ %tmp_34, %branch21 ], [ %tmp_35, %branch27 ]" [yolo_conv_2019/src/yolo_conv.cpp:170]   --->   Operation 169 'phi' 'phi_ln114_5' <Predicate = (!icmp_ln169_5)> <Delay = 0.00>
ST_5 : Operation 170 [1/1] (0.00ns)   --->   "br i1 %phi_ln114_5, label %._crit_edge55.5, label %._crit_edge54.5" [yolo_conv_2019/src/yolo_conv.cpp:170]   --->   Operation 170 'br' <Predicate = (!icmp_ln169_5)> <Delay = 0.00>
ST_5 : Operation 171 [1/1] (0.00ns)   --->   "br i1 %icmp_ln114_1, label %branch5, label %branch11" [yolo_conv_2019/src/yolo_conv.cpp:174]   --->   Operation 171 'br' <Predicate = (!icmp_ln169_5 & phi_ln114_5)> <Delay = 0.00>
ST_5 : Operation 172 [1/1] (1.36ns)   --->   "%icmp_ln178_5 = icmp eq i5 %trunc_ln168_1, 10" [yolo_conv_2019/src/yolo_conv.cpp:178]   --->   Operation 172 'icmp' 'icmp_ln178_5' <Predicate = (!icmp_ln169_5 & phi_ln114_5)> <Delay = 1.36> <Core = "Cmp">   --->   Core 25 'Cmp' <Latency = 0> <II = 1> <Delay = 1.36> <FuncUnit> <Opcode : 'icmp'> <InPorts = 2> <OutPorts = 1>
ST_5 : Operation 173 [1/1] (0.97ns)   --->   "%curr_output_last_V_5 = and i1 %icmp_ln178_5, %last_V_read" [yolo_conv_2019/src/yolo_conv.cpp:178]   --->   Operation 173 'and' 'curr_output_last_V_5' <Predicate = (!icmp_ln169_5 & phi_ln114_5)> <Delay = 0.97> <Core = "LogicGate">   --->   Core 27 'LogicGate' <Latency = 0> <II = 1> <Delay = 0.97> <FuncUnit> <Opcode : 'and' 'or' 'xor'> <InPorts = 2> <OutPorts = 1>

State 6 <SV = 5> <Delay = 3.63>
ST_6 : Operation 174 [1/1] (0.00ns)   --->   "%tmp_data_4 = phi float [ %tmp_97, %branch42 ], [ %tmp_96, %branch36 ]"   --->   Operation 174 'phi' 'tmp_data_4' <Predicate = (!icmp_ln169_4 & phi_ln114_4)> <Delay = 0.00>
ST_6 : Operation 175 [1/1] (0.00ns)   --->   "call void @_ssdm_op_Write.axis.volatile.floatP.i4P.i4P.i2P.i1P.i5P.i6P(float* %outStream_V_data, i4* %outStream_V_keep_V, i4* %outStream_V_strb_V, i2* %outStream_V_user_V, i1* %outStream_V_last_V, i5* %outStream_V_id_V, i6* %outStream_V_dest_V, float %tmp_data_4, i4 %tmp_keep_V, i4 %tmp_strb_V, i2 %tmp_user_V, i1 %curr_output_last_V_4, i5 %tmp_id_V, i6 %tmp_dest_V)" [yolo_conv_2019/src/yolo_conv.cpp:184]   --->   Operation 175 'write' <Predicate = (!icmp_ln169_4 & phi_ln114_4)> <Delay = 0.00> <Core = "AXI4Stream">   --->   Core 5 'AXI4Stream' <Latency = 0> <II = 1> <Delay = 1.00> <Adapter> <Opcode : >
ST_6 : Operation 176 [1/1] (3.63ns)   --->   "%tmp_100 = call float @_ssdm_op_Read.ap_fifo.volatile.floatP(float* %out_stream_group_11_V)" [yolo_conv_2019/src/yolo_conv.cpp:174]   --->   Operation 176 'read' 'tmp_100' <Predicate = (!icmp_ln169_5 & !icmp_ln114_1 & phi_ln114_5)> <Delay = 3.63> <Core = "FIFO">   --->   Core 32 'FIFO' <Latency = 0> <II = 1> <Delay = 3.63> <Storage> <Opcode : 'read' 'write' 'nbread' 'nbwrite'> <Ports = 0> <Width = 32> <Depth = 2> <FIFO>
ST_6 : Operation 177 [1/1] (1.76ns)   --->   "br label %._crit_edge55.531" [yolo_conv_2019/src/yolo_conv.cpp:174]   --->   Operation 177 'br' <Predicate = (!icmp_ln169_5 & !icmp_ln114_1 & phi_ln114_5)> <Delay = 1.76>
ST_6 : Operation 178 [1/1] (3.63ns)   --->   "%tmp_99 = call float @_ssdm_op_Read.ap_fifo.volatile.floatP(float* %out_stream_group_5_V)" [yolo_conv_2019/src/yolo_conv.cpp:174]   --->   Operation 178 'read' 'tmp_99' <Predicate = (!icmp_ln169_5 & icmp_ln114_1 & phi_ln114_5)> <Delay = 3.63> <Core = "FIFO">   --->   Core 32 'FIFO' <Latency = 0> <II = 1> <Delay = 3.63> <Storage> <Opcode : 'read' 'write' 'nbread' 'nbwrite'> <Ports = 0> <Width = 32> <Depth = 2> <FIFO>
ST_6 : Operation 179 [1/1] (1.76ns)   --->   "br label %._crit_edge55.531" [yolo_conv_2019/src/yolo_conv.cpp:174]   --->   Operation 179 'br' <Predicate = (!icmp_ln169_5 & icmp_ln114_1 & phi_ln114_5)> <Delay = 1.76>

State 7 <SV = 6> <Delay = 0.00>
ST_7 : Operation 180 [1/1] (0.00ns)   --->   "call void (...)* @_ssdm_op_SpecInterface(float* %out_stream_group_15_V, [8 x i8]* @ap_fifo_str, i32 0, i32 0, [1 x i8]* @p_str, i32 0, i32 0, [1 x i8]* @p_str, [1 x i8]* @p_str, [1 x i8]* @p_str, i32 2, i32 2, i32 16, i32 16, [1 x i8]* @p_str, [1 x i8]* @p_str)"   --->   Operation 180 'specinterface' <Predicate = true> <Delay = 0.00>
ST_7 : Operation 181 [1/1] (0.00ns)   --->   "call void (...)* @_ssdm_op_SpecInterface(float* %out_stream_group_14_V, [8 x i8]* @ap_fifo_str, i32 0, i32 0, [1 x i8]* @p_str, i32 0, i32 0, [1 x i8]* @p_str, [1 x i8]* @p_str, [1 x i8]* @p_str, i32 2, i32 2, i32 16, i32 16, [1 x i8]* @p_str, [1 x i8]* @p_str)"   --->   Operation 181 'specinterface' <Predicate = true> <Delay = 0.00>
ST_7 : Operation 182 [1/1] (0.00ns)   --->   "call void (...)* @_ssdm_op_SpecInterface(float* %out_stream_group_13_V, [8 x i8]* @ap_fifo_str, i32 0, i32 0, [1 x i8]* @p_str, i32 0, i32 0, [1 x i8]* @p_str, [1 x i8]* @p_str, [1 x i8]* @p_str, i32 2, i32 2, i32 16, i32 16, [1 x i8]* @p_str, [1 x i8]* @p_str)"   --->   Operation 182 'specinterface' <Predicate = true> <Delay = 0.00>
ST_7 : Operation 183 [1/1] (0.00ns)   --->   "call void (...)* @_ssdm_op_SpecInterface(float* %out_stream_group_12_V, [8 x i8]* @ap_fifo_str, i32 0, i32 0, [1 x i8]* @p_str, i32 0, i32 0, [1 x i8]* @p_str, [1 x i8]* @p_str, [1 x i8]* @p_str, i32 2, i32 2, i32 16, i32 16, [1 x i8]* @p_str, [1 x i8]* @p_str)"   --->   Operation 183 'specinterface' <Predicate = true> <Delay = 0.00>
ST_7 : Operation 184 [1/1] (0.00ns)   --->   "call void (...)* @_ssdm_op_SpecInterface(float* %out_stream_group_11_V, [8 x i8]* @ap_fifo_str, i32 0, i32 0, [1 x i8]* @p_str, i32 0, i32 0, [1 x i8]* @p_str, [1 x i8]* @p_str, [1 x i8]* @p_str, i32 2, i32 2, i32 16, i32 16, [1 x i8]* @p_str, [1 x i8]* @p_str)"   --->   Operation 184 'specinterface' <Predicate = true> <Delay = 0.00>
ST_7 : Operation 185 [1/1] (0.00ns)   --->   "call void (...)* @_ssdm_op_SpecInterface(float* %out_stream_group_10_V, [8 x i8]* @ap_fifo_str, i32 0, i32 0, [1 x i8]* @p_str, i32 0, i32 0, [1 x i8]* @p_str, [1 x i8]* @p_str, [1 x i8]* @p_str, i32 2, i32 2, i32 16, i32 16, [1 x i8]* @p_str, [1 x i8]* @p_str)"   --->   Operation 185 'specinterface' <Predicate = true> <Delay = 0.00>
ST_7 : Operation 186 [1/1] (0.00ns)   --->   "call void (...)* @_ssdm_op_SpecInterface(float* %out_stream_group_9_V, [8 x i8]* @ap_fifo_str, i32 0, i32 0, [1 x i8]* @p_str, i32 0, i32 0, [1 x i8]* @p_str, [1 x i8]* @p_str, [1 x i8]* @p_str, i32 2, i32 2, i32 16, i32 16, [1 x i8]* @p_str, [1 x i8]* @p_str)"   --->   Operation 186 'specinterface' <Predicate = true> <Delay = 0.00>
ST_7 : Operation 187 [1/1] (0.00ns)   --->   "call void (...)* @_ssdm_op_SpecInterface(float* %out_stream_group_8_V, [8 x i8]* @ap_fifo_str, i32 0, i32 0, [1 x i8]* @p_str, i32 0, i32 0, [1 x i8]* @p_str, [1 x i8]* @p_str, [1 x i8]* @p_str, i32 2, i32 2, i32 16, i32 16, [1 x i8]* @p_str, [1 x i8]* @p_str)"   --->   Operation 187 'specinterface' <Predicate = true> <Delay = 0.00>
ST_7 : Operation 188 [1/1] (0.00ns)   --->   "call void (...)* @_ssdm_op_SpecInterface(float* %out_stream_group_7_V, [8 x i8]* @ap_fifo_str, i32 0, i32 0, [1 x i8]* @p_str, i32 0, i32 0, [1 x i8]* @p_str, [1 x i8]* @p_str, [1 x i8]* @p_str, i32 2, i32 2, i32 16, i32 16, [1 x i8]* @p_str, [1 x i8]* @p_str)"   --->   Operation 188 'specinterface' <Predicate = true> <Delay = 0.00>
ST_7 : Operation 189 [1/1] (0.00ns)   --->   "call void (...)* @_ssdm_op_SpecInterface(float* %out_stream_group_6_V, [8 x i8]* @ap_fifo_str, i32 0, i32 0, [1 x i8]* @p_str, i32 0, i32 0, [1 x i8]* @p_str, [1 x i8]* @p_str, [1 x i8]* @p_str, i32 2, i32 2, i32 16, i32 16, [1 x i8]* @p_str, [1 x i8]* @p_str)"   --->   Operation 189 'specinterface' <Predicate = true> <Delay = 0.00>
ST_7 : Operation 190 [1/1] (0.00ns)   --->   "call void (...)* @_ssdm_op_SpecInterface(float* %out_stream_group_5_V, [8 x i8]* @ap_fifo_str, i32 0, i32 0, [1 x i8]* @p_str, i32 0, i32 0, [1 x i8]* @p_str, [1 x i8]* @p_str, [1 x i8]* @p_str, i32 2, i32 2, i32 16, i32 16, [1 x i8]* @p_str, [1 x i8]* @p_str)"   --->   Operation 190 'specinterface' <Predicate = true> <Delay = 0.00>
ST_7 : Operation 191 [1/1] (0.00ns)   --->   "call void (...)* @_ssdm_op_SpecInterface(float* %out_stream_group_4_V, [8 x i8]* @ap_fifo_str, i32 0, i32 0, [1 x i8]* @p_str, i32 0, i32 0, [1 x i8]* @p_str, [1 x i8]* @p_str, [1 x i8]* @p_str, i32 2, i32 2, i32 16, i32 16, [1 x i8]* @p_str, [1 x i8]* @p_str)"   --->   Operation 191 'specinterface' <Predicate = true> <Delay = 0.00>
ST_7 : Operation 192 [1/1] (0.00ns)   --->   "call void (...)* @_ssdm_op_SpecInterface(float* %out_stream_group_3_V, [8 x i8]* @ap_fifo_str, i32 0, i32 0, [1 x i8]* @p_str, i32 0, i32 0, [1 x i8]* @p_str, [1 x i8]* @p_str, [1 x i8]* @p_str, i32 2, i32 2, i32 16, i32 16, [1 x i8]* @p_str, [1 x i8]* @p_str)"   --->   Operation 192 'specinterface' <Predicate = true> <Delay = 0.00>
ST_7 : Operation 193 [1/1] (0.00ns)   --->   "call void (...)* @_ssdm_op_SpecInterface(float* %out_stream_group_2_V, [8 x i8]* @ap_fifo_str, i32 0, i32 0, [1 x i8]* @p_str, i32 0, i32 0, [1 x i8]* @p_str, [1 x i8]* @p_str, [1 x i8]* @p_str, i32 2, i32 2, i32 16, i32 16, [1 x i8]* @p_str, [1 x i8]* @p_str)"   --->   Operation 193 'specinterface' <Predicate = true> <Delay = 0.00>
ST_7 : Operation 194 [1/1] (0.00ns)   --->   "call void (...)* @_ssdm_op_SpecInterface(float* %out_stream_group_1_V, [8 x i8]* @ap_fifo_str, i32 0, i32 0, [1 x i8]* @p_str, i32 0, i32 0, [1 x i8]* @p_str, [1 x i8]* @p_str, [1 x i8]* @p_str, i32 2, i32 2, i32 16, i32 16, [1 x i8]* @p_str, [1 x i8]* @p_str)"   --->   Operation 194 'specinterface' <Predicate = true> <Delay = 0.00>
ST_7 : Operation 195 [1/1] (0.00ns)   --->   "call void (...)* @_ssdm_op_SpecInterface(float* %out_stream_group_0_V, [8 x i8]* @ap_fifo_str, i32 0, i32 0, [1 x i8]* @p_str, i32 0, i32 0, [1 x i8]* @p_str, [1 x i8]* @p_str, [1 x i8]* @p_str, i32 2, i32 2, i32 16, i32 16, [1 x i8]* @p_str, [1 x i8]* @p_str)"   --->   Operation 195 'specinterface' <Predicate = true> <Delay = 0.00>
ST_7 : Operation 196 [1/1] (0.00ns)   --->   "call void (...)* @_ssdm_op_SpecInterface(float* %outStream_V_data, i4* %outStream_V_keep_V, i4* %outStream_V_strb_V, i2* %outStream_V_user_V, i1* %outStream_V_last_V, i5* %outStream_V_id_V, i6* %outStream_V_dest_V, [5 x i8]* @p_str3, i32 0, i32 0, [5 x i8]* @p_str4, i32 0, i32 0, [1 x i8]* @p_str1, [1 x i8]* @p_str1, [1 x i8]* @p_str1, i32 0, i32 0, i32 0, i32 0, [1 x i8]* @p_str1, [1 x i8]* @p_str1) nounwind"   --->   Operation 196 'specinterface' <Predicate = true> <Delay = 0.00>
ST_7 : Operation 197 [1/1] (0.00ns)   --->   "br label %._crit_edge54.0" [yolo_conv_2019/src/yolo_conv.cpp:185]   --->   Operation 197 'br' <Predicate = (!icmp_ln169 & phi_ln114)> <Delay = 0.00>
ST_7 : Operation 198 [1/1] (0.00ns)   --->   "br label %._crit_edge.0" [yolo_conv_2019/src/yolo_conv.cpp:185]   --->   Operation 198 'br' <Predicate = (!icmp_ln169)> <Delay = 0.00>
ST_7 : Operation 199 [1/1] (0.00ns)   --->   "br label %._crit_edge54.1" [yolo_conv_2019/src/yolo_conv.cpp:185]   --->   Operation 199 'br' <Predicate = (icmp_ln169_1 & phi_ln114_1)> <Delay = 0.00>
ST_7 : Operation 200 [1/1] (0.00ns)   --->   "br label %._crit_edge.1" [yolo_conv_2019/src/yolo_conv.cpp:185]   --->   Operation 200 'br' <Predicate = (icmp_ln169_1)> <Delay = 0.00>
ST_7 : Operation 201 [1/1] (0.00ns)   --->   "br label %._crit_edge54.2" [yolo_conv_2019/src/yolo_conv.cpp:185]   --->   Operation 201 'br' <Predicate = (!icmp_ln169_2 & phi_ln114_2)> <Delay = 0.00>
ST_7 : Operation 202 [1/1] (0.00ns)   --->   "br label %._crit_edge.2" [yolo_conv_2019/src/yolo_conv.cpp:185]   --->   Operation 202 'br' <Predicate = (!icmp_ln169_2)> <Delay = 0.00>
ST_7 : Operation 203 [1/1] (0.00ns)   --->   "br label %._crit_edge54.3" [yolo_conv_2019/src/yolo_conv.cpp:185]   --->   Operation 203 'br' <Predicate = (!icmp_ln169_3 & phi_ln114_3)> <Delay = 0.00>
ST_7 : Operation 204 [1/1] (0.00ns)   --->   "br label %._crit_edge.3" [yolo_conv_2019/src/yolo_conv.cpp:185]   --->   Operation 204 'br' <Predicate = (!icmp_ln169_3)> <Delay = 0.00>
ST_7 : Operation 205 [1/1] (0.00ns)   --->   "br label %._crit_edge54.4" [yolo_conv_2019/src/yolo_conv.cpp:185]   --->   Operation 205 'br' <Predicate = (!icmp_ln169_4 & phi_ln114_4)> <Delay = 0.00>
ST_7 : Operation 206 [1/1] (0.00ns)   --->   "br label %._crit_edge.4" [yolo_conv_2019/src/yolo_conv.cpp:185]   --->   Operation 206 'br' <Predicate = (!icmp_ln169_4)> <Delay = 0.00>
ST_7 : Operation 207 [1/1] (0.00ns)   --->   "%tmp_data_5 = phi float [ %tmp_100, %branch11 ], [ %tmp_99, %branch5 ]"   --->   Operation 207 'phi' 'tmp_data_5' <Predicate = (!icmp_ln169_5 & phi_ln114_5)> <Delay = 0.00>
ST_7 : Operation 208 [1/1] (0.00ns)   --->   "call void @_ssdm_op_Write.axis.volatile.floatP.i4P.i4P.i2P.i1P.i5P.i6P(float* %outStream_V_data, i4* %outStream_V_keep_V, i4* %outStream_V_strb_V, i2* %outStream_V_user_V, i1* %outStream_V_last_V, i5* %outStream_V_id_V, i6* %outStream_V_dest_V, float %tmp_data_5, i4 %tmp_keep_V, i4 %tmp_strb_V, i2 %tmp_user_V, i1 %curr_output_last_V_5, i5 %tmp_id_V, i6 %tmp_dest_V)" [yolo_conv_2019/src/yolo_conv.cpp:184]   --->   Operation 208 'write' <Predicate = (!icmp_ln169_5 & phi_ln114_5)> <Delay = 0.00> <Core = "AXI4Stream">   --->   Core 5 'AXI4Stream' <Latency = 0> <II = 1> <Delay = 1.00> <Adapter> <Opcode : >
ST_7 : Operation 209 [1/1] (0.00ns)   --->   "br label %._crit_edge54.5" [yolo_conv_2019/src/yolo_conv.cpp:185]   --->   Operation 209 'br' <Predicate = (!icmp_ln169_5 & phi_ln114_5)> <Delay = 0.00>
ST_7 : Operation 210 [1/1] (0.00ns)   --->   "br label %._crit_edge.5" [yolo_conv_2019/src/yolo_conv.cpp:185]   --->   Operation 210 'br' <Predicate = (!icmp_ln169_5)> <Delay = 0.00>
ST_7 : Operation 211 [1/1] (0.00ns)   --->   "ret void" [yolo_conv_2019/src/yolo_conv.cpp:189]   --->   Operation 211 'ret' <Predicate = true> <Delay = 0.00>


============================================================
+ Verbose Summary: Timing violations
============================================================
Target clock period: 10ns, clock uncertainty: 1.25ns.

 <State 1>: 5.54ns
The critical path consists of the following:
	wire read on port 'input_ch_idx' [54]  (0 ns)
	'sub' operation ('sub_ln168', yolo_conv_2019/src/yolo_conv.cpp:168) [59]  (1.78 ns)
	'add' operation ('add_ln168', yolo_conv_2019/src/yolo_conv.cpp:168) [169]  (1.83 ns)
	'icmp' operation ('icmp_ln169_2', yolo_conv_2019/src/yolo_conv.cpp:169) [171]  (0.959 ns)
	blocking operation 0.978 ns on control path)

 <State 2>: 5.45ns
The critical path consists of the following:
	fifo read on port 'out_stream_group_6_V' (yolo_conv_2019/src/yolo_conv.cpp:174) [82]  (3.63 ns)
	multiplexor before 'phi' operation ('tmp') with incoming values : ('tmp', yolo_conv_2019/src/yolo_conv.cpp:174) [91]  (1.81 ns)
	'phi' operation ('tmp') with incoming values : ('tmp', yolo_conv_2019/src/yolo_conv.cpp:174) [91]  (0 ns)

 <State 3>: 5.64ns
The critical path consists of the following:
	fifo read on port 'out_stream_group_11_V' (yolo_conv_2019/src/yolo_conv.cpp:174) [137]  (3.63 ns)
	multiplexor before 'phi' operation ('tmp') with incoming values : ('tmp', yolo_conv_2019/src/yolo_conv.cpp:174) [161]  (2 ns)
	'phi' operation ('tmp') with incoming values : ('tmp', yolo_conv_2019/src/yolo_conv.cpp:174) [161]  (0 ns)

 <State 4>: 3.76ns
The critical path consists of the following:
	'icmp' operation ('icmp_ln114_1', yolo_conv_2019/src/yolo_conv.cpp:170) [284]  (1.3 ns)
	blocking operation 2.46 ns on control path)

 <State 5>: 5.45ns
The critical path consists of the following:
	fifo read on port 'out_stream_group_9_V' (yolo_conv_2019/src/yolo_conv.cpp:174) [228]  (3.63 ns)
	multiplexor before 'phi' operation ('tmp') with incoming values : ('tmp', yolo_conv_2019/src/yolo_conv.cpp:174) [237]  (1.81 ns)
	'phi' operation ('tmp') with incoming values : ('tmp', yolo_conv_2019/src/yolo_conv.cpp:174) [237]  (0 ns)

 <State 6>: 3.63ns
The critical path consists of the following:
	fifo read on port 'out_stream_group_11_V' (yolo_conv_2019/src/yolo_conv.cpp:174) [298]  (3.63 ns)

 <State 7>: 0ns
The critical path consists of the following:


============================================================
+ Verbose Summary: Binding
============================================================
N/A
* FSMD analyzer results:
  - Output states:
 - Input state : 
  - Chain level:
	State 1
	State 2
	State 3
	State 4
	State 5
	State 6
	State 7


============================================================
+ Verbose Summary: Datapath Resource usage 
============================================================
N/A
