10:42:07 INFO  : Registering command handlers for SDK TCF services
10:42:10 INFO  : Launching XSCT server: xsct -n -interactive /home/xavier/MSc_Project/hls/yolo_conv_hls_2019/yolo_conv_prj_2019/project_1/project_1.sdk/temp_xsdb_launch_script.tcl
10:42:20 INFO  : XSCT server has started successfully.
10:42:45 INFO  : Successfully done setting XSCT server connection channel  
10:42:45 INFO  : Successfully done setting SDK workspace  
10:42:45 INFO  : Processing command line option -hwspec /home/xavier/MSc_Project/hls/yolo_conv_hls_2019/yolo_conv_prj_2019/project_1/project_1.sdk/design_1_wrapper.hdf.
10:47:23 INFO  : Connected to target on host '127.0.0.1' and port '3121'.
10:47:23 INFO  : 'targets -set -filter {jtag_cable_name =~ "Digilent Zed 210248586321" && level==0} -index 1' command is executed.
10:47:26 INFO  : FPGA configured successfully with bitstream "/home/xavier/MSc_Project/hls/yolo_conv_hls_2019/yolo_conv_prj_2019/project_1/project_1.sdk/design_1_wrapper_hw_platform_0/design_1_wrapper.bit"
10:47:52 INFO  : 'targets -set -filter {jtag_cable_name =~ "Digilent Zed 210248586321" && level==0} -index 1' command is executed.
10:47:52 INFO  : 'fpga -state' command is executed.
10:47:52 INFO  : Connected to target on host '127.0.0.1' and port '3121'.
10:47:52 INFO  : Jtag cable 'Digilent Zed 210248586321' is selected.
10:47:52 INFO  : 'jtag frequency' command is executed.
10:47:52 INFO  : Sourcing of '/home/xavier/MSc_Project/hls/yolo_conv_hls_2019/yolo_conv_prj_2019/project_1/project_1.sdk/design_1_wrapper_hw_platform_0/ps7_init.tcl' is done.
10:47:52 INFO  : Context for 'APU' is selected.
10:47:52 INFO  : Hardware design information is loaded from '/home/xavier/MSc_Project/hls/yolo_conv_hls_2019/yolo_conv_prj_2019/project_1/project_1.sdk/design_1_wrapper_hw_platform_0/system.hdf'.
10:47:52 INFO  : 'configparams force-mem-access 1' command is executed.
10:47:52 INFO  : Context for 'APU' is selected.
10:47:52 INFO  : 'stop' command is executed.
10:47:52 INFO  : 'ps7_init' command is executed.
10:47:52 INFO  : 'ps7_post_config' command is executed.
10:47:52 INFO  : Context for processor 'ps7_cortexa9_0' is selected.
10:47:52 INFO  : Processor reset is completed for 'ps7_cortexa9_0'.
10:47:52 INFO  : Context for processor 'ps7_cortexa9_0' is selected.
10:48:18 INFO  : The application '/home/xavier/MSc_Project/hls/yolo_conv_hls_2019/yolo_conv_prj_2019/project_1/project_1.sdk/yolo_conv_ps/Debug/yolo_conv_ps.elf' is downloaded to processor 'ps7_cortexa9_0'.
10:48:18 INFO  : 'configparams force-mem-access 0' command is executed.
10:48:18 INFO  : ----------------XSDB Script----------------
connect -url tcp:127.0.0.1:3121
source /home/xavier/MSc_Project/hls/yolo_conv_hls_2019/yolo_conv_prj_2019/project_1/project_1.sdk/design_1_wrapper_hw_platform_0/ps7_init.tcl
targets -set -nocase -filter {name =~"APU*" && jtag_cable_name =~ "Digilent Zed 210248586321"} -index 0
loadhw -hw /home/xavier/MSc_Project/hls/yolo_conv_hls_2019/yolo_conv_prj_2019/project_1/project_1.sdk/design_1_wrapper_hw_platform_0/system.hdf -mem-ranges [list {0x40000000 0xbfffffff}]
configparams force-mem-access 1
targets -set -nocase -filter {name =~"APU*" && jtag_cable_name =~ "Digilent Zed 210248586321"} -index 0
stop
ps7_init
ps7_post_config
targets -set -nocase -filter {name =~ "ARM*#0" && jtag_cable_name =~ "Digilent Zed 210248586321"} -index 0
rst -processor
targets -set -nocase -filter {name =~ "ARM*#0" && jtag_cable_name =~ "Digilent Zed 210248586321"} -index 0
dow /home/xavier/MSc_Project/hls/yolo_conv_hls_2019/yolo_conv_prj_2019/project_1/project_1.sdk/yolo_conv_ps/Debug/yolo_conv_ps.elf
configparams force-mem-access 0
----------------End of Script----------------

10:48:19 INFO  : Context for processor 'ps7_cortexa9_0' is selected.
10:48:19 INFO  : 'con' command is executed.
10:48:19 INFO  : ----------------XSDB Script (After Launch)----------------
targets -set -nocase -filter {name =~ "ARM*#0" && jtag_cable_name =~ "Digilent Zed 210248586321"} -index 0
con
----------------End of Script----------------

10:48:19 INFO  : Disconnected from the channel tcfchan#1.
10:49:13 INFO  : 'targets -set -filter {jtag_cable_name =~ "Digilent Zed 210248586321" && level==0} -index 1' command is executed.
10:49:13 INFO  : 'fpga -state' command is executed.
10:49:13 INFO  : Connected to target on host '127.0.0.1' and port '3121'.
10:49:13 INFO  : Jtag cable 'Digilent Zed 210248586321' is selected.
10:49:13 INFO  : 'jtag frequency' command is executed.
10:49:13 INFO  : Sourcing of '/home/xavier/MSc_Project/hls/yolo_conv_hls_2019/yolo_conv_prj_2019/project_1/project_1.sdk/design_1_wrapper_hw_platform_0/ps7_init.tcl' is done.
10:49:13 INFO  : Context for 'APU' is selected.
10:49:14 INFO  : Hardware design information is loaded from '/home/xavier/MSc_Project/hls/yolo_conv_hls_2019/yolo_conv_prj_2019/project_1/project_1.sdk/design_1_wrapper_hw_platform_0/system.hdf'.
10:49:14 INFO  : 'configparams force-mem-access 1' command is executed.
10:49:14 INFO  : Context for 'APU' is selected.
10:49:14 INFO  : 'stop' command is executed.
10:49:14 INFO  : 'ps7_init' command is executed.
10:49:14 INFO  : 'ps7_post_config' command is executed.
10:49:14 INFO  : Context for processor 'ps7_cortexa9_0' is selected.
10:49:14 INFO  : Processor reset is completed for 'ps7_cortexa9_0'.
10:49:14 INFO  : Context for processor 'ps7_cortexa9_0' is selected.
10:49:40 INFO  : The application '/home/xavier/MSc_Project/hls/yolo_conv_hls_2019/yolo_conv_prj_2019/project_1/project_1.sdk/yolo_conv_ps/Debug/yolo_conv_ps.elf' is downloaded to processor 'ps7_cortexa9_0'.
10:49:40 INFO  : 'configparams force-mem-access 0' command is executed.
10:49:40 INFO  : ----------------XSDB Script----------------
connect -url tcp:127.0.0.1:3121
source /home/xavier/MSc_Project/hls/yolo_conv_hls_2019/yolo_conv_prj_2019/project_1/project_1.sdk/design_1_wrapper_hw_platform_0/ps7_init.tcl
targets -set -nocase -filter {name =~"APU*" && jtag_cable_name =~ "Digilent Zed 210248586321"} -index 0
loadhw -hw /home/xavier/MSc_Project/hls/yolo_conv_hls_2019/yolo_conv_prj_2019/project_1/project_1.sdk/design_1_wrapper_hw_platform_0/system.hdf -mem-ranges [list {0x40000000 0xbfffffff}]
configparams force-mem-access 1
targets -set -nocase -filter {name =~"APU*" && jtag_cable_name =~ "Digilent Zed 210248586321"} -index 0
stop
ps7_init
ps7_post_config
targets -set -nocase -filter {name =~ "ARM*#0" && jtag_cable_name =~ "Digilent Zed 210248586321"} -index 0
rst -processor
targets -set -nocase -filter {name =~ "ARM*#0" && jtag_cable_name =~ "Digilent Zed 210248586321"} -index 0
dow /home/xavier/MSc_Project/hls/yolo_conv_hls_2019/yolo_conv_prj_2019/project_1/project_1.sdk/yolo_conv_ps/Debug/yolo_conv_ps.elf
configparams force-mem-access 0
----------------End of Script----------------

10:49:40 INFO  : Context for processor 'ps7_cortexa9_0' is selected.
10:49:40 INFO  : 'con' command is executed.
10:49:40 INFO  : ----------------XSDB Script (After Launch)----------------
targets -set -nocase -filter {name =~ "ARM*#0" && jtag_cable_name =~ "Digilent Zed 210248586321"} -index 0
con
----------------End of Script----------------

10:49:40 INFO  : Disconnected from the channel tcfchan#2.
10:50:34 INFO  : 'targets -set -filter {jtag_cable_name =~ "Digilent Zed 210248586321" && level==0} -index 1' command is executed.
10:50:34 INFO  : 'fpga -state' command is executed.
10:50:34 INFO  : Connected to target on host '127.0.0.1' and port '3121'.
10:50:34 INFO  : Jtag cable 'Digilent Zed 210248586321' is selected.
10:50:34 INFO  : 'jtag frequency' command is executed.
10:50:34 INFO  : Sourcing of '/home/xavier/MSc_Project/hls/yolo_conv_hls_2019/yolo_conv_prj_2019/project_1/project_1.sdk/design_1_wrapper_hw_platform_0/ps7_init.tcl' is done.
10:50:34 INFO  : Context for 'APU' is selected.
10:50:34 INFO  : Hardware design information is loaded from '/home/xavier/MSc_Project/hls/yolo_conv_hls_2019/yolo_conv_prj_2019/project_1/project_1.sdk/design_1_wrapper_hw_platform_0/system.hdf'.
10:50:34 INFO  : 'configparams force-mem-access 1' command is executed.
10:50:34 INFO  : Context for 'APU' is selected.
10:50:34 INFO  : 'stop' command is executed.
10:50:35 INFO  : 'ps7_init' command is executed.
10:50:35 INFO  : 'ps7_post_config' command is executed.
10:50:35 INFO  : Context for processor 'ps7_cortexa9_0' is selected.
10:50:35 INFO  : Processor reset is completed for 'ps7_cortexa9_0'.
10:50:35 INFO  : Context for processor 'ps7_cortexa9_0' is selected.
10:50:59 INFO  : The application '/home/xavier/MSc_Project/hls/yolo_conv_hls_2019/yolo_conv_prj_2019/project_1/project_1.sdk/yolo_conv_ps/Debug/yolo_conv_ps.elf' is downloaded to processor 'ps7_cortexa9_0'.
10:50:59 INFO  : 'configparams force-mem-access 0' command is executed.
10:50:59 INFO  : ----------------XSDB Script----------------
connect -url tcp:127.0.0.1:3121
source /home/xavier/MSc_Project/hls/yolo_conv_hls_2019/yolo_conv_prj_2019/project_1/project_1.sdk/design_1_wrapper_hw_platform_0/ps7_init.tcl
targets -set -nocase -filter {name =~"APU*" && jtag_cable_name =~ "Digilent Zed 210248586321"} -index 0
loadhw -hw /home/xavier/MSc_Project/hls/yolo_conv_hls_2019/yolo_conv_prj_2019/project_1/project_1.sdk/design_1_wrapper_hw_platform_0/system.hdf -mem-ranges [list {0x40000000 0xbfffffff}]
configparams force-mem-access 1
targets -set -nocase -filter {name =~"APU*" && jtag_cable_name =~ "Digilent Zed 210248586321"} -index 0
stop
ps7_init
ps7_post_config
targets -set -nocase -filter {name =~ "ARM*#0" && jtag_cable_name =~ "Digilent Zed 210248586321"} -index 0
rst -processor
targets -set -nocase -filter {name =~ "ARM*#0" && jtag_cable_name =~ "Digilent Zed 210248586321"} -index 0
dow /home/xavier/MSc_Project/hls/yolo_conv_hls_2019/yolo_conv_prj_2019/project_1/project_1.sdk/yolo_conv_ps/Debug/yolo_conv_ps.elf
configparams force-mem-access 0
----------------End of Script----------------

10:50:59 INFO  : Context for processor 'ps7_cortexa9_0' is selected.
10:50:59 INFO  : 'con' command is executed.
10:50:59 INFO  : ----------------XSDB Script (After Launch)----------------
targets -set -nocase -filter {name =~ "ARM*#0" && jtag_cable_name =~ "Digilent Zed 210248586321"} -index 0
con
----------------End of Script----------------

10:50:59 INFO  : Disconnected from the channel tcfchan#3.
