9979
INFO: [XSIM 43-3496] Using init file passed via -initfile option "/opt/Xilinx_2019_1/Vivado/2019.1/data/xsim/ip/xsim_ip.ini".
Vivado Simulator 2019.1
Copyright 1986-1999, 2001-2019 Xilinx, Inc. All Rights Reserved.
Running: /opt/Xilinx_2019_1/Vivado/2019.1/bin/unwrapped/lnx64.o/xelab xil_defaultlib.apatb_yolo_conv_top_top glbl -prj yolo_conv_top.prj -L smartconnect_v1_0 -L axi_protocol_checker_v1_1_12 -L axi_protocol_checker_v1_1_13 -L axis_protocol_checker_v1_1_11 -L axis_protocol_checker_v1_1_12 -L xil_defaultlib -L unisims_ver -L xpm --initfile /opt/Xilinx_2019_1/Vivado/2019.1/data/xsim/ip/xsim_ip.ini --lib ieee_proposed=./ieee_proposed -s yolo_conv_top 
Multi-threading is on. Using 2 slave threads.
WARNING: [XSIM 43-3431] One or more environment variables have been detected which affect the operation of the C compiler. These are typically not set in standard installations and are not tested by Xilinx, however they may be appropriate for your system, so the flow will attempt to continue.  If errors occur, try running xelab with the "-mt off -v 1" switches to see more information from the C compiler. The following environment variables have been detected:
    LIBRARY_PATH
INFO: [VRFC 10-2263] Analyzing SystemVerilog file "/home/xavier/Desktop/yolo_conv_fp_2019_64_rec/solution1/sim/verilog/glbl.v" into library work
INFO: [VRFC 10-311] analyzing module glbl
INFO: [VRFC 10-2263] Analyzing SystemVerilog file "/home/xavier/Desktop/yolo_conv_fp_2019_64_rec/solution1/sim/verilog/fifo_w16_d2_A.v" into library xil_defaultlib
INFO: [VRFC 10-311] analyzing module fifo_w16_d2_A_shiftReg
INFO: [VRFC 10-311] analyzing module fifo_w16_d2_A
INFO: [VRFC 10-2263] Analyzing SystemVerilog file "/home/xavier/Desktop/yolo_conv_fp_2019_64_rec/solution1/sim/verilog/yolo_conv_top_mac_muladd_3ns_3ns_3ns_6_1_1.v" into library xil_defaultlib
INFO: [VRFC 10-311] analyzing module yolo_conv_top_mac_muladd_3ns_3ns_3ns_6_1_1_DSP48_2
INFO: [VRFC 10-311] analyzing module yolo_conv_top_mac_muladd_3ns_3ns_3ns_6_1_1
INFO: [VRFC 10-2263] Analyzing SystemVerilog file "/home/xavier/Desktop/yolo_conv_fp_2019_64_rec/solution1/sim/verilog/yolo_conv_top_line_buff_group_0_va.v" into library xil_defaultlib
INFO: [VRFC 10-311] analyzing module yolo_conv_top_line_buff_group_0_va_ram
INFO: [VRFC 10-311] analyzing module yolo_conv_top_line_buff_group_0_va
INFO: [VRFC 10-2263] Analyzing SystemVerilog file "/home/xavier/Desktop/yolo_conv_fp_2019_64_rec/solution1/sim/verilog/yolo_conv_top.v" into library xil_defaultlib
INFO: [VRFC 10-311] analyzing module yolo_conv_top
INFO: [VRFC 10-2263] Analyzing SystemVerilog file "/home/xavier/Desktop/yolo_conv_fp_2019_64_rec/solution1/sim/verilog/slide_window.v" into library xil_defaultlib
INFO: [VRFC 10-311] analyzing module slide_window
INFO: [VRFC 10-2263] Analyzing SystemVerilog file "/home/xavier/Desktop/yolo_conv_fp_2019_64_rec/solution1/sim/verilog/yolo_conv_top_mul_mul_16s_16s_32_1_0.v" into library xil_defaultlib
INFO: [VRFC 10-311] analyzing module yolo_conv_top_mul_mul_16s_16s_32_1_0_DSP48_0
INFO: [VRFC 10-311] analyzing module yolo_conv_top_mul_mul_16s_16s_32_1_0
INFO: [VRFC 10-2263] Analyzing SystemVerilog file "/home/xavier/Desktop/yolo_conv_fp_2019_64_rec/solution1/sim/verilog/AESL_axi_s_inStream.v" into library xil_defaultlib
INFO: [VRFC 10-311] analyzing module AESL_axi_s_inStream
INFO: [VRFC 10-2263] Analyzing SystemVerilog file "/home/xavier/Desktop/yolo_conv_fp_2019_64_rec/solution1/sim/verilog/window_macc.v" into library xil_defaultlib
INFO: [VRFC 10-311] analyzing module window_macc
INFO: [VRFC 10-2263] Analyzing SystemVerilog file "/home/xavier/Desktop/yolo_conv_fp_2019_64_rec/solution1/sim/verilog/yolo_conv_top_kernel_bias_fp_0_V.v" into library xil_defaultlib
INFO: [VRFC 10-311] analyzing module yolo_conv_top_kernel_bias_fp_0_V_ram
INFO: [VRFC 10-311] analyzing module yolo_conv_top_kernel_bias_fp_0_V
INFO: [VRFC 10-2263] Analyzing SystemVerilog file "/home/xavier/Desktop/yolo_conv_fp_2019_64_rec/solution1/sim/verilog/AESL_fifo.v" into library xil_defaultlib
INFO: [VRFC 10-311] analyzing module fifo
INFO: [VRFC 10-2263] Analyzing SystemVerilog file "/home/xavier/Desktop/yolo_conv_fp_2019_64_rec/solution1/sim/verilog/post_process.v" into library xil_defaultlib
INFO: [VRFC 10-311] analyzing module post_process
INFO: [VRFC 10-2263] Analyzing SystemVerilog file "/home/xavier/Desktop/yolo_conv_fp_2019_64_rec/solution1/sim/verilog/yolo_conv_top_am_addmul_9ns_1ns_13ns_22_1_1.v" into library xil_defaultlib
INFO: [VRFC 10-311] analyzing module yolo_conv_top_am_addmul_9ns_1ns_13ns_22_1_1_DSP48_3
INFO: [VRFC 10-311] analyzing module yolo_conv_top_am_addmul_9ns_1ns_13ns_22_1_1
INFO: [VRFC 10-2263] Analyzing SystemVerilog file "/home/xavier/Desktop/yolo_conv_fp_2019_64_rec/solution1/sim/verilog/yolo_conv_top_local_mem_group_0_d.v" into library xil_defaultlib
INFO: [VRFC 10-311] analyzing module yolo_conv_top_local_mem_group_0_d_ram
INFO: [VRFC 10-311] analyzing module yolo_conv_top_local_mem_group_0_d
INFO: [VRFC 10-2263] Analyzing SystemVerilog file "/home/xavier/Desktop/yolo_conv_fp_2019_64_rec/solution1/sim/verilog/yolo_conv_top.autotb.v" into library xil_defaultlib
INFO: [VRFC 10-311] analyzing module apatb_yolo_conv_top_top
INFO: [VRFC 10-2263] Analyzing SystemVerilog file "/home/xavier/Desktop/yolo_conv_fp_2019_64_rec/solution1/sim/verilog/AESL_axi_slave_CTRL_BUS.v" into library xil_defaultlib
INFO: [VRFC 10-311] analyzing module AESL_axi_slave_CTRL_BUS
INFO: [VRFC 10-2263] Analyzing SystemVerilog file "/home/xavier/Desktop/yolo_conv_fp_2019_64_rec/solution1/sim/verilog/yolo_conv_top_CTRL_BUS_s_axi.v" into library xil_defaultlib
INFO: [VRFC 10-311] analyzing module yolo_conv_top_CTRL_BUS_s_axi
INFO: [VRFC 10-2263] Analyzing SystemVerilog file "/home/xavier/Desktop/yolo_conv_fp_2019_64_rec/solution1/sim/verilog/yolo_conv_top_mul_mul_6ns_16s_22_1_0.v" into library xil_defaultlib
INFO: [VRFC 10-311] analyzing module yolo_conv_top_mul_mul_6ns_16s_22_1_0_DSP48_1
INFO: [VRFC 10-311] analyzing module yolo_conv_top_mul_mul_6ns_16s_22_1_0
INFO: [VRFC 10-2263] Analyzing SystemVerilog file "/home/xavier/Desktop/yolo_conv_fp_2019_64_rec/solution1/sim/verilog/out_stream_merge.v" into library xil_defaultlib
INFO: [VRFC 10-311] analyzing module out_stream_merge
INFO: [VRFC 10-2263] Analyzing SystemVerilog file "/home/xavier/Desktop/yolo_conv_fp_2019_64_rec/solution1/sim/verilog/AESL_axi_s_outStream.v" into library xil_defaultlib
INFO: [VRFC 10-311] analyzing module AESL_axi_s_outStream
INFO: [VRFC 10-2263] Analyzing SystemVerilog file "/home/xavier/Desktop/yolo_conv_fp_2019_64_rec/solution1/sim/verilog/yolo_conv_top_mac_muladd_4ns_10ns_9ns_13_1_1.v" into library xil_defaultlib
INFO: [VRFC 10-311] analyzing module yolo_conv_top_mac_muladd_4ns_10ns_9ns_13_1_1_DSP48_4
INFO: [VRFC 10-311] analyzing module yolo_conv_top_mac_muladd_4ns_10ns_9ns_13_1_1
Starting static elaboration
Completed static elaboration
Starting simulation data flow analysis
Completed simulation data flow analysis
Time Resolution for simulation is 1ps
Compiling module xil_defaultlib.yolo_conv_top_CTRL_BUS_s_axi
Compiling module xil_defaultlib.yolo_conv_top_line_buff_group_0_...
Compiling module xil_defaultlib.yolo_conv_top_line_buff_group_0_...
Compiling module xil_defaultlib.yolo_conv_top_local_mem_group_0_...
Compiling module xil_defaultlib.yolo_conv_top_local_mem_group_0_...
Compiling module xil_defaultlib.yolo_conv_top_kernel_bias_fp_0_V...
Compiling module xil_defaultlib.yolo_conv_top_kernel_bias_fp_0_V...
Compiling module xil_defaultlib.yolo_conv_top_mul_mul_16s_16s_32...
Compiling module xil_defaultlib.yolo_conv_top_mul_mul_16s_16s_32...
Compiling module xil_defaultlib.window_macc
Compiling module xil_defaultlib.yolo_conv_top_mul_mul_6ns_16s_22...
Compiling module xil_defaultlib.yolo_conv_top_mul_mul_6ns_16s_22...
Compiling module xil_defaultlib.post_process
Compiling module xil_defaultlib.out_stream_merge
Compiling module xil_defaultlib.slide_window
Compiling module xil_defaultlib.yolo_conv_top_mac_muladd_3ns_3ns...
Compiling module xil_defaultlib.yolo_conv_top_mac_muladd_3ns_3ns...
Compiling module xil_defaultlib.yolo_conv_top_am_addmul_9ns_1ns_...
Compiling module xil_defaultlib.yolo_conv_top_am_addmul_9ns_1ns_...
Compiling module xil_defaultlib.yolo_conv_top_mac_muladd_4ns_10n...
Compiling module xil_defaultlib.yolo_conv_top_mac_muladd_4ns_10n...
Compiling module xil_defaultlib.fifo_w16_d2_A_shiftReg
Compiling module xil_defaultlib.fifo_w16_d2_A
Compiling module xil_defaultlib.yolo_conv_top
Compiling module xil_defaultlib.fifo(DEPTH=1812,WIDTH=64)
Compiling module xil_defaultlib.fifo(DEPTH=1812)
Compiling module xil_defaultlib.fifo(DEPTH=1812,WIDTH=2)
Compiling module xil_defaultlib.fifo(DEPTH=1812,WIDTH=1)
Compiling module xil_defaultlib.fifo(DEPTH=1812,WIDTH=5)
Compiling module xil_defaultlib.fifo(DEPTH=1812,WIDTH=6)
Compiling module xil_defaultlib.AESL_axi_s_inStream
Compiling module xil_defaultlib.fifo(DEPTH=4992,WIDTH=64)
Compiling module xil_defaultlib.fifo(DEPTH=4992)
Compiling module xil_defaultlib.fifo(DEPTH=4992,WIDTH=2)
Compiling module xil_defaultlib.fifo(DEPTH=4992,WIDTH=1)
Compiling module xil_defaultlib.fifo(DEPTH=4992,WIDTH=5)
Compiling module xil_defaultlib.fifo(DEPTH=4992,WIDTH=6)
Compiling module xil_defaultlib.AESL_axi_s_outStream
Compiling module xil_defaultlib.AESL_axi_slave_CTRL_BUS
Compiling module xil_defaultlib.apatb_yolo_conv_top_top
Compiling module work.glbl
Built simulation snapshot yolo_conv_top

****** Webtalk v2019.1 (64-bit)
  **** SW Build 2552052 on Fri May 24 14:47:09 MDT 2019
  **** IP Build 2548770 on Fri May 24 18:01:18 MDT 2019
    ** Copyright 1986-2019 Xilinx, Inc. All Rights Reserved.

source /home/xavier/Desktop/yolo_conv_fp_2019_64_rec/solution1/sim/verilog/xsim.dir/yolo_conv_top/webtalk/xsim_webtalk.tcl -notrace
INFO: [Common 17-186] '/home/xavier/Desktop/yolo_conv_fp_2019_64_rec/solution1/sim/verilog/xsim.dir/yolo_conv_top/webtalk/usage_statistics_ext_xsim.xml' has been successfully sent to Xilinx on Mon Jul 15 11:54:51 2019. For additional details about this file, please refer to the WebTalk help file at /opt/Xilinx_2019_1/Vivado/2019.1/doc/webtalk_introduction.html.
INFO: [Common 17-206] Exiting Webtalk at Mon Jul 15 11:54:51 2019...

****** xsim v2019.1 (64-bit)
  **** SW Build 2552052 on Fri May 24 14:47:09 MDT 2019
  **** IP Build 2548770 on Fri May 24 18:01:18 MDT 2019
    ** Copyright 1986-2019 Xilinx, Inc. All Rights Reserved.

source xsim.dir/yolo_conv_top/xsim_script.tcl
# xsim {yolo_conv_top} -autoloadwcfg -tclbatch {yolo_conv_top.tcl}
Vivado Simulator 2019.1
Time resolution is 1 ps
source yolo_conv_top.tcl
## run all
////////////////////////////////////////////////////////////////////////////////////
// Inter-Transaction Progress: Completed Transaction / Total Transaction
// Intra-Transaction Progress: Measured Latency / Latency Estimation * 100%
//
// RTL Simulation : "Inter-Transaction Progress" ["Intra-Transaction Progress"] @ "Simulation Time"
////////////////////////////////////////////////////////////////////////////////////
// RTL Simulation : 0 / 1 [0.00%] @ "125000"
// RTL Simulation : 1 / 1 [100.00%] @ "404745000"
////////////////////////////////////////////////////////////////////////////////////
$finish called at time : 404785 ns : File "/home/xavier/Desktop/yolo_conv_fp_2019_64_rec/solution1/sim/verilog/yolo_conv_top.autotb.v" Line 512
run: Time (s): cpu = 00:00:00 ; elapsed = 00:00:39 . Memory (MB): peak = 1392.801 ; gain = 0.000 ; free physical = 1802 ; free virtual = 12393
## quit
INFO: [Common 17-206] Exiting xsim at Mon Jul 15 11:55:44 2019...
9979
