#-----------------------------------------------------------
# Vivado v2017.4 (64-bit)
# SW Build 2086221 on Fri Dec 15 20:54:30 MST 2017
# IP Build 2085800 on Fri Dec 15 22:25:07 MST 2017
# Start of session at: Mon Apr  1 20:38:21 2019
# Process ID: 2406
# Current directory: /home/xavier/MSc_Project/Tiny_Yolo_v3
# Command line: vivado Tiny_Yolo_v3.xpr
# Log file: /home/xavier/MSc_Project/Tiny_Yolo_v3/vivado.log
# Journal file: /home/xavier/MSc_Project/Tiny_Yolo_v3/vivado.jou
#-----------------------------------------------------------
start_gui
open_project Tiny_Yolo_v3.xpr
Scanning sources...
Finished scanning sources
INFO: [IP_Flow 19-234] Refreshing IP repositories
INFO: [IP_Flow 19-1704] No user IP repositories specified
INFO: [IP_Flow 19-2313] Loaded Vivado IP repository '/opt/Xilinx/Vivado/2017.4/data/ip'.
open_project: Time (s): cpu = 00:00:20 ; elapsed = 00:00:17 . Memory (MB): peak = 6124.363 ; gain = 130.691 ; free physical = 5169 ; free virtual = 14600
update_compile_order -fileset sources_1
launch_sdk -workspace /home/xavier/MSc_Project/Tiny_Yolo_v3/Tiny_Yolo_v3.sdk -hwspec /home/xavier/MSc_Project/Tiny_Yolo_v3/Tiny_Yolo_v3.sdk/yolo_sys_wrapper.hdf
INFO: [Vivado 12-393] Launching SDK...
INFO: [Vivado 12-417] Running xsdk -workspace /home/xavier/MSc_Project/Tiny_Yolo_v3/Tiny_Yolo_v3.sdk -hwspec /home/xavier/MSc_Project/Tiny_Yolo_v3/Tiny_Yolo_v3.sdk/yolo_sys_wrapper.hdf
INFO: [Vivado 12-3157] SDK launch initiated. Please check console for any further messages.
launch_sdk -workspace /home/xavier/MSc_Project/Tiny_Yolo_v3/Tiny_Yolo_v3.sdk -hwspec /home/xavier/MSc_Project/Tiny_Yolo_v3/Tiny_Yolo_v3.sdk/yolo_sys_wrapper.hdf
INFO: [Vivado 12-393] Launching SDK...
INFO: [Vivado 12-417] Running xsdk -workspace /home/xavier/MSc_Project/Tiny_Yolo_v3/Tiny_Yolo_v3.sdk -hwspec /home/xavier/MSc_Project/Tiny_Yolo_v3/Tiny_Yolo_v3.sdk/yolo_sys_wrapper.hdf
INFO: [Vivado 12-3157] SDK launch initiated. Please check console for any further messages.
launch_sdk -workspace /home/xavier/MSc_Project/Tiny_Yolo_v3/Tiny_Yolo_v3.sdk -hwspec /home/xavier/MSc_Project/Tiny_Yolo_v3/Tiny_Yolo_v3.sdk/yolo_sys_wrapper.hdf
INFO: [Vivado 12-393] Launching SDK...
INFO: [Vivado 12-417] Running xsdk -workspace /home/xavier/MSc_Project/Tiny_Yolo_v3/Tiny_Yolo_v3.sdk -hwspec /home/xavier/MSc_Project/Tiny_Yolo_v3/Tiny_Yolo_v3.sdk/yolo_sys_wrapper.hdf
INFO: [Vivado 12-3157] SDK launch initiated. Please check console for any further messages.
exit
INFO: [Common 17-206] Exiting Vivado at Mon Apr  1 20:55:03 2019...
