#-----------------------------------------------------------
# Vivado v2017.4 (64-bit)
# SW Build 2086221 on Fri Dec 15 20:54:30 MST 2017
# IP Build 2085800 on Fri Dec 15 22:25:07 MST 2017
# Start of session at: Mon Apr  1 18:24:54 2019
# Process ID: 13325
# Current directory: /home/xavier/MSc_Project/Tiny_Yolo_v3
# Command line: vivado Tiny_Yolo_v3.xpr
# Log file: /home/xavier/MSc_Project/Tiny_Yolo_v3/vivado.log
# Journal file: /home/xavier/MSc_Project/Tiny_Yolo_v3/vivado.jou
#-----------------------------------------------------------
start_gui
open_project Tiny_Yolo_v3.xpr
Scanning sources...
Finished scanning sources
INFO: [IP_Flow 19-234] Refreshing IP repositories
INFO: [IP_Flow 19-1704] No user IP repositories specified
INFO: [IP_Flow 19-2313] Loaded Vivado IP repository '/opt/Xilinx/Vivado/2017.4/data/ip'.
open_project: Time (s): cpu = 00:00:19 ; elapsed = 00:00:14 . Memory (MB): peak = 6123.418 ; gain = 112.125 ; free physical = 2969 ; free virtual = 14097
update_compile_order -fileset sources_1
launch_sdk -workspace /home/xavier/MSc_Project/Tiny_Yolo_v3/Tiny_Yolo_v3.sdk -hwspec /home/xavier/MSc_Project/Tiny_Yolo_v3/Tiny_Yolo_v3.sdk/yolo_sys_wrapper.hdf
INFO: [Vivado 12-393] Launching SDK...
INFO: [Vivado 12-417] Running xsdk -workspace /home/xavier/MSc_Project/Tiny_Yolo_v3/Tiny_Yolo_v3.sdk -hwspec /home/xavier/MSc_Project/Tiny_Yolo_v3/Tiny_Yolo_v3.sdk/yolo_sys_wrapper.hdf
INFO: [Vivado 12-3157] SDK launch initiated. Please check console for any further messages.
open_bd_design {/home/xavier/MSc_Project/Tiny_Yolo_v3/Tiny_Yolo_v3.srcs/sources_1/bd/yolo_sys/yolo_sys.bd}
Adding cell -- xilinx.com:ip:processing_system7:5.5 - processing_system7_0
Adding cell -- xilinx.com:ip:axi_gpio:2.0 - axi_gpio_0
Adding cell -- xilinx.com:ip:proc_sys_reset:5.0 - rst_ps7_0_100M
Adding cell -- xilinx.com:ip:axi_protocol_converter:2.1 - auto_pc
Successfully read diagram <yolo_sys> from BD file </home/xavier/MSc_Project/Tiny_Yolo_v3/Tiny_Yolo_v3.srcs/sources_1/bd/yolo_sys/yolo_sys.bd>
open_bd_design: Time (s): cpu = 00:00:10 ; elapsed = 00:00:09 . Memory (MB): peak = 6215.777 ; gain = 72.172 ; free physical = 969 ; free virtual = 12748
launch_sdk -workspace /home/xavier/MSc_Project/Tiny_Yolo_v3/Tiny_Yolo_v3.sdk -hwspec /home/xavier/MSc_Project/Tiny_Yolo_v3/Tiny_Yolo_v3.sdk/yolo_sys_wrapper.hdf
INFO: [Vivado 12-393] Launching SDK...
INFO: [Vivado 12-417] Running xsdk -workspace /home/xavier/MSc_Project/Tiny_Yolo_v3/Tiny_Yolo_v3.sdk -hwspec /home/xavier/MSc_Project/Tiny_Yolo_v3/Tiny_Yolo_v3.sdk/yolo_sys_wrapper.hdf
INFO: [Vivado 12-3157] SDK launch initiated. Please check console for any further messages.
launch_sdk -workspace /home/xavier/MSc_Project/Tiny_Yolo_v3/Tiny_Yolo_v3.sdk -hwspec /home/xavier/MSc_Project/Tiny_Yolo_v3/Tiny_Yolo_v3.sdk/yolo_sys_wrapper.hdf
INFO: [Vivado 12-393] Launching SDK...
INFO: [Vivado 12-417] Running xsdk -workspace /home/xavier/MSc_Project/Tiny_Yolo_v3/Tiny_Yolo_v3.sdk -hwspec /home/xavier/MSc_Project/Tiny_Yolo_v3/Tiny_Yolo_v3.sdk/yolo_sys_wrapper.hdf
INFO: [Vivado 12-3157] SDK launch initiated. Please check console for any further messages.
launch_sdk -workspace /home/xavier/MSc_Project/Tiny_Yolo_v3/Tiny_Yolo_v3.sdk -hwspec /home/xavier/MSc_Project/Tiny_Yolo_v3/Tiny_Yolo_v3.sdk/yolo_sys_wrapper.hdf
INFO: [Vivado 12-393] Launching SDK...
INFO: [Vivado 12-417] Running xsdk -workspace /home/xavier/MSc_Project/Tiny_Yolo_v3/Tiny_Yolo_v3.sdk -hwspec /home/xavier/MSc_Project/Tiny_Yolo_v3/Tiny_Yolo_v3.sdk/yolo_sys_wrapper.hdf
INFO: [Vivado 12-3157] SDK launch initiated. Please check console for any further messages.
launch_sdk -workspace /home/xavier/MSc_Project/Tiny_Yolo_v3/Tiny_Yolo_v3.sdk -hwspec /home/xavier/MSc_Project/Tiny_Yolo_v3/Tiny_Yolo_v3.sdk/yolo_sys_wrapper.hdf
INFO: [Vivado 12-393] Launching SDK...
INFO: [Vivado 12-417] Running xsdk -workspace /home/xavier/MSc_Project/Tiny_Yolo_v3/Tiny_Yolo_v3.sdk -hwspec /home/xavier/MSc_Project/Tiny_Yolo_v3/Tiny_Yolo_v3.sdk/yolo_sys_wrapper.hdf
INFO: [Vivado 12-3157] SDK launch initiated. Please check console for any further messages.
launch_sdk -workspace /home/xavier/MSc_Project/Tiny_Yolo_v3/Tiny_Yolo_v3.sdk -hwspec /home/xavier/MSc_Project/Tiny_Yolo_v3/Tiny_Yolo_v3.sdk/yolo_sys_wrapper.hdf
INFO: [Vivado 12-393] Launching SDK...
INFO: [Vivado 12-417] Running xsdk -workspace /home/xavier/MSc_Project/Tiny_Yolo_v3/Tiny_Yolo_v3.sdk -hwspec /home/xavier/MSc_Project/Tiny_Yolo_v3/Tiny_Yolo_v3.sdk/yolo_sys_wrapper.hdf
INFO: [Vivado 12-3157] SDK launch initiated. Please check console for any further messages.
exit
INFO: [Common 17-206] Exiting Vivado at Mon Apr  1 20:33:44 2019...
