

================================================================
== Vivado HLS Report for 'yolo_max_pool_top'
================================================================
* Date:           Fri Jul 19 15:52:35 2019

* Version:        2019.1 (Build 2552052 on Fri May 24 15:28:33 MDT 2019)
* Project:        yolo_max_pool_fp_2019_64
* Solution:       solution1
* Product family: zynq
* Target device:  xc7z020-clg484-1


================================================================
== Performance Estimates
================================================================
+ Timing (ns): 
    * Summary: 
    +--------+-------+----------+------------+
    |  Clock | Target| Estimated| Uncertainty|
    +--------+-------+----------+------------+
    |ap_clk  |  10.00|     8.118|        1.25|
    +--------+-------+----------+------------+

+ Latency (clock cycles): 
    * Summary: 
    +---------+---------+---------+---------+---------+
    |      Latency      |      Interval     | Pipeline|
    |   min   |   max   |   min   |   max   |   Type  |
    +---------+---------+---------+---------+---------+
    |  1384491|  1384491|  1384491|  1384491|   none  |
    +---------+---------+---------+---------+---------+

    + Detail: 
        * Instance: 
        +--------------------------------+--------------+-----+-----+-----+-----+----------+
        |                                |              |  Latency  |  Interval | Pipeline |
        |            Instance            |    Module    | min | max | min | max |   Type   |
        +--------------------------------+--------------+-----+-----+-----+-----+----------+
        |call_ln112_write_output_fu_778  |write_output  |    0|    0|    1|    1| function |
        +--------------------------------+--------------+-----+-----+-----+-----+----------+

        * Loop: 
        +----------+---------+---------+----------+-----------+-----------+--------+----------+
        |          |      Latency      | Iteration|  Initiation Interval  |  Trip  |          |
        | Loop Name|   min   |   max   |  Latency |  achieved |   target  |  Count | Pipelined|
        +----------+---------+---------+----------+-----------+-----------+--------+----------+
        |- Loop 1  |        7|        7|         1|          -|          -|       8|    no    |
        |- Loop 2  |        7|        7|         1|          -|          -|       8|    no    |
        |- Loop 3  |        7|        7|         1|          -|          -|       8|    no    |
        |- Loop 4  |        7|        7|         1|          -|          -|       8|    no    |
        |- Loop 5  |  1384455|  1384455|        10|          2|          1|  692224|    yes   |
        +----------+---------+---------+----------+-----------+-----------+--------+----------+



================================================================
== Utilization Estimates
================================================================
* Summary: 
+-----------------+---------+-------+--------+-------+-----+
|       Name      | BRAM_18K| DSP48E|   FF   |  LUT  | URAM|
+-----------------+---------+-------+--------+-------+-----+
|DSP              |        -|      1|       -|      -|    -|
|Expression       |        -|      0|       0|   2181|    -|
|FIFO             |        -|      -|       -|      -|    -|
|Instance         |        0|      -|     115|    133|    -|
|Memory           |       32|      -|       0|      0|    0|
|Multiplexer      |        -|      -|       -|    980|    -|
|Register         |        0|      -|    1990|    128|    -|
+-----------------+---------+-------+--------+-------+-----+
|Total            |       32|      1|    2105|   3422|    0|
+-----------------+---------+-------+--------+-------+-----+
|Available        |      280|    220|  106400|  53200|    0|
+-----------------+---------+-------+--------+-------+-----+
|Utilization (%)  |       11|   ~0  |       1|      6|    0|
+-----------------+---------+-------+--------+-------+-----+

+ Detail: 
    * Instance: 
    +------------------------------------+----------------------------------+---------+-------+-----+-----+-----+
    |              Instance              |              Module              | BRAM_18K| DSP48E|  FF | LUT | URAM|
    +------------------------------------+----------------------------------+---------+-------+-----+-----+-----+
    |call_ln112_write_output_fu_778      |write_output                      |        0|      0|    1|    9|    0|
    |yolo_max_pool_top_CTRL_BUS_s_axi_U  |yolo_max_pool_top_CTRL_BUS_s_axi  |        0|      0|  114|  124|    0|
    +------------------------------------+----------------------------------+---------+-------+-----+-----+-----+
    |Total                               |                                  |        0|      0|  115|  133|    0|
    +------------------------------------+----------------------------------+---------+-------+-----+-----+-----+

    * DSP48E: 
    +-----------------------------------------------+-------------------------------------------+-----------+
    |                    Instance                   |                   Module                  | Expression|
    +-----------------------------------------------+-------------------------------------------+-----------+
    |yolo_max_pool_top_mul_mul_9ns_17ns_26_1_1_U18  |yolo_max_pool_top_mul_mul_9ns_17ns_26_1_1  |  i0 * i1  |
    +-----------------------------------------------+-------------------------------------------+-----------+

    * Memory: 
    +--------------------------+----------------------------------------+---------+---+----+-----+------+-----+------+-------------+
    |          Memory          |                 Module                 | BRAM_18K| FF| LUT| URAM| Words| Bits| Banks| W*Bits*Banks|
    +--------------------------+----------------------------------------+---------+---+----+-----+------+-----+------+-------------+
    |line_buff_group_0_va_U    |yolo_max_pool_top_line_buff_group_0_va  |        4|  0|   0|    0|  3344|   16|     1|        53504|
    |line_buff_group_0_va_1_U  |yolo_max_pool_top_line_buff_group_0_va  |        4|  0|   0|    0|  3344|   16|     1|        53504|
    |line_buff_group_1_va_U    |yolo_max_pool_top_line_buff_group_0_va  |        4|  0|   0|    0|  3344|   16|     1|        53504|
    |line_buff_group_1_va_1_U  |yolo_max_pool_top_line_buff_group_0_va  |        4|  0|   0|    0|  3344|   16|     1|        53504|
    |line_buff_group_2_va_U    |yolo_max_pool_top_line_buff_group_0_va  |        4|  0|   0|    0|  3344|   16|     1|        53504|
    |line_buff_group_2_va_1_U  |yolo_max_pool_top_line_buff_group_0_va  |        4|  0|   0|    0|  3344|   16|     1|        53504|
    |line_buff_group_3_va_U    |yolo_max_pool_top_line_buff_group_0_va  |        4|  0|   0|    0|  3344|   16|     1|        53504|
    |line_buff_group_3_va_1_U  |yolo_max_pool_top_line_buff_group_0_va  |        4|  0|   0|    0|  3344|   16|     1|        53504|
    +--------------------------+----------------------------------------+---------+---+----+-----+------+-----+------+-------------+
    |Total                     |                                        |       32|  0|   0|    0| 26752|  128|     8|       428032|
    +--------------------------+----------------------------------------+---------+---+----+-----+------+-----+------+-------------+

    * FIFO: 
    N/A

    * Expression: 
    +-------------------------------------------------+----------+-------+---+----+------------+------------+
    |                  Variable Name                  | Operation| DSP48E| FF| LUT| Bitwidth P0| Bitwidth P1|
    +-------------------------------------------------+----------+-------+---+----+------------+------------+
    |bound4_fu_917_p2                                 |     *    |      0|  0|  51|           9|           6|
    |bound84_fu_929_p2                                |     *    |      0|  0|   6|           2|          15|
    |bound_fu_904_p2                                  |     *    |      0|  0|  13|           2|           4|
    |mul_ln203_fu_1530_p2                             |     *    |      0|  0|  51|           4|           9|
    |mul_ln44_1_fu_1069_p2                            |     *    |      0|  0|  51|           2|           9|
    |mul_ln44_fu_1026_p2                              |     *    |      0|  0|  51|           2|           9|
    |mul_ln45_1_fu_1467_p2                            |     *    |      0|  0|  51|           2|           9|
    |mul_ln45_fu_1040_p2                              |     *    |      0|  0|  51|           2|           9|
    |add_ln1354_2_fu_965_p2                           |     +    |      0|  0|  14|          10|           2|
    |add_ln1354_fu_947_p2                             |     +    |      0|  0|  12|           3|           2|
    |add_ln140_1_fu_2014_p2                           |     +    |      0|  0|  17|          13|          13|
    |add_ln140_2_fu_2057_p2                           |     +    |      0|  0|  17|          13|          13|
    |add_ln140_3_fu_2073_p2                           |     +    |      0|  0|  17|          13|          13|
    |add_ln140_4_fu_2089_p2                           |     +    |      0|  0|  17|          13|          13|
    |add_ln140_5_fu_2105_p2                           |     +    |      0|  0|  17|          13|          13|
    |add_ln140_fu_1998_p2                             |     +    |      0|  0|  17|          13|          13|
    |add_ln1598_1_fu_1859_p2                          |     +    |      0|  0|  13|           1|          11|
    |add_ln1598_fu_1709_p2                            |     +    |      0|  0|  13|           1|          11|
    |add_ln19_fu_826_p2                               |     +    |      0|  0|  12|           3|           1|
    |add_ln203_fu_1877_p2                             |     +    |      0|  0|  17|          13|          13|
    |add_ln20_fu_844_p2                               |     +    |      0|  0|  12|           3|           1|
    |add_ln21_fu_862_p2                               |     +    |      0|  0|  12|           3|           1|
    |add_ln22_fu_880_p2                               |     +    |      0|  0|  12|           3|           1|
    |add_ln27_fu_1243_p2                              |     +    |      0|  0|  33|           1|          26|
    |add_ln30_1_fu_1570_p2                            |     +    |      0|  0|  24|          17|           1|
    |add_ln33_1_fu_1556_p2                            |     +    |      0|  0|  21|          15|           1|
    |add_ln36_1_fu_1542_p2                            |     +    |      0|  0|  15|           6|           1|
    |add_ln36_fu_1237_p2                              |     +    |      0|  0|  13|           1|          11|
    |add_ln44_1_fu_1356_p2                            |     +    |      0|  0|  13|          11|          11|
    |add_ln45_1_fu_1725_p2                            |     +    |      0|  0|  13|          11|          11|
    |add_ln49_1_fu_1634_p2                            |     +    |      0|  0|  12|           2|          12|
    |add_ln49_2_fu_1746_p2                            |     +    |      0|  0|  12|           2|          12|
    |add_ln627_1_fu_850_p2                            |     +    |      0|  0|  12|          12|           9|
    |add_ln627_2_fu_868_p2                            |     +    |      0|  0|  12|          12|           9|
    |add_ln627_3_fu_886_p2                            |     +    |      0|  0|  12|          12|           9|
    |add_ln627_fu_832_p2                              |     +    |      0|  0|  12|          12|           9|
    |col_idx_fu_1157_p2                               |     +    |      0|  0|  13|          11|          11|
    |col_stride_fu_1500_p2                            |     +    |      0|  0|  10|           1|           2|
    |conv_count_fu_1178_p2                            |     +    |      0|  0|  12|           2|          12|
    |input_ch_idx_fu_1536_p2                          |     +    |      0|  0|  13|           4|           1|
    |out_col_fu_1435_p2                               |     +    |      0|  0|  15|           1|           9|
    |out_row_fu_1050_p2                               |     +    |      0|  0|  15|           1|           9|
    |ret_V_1_fu_974_p2                                |     +    |      0|  0|  15|           5|           2|
    |ret_V_fu_956_p2                                  |     +    |      0|  0|  14|          10|           2|
    |row_idx_fu_1117_p2                               |     +    |      0|  0|  13|          11|          11|
    |row_stride_fu_1330_p2                            |     +    |      0|  0|  10|           1|           2|
    |and_ln48_1_fu_1629_p2                            |    and   |      0|  0|   2|           1|           1|
    |and_ln48_2_fu_1741_p2                            |    and   |      0|  0|   2|           1|           1|
    |and_ln48_fu_1172_p2                              |    and   |      0|  0|   2|           1|           1|
    |and_ln879_1_fu_1903_p2                           |    and   |      0|  0|   2|           1|           1|
    |and_ln879_fu_1898_p2                             |    and   |      0|  0|   2|           1|           1|
    |ap_block_pp0_stage1_11001_ignoreCallOp461        |    and   |      0|  0|   2|           1|           1|
    |ap_block_state11_pp0_stage1_iter1                |    and   |      0|  0|   2|           1|           1|
    |ap_block_state17_pp0_stage1_iter4                |    and   |      0|  0|   2|           1|           1|
    |ap_predicate_op320_read_state11                  |    and   |      0|  0|   2|           1|           1|
    |inStream_V_data_0_load_A                         |    and   |      0|  0|   2|           1|           1|
    |inStream_V_data_0_load_B                         |    and   |      0|  0|   2|           1|           1|
    |inStream_V_dest_V_0_load_A                       |    and   |      0|  0|   2|           1|           1|
    |inStream_V_dest_V_0_load_B                       |    and   |      0|  0|   2|           1|           1|
    |inStream_V_id_V_0_load_A                         |    and   |      0|  0|   2|           1|           1|
    |inStream_V_id_V_0_load_B                         |    and   |      0|  0|   2|           1|           1|
    |inStream_V_keep_V_0_load_A                       |    and   |      0|  0|   2|           1|           1|
    |inStream_V_keep_V_0_load_B                       |    and   |      0|  0|   2|           1|           1|
    |inStream_V_strb_V_0_load_A                       |    and   |      0|  0|   2|           1|           1|
    |inStream_V_strb_V_0_load_B                       |    and   |      0|  0|   2|           1|           1|
    |inStream_V_user_V_0_load_A                       |    and   |      0|  0|   2|           1|           1|
    |inStream_V_user_V_0_load_B                       |    and   |      0|  0|   2|           1|           1|
    |outStream_V_data_1_load_A                        |    and   |      0|  0|   2|           1|           1|
    |outStream_V_data_1_load_B                        |    and   |      0|  0|   2|           1|           1|
    |outStream_V_dest_V_1_load_A                      |    and   |      0|  0|   2|           1|           1|
    |outStream_V_dest_V_1_load_B                      |    and   |      0|  0|   2|           1|           1|
    |outStream_V_id_V_1_load_A                        |    and   |      0|  0|   2|           1|           1|
    |outStream_V_id_V_1_load_B                        |    and   |      0|  0|   2|           1|           1|
    |outStream_V_keep_V_1_load_A                      |    and   |      0|  0|   2|           1|           1|
    |outStream_V_keep_V_1_load_B                      |    and   |      0|  0|   2|           1|           1|
    |outStream_V_last_V_1_load_A                      |    and   |      0|  0|   2|           1|           1|
    |outStream_V_last_V_1_load_B                      |    and   |      0|  0|   2|           1|           1|
    |outStream_V_strb_V_1_load_A                      |    and   |      0|  0|   2|           1|           1|
    |outStream_V_strb_V_1_load_B                      |    and   |      0|  0|   2|           1|           1|
    |outStream_V_user_V_1_load_A                      |    and   |      0|  0|   2|           1|           1|
    |outStream_V_user_V_1_load_B                      |    and   |      0|  0|   2|           1|           1|
    |icmp_ln101_1_fu_1148_p2                          |   icmp   |      0|  0|  13|          10|          10|
    |icmp_ln101_2_fu_992_p2                           |   icmp   |      0|  0|  13|          10|           1|
    |icmp_ln101_3_fu_1074_p2                          |   icmp   |      0|  0|  13|          10|          10|
    |icmp_ln101_4_fu_1472_p2                          |   icmp   |      0|  0|  13|          10|          10|
    |icmp_ln101_fu_1031_p2                            |   icmp   |      0|  0|  13|          10|          10|
    |icmp_ln1494_10_fu_2201_p2                        |   icmp   |      0|  0|  13|          16|          16|
    |icmp_ln1494_11_fu_2213_p2                        |   icmp   |      0|  0|  13|          16|          16|
    |icmp_ln1494_1_fu_2126_p2                         |   icmp   |      0|  0|  13|          16|          16|
    |icmp_ln1494_2_fu_2138_p2                         |   icmp   |      0|  0|  13|          16|          16|
    |icmp_ln1494_3_fu_2062_p2                         |   icmp   |      0|  0|  13|          16|          16|
    |icmp_ln1494_4_fu_2151_p2                         |   icmp   |      0|  0|  13|          16|          16|
    |icmp_ln1494_5_fu_2163_p2                         |   icmp   |      0|  0|  13|          16|          16|
    |icmp_ln1494_6_fu_2078_p2                         |   icmp   |      0|  0|  13|          16|          16|
    |icmp_ln1494_7_fu_2176_p2                         |   icmp   |      0|  0|  13|          16|          16|
    |icmp_ln1494_8_fu_2188_p2                         |   icmp   |      0|  0|  13|          16|          16|
    |icmp_ln1494_9_fu_2094_p2                         |   icmp   |      0|  0|  13|          16|          16|
    |icmp_ln1494_fu_2046_p2                           |   icmp   |      0|  0|  13|          16|          16|
    |icmp_ln19_fu_838_p2                              |   icmp   |      0|  0|   9|           3|           2|
    |icmp_ln20_fu_856_p2                              |   icmp   |      0|  0|   9|           3|           2|
    |icmp_ln21_fu_874_p2                              |   icmp   |      0|  0|   9|           3|           2|
    |icmp_ln22_fu_892_p2                              |   icmp   |      0|  0|   9|           3|           2|
    |icmp_ln27_fu_1045_p2                             |   icmp   |      0|  0|  18|          26|          26|
    |icmp_ln30_fu_1056_p2                             |   icmp   |      0|  0|  18|          17|          17|
    |icmp_ln33_1_fu_1097_p2                           |   icmp   |      0|  0|  13|          15|          15|
    |icmp_ln33_fu_1013_p2                             |   icmp   |      0|  0|  13|          15|           1|
    |icmp_ln36_1_fu_1092_p2                           |   icmp   |      0|  0|  11|           6|           6|
    |icmp_ln36_fu_1008_p2                             |   icmp   |      0|  0|  11|           6|           1|
    |icmp_ln39_1_fu_1087_p2                           |   icmp   |      0|  0|   9|           4|           4|
    |icmp_ln39_fu_1003_p2                             |   icmp   |      0|  0|   9|           4|           1|
    |icmp_ln48_1_fu_1166_p2                           |   icmp   |      0|  0|  13|          11|           1|
    |icmp_ln48_2_fu_1261_p2                           |   icmp   |      0|  0|  13|          11|           1|
    |icmp_ln48_3_fu_1362_p2                           |   icmp   |      0|  0|  13|          11|           1|
    |icmp_ln48_4_fu_1624_p2                           |   icmp   |      0|  0|  13|          11|           1|
    |icmp_ln48_5_fu_1735_p2                           |   icmp   |      0|  0|  13|          11|           1|
    |icmp_ln48_fu_1122_p2                             |   icmp   |      0|  0|  13|          11|           1|
    |icmp_ln55_1_fu_1128_p2                           |   icmp   |      0|  0|  13|          11|          11|
    |icmp_ln55_2_fu_1192_p2                           |   icmp   |      0|  0|  13|          11|          11|
    |icmp_ln55_3_fu_1273_p2                           |   icmp   |      0|  0|  13|          11|          11|
    |icmp_ln55_4_fu_1375_p2                           |   icmp   |      0|  0|  13|          11|          11|
    |icmp_ln55_5_fu_1654_p2                           |   icmp   |      0|  0|  13|          11|          11|
    |icmp_ln55_6_fu_1771_p2                           |   icmp   |      0|  0|  13|          11|          11|
    |icmp_ln55_fu_998_p2                              |   icmp   |      0|  0|  13|           9|           1|
    |icmp_ln77_1_fu_1215_p2                           |   icmp   |      0|  0|   8|           2|           2|
    |icmp_ln77_2_fu_986_p2                            |   icmp   |      0|  0|   9|           3|           1|
    |icmp_ln77_3_fu_1393_p2                           |   icmp   |      0|  0|   9|           3|           3|
    |icmp_ln77_4_fu_1681_p2                           |   icmp   |      0|  0|   8|           2|           1|
    |icmp_ln77_5_fu_1800_p2                           |   icmp   |      0|  0|   8|           2|           2|
    |icmp_ln77_fu_1139_p2                             |   icmp   |      0|  0|   9|           3|           3|
    |icmp_ln879_fu_1893_p2                            |   icmp   |      0|  0|  11|           5|           5|
    |inStream_V_data_0_state_cmp_full                 |   icmp   |      0|  0|   8|           2|           1|
    |inStream_V_dest_V_0_state_cmp_full               |   icmp   |      0|  0|   8|           2|           1|
    |inStream_V_id_V_0_state_cmp_full                 |   icmp   |      0|  0|   8|           2|           1|
    |inStream_V_keep_V_0_state_cmp_full               |   icmp   |      0|  0|   8|           2|           1|
    |inStream_V_strb_V_0_state_cmp_full               |   icmp   |      0|  0|   8|           2|           1|
    |inStream_V_user_V_0_state_cmp_full               |   icmp   |      0|  0|   8|           2|           1|
    |outStream_V_data_1_state_cmp_full                |   icmp   |      0|  0|   8|           2|           1|
    |outStream_V_dest_V_1_state_cmp_full              |   icmp   |      0|  0|   8|           2|           1|
    |outStream_V_id_V_1_state_cmp_full                |   icmp   |      0|  0|   8|           2|           1|
    |outStream_V_keep_V_1_state_cmp_full              |   icmp   |      0|  0|   8|           2|           1|
    |outStream_V_last_V_1_state_cmp_full              |   icmp   |      0|  0|   8|           2|           1|
    |outStream_V_strb_V_1_state_cmp_full              |   icmp   |      0|  0|   8|           2|           1|
    |outStream_V_user_V_1_state_cmp_full              |   icmp   |      0|  0|   8|           2|           1|
    |ap_block_pp0_stage1_11001                        |    or    |      0|  0|   2|           1|           1|
    |ap_block_state18                                 |    or    |      0|  0|   2|           1|           1|
    |call_ln112_write_output_fu_778_outStream_TREADY  |    or    |      0|  0|   2|           1|           1|
    |or_ln1598_1_fu_1336_p2                           |    or    |      0|  0|   2|           1|           1|
    |or_ln1598_2_fu_1599_p2                           |    or    |      0|  0|   2|           1|           1|
    |or_ln1598_3_fu_1441_p2                           |    or    |      0|  0|   2|           1|           1|
    |or_ln1598_4_fu_1446_p2                           |    or    |      0|  0|   2|           1|           1|
    |or_ln1598_5_fu_1506_p2                           |    or    |      0|  0|   2|           1|           1|
    |or_ln1598_6_fu_1512_p2                           |    or    |      0|  0|   2|           1|           1|
    |or_ln1598_fu_1583_p2                             |    or    |      0|  0|   2|           1|           1|
    |or_ln55_1_fu_1302_p2                             |    or    |      0|  0|   2|           1|           1|
    |or_ln55_2_fu_1411_p2                             |    or    |      0|  0|   2|           1|           1|
    |or_ln55_3_fu_1664_p2                             |    or    |      0|  0|   2|           1|           1|
    |or_ln55_4_fu_1782_p2                             |    or    |      0|  0|   2|           1|           1|
    |or_ln55_fu_1203_p2                               |    or    |      0|  0|   2|           1|           1|
    |or_ln77_1_fu_1227_p2                             |    or    |      0|  0|   2|           1|           1|
    |or_ln77_2_fu_1687_p2                             |    or    |      0|  0|   2|           1|           1|
    |or_ln77_3_fu_1692_p2                             |    or    |      0|  0|   2|           1|           1|
    |or_ln77_4_fu_1805_p2                             |    or    |      0|  0|   2|           1|           1|
    |or_ln77_5_fu_1810_p2                             |    or    |      0|  0|   2|           1|           1|
    |or_ln77_fu_1221_p2                               |    or    |      0|  0|   2|           1|           1|
    |call_ln112_write_output_fu_778_val_output_0_V    |  select  |      0|  0|  16|           1|          16|
    |call_ln112_write_output_fu_778_val_output_1_V    |  select  |      0|  0|  16|           1|          16|
    |call_ln112_write_output_fu_778_val_output_2_V    |  select  |      0|  0|  16|           1|          16|
    |call_ln112_write_output_fu_778_val_output_3_V    |  select  |      0|  0|  16|           1|          16|
    |conv_count_1_fu_1184_p3                          |  select  |      0|  0|  12|           1|          12|
    |select_ln156_10_fu_2206_p3                       |  select  |      0|  0|  16|           1|          16|
    |select_ln156_1_fu_2131_p3                        |  select  |      0|  0|  16|           1|          16|
    |select_ln156_3_fu_2067_p3                        |  select  |      0|  0|  13|           1|          13|
    |select_ln156_4_fu_2156_p3                        |  select  |      0|  0|  16|           1|          16|
    |select_ln156_6_fu_2083_p3                        |  select  |      0|  0|  13|           1|          13|
    |select_ln156_7_fu_2181_p3                        |  select  |      0|  0|  16|           1|          16|
    |select_ln156_9_fu_2099_p3                        |  select  |      0|  0|  13|           1|          13|
    |select_ln156_fu_2051_p3                          |  select  |      0|  0|  13|           1|          13|
    |select_ln1598_10_fu_1102_p3                      |  select  |      0|  0|   2|           1|           1|
    |select_ln1598_11_fu_1340_p3                      |  select  |      0|  0|   9|           1|           1|
    |select_ln1598_12_fu_1368_p3                      |  select  |      0|  0|   2|           1|           1|
    |select_ln1598_13_fu_1386_p3                      |  select  |      0|  0|   2|           1|           1|
    |select_ln1598_14_fu_1398_p3                      |  select  |      0|  0|   2|           1|           1|
    |select_ln1598_15_fu_1587_p3                      |  select  |      0|  0|  11|           1|           1|
    |select_ln1598_16_fu_1405_p3                      |  select  |      0|  0|   2|           1|           1|
    |select_ln1598_17_fu_1593_p3                      |  select  |      0|  0|  11|           1|           1|
    |select_ln1598_18_fu_1416_p3                      |  select  |      0|  0|   2|           1|           1|
    |select_ln1598_19_fu_1604_p3                      |  select  |      0|  0|  11|           1|           1|
    |select_ln1598_1_fu_1256_p3                       |  select  |      0|  0|  11|           1|          11|
    |select_ln1598_20_fu_1423_p3                      |  select  |      0|  0|   2|           1|           1|
    |select_ln1598_21_fu_1429_p3                      |  select  |      0|  0|   2|           1|           1|
    |select_ln1598_22_fu_1451_p3                      |  select  |      0|  0|   2|           1|           1|
    |select_ln1598_23_fu_1615_p3                      |  select  |      0|  0|  11|           1|          11|
    |select_ln1598_24_fu_1477_p3                      |  select  |      0|  0|   2|           1|           1|
    |select_ln1598_25_fu_1648_p3                      |  select  |      0|  0|  11|           1|          11|
    |select_ln1598_26_fu_1669_p3                      |  select  |      0|  0|   2|           1|           1|
    |select_ln1598_27_fu_1698_p3                      |  select  |      0|  0|   2|           1|           1|
    |select_ln1598_28_fu_1715_p3                      |  select  |      0|  0|  11|           1|          11|
    |select_ln1598_29_fu_1485_p3                      |  select  |      0|  0|   2|           1|           1|
    |select_ln1598_2_fu_1079_p3                       |  select  |      0|  0|   2|           1|           1|
    |select_ln1598_30_fu_1518_p3                      |  select  |      0|  0|   4|           1|           1|
    |select_ln1598_31_fu_1760_p3                      |  select  |      0|  0|  11|           1|          11|
    |select_ln1598_32_fu_1787_p3                      |  select  |      0|  0|   2|           1|           1|
    |select_ln1598_33_fu_1816_p3                      |  select  |      0|  0|   2|           1|           1|
    |select_ln1598_34_fu_1834_p3                      |  select  |      0|  0|  13|           1|           1|
    |select_ln1598_35_fu_1841_p3                      |  select  |      0|  0|  13|           1|          13|
    |select_ln1598_36_fu_1848_p3                      |  select  |      0|  0|  13|           1|          13|
    |select_ln1598_37_fu_1865_p3                      |  select  |      0|  0|  11|           1|          11|
    |select_ln1598_3_fu_1266_p3                       |  select  |      0|  0|   2|           1|           1|
    |select_ln1598_4_fu_1283_p3                       |  select  |      0|  0|   2|           1|           1|
    |select_ln1598_5_fu_1290_p3                       |  select  |      0|  0|   2|           1|           1|
    |select_ln1598_6_fu_1296_p3                       |  select  |      0|  0|   2|           1|           1|
    |select_ln1598_7_fu_1307_p3                       |  select  |      0|  0|   2|           1|           1|
    |select_ln1598_8_fu_1314_p3                       |  select  |      0|  0|   2|           1|           1|
    |select_ln1598_9_fu_1319_p3                       |  select  |      0|  0|   2|           1|           1|
    |select_ln1598_fu_1249_p3                         |  select  |      0|  0|   2|           1|           1|
    |select_ln27_fu_1324_p3                           |  select  |      0|  0|   9|           1|           9|
    |select_ln30_1_fu_1576_p3                         |  select  |      0|  0|  17|           1|           1|
    |select_ln30_fu_1610_p3                           |  select  |      0|  0|   2|           1|           2|
    |select_ln33_1_fu_1562_p3                         |  select  |      0|  0|  15|           1|           1|
    |select_ln33_fu_1492_p3                           |  select  |      0|  0|   9|           1|           9|
    |select_ln36_1_fu_1548_p3                         |  select  |      0|  0|   6|           1|           1|
    |select_ln36_fu_1872_p3                           |  select  |      0|  0|   2|           1|           2|
    |select_ln48_1_fu_1640_p3                         |  select  |      0|  0|  12|           1|          12|
    |select_ln48_2_fu_1752_p3                         |  select  |      0|  0|  12|           1|          12|
    |ap_enable_pp0                                    |    xor   |      0|  0|   2|           1|           2|
    |ap_enable_reg_pp0_iter1                          |    xor   |      0|  0|   2|           2|           1|
    |xor_ln55_1_fu_1197_p2                            |    xor   |      0|  0|   2|           1|           2|
    |xor_ln55_2_fu_1277_p2                            |    xor   |      0|  0|   2|           1|           2|
    |xor_ln55_3_fu_1380_p2                            |    xor   |      0|  0|   2|           1|           2|
    |xor_ln55_4_fu_1658_p2                            |    xor   |      0|  0|   2|           1|           2|
    |xor_ln55_5_fu_1776_p2                            |    xor   |      0|  0|   2|           1|           2|
    |xor_ln55_fu_1133_p2                              |    xor   |      0|  0|   2|           1|           2|
    |xor_ln77_1_fu_1675_p2                            |    xor   |      0|  0|   2|           2|           1|
    |xor_ln77_2_fu_1794_p2                            |    xor   |      0|  0|   2|           2|           1|
    |xor_ln77_fu_1209_p2                              |    xor   |      0|  0|   2|           2|           1|
    +-------------------------------------------------+----------+-------+---+----+------------+------------+
    |Total                                            |          |      0|  0|2181|         969|        1226|
    +-------------------------------------------------+----------+-------+---+----+------------+------------+

    * Multiplexer: 
    +--------------------------------------------+----+-----------+-----+-----------+
    |                    Name                    | LUT| Input Size| Bits| Total Bits|
    +--------------------------------------------+----+-----------+-----+-----------+
    |ap_NS_fsm                                   |  50|         11|    1|         11|
    |ap_enable_reg_pp0_iter1                     |   9|          2|    1|          2|
    |ap_enable_reg_pp0_iter4                     |   9|          2|    1|          2|
    |ap_phi_mux_i_op_assign_1_phi_fu_712_p4      |   9|          2|    2|          4|
    |ap_phi_mux_i_op_assign_2_phi_fu_676_p4      |   9|          2|    9|         18|
    |ap_phi_mux_i_op_assign_3_phi_fu_723_p4      |   9|          2|    2|          4|
    |ap_phi_mux_i_op_assign_4_phi_fu_700_p4      |   9|          2|    4|          8|
    |ap_phi_mux_i_op_assign_phi_fu_640_p4        |   9|          2|    9|         18|
    |ap_phi_mux_indvar_flatten180_phi_fu_652_p4  |   9|          2|   17|         34|
    |ap_phi_mux_indvar_flatten308_phi_fu_628_p4  |   9|          2|   26|         52|
    |ap_phi_mux_indvar_flatten79_phi_fu_664_p4   |   9|          2|   15|         30|
    |ap_phi_mux_indvar_flatten_phi_fu_688_p4     |   9|          2|    6|         12|
    |ap_phi_mux_p_011_phi_fu_734_p4              |   9|          2|   16|         32|
    |ap_phi_mux_p_012_phi_fu_746_p4              |   9|          2|   16|         32|
    |ap_phi_mux_p_013_phi_fu_758_p4              |   9|          2|   16|         32|
    |ap_phi_mux_p_0_phi_fu_770_p4                |   9|          2|   16|         32|
    |ap_phi_reg_pp0_iter1_p_011_reg_730          |   9|          2|   16|         32|
    |ap_phi_reg_pp0_iter1_p_012_reg_742          |   9|          2|   16|         32|
    |ap_phi_reg_pp0_iter1_p_013_reg_754          |   9|          2|   16|         32|
    |ap_phi_reg_pp0_iter1_p_0_reg_766            |   9|          2|   16|         32|
    |i_op_assign_1_reg_708                       |   9|          2|    2|          4|
    |i_op_assign_2_reg_672                       |   9|          2|    9|         18|
    |i_op_assign_3_reg_719                       |   9|          2|    2|          4|
    |i_op_assign_4_reg_696                       |   9|          2|    4|          8|
    |i_op_assign_reg_636                         |   9|          2|    9|         18|
    |inStream_TDATA_blk_n                        |   9|          2|    1|          2|
    |inStream_V_data_0_data_out                  |   9|          2|   64|        128|
    |inStream_V_data_0_state                     |  15|          3|    2|          6|
    |inStream_V_dest_V_0_data_out                |   9|          2|    6|         12|
    |inStream_V_dest_V_0_state                   |  15|          3|    2|          6|
    |inStream_V_id_V_0_data_out                  |   9|          2|    5|         10|
    |inStream_V_id_V_0_state                     |  15|          3|    2|          6|
    |inStream_V_keep_V_0_data_out                |   9|          2|    8|         16|
    |inStream_V_keep_V_0_state                   |  15|          3|    2|          6|
    |inStream_V_strb_V_0_data_out                |   9|          2|    8|         16|
    |inStream_V_strb_V_0_state                   |  15|          3|    2|          6|
    |inStream_V_user_V_0_data_out                |   9|          2|    2|          4|
    |inStream_V_user_V_0_state                   |  15|          3|    2|          6|
    |indvar_flatten180_reg_648                   |   9|          2|   17|         34|
    |indvar_flatten308_reg_624                   |   9|          2|   26|         52|
    |indvar_flatten79_reg_660                    |   9|          2|   15|         30|
    |indvar_flatten_reg_684                      |   9|          2|    6|         12|
    |line_buff_group_0_va_1_address0             |  15|          3|   12|         36|
    |line_buff_group_0_va_1_address1             |  15|          3|   12|         36|
    |line_buff_group_0_va_address0               |  15|          3|   12|         36|
    |line_buff_group_0_va_address1               |  15|          3|   12|         36|
    |line_buff_group_1_va_1_address0             |  15|          3|   12|         36|
    |line_buff_group_1_va_1_address1             |  15|          3|   12|         36|
    |line_buff_group_1_va_address0               |  15|          3|   12|         36|
    |line_buff_group_1_va_address1               |  15|          3|   12|         36|
    |line_buff_group_2_va_1_address0             |  15|          3|   12|         36|
    |line_buff_group_2_va_1_address1             |  15|          3|   12|         36|
    |line_buff_group_2_va_address0               |  15|          3|   12|         36|
    |line_buff_group_2_va_address1               |  15|          3|   12|         36|
    |line_buff_group_3_va_1_address0             |  15|          3|   12|         36|
    |line_buff_group_3_va_1_address1             |  15|          3|   12|         36|
    |line_buff_group_3_va_address0               |  15|          3|   12|         36|
    |line_buff_group_3_va_address1               |  15|          3|   12|         36|
    |outStream_TDATA_blk_n                       |   9|          2|    1|          2|
    |outStream_V_data_1_data_out                 |   9|          2|   64|        128|
    |outStream_V_data_1_state                    |  15|          3|    2|          6|
    |outStream_V_dest_V_1_data_out               |   9|          2|    6|         12|
    |outStream_V_dest_V_1_state                  |  15|          3|    2|          6|
    |outStream_V_id_V_1_data_out                 |   9|          2|    5|         10|
    |outStream_V_id_V_1_state                    |  15|          3|    2|          6|
    |outStream_V_keep_V_1_data_out               |   9|          2|    8|         16|
    |outStream_V_keep_V_1_state                  |  15|          3|    2|          6|
    |outStream_V_last_V_1_data_out               |   9|          2|    1|          2|
    |outStream_V_last_V_1_state                  |  15|          3|    2|          6|
    |outStream_V_strb_V_1_data_out               |   9|          2|    8|         16|
    |outStream_V_strb_V_1_state                  |  15|          3|    2|          6|
    |outStream_V_user_V_1_data_out               |   9|          2|    2|          4|
    |outStream_V_user_V_1_state                  |  15|          3|    2|          6|
    |phi_ln19_reg_536                            |   9|          2|    3|          6|
    |phi_ln20_reg_558                            |   9|          2|    3|          6|
    |phi_ln21_reg_580                            |   9|          2|    3|          6|
    |phi_ln22_reg_602                            |   9|          2|    3|          6|
    |phi_mul311_reg_569                          |   9|          2|   12|         24|
    |phi_mul313_reg_591                          |   9|          2|   12|         24|
    |phi_mul315_reg_613                          |   9|          2|   12|         24|
    |phi_mul_reg_547                             |   9|          2|   12|         24|
    |reg_806                                     |   9|          2|   16|         32|
    |reg_811                                     |   9|          2|   16|         32|
    |reg_816                                     |   9|          2|   16|         32|
    |reg_821                                     |   9|          2|   16|         32|
    +--------------------------------------------+----+-----------+-----+-----------+
    |Total                                       | 980|        208|  842|       1911|
    +--------------------------------------------+----+-----------+-----+-----------+

    * Register: 
    +-----------------------------------------------+----+----+-----+-----------+
    |                      Name                     | FF | LUT| Bits| Const Bits|
    +-----------------------------------------------+----+----+-----+-----------+
    |add_ln1354_2_reg_2406                          |  10|   0|   10|          0|
    |add_ln1354_reg_2394                            |   3|   0|    3|          0|
    |add_ln140_2_reg_2889                           |  13|   0|   13|          0|
    |add_ln140_3_reg_2894                           |  13|   0|   13|          0|
    |add_ln140_4_reg_2899                           |  13|   0|   13|          0|
    |add_ln140_5_reg_2904                           |  13|   0|   13|          0|
    |add_ln27_reg_2553                              |  26|   0|   26|          0|
    |add_ln36_reg_2548                              |  11|   0|   11|          0|
    |and_ln879_1_reg_2751                           |   1|   0|    1|          0|
    |ap_CS_fsm                                      |  10|   0|   10|          0|
    |ap_enable_reg_pp0_iter0                        |   1|   0|    1|          0|
    |ap_enable_reg_pp0_iter1                        |   1|   0|    1|          0|
    |ap_enable_reg_pp0_iter2                        |   1|   0|    1|          0|
    |ap_enable_reg_pp0_iter3                        |   1|   0|    1|          0|
    |ap_enable_reg_pp0_iter4                        |   1|   0|    1|          0|
    |ap_phi_reg_pp0_iter1_p_011_reg_730             |  16|   0|   16|          0|
    |ap_phi_reg_pp0_iter1_p_012_reg_742             |  16|   0|   16|          0|
    |ap_phi_reg_pp0_iter1_p_013_reg_754             |  16|   0|   16|          0|
    |ap_phi_reg_pp0_iter1_p_0_reg_766               |  16|   0|   16|          0|
    |bound185_reg_2417                              |  26|   0|   26|          0|
    |bound4_reg_2359                                |  15|   0|   15|          0|
    |bound84_reg_2366                               |  17|   0|   17|          0|
    |bound_reg_2353                                 |   6|   0|    6|          0|
    |call_ln112_write_output_fu_778_ap_start_reg    |   1|   0|    1|          0|
    |col_idx_reg_2533                               |  11|   0|   11|          0|
    |col_stride_reg_2648                            |   2|   0|    2|          0|
    |conv_count_1_reg_2538                          |  12|   0|   12|          0|
    |i_op_assign_1_reg_708                          |   2|   0|    2|          0|
    |i_op_assign_2_reg_672                          |   9|   0|    9|          0|
    |i_op_assign_3_reg_719                          |   2|   0|    2|          0|
    |i_op_assign_4_reg_696                          |   4|   0|    4|          0|
    |i_op_assign_reg_636                            |   9|   0|    9|          0|
    |icmp_ln101_2_reg_2427                          |   1|   0|    1|          0|
    |icmp_ln27_reg_2469                             |   1|   0|    1|          0|
    |icmp_ln30_reg_2478                             |   1|   0|    1|          0|
    |icmp_ln33_reg_2452                             |   1|   0|    1|          0|
    |icmp_ln36_1_reg_2513                           |   1|   0|    1|          0|
    |icmp_ln36_reg_2446                             |   1|   0|    1|          0|
    |icmp_ln39_1_reg_2508                           |   1|   0|    1|          0|
    |icmp_ln39_reg_2439                             |   1|   0|    1|          0|
    |icmp_ln55_reg_2433                             |   1|   0|    1|          0|
    |icmp_ln77_2_reg_2422                           |   1|   0|    1|          0|
    |inStream_V_data_0_payload_A                    |  64|   0|   64|          0|
    |inStream_V_data_0_payload_B                    |  64|   0|   64|          0|
    |inStream_V_data_0_sel_rd                       |   1|   0|    1|          0|
    |inStream_V_data_0_sel_wr                       |   1|   0|    1|          0|
    |inStream_V_data_0_state                        |   2|   0|    2|          0|
    |inStream_V_dest_V_0_payload_A                  |   6|   0|    6|          0|
    |inStream_V_dest_V_0_payload_B                  |   6|   0|    6|          0|
    |inStream_V_dest_V_0_sel_rd                     |   1|   0|    1|          0|
    |inStream_V_dest_V_0_sel_wr                     |   1|   0|    1|          0|
    |inStream_V_dest_V_0_state                      |   2|   0|    2|          0|
    |inStream_V_id_V_0_payload_A                    |   5|   0|    5|          0|
    |inStream_V_id_V_0_payload_B                    |   5|   0|    5|          0|
    |inStream_V_id_V_0_sel_rd                       |   1|   0|    1|          0|
    |inStream_V_id_V_0_sel_wr                       |   1|   0|    1|          0|
    |inStream_V_id_V_0_state                        |   2|   0|    2|          0|
    |inStream_V_keep_V_0_payload_A                  |   8|   0|    8|          0|
    |inStream_V_keep_V_0_payload_B                  |   8|   0|    8|          0|
    |inStream_V_keep_V_0_sel_rd                     |   1|   0|    1|          0|
    |inStream_V_keep_V_0_sel_wr                     |   1|   0|    1|          0|
    |inStream_V_keep_V_0_state                      |   2|   0|    2|          0|
    |inStream_V_strb_V_0_payload_A                  |   8|   0|    8|          0|
    |inStream_V_strb_V_0_payload_B                  |   8|   0|    8|          0|
    |inStream_V_strb_V_0_sel_rd                     |   1|   0|    1|          0|
    |inStream_V_strb_V_0_sel_wr                     |   1|   0|    1|          0|
    |inStream_V_strb_V_0_state                      |   2|   0|    2|          0|
    |inStream_V_user_V_0_payload_A                  |   2|   0|    2|          0|
    |inStream_V_user_V_0_payload_B                  |   2|   0|    2|          0|
    |inStream_V_user_V_0_sel_rd                     |   1|   0|    1|          0|
    |inStream_V_user_V_0_sel_wr                     |   1|   0|    1|          0|
    |inStream_V_user_V_0_state                      |   2|   0|    2|          0|
    |indvar_flatten180_reg_648                      |  17|   0|   17|          0|
    |indvar_flatten308_reg_624                      |  26|   0|   26|          0|
    |indvar_flatten79_reg_660                       |  15|   0|   15|          0|
    |indvar_flatten_reg_684                         |   6|   0|    6|          0|
    |input_ch_idx_reg_2671                          |   4|   0|    4|          0|
    |input_fold_ch_V_read_reg_2240                  |   4|   0|    4|          0|
    |input_h_V_read_reg_2254                        |   9|   0|    9|          0|
    |input_w_V_read_reg_2248                        |   9|   0|    9|          0|
    |line_buff_group_0_va_5_reg_2731                |  12|   0|   12|          0|
    |line_buff_group_0_va_6_reg_2774                |  12|   0|   12|          0|
    |line_buff_group_0_va_7_reg_2779                |  12|   0|   12|          0|
    |line_buff_group_0_va_7_reg_2779_pp0_iter3_reg  |  12|   0|   12|          0|
    |line_buff_group_1_va_5_reg_2736                |  12|   0|   12|          0|
    |line_buff_group_1_va_6_reg_2794                |  12|   0|   12|          0|
    |line_buff_group_1_va_7_reg_2799                |  12|   0|   12|          0|
    |line_buff_group_1_va_7_reg_2799_pp0_iter3_reg  |  12|   0|   12|          0|
    |line_buff_group_2_va_5_reg_2741                |  12|   0|   12|          0|
    |line_buff_group_2_va_6_reg_2814                |  12|   0|   12|          0|
    |line_buff_group_2_va_7_reg_2819                |  12|   0|   12|          0|
    |line_buff_group_2_va_7_reg_2819_pp0_iter3_reg  |  12|   0|   12|          0|
    |line_buff_group_3_va_5_reg_2746                |  12|   0|   12|          0|
    |line_buff_group_3_va_6_reg_2834                |  12|   0|   12|          0|
    |line_buff_group_3_va_7_reg_2839                |  12|   0|   12|          0|
    |line_buff_group_3_va_7_reg_2839_pp0_iter3_reg  |  12|   0|   12|          0|
    |mul_ln203_reg_2660                             |  12|   0|   13|          1|
    |mul_ln44_1_reg_2496                            |  11|   0|   11|          0|
    |mul_ln44_reg_2457                              |  11|   0|   11|          0|
    |mul_ln45_1_reg_2619                            |  11|   0|   11|          0|
    |mul_ln45_reg_2463                              |  11|   0|   11|          0|
    |or_ln1598_1_reg_2573                           |   1|   0|    1|          0|
    |or_ln77_1_reg_2543                             |   1|   0|    1|          0|
    |outStream_V_data_1_payload_A                   |  64|   0|   64|          0|
    |outStream_V_data_1_payload_B                   |  64|   0|   64|          0|
    |outStream_V_data_1_sel_rd                      |   1|   0|    1|          0|
    |outStream_V_data_1_sel_wr                      |   1|   0|    1|          0|
    |outStream_V_data_1_state                       |   2|   0|    2|          0|
    |outStream_V_dest_V_1_payload_A                 |   6|   0|    6|          0|
    |outStream_V_dest_V_1_payload_B                 |   6|   0|    6|          0|
    |outStream_V_dest_V_1_sel_rd                    |   1|   0|    1|          0|
    |outStream_V_dest_V_1_sel_wr                    |   1|   0|    1|          0|
    |outStream_V_dest_V_1_state                     |   2|   0|    2|          0|
    |outStream_V_id_V_1_payload_A                   |   5|   0|    5|          0|
    |outStream_V_id_V_1_payload_B                   |   5|   0|    5|          0|
    |outStream_V_id_V_1_sel_rd                      |   1|   0|    1|          0|
    |outStream_V_id_V_1_sel_wr                      |   1|   0|    1|          0|
    |outStream_V_id_V_1_state                       |   2|   0|    2|          0|
    |outStream_V_keep_V_1_payload_A                 |   8|   0|    8|          0|
    |outStream_V_keep_V_1_payload_B                 |   8|   0|    8|          0|
    |outStream_V_keep_V_1_sel_rd                    |   1|   0|    1|          0|
    |outStream_V_keep_V_1_sel_wr                    |   1|   0|    1|          0|
    |outStream_V_keep_V_1_state                     |   2|   0|    2|          0|
    |outStream_V_last_V_1_payload_A                 |   1|   0|    1|          0|
    |outStream_V_last_V_1_payload_B                 |   1|   0|    1|          0|
    |outStream_V_last_V_1_sel_rd                    |   1|   0|    1|          0|
    |outStream_V_last_V_1_sel_wr                    |   1|   0|    1|          0|
    |outStream_V_last_V_1_state                     |   2|   0|    2|          0|
    |outStream_V_strb_V_1_payload_A                 |   8|   0|    8|          0|
    |outStream_V_strb_V_1_payload_B                 |   8|   0|    8|          0|
    |outStream_V_strb_V_1_sel_rd                    |   1|   0|    1|          0|
    |outStream_V_strb_V_1_sel_wr                    |   1|   0|    1|          0|
    |outStream_V_strb_V_1_state                     |   2|   0|    2|          0|
    |outStream_V_user_V_1_payload_A                 |   2|   0|    2|          0|
    |outStream_V_user_V_1_payload_B                 |   2|   0|    2|          0|
    |outStream_V_user_V_1_sel_rd                    |   1|   0|    1|          0|
    |outStream_V_user_V_1_sel_wr                    |   1|   0|    1|          0|
    |outStream_V_user_V_1_state                     |   2|   0|    2|          0|
    |out_row_reg_2473                               |   9|   0|    9|          0|
    |output_h_V_read_reg_2265                       |   9|   0|    9|          0|
    |output_w_V_read_reg_2259                       |   9|   0|    9|          0|
    |p_cast60_reg_2372                              |   2|   0|   11|          9|
    |phi_ln19_reg_536                               |   3|   0|    3|          0|
    |phi_ln20_reg_558                               |   3|   0|    3|          0|
    |phi_ln21_reg_580                               |   3|   0|    3|          0|
    |phi_ln22_reg_602                               |   3|   0|    3|          0|
    |phi_mul311_reg_569                             |  12|   0|   12|          0|
    |phi_mul313_reg_591                             |  12|   0|   12|          0|
    |phi_mul315_reg_613                             |  12|   0|   12|          0|
    |phi_mul_reg_547                                |  12|   0|   12|          0|
    |reg_806                                        |  16|   0|   16|          0|
    |reg_811                                        |  16|   0|   16|          0|
    |reg_816                                        |  16|   0|   16|          0|
    |reg_821                                        |  16|   0|   16|          0|
    |ret_V_1_reg_2412                               |   5|   0|    5|          0|
    |ret_V_reg_2400                                 |  10|   0|   10|          0|
    |row_stride_reg_2568                            |   2|   0|    2|          0|
    |select_ln1598_10_reg_2518                      |   1|   0|    1|          0|
    |select_ln1598_12_reg_2581                      |   1|   0|    1|          0|
    |select_ln1598_13_reg_2587                      |   1|   0|    1|          0|
    |select_ln1598_14_reg_2593                      |   1|   0|    1|          0|
    |select_ln1598_18_reg_2599                      |   1|   0|    1|          0|
    |select_ln1598_21_reg_2604                      |   1|   0|    1|          0|
    |select_ln1598_22_reg_2614                      |   2|   0|    2|          0|
    |select_ln1598_24_reg_2628                      |   1|   0|    1|          0|
    |select_ln1598_29_reg_2633                      |   1|   0|    1|          0|
    |select_ln1598_2_reg_2503                       |   1|   0|    1|          0|
    |select_ln1598_30_reg_2655                      |   4|   0|    4|          0|
    |select_ln1598_32_reg_2696                      |   1|   0|    1|          0|
    |select_ln1598_33_reg_2700                      |   1|   0|    1|          0|
    |select_ln1598_36_reg_2704                      |  13|   0|   13|          0|
    |select_ln1598_36_reg_2704_pp0_iter2_reg        |  13|   0|   13|          0|
    |select_ln1598_37_reg_2713                      |  11|   0|   11|          0|
    |select_ln1598_reg_2558                         |   2|   0|    2|          0|
    |select_ln27_reg_2563                           |   9|   0|    9|          0|
    |select_ln30_1_reg_2686                         |  17|   0|   17|          0|
    |select_ln30_reg_2691                           |   2|   0|    2|          0|
    |select_ln33_1_reg_2681                         |  15|   0|   15|          0|
    |select_ln33_reg_2643                           |   9|   0|    9|          0|
    |select_ln36_1_reg_2676                         |   6|   0|    6|          0|
    |select_ln36_reg_2718                           |   2|   0|    2|          0|
    |sext_ln203_reg_2723                            |  64|   0|   64|          0|
    |stride_V_read_reg_2232                         |   2|   0|    2|          0|
    |tmp_dest_V_fu_214                              |   6|   0|    6|          0|
    |tmp_dest_V_load_reg_2864                       |   6|   0|    6|          0|
    |tmp_dest_V_load_reg_2864_pp0_iter3_reg         |   6|   0|    6|          0|
    |tmp_id_V_fu_210                                |   5|   0|    5|          0|
    |tmp_id_V_load_reg_2859                         |   5|   0|    5|          0|
    |tmp_id_V_load_reg_2859_pp0_iter3_reg           |   5|   0|    5|          0|
    |tmp_keep_V_fu_198                              |   8|   0|    8|          0|
    |tmp_keep_V_load_reg_2844                       |   8|   0|    8|          0|
    |tmp_keep_V_load_reg_2844_pp0_iter3_reg         |   8|   0|    8|          0|
    |tmp_strb_V_fu_202                              |   8|   0|    8|          0|
    |tmp_strb_V_load_reg_2849                       |   8|   0|    8|          0|
    |tmp_strb_V_load_reg_2849_pp0_iter3_reg         |   8|   0|    8|          0|
    |tmp_user_V_fu_206                              |   2|   0|    2|          0|
    |tmp_user_V_load_reg_2854                       |   2|   0|    2|          0|
    |tmp_user_V_load_reg_2854_pp0_iter3_reg         |   2|   0|    2|          0|
    |window_0_val_0_V_1_reg_2869                    |  16|   0|   16|          0|
    |window_0_val_1_V_0_reg_2909                    |  16|   0|   16|          0|
    |window_0_val_1_V_1_reg_2953                    |  16|   0|   16|          0|
    |window_1_val_0_V_1_reg_2874                    |  16|   0|   16|          0|
    |window_1_val_1_V_0_reg_2915                    |  16|   0|   16|          0|
    |window_1_val_1_V_1_reg_2959                    |  16|   0|   16|          0|
    |window_2_val_0_V_1_reg_2879                    |  16|   0|   16|          0|
    |window_2_val_1_V_0_reg_2921                    |  16|   0|   16|          0|
    |window_2_val_1_V_1_reg_2965                    |  16|   0|   16|          0|
    |window_3_val_0_V_1_reg_2884                    |  16|   0|   16|          0|
    |window_3_val_1_V_0_reg_2927                    |  16|   0|   16|          0|
    |window_3_val_1_V_1_reg_2971                    |  16|   0|   16|          0|
    |zext_ln1354_4_reg_2387                         |   9|   0|   11|          2|
    |zext_ln1598_9_reg_2756                         |  11|   0|   13|          2|
    |zext_ln215_reg_2380                            |   9|   0|   11|          2|
    |and_ln879_1_reg_2751                           |  64|  32|    1|          0|
    |icmp_ln27_reg_2469                             |  64|  32|    1|          0|
    |mul_ln203_reg_2660                             |  64|  32|   13|          1|
    |select_ln1598_33_reg_2700                      |  64|  32|    1|          0|
    +-----------------------------------------------+----+----+-----+-----------+
    |Total                                          |1990| 128| 1766|         17|
    +-----------------------------------------------+----+----+-----+-----------+



================================================================
== Interface
================================================================
* Summary: 
+------------------------+-----+-----+------------+--------------------+--------------+
|        RTL Ports       | Dir | Bits|  Protocol  |    Source Object   |    C Type    |
+------------------------+-----+-----+------------+--------------------+--------------+
|s_axi_CTRL_BUS_AWVALID  |  in |    1|    s_axi   |      CTRL_BUS      |    scalar    |
|s_axi_CTRL_BUS_AWREADY  | out |    1|    s_axi   |      CTRL_BUS      |    scalar    |
|s_axi_CTRL_BUS_AWADDR   |  in |    6|    s_axi   |      CTRL_BUS      |    scalar    |
|s_axi_CTRL_BUS_WVALID   |  in |    1|    s_axi   |      CTRL_BUS      |    scalar    |
|s_axi_CTRL_BUS_WREADY   | out |    1|    s_axi   |      CTRL_BUS      |    scalar    |
|s_axi_CTRL_BUS_WDATA    |  in |   32|    s_axi   |      CTRL_BUS      |    scalar    |
|s_axi_CTRL_BUS_WSTRB    |  in |    4|    s_axi   |      CTRL_BUS      |    scalar    |
|s_axi_CTRL_BUS_ARVALID  |  in |    1|    s_axi   |      CTRL_BUS      |    scalar    |
|s_axi_CTRL_BUS_ARREADY  | out |    1|    s_axi   |      CTRL_BUS      |    scalar    |
|s_axi_CTRL_BUS_ARADDR   |  in |    6|    s_axi   |      CTRL_BUS      |    scalar    |
|s_axi_CTRL_BUS_RVALID   | out |    1|    s_axi   |      CTRL_BUS      |    scalar    |
|s_axi_CTRL_BUS_RREADY   |  in |    1|    s_axi   |      CTRL_BUS      |    scalar    |
|s_axi_CTRL_BUS_RDATA    | out |   32|    s_axi   |      CTRL_BUS      |    scalar    |
|s_axi_CTRL_BUS_RRESP    | out |    2|    s_axi   |      CTRL_BUS      |    scalar    |
|s_axi_CTRL_BUS_BVALID   | out |    1|    s_axi   |      CTRL_BUS      |    scalar    |
|s_axi_CTRL_BUS_BREADY   |  in |    1|    s_axi   |      CTRL_BUS      |    scalar    |
|s_axi_CTRL_BUS_BRESP    | out |    2|    s_axi   |      CTRL_BUS      |    scalar    |
|ap_clk                  |  in |    1| ap_ctrl_hs |  yolo_max_pool_top | return value |
|ap_rst_n                |  in |    1| ap_ctrl_hs |  yolo_max_pool_top | return value |
|interrupt               | out |    1| ap_ctrl_hs |  yolo_max_pool_top | return value |
|inStream_TDATA          |  in |   64|    axis    |   inStream_V_data  |    pointer   |
|inStream_TVALID         |  in |    1|    axis    |  inStream_V_dest_V |    pointer   |
|inStream_TREADY         | out |    1|    axis    |  inStream_V_dest_V |    pointer   |
|inStream_TDEST          |  in |    6|    axis    |  inStream_V_dest_V |    pointer   |
|inStream_TKEEP          |  in |    8|    axis    |  inStream_V_keep_V |    pointer   |
|inStream_TSTRB          |  in |    8|    axis    |  inStream_V_strb_V |    pointer   |
|inStream_TUSER          |  in |    2|    axis    |  inStream_V_user_V |    pointer   |
|inStream_TLAST          |  in |    1|    axis    |  inStream_V_last_V |    pointer   |
|inStream_TID            |  in |    5|    axis    |   inStream_V_id_V  |    pointer   |
|outStream_TDATA         | out |   64|    axis    |  outStream_V_data  |    pointer   |
|outStream_TVALID        | out |    1|    axis    | outStream_V_dest_V |    pointer   |
|outStream_TREADY        |  in |    1|    axis    | outStream_V_dest_V |    pointer   |
|outStream_TDEST         | out |    6|    axis    | outStream_V_dest_V |    pointer   |
|outStream_TKEEP         | out |    8|    axis    | outStream_V_keep_V |    pointer   |
|outStream_TSTRB         | out |    8|    axis    | outStream_V_strb_V |    pointer   |
|outStream_TUSER         | out |    2|    axis    | outStream_V_user_V |    pointer   |
|outStream_TLAST         | out |    1|    axis    | outStream_V_last_V |    pointer   |
|outStream_TID           | out |    5|    axis    |  outStream_V_id_V  |    pointer   |
+------------------------+-----+-----+------------+--------------------+--------------+

