INFO: [XSIM 43-3496] Using init file passed via -initfile option "/opt/Xilinx_2019_1/Vivado/2019.1/data/xsim/ip/xsim_ip.ini".
Vivado Simulator 2019.1
Copyright 1986-1999, 2001-2019 Xilinx, Inc. All Rights Reserved.
Running: /opt/Xilinx_2019_1/Vivado/2019.1/bin/unwrapped/lnx64.o/xelab xil_defaultlib.apatb_yolo_conv_top_top glbl -prj yolo_conv_top.prj -L smartconnect_v1_0 -L axi_protocol_checker_v1_1_12 -L axi_protocol_checker_v1_1_13 -L axis_protocol_checker_v1_1_11 -L axis_protocol_checker_v1_1_12 -L xil_defaultlib -L unisims_ver -L xpm --initfile /opt/Xilinx_2019_1/Vivado/2019.1/data/xsim/ip/xsim_ip.ini --lib ieee_proposed=./ieee_proposed -s yolo_conv_top 
Multi-threading is on. Using 2 slave threads.
WARNING: [XSIM 43-3431] One or more environment variables have been detected which affect the operation of the C compiler. These are typically not set in standard installations and are not tested by Xilinx, however they may be appropriate for your system, so the flow will attempt to continue.  If errors occur, try running xelab with the "-mt off -v 1" switches to see more information from the C compiler. The following environment variables have been detected:
INFO: [VRFC 10-2263] Analyzing SystemVerilog file "/home/xavier/MSc_Project/hls/yolo_conv_hls_2019/yolo_conv_fp_2019/solution1/sim/verilog/glbl.v" into library work
INFO: [VRFC 10-311] analyzing module glbl
INFO: [VRFC 10-2263] Analyzing SystemVerilog file "/home/xavier/MSc_Project/hls/yolo_conv_hls_2019/yolo_conv_fp_2019/solution1/sim/verilog/fifo_w16_d2_A.v" into library xil_defaultlib
INFO: [VRFC 10-311] analyzing module fifo_w16_d2_A_shiftReg
INFO: [VRFC 10-311] analyzing module fifo_w16_d2_A
INFO: [VRFC 10-2263] Analyzing SystemVerilog file "/home/xavier/MSc_Project/hls/yolo_conv_hls_2019/yolo_conv_fp_2019/solution1/sim/verilog/AESL_axi_slave_AXILiteS.v" into library xil_defaultlib
INFO: [VRFC 10-311] analyzing module AESL_axi_slave_AXILiteS
INFO: [VRFC 10-2263] Analyzing SystemVerilog file "/home/xavier/MSc_Project/hls/yolo_conv_hls_2019/yolo_conv_fp_2019/solution1/sim/verilog/yolo_conv_top_line_buff_group_0_va.v" into library xil_defaultlib
INFO: [VRFC 10-311] analyzing module yolo_conv_top_line_buff_group_0_va_ram
INFO: [VRFC 10-311] analyzing module yolo_conv_top_line_buff_group_0_va
INFO: [VRFC 10-2263] Analyzing SystemVerilog file "/home/xavier/MSc_Project/hls/yolo_conv_hls_2019/yolo_conv_fp_2019/solution1/sim/verilog/yolo_conv_top.v" into library xil_defaultlib
INFO: [VRFC 10-311] analyzing module yolo_conv_top
INFO: [VRFC 10-2263] Analyzing SystemVerilog file "/home/xavier/MSc_Project/hls/yolo_conv_hls_2019/yolo_conv_fp_2019/solution1/sim/verilog/yolo_conv_top_mul_mul_14s_16s_30_1_1.v" into library xil_defaultlib
INFO: [VRFC 10-311] analyzing module yolo_conv_top_mul_mul_14s_16s_30_1_1_DSP48_0
INFO: [VRFC 10-311] analyzing module yolo_conv_top_mul_mul_14s_16s_30_1_1
INFO: [VRFC 10-2263] Analyzing SystemVerilog file "/home/xavier/MSc_Project/hls/yolo_conv_hls_2019/yolo_conv_fp_2019/solution1/sim/verilog/AESL_axi_s_inStream.v" into library xil_defaultlib
INFO: [VRFC 10-311] analyzing module AESL_axi_s_inStream
INFO: [VRFC 10-2263] Analyzing SystemVerilog file "/home/xavier/MSc_Project/hls/yolo_conv_hls_2019/yolo_conv_fp_2019/solution1/sim/verilog/window_macc.v" into library xil_defaultlib
INFO: [VRFC 10-311] analyzing module window_macc
INFO: [VRFC 10-2263] Analyzing SystemVerilog file "/home/xavier/MSc_Project/hls/yolo_conv_hls_2019/yolo_conv_fp_2019/solution1/sim/verilog/yolo_conv_top_AXILiteS_s_axi.v" into library xil_defaultlib
INFO: [VRFC 10-311] analyzing module yolo_conv_top_AXILiteS_s_axi
INFO: [VRFC 10-2263] Analyzing SystemVerilog file "/home/xavier/MSc_Project/hls/yolo_conv_hls_2019/yolo_conv_fp_2019/solution1/sim/verilog/AESL_fifo.v" into library xil_defaultlib
INFO: [VRFC 10-311] analyzing module fifo
INFO: [VRFC 10-2263] Analyzing SystemVerilog file "/home/xavier/MSc_Project/hls/yolo_conv_hls_2019/yolo_conv_fp_2019/solution1/sim/verilog/yolo_conv_top_mul_mul_6ns_16s_22_1_1.v" into library xil_defaultlib
INFO: [VRFC 10-311] analyzing module yolo_conv_top_mul_mul_6ns_16s_22_1_1_DSP48_1
INFO: [VRFC 10-311] analyzing module yolo_conv_top_mul_mul_6ns_16s_22_1_1
INFO: [VRFC 10-2263] Analyzing SystemVerilog file "/home/xavier/MSc_Project/hls/yolo_conv_hls_2019/yolo_conv_fp_2019/solution1/sim/verilog/yolo_conv_top_line_buff_group_1_va.v" into library xil_defaultlib
INFO: [VRFC 10-311] analyzing module yolo_conv_top_line_buff_group_1_va_ram
INFO: [VRFC 10-311] analyzing module yolo_conv_top_line_buff_group_1_va
INFO: [VRFC 10-2263] Analyzing SystemVerilog file "/home/xavier/MSc_Project/hls/yolo_conv_hls_2019/yolo_conv_fp_2019/solution1/sim/verilog/yolo_conv_top.autotb.v" into library xil_defaultlib
INFO: [VRFC 10-311] analyzing module apatb_yolo_conv_top_top
INFO: [VRFC 10-2263] Analyzing SystemVerilog file "/home/xavier/MSc_Project/hls/yolo_conv_hls_2019/yolo_conv_fp_2019/solution1/sim/verilog/fork_window.v" into library xil_defaultlib
INFO: [VRFC 10-311] analyzing module fork_window
INFO: [VRFC 10-2263] Analyzing SystemVerilog file "/home/xavier/MSc_Project/hls/yolo_conv_hls_2019/yolo_conv_fp_2019/solution1/sim/verilog/out_stream_merge.v" into library xil_defaultlib
INFO: [VRFC 10-311] analyzing module out_stream_merge
INFO: [VRFC 10-2263] Analyzing SystemVerilog file "/home/xavier/MSc_Project/hls/yolo_conv_hls_2019/yolo_conv_fp_2019/solution1/sim/verilog/AESL_axi_s_outStream.v" into library xil_defaultlib
INFO: [VRFC 10-311] analyzing module AESL_axi_s_outStream
INFO: [VRFC 10-2263] Analyzing SystemVerilog file "/home/xavier/MSc_Project/hls/yolo_conv_hls_2019/yolo_conv_fp_2019/solution1/sim/verilog/window_macc_kernel_weight_fp.v" into library xil_defaultlib
INFO: [VRFC 10-311] analyzing module window_macc_kernel_weight_fp_rom
INFO: [VRFC 10-311] analyzing module window_macc_kernel_weight_fp
Starting static elaboration
Completed static elaboration
Starting simulation data flow analysis
Completed simulation data flow analysis
Time Resolution for simulation is 1ps
Compiling module xil_defaultlib.yolo_conv_top_AXILiteS_s_axi
Compiling module xil_defaultlib.yolo_conv_top_line_buff_group_0_...
Compiling module xil_defaultlib.yolo_conv_top_line_buff_group_0_...
Compiling module xil_defaultlib.yolo_conv_top_line_buff_group_1_...
Compiling module xil_defaultlib.yolo_conv_top_line_buff_group_1_...
Compiling module xil_defaultlib.window_macc_kernel_weight_fp_rom
Compiling module xil_defaultlib.window_macc_kernel_weight_fp(Dat...
Compiling module xil_defaultlib.yolo_conv_top_mul_mul_14s_16s_30...
Compiling module xil_defaultlib.yolo_conv_top_mul_mul_14s_16s_30...
Compiling module xil_defaultlib.window_macc
Compiling module xil_defaultlib.out_stream_merge
Compiling module xil_defaultlib.fork_window
Compiling module xil_defaultlib.yolo_conv_top_mul_mul_6ns_16s_22...
Compiling module xil_defaultlib.yolo_conv_top_mul_mul_6ns_16s_22...
Compiling module xil_defaultlib.fifo_w16_d2_A_shiftReg
Compiling module xil_defaultlib.fifo_w16_d2_A
Compiling module xil_defaultlib.yolo_conv_top
Compiling module xil_defaultlib.fifo(DEPTH=4160,WIDTH=32)
Compiling module xil_defaultlib.fifo(DEPTH=4160,WIDTH=4)
Compiling module xil_defaultlib.fifo(DEPTH=4160,WIDTH=2)
Compiling module xil_defaultlib.fifo(DEPTH=4160,WIDTH=1)
Compiling module xil_defaultlib.fifo(DEPTH=4160,WIDTH=5)
Compiling module xil_defaultlib.fifo(DEPTH=4160,WIDTH=6)
Compiling module xil_defaultlib.AESL_axi_s_inStream
Compiling module xil_defaultlib.fifo(DEPTH=13312,WIDTH=32)
Compiling module xil_defaultlib.fifo(DEPTH=13312,WIDTH=4)
Compiling module xil_defaultlib.fifo(DEPTH=13312,WIDTH=2)
Compiling module xil_defaultlib.fifo(DEPTH=13312,WIDTH=1)
Compiling module xil_defaultlib.fifo(DEPTH=13312,WIDTH=5)
Compiling module xil_defaultlib.fifo(DEPTH=13312,WIDTH=6)
Compiling module xil_defaultlib.AESL_axi_s_outStream
Compiling module xil_defaultlib.AESL_axi_slave_AXILiteS
Compiling module xil_defaultlib.apatb_yolo_conv_top_top
Compiling module work.glbl
Built simulation snapshot yolo_conv_top
