

================================================================
== Vivado HLS Report for 'write_output'
================================================================
* Date:           Sun Jun 30 20:58:30 2019

* Version:        2019.1 (Build 2552052 on Fri May 24 15:28:33 MDT 2019)
* Project:        yolo_max_pool_fp_2019_64
* Solution:       solution1
* Product family: zynq
* Target device:  xc7z020-clg484-1


================================================================
== Performance Estimates
================================================================
+ Timing (ns): 
    * Summary: 
    +--------+-------+----------+------------+
    |  Clock | Target| Estimated| Uncertainty|
    +--------+-------+----------+------------+
    |ap_clk  |  10.00|     0.000|        1.25|
    +--------+-------+----------+------------+

+ Latency (clock cycles): 
    * Summary: 
    +-----+-----+-----+-----+----------+
    |  Latency  |  Interval | Pipeline |
    | min | max | min | max |   Type   |
    +-----+-----+-----+-----+----------+
    |    0|    0|    1|    1| function |
    +-----+-----+-----+-----+----------+

    + Detail: 
        * Instance: 
        N/A

        * Loop: 
        N/A

============================================================
+ Verbose Summary: Synthesis Manager
============================================================
InlineROM: 1
ExposeGlobal: 0
============================================================
+ Verbose Summary: CDFG Model
============================================================
IsTopModel: 0
ResetActiveHigh: 1
IsCombinational: 0
IsDatapathOnly: 0
HasWiredReturn: 1
HasMFsm: 2
HasVarLatency: 0
IsPipeline: 1
IsRtlPipelined: 0
IsInstanceOverlapped: 0
IsDontTouch: 0
HasImplIP: 0
IsGatedGlobalClock: 0

+ Individual pipeline summary: 
  * Pipeline-0: initiation interval (II) = 1, depth = 1


============================================================
+ Verbose Summary: Schedule
============================================================
* Number of FSM states : 1
* Pipeline : 1
  Pipeline-0 : II = 1, D = 1, States = { 1 }
* Dataflow Pipeline: 0

* FSM state transitions: 
1 --> 

* FSM state operations: 

State 1 <SV = 0> <Delay = 0.00>
ST_1 : Operation 2 [1/1] (0.00ns)   --->   "%tmp_last_V = call i1 @_ssdm_op_Read.ap_auto.i1(i1 %last_V)"   --->   Operation 2 'read' 'tmp_last_V' <Predicate = true> <Delay = 0.00>
ST_1 : Operation 3 [1/1] (0.00ns)   --->   "%tmp_dest_V = call i6 @_ssdm_op_Read.ap_auto.i6(i6 %curr_input_dest_V)"   --->   Operation 3 'read' 'tmp_dest_V' <Predicate = true> <Delay = 0.00>
ST_1 : Operation 4 [1/1] (0.00ns)   --->   "%tmp_id_V = call i5 @_ssdm_op_Read.ap_auto.i5(i5 %curr_input_id_V)"   --->   Operation 4 'read' 'tmp_id_V' <Predicate = true> <Delay = 0.00>
ST_1 : Operation 5 [1/1] (0.00ns)   --->   "%tmp_user_V = call i2 @_ssdm_op_Read.ap_auto.i2(i2 %curr_input_user_V)"   --->   Operation 5 'read' 'tmp_user_V' <Predicate = true> <Delay = 0.00>
ST_1 : Operation 6 [1/1] (0.00ns)   --->   "%tmp_strb_V = call i8 @_ssdm_op_Read.ap_auto.i8(i8 %curr_input_strb_V)"   --->   Operation 6 'read' 'tmp_strb_V' <Predicate = true> <Delay = 0.00>
ST_1 : Operation 7 [1/1] (0.00ns)   --->   "%tmp_keep_V = call i8 @_ssdm_op_Read.ap_auto.i8(i8 %curr_input_keep_V)"   --->   Operation 7 'read' 'tmp_keep_V' <Predicate = true> <Delay = 0.00>
ST_1 : Operation 8 [1/1] (0.00ns)   --->   "%val_output_3_V_read = call i16 @_ssdm_op_Read.ap_auto.i16(i16 %val_output_3_V)"   --->   Operation 8 'read' 'val_output_3_V_read' <Predicate = true> <Delay = 0.00>
ST_1 : Operation 9 [1/1] (0.00ns)   --->   "%val_output_2_V_read = call i16 @_ssdm_op_Read.ap_auto.i16(i16 %val_output_2_V)"   --->   Operation 9 'read' 'val_output_2_V_read' <Predicate = true> <Delay = 0.00>
ST_1 : Operation 10 [1/1] (0.00ns)   --->   "%val_output_1_V_read = call i16 @_ssdm_op_Read.ap_auto.i16(i16 %val_output_1_V)"   --->   Operation 10 'read' 'val_output_1_V_read' <Predicate = true> <Delay = 0.00>
ST_1 : Operation 11 [1/1] (0.00ns)   --->   "%val_output_0_V_read = call i16 @_ssdm_op_Read.ap_auto.i16(i16 %val_output_0_V)"   --->   Operation 11 'read' 'val_output_0_V_read' <Predicate = true> <Delay = 0.00>
ST_1 : Operation 12 [1/1] (0.00ns)   --->   "call void (...)* @_ssdm_op_SpecInterface(i64* %out_stream_V_data, i8* %out_stream_V_keep_V, i8* %out_stream_V_strb_V, i2* %out_stream_V_user_V, i1* %out_stream_V_last_V, i5* %out_stream_V_id_V, i6* %out_stream_V_dest_V, [5 x i8]* @p_str2, i32 0, i32 0, [5 x i8]* @p_str3, i32 0, i32 0, [1 x i8]* @p_str1, [1 x i8]* @p_str1, [1 x i8]* @p_str1, i32 0, i32 0, i32 0, i32 0, [1 x i8]* @p_str1, [1 x i8]* @p_str1) nounwind"   --->   Operation 12 'specinterface' <Predicate = true> <Delay = 0.00>
ST_1 : Operation 13 [1/1] (0.00ns)   --->   "%tmp_data = call i64 @_ssdm_op_BitConcatenate.i64.i16.i16.i16.i16(i16 %val_output_3_V_read, i16 %val_output_2_V_read, i16 %val_output_1_V_read, i16 %val_output_0_V_read)" [yolo_max_pool_fp_2019_64/src/yolo_max_pool.cpp:171]   --->   Operation 13 'bitconcatenate' 'tmp_data' <Predicate = true> <Delay = 0.00>
ST_1 : Operation 14 [1/1] (0.00ns)   --->   "call void @_ssdm_op_Write.axis.volatile.i64P.i8P.i8P.i2P.i1P.i5P.i6P(i64* %out_stream_V_data, i8* %out_stream_V_keep_V, i8* %out_stream_V_strb_V, i2* %out_stream_V_user_V, i1* %out_stream_V_last_V, i5* %out_stream_V_id_V, i6* %out_stream_V_dest_V, i64 %tmp_data, i8 %tmp_keep_V, i8 %tmp_strb_V, i2 %tmp_user_V, i1 %tmp_last_V, i5 %tmp_id_V, i6 %tmp_dest_V)" [yolo_max_pool_fp_2019_64/src/yolo_max_pool.cpp:171]   --->   Operation 14 'write' <Predicate = true> <Delay = 0.00> <Core = "AXI4Stream">   --->   Core 5 'AXI4Stream' <Latency = 0> <II = 1> <Delay = 1.00> <Adapter> <Opcode : >
ST_1 : Operation 15 [1/1] (0.00ns)   --->   "ret void" [yolo_max_pool_fp_2019_64/src/yolo_max_pool.cpp:172]   --->   Operation 15 'ret' <Predicate = true> <Delay = 0.00>


============================================================
+ Verbose Summary: Timing violations
============================================================
Target clock period: 10ns, clock uncertainty: 1.25ns.

 <State 1>: 0ns
The critical path consists of the following:


============================================================
+ Verbose Summary: Binding
============================================================
N/A
* FSMD analyzer results:
  - Output states:
 - Input state : 
  - Chain level:
	State 1


============================================================
+ Verbose Summary: Datapath Resource usage 
============================================================
N/A
