
*** Running vivado
    with args -log design_1_processing_system7_0_0.vds -m64 -product Vivado -mode batch -messageDb vivado.pb -notrace -source design_1_processing_system7_0_0.tcl


****** Vivado v2019.1 (64-bit)
  **** SW Build 2552052 on Fri May 24 14:47:09 MDT 2019
  **** IP Build 2548770 on Fri May 24 18:01:18 MDT 2019
    ** Copyright 1986-2019 Xilinx, Inc. All Rights Reserved.

source design_1_processing_system7_0_0.tcl -notrace
INFO: [IP_Flow 19-234] Refreshing IP repositories
INFO: [IP_Flow 19-1700] Loaded user IP repository '/home/xavier/MSc_Project/hls/ip_fp64'.
INFO: [IP_Flow 19-2313] Loaded Vivado IP repository '/opt/Xilinx_2019_1/Vivado/2019.1/data/ip'.
Command: synth_design -top design_1_processing_system7_0_0 -part xc7z020clg484-1 -mode out_of_context
Starting synth_design
Attempting to get a license for feature 'Synthesis' and/or device 'xc7z020'
INFO: [Common 17-349] Got license for feature 'Synthesis' and/or device 'xc7z020'
INFO: [Device 21-403] Loading part xc7z020clg484-1
INFO: Launching helper process for spawning children vivado processes
INFO: Helper process launched with PID 5340 
---------------------------------------------------------------------------------
Starting RTL Elaboration : Time (s): cpu = 00:00:04 ; elapsed = 00:00:07 . Memory (MB): peak = 1704.234 ; gain = 154.684 ; free physical = 1349 ; free virtual = 11910
---------------------------------------------------------------------------------
INFO: [Synth 8-6157] synthesizing module 'design_1_processing_system7_0_0' [/home/xavier/MSc_Project/hls/yolo_conv_hls_2019/yolo_conv_max_fp_prj_2019_64/yolo_conv_max_fp_prj_2019_64.srcs/sources_1/bd/design_1/ip/design_1_processing_system7_0_0/synth/design_1_processing_system7_0_0.v:60]
INFO: [Synth 8-6157] synthesizing module 'processing_system7_v5_5_processing_system7' [/home/xavier/MSc_Project/hls/yolo_conv_hls_2019/yolo_conv_max_fp_prj_2019_64/yolo_conv_max_fp_prj_2019_64.srcs/sources_1/bd/design_1/ip/design_1_processing_system7_0_0/hdl/verilog/processing_system7_v5_5_processing_system7.v:162]
	Parameter C_USE_DEFAULT_ACP_USER_VAL bound to: 0 - type: integer 
	Parameter C_S_AXI_ACP_ARUSER_VAL bound to: 31 - type: integer 
	Parameter C_S_AXI_ACP_AWUSER_VAL bound to: 31 - type: integer 
	Parameter C_M_AXI_GP0_THREAD_ID_WIDTH bound to: 12 - type: integer 
	Parameter C_M_AXI_GP1_THREAD_ID_WIDTH bound to: 12 - type: integer 
	Parameter C_M_AXI_GP0_ENABLE_STATIC_REMAP bound to: 0 - type: integer 
	Parameter C_M_AXI_GP1_ENABLE_STATIC_REMAP bound to: 0 - type: integer 
	Parameter C_M_AXI_GP0_ID_WIDTH bound to: 12 - type: integer 
	Parameter C_M_AXI_GP1_ID_WIDTH bound to: 12 - type: integer 
	Parameter C_S_AXI_GP0_ID_WIDTH bound to: 6 - type: integer 
	Parameter C_S_AXI_GP1_ID_WIDTH bound to: 6 - type: integer 
	Parameter C_S_AXI_HP0_ID_WIDTH bound to: 6 - type: integer 
	Parameter C_S_AXI_HP1_ID_WIDTH bound to: 6 - type: integer 
	Parameter C_S_AXI_HP2_ID_WIDTH bound to: 6 - type: integer 
	Parameter C_S_AXI_HP3_ID_WIDTH bound to: 6 - type: integer 
	Parameter C_S_AXI_ACP_ID_WIDTH bound to: 3 - type: integer 
	Parameter C_S_AXI_HP0_DATA_WIDTH bound to: 64 - type: integer 
	Parameter C_S_AXI_HP1_DATA_WIDTH bound to: 64 - type: integer 
	Parameter C_S_AXI_HP2_DATA_WIDTH bound to: 64 - type: integer 
	Parameter C_S_AXI_HP3_DATA_WIDTH bound to: 64 - type: integer 
	Parameter C_INCLUDE_ACP_TRANS_CHECK bound to: 0 - type: integer 
	Parameter C_NUM_F2P_INTR_INPUTS bound to: 1 - type: integer 
	Parameter C_FCLK_CLK0_BUF bound to: TRUE - type: string 
	Parameter C_FCLK_CLK1_BUF bound to: FALSE - type: string 
	Parameter C_FCLK_CLK2_BUF bound to: FALSE - type: string 
	Parameter C_FCLK_CLK3_BUF bound to: FALSE - type: string 
	Parameter C_EMIO_GPIO_WIDTH bound to: 64 - type: integer 
	Parameter C_INCLUDE_TRACE_BUFFER bound to: 0 - type: integer 
	Parameter C_TRACE_BUFFER_FIFO_SIZE bound to: 128 - type: integer 
	Parameter C_TRACE_BUFFER_CLOCK_DELAY bound to: 12 - type: integer 
	Parameter USE_TRACE_DATA_EDGE_DETECTOR bound to: 0 - type: integer 
	Parameter C_TRACE_PIPELINE_WIDTH bound to: 8 - type: integer 
	Parameter C_PS7_SI_REV bound to: PRODUCTION - type: string 
	Parameter C_EN_EMIO_ENET0 bound to: 0 - type: integer 
	Parameter C_EN_EMIO_ENET1 bound to: 0 - type: integer 
	Parameter C_EN_EMIO_TRACE bound to: 0 - type: integer 
	Parameter C_DQ_WIDTH bound to: 32 - type: integer 
	Parameter C_DQS_WIDTH bound to: 4 - type: integer 
	Parameter C_DM_WIDTH bound to: 4 - type: integer 
	Parameter C_MIO_PRIMITIVE bound to: 54 - type: integer 
	Parameter C_PACKAGE_NAME bound to: clg484 - type: string 
	Parameter C_IRQ_F2P_MODE bound to: DIRECT - type: string 
	Parameter C_TRACE_INTERNAL_WIDTH bound to: 2 - type: integer 
	Parameter C_EN_EMIO_PJTAG bound to: 0 - type: integer 
	Parameter C_USE_AXI_NONSECURE bound to: 0 - type: integer 
	Parameter C_USE_S_AXI_HP0 bound to: 1 - type: integer 
	Parameter C_USE_S_AXI_HP1 bound to: 0 - type: integer 
	Parameter C_USE_S_AXI_HP2 bound to: 0 - type: integer 
	Parameter C_USE_S_AXI_HP3 bound to: 0 - type: integer 
	Parameter C_USE_M_AXI_GP0 bound to: 1 - type: integer 
	Parameter C_USE_M_AXI_GP1 bound to: 0 - type: integer 
	Parameter C_USE_S_AXI_GP0 bound to: 0 - type: integer 
	Parameter C_USE_S_AXI_GP1 bound to: 0 - type: integer 
	Parameter C_USE_S_AXI_ACP bound to: 0 - type: integer 
	Parameter C_GP0_EN_MODIFIABLE_TXN bound to: 1 - type: integer 
	Parameter C_GP1_EN_MODIFIABLE_TXN bound to: 1 - type: integer 
INFO: [Synth 8-5534] Detected attribute (* keep = "true" *) [/home/xavier/MSc_Project/hls/yolo_conv_hls_2019/yolo_conv_max_fp_prj_2019_64/yolo_conv_max_fp_prj_2019_64.srcs/sources_1/bd/design_1/ip/design_1_processing_system7_0_0/hdl/verilog/processing_system7_v5_5_processing_system7.v:1348]
INFO: [Synth 8-5534] Detected attribute (* keep = "true" *) [/home/xavier/MSc_Project/hls/yolo_conv_hls_2019/yolo_conv_max_fp_prj_2019_64/yolo_conv_max_fp_prj_2019_64.srcs/sources_1/bd/design_1/ip/design_1_processing_system7_0_0/hdl/verilog/processing_system7_v5_5_processing_system7.v:1349]
INFO: [Synth 8-6157] synthesizing module 'BUFG' [/opt/Xilinx_2019_1/Vivado/2019.1/scripts/rt/data/unisim_comp.v:1075]
INFO: [Synth 8-6155] done synthesizing module 'BUFG' (1#1) [/opt/Xilinx_2019_1/Vivado/2019.1/scripts/rt/data/unisim_comp.v:1075]
INFO: [Synth 8-6157] synthesizing module 'BIBUF' [/opt/Xilinx_2019_1/Vivado/2019.1/scripts/rt/data/unisim_comp.v:722]
INFO: [Synth 8-6155] done synthesizing module 'BIBUF' (2#1) [/opt/Xilinx_2019_1/Vivado/2019.1/scripts/rt/data/unisim_comp.v:722]
INFO: [Synth 8-6157] synthesizing module 'PS7' [/opt/Xilinx_2019_1/Vivado/2019.1/scripts/rt/data/unisim_comp.v:61707]
INFO: [Synth 8-6155] done synthesizing module 'PS7' (3#1) [/opt/Xilinx_2019_1/Vivado/2019.1/scripts/rt/data/unisim_comp.v:61707]
INFO: [Synth 8-6155] done synthesizing module 'processing_system7_v5_5_processing_system7' (4#1) [/home/xavier/MSc_Project/hls/yolo_conv_hls_2019/yolo_conv_max_fp_prj_2019_64/yolo_conv_max_fp_prj_2019_64.srcs/sources_1/bd/design_1/ip/design_1_processing_system7_0_0/hdl/verilog/processing_system7_v5_5_processing_system7.v:162]
WARNING: [Synth 8-7023] instance 'inst' of module 'processing_system7_v5_5_processing_system7' has 685 connections declared, but only 672 given [/home/xavier/MSc_Project/hls/yolo_conv_hls_2019/yolo_conv_max_fp_prj_2019_64/yolo_conv_max_fp_prj_2019_64.srcs/sources_1/bd/design_1/ip/design_1_processing_system7_0_0/synth/design_1_processing_system7_0_0.v:467]
INFO: [Synth 8-6155] done synthesizing module 'design_1_processing_system7_0_0' (5#1) [/home/xavier/MSc_Project/hls/yolo_conv_hls_2019/yolo_conv_max_fp_prj_2019_64/yolo_conv_max_fp_prj_2019_64.srcs/sources_1/bd/design_1/ip/design_1_processing_system7_0_0/synth/design_1_processing_system7_0_0.v:60]
WARNING: [Synth 8-3331] design processing_system7_v5_5_processing_system7 has unconnected port ENET0_GMII_COL
WARNING: [Synth 8-3331] design processing_system7_v5_5_processing_system7 has unconnected port ENET0_GMII_CRS
WARNING: [Synth 8-3331] design processing_system7_v5_5_processing_system7 has unconnected port ENET0_GMII_RX_DV
WARNING: [Synth 8-3331] design processing_system7_v5_5_processing_system7 has unconnected port ENET0_GMII_RX_ER
WARNING: [Synth 8-3331] design processing_system7_v5_5_processing_system7 has unconnected port ENET0_GMII_RXD[7]
WARNING: [Synth 8-3331] design processing_system7_v5_5_processing_system7 has unconnected port ENET0_GMII_RXD[6]
WARNING: [Synth 8-3331] design processing_system7_v5_5_processing_system7 has unconnected port ENET0_GMII_RXD[5]
WARNING: [Synth 8-3331] design processing_system7_v5_5_processing_system7 has unconnected port ENET0_GMII_RXD[4]
WARNING: [Synth 8-3331] design processing_system7_v5_5_processing_system7 has unconnected port ENET0_GMII_RXD[3]
WARNING: [Synth 8-3331] design processing_system7_v5_5_processing_system7 has unconnected port ENET0_GMII_RXD[2]
WARNING: [Synth 8-3331] design processing_system7_v5_5_processing_system7 has unconnected port ENET0_GMII_RXD[1]
WARNING: [Synth 8-3331] design processing_system7_v5_5_processing_system7 has unconnected port ENET0_GMII_RXD[0]
WARNING: [Synth 8-3331] design processing_system7_v5_5_processing_system7 has unconnected port ENET1_GMII_COL
WARNING: [Synth 8-3331] design processing_system7_v5_5_processing_system7 has unconnected port ENET1_GMII_CRS
WARNING: [Synth 8-3331] design processing_system7_v5_5_processing_system7 has unconnected port ENET1_GMII_RX_DV
WARNING: [Synth 8-3331] design processing_system7_v5_5_processing_system7 has unconnected port ENET1_GMII_RX_ER
WARNING: [Synth 8-3331] design processing_system7_v5_5_processing_system7 has unconnected port ENET1_GMII_RXD[7]
WARNING: [Synth 8-3331] design processing_system7_v5_5_processing_system7 has unconnected port ENET1_GMII_RXD[6]
WARNING: [Synth 8-3331] design processing_system7_v5_5_processing_system7 has unconnected port ENET1_GMII_RXD[5]
WARNING: [Synth 8-3331] design processing_system7_v5_5_processing_system7 has unconnected port ENET1_GMII_RXD[4]
WARNING: [Synth 8-3331] design processing_system7_v5_5_processing_system7 has unconnected port ENET1_GMII_RXD[3]
WARNING: [Synth 8-3331] design processing_system7_v5_5_processing_system7 has unconnected port ENET1_GMII_RXD[2]
WARNING: [Synth 8-3331] design processing_system7_v5_5_processing_system7 has unconnected port ENET1_GMII_RXD[1]
WARNING: [Synth 8-3331] design processing_system7_v5_5_processing_system7 has unconnected port ENET1_GMII_RXD[0]
WARNING: [Synth 8-3331] design processing_system7_v5_5_processing_system7 has unconnected port S_AXI_GP0_ARSIZE[2]
WARNING: [Synth 8-3331] design processing_system7_v5_5_processing_system7 has unconnected port S_AXI_GP0_AWSIZE[2]
WARNING: [Synth 8-3331] design processing_system7_v5_5_processing_system7 has unconnected port S_AXI_GP1_ARSIZE[2]
WARNING: [Synth 8-3331] design processing_system7_v5_5_processing_system7 has unconnected port S_AXI_GP1_AWSIZE[2]
WARNING: [Synth 8-3331] design processing_system7_v5_5_processing_system7 has unconnected port S_AXI_ACP_ARSIZE[2]
WARNING: [Synth 8-3331] design processing_system7_v5_5_processing_system7 has unconnected port S_AXI_ACP_AWSIZE[2]
WARNING: [Synth 8-3331] design processing_system7_v5_5_processing_system7 has unconnected port S_AXI_HP0_ARSIZE[2]
WARNING: [Synth 8-3331] design processing_system7_v5_5_processing_system7 has unconnected port S_AXI_HP0_AWSIZE[2]
WARNING: [Synth 8-3331] design processing_system7_v5_5_processing_system7 has unconnected port S_AXI_HP1_ARSIZE[2]
WARNING: [Synth 8-3331] design processing_system7_v5_5_processing_system7 has unconnected port S_AXI_HP1_AWSIZE[2]
WARNING: [Synth 8-3331] design processing_system7_v5_5_processing_system7 has unconnected port S_AXI_HP2_ARSIZE[2]
WARNING: [Synth 8-3331] design processing_system7_v5_5_processing_system7 has unconnected port S_AXI_HP2_AWSIZE[2]
WARNING: [Synth 8-3331] design processing_system7_v5_5_processing_system7 has unconnected port S_AXI_HP3_ARSIZE[2]
WARNING: [Synth 8-3331] design processing_system7_v5_5_processing_system7 has unconnected port S_AXI_HP3_AWSIZE[2]
WARNING: [Synth 8-3331] design processing_system7_v5_5_processing_system7 has unconnected port FCLK_CLKTRIG3_N
WARNING: [Synth 8-3331] design processing_system7_v5_5_processing_system7 has unconnected port FCLK_CLKTRIG2_N
WARNING: [Synth 8-3331] design processing_system7_v5_5_processing_system7 has unconnected port FCLK_CLKTRIG1_N
WARNING: [Synth 8-3331] design processing_system7_v5_5_processing_system7 has unconnected port FCLK_CLKTRIG0_N
WARNING: [Synth 8-3331] design processing_system7_v5_5_processing_system7 has unconnected port FTMD_TRACEIN_DATA[31]
WARNING: [Synth 8-3331] design processing_system7_v5_5_processing_system7 has unconnected port FTMD_TRACEIN_DATA[30]
WARNING: [Synth 8-3331] design processing_system7_v5_5_processing_system7 has unconnected port FTMD_TRACEIN_DATA[29]
WARNING: [Synth 8-3331] design processing_system7_v5_5_processing_system7 has unconnected port FTMD_TRACEIN_DATA[28]
WARNING: [Synth 8-3331] design processing_system7_v5_5_processing_system7 has unconnected port FTMD_TRACEIN_DATA[27]
WARNING: [Synth 8-3331] design processing_system7_v5_5_processing_system7 has unconnected port FTMD_TRACEIN_DATA[26]
WARNING: [Synth 8-3331] design processing_system7_v5_5_processing_system7 has unconnected port FTMD_TRACEIN_DATA[25]
WARNING: [Synth 8-3331] design processing_system7_v5_5_processing_system7 has unconnected port FTMD_TRACEIN_DATA[24]
WARNING: [Synth 8-3331] design processing_system7_v5_5_processing_system7 has unconnected port FTMD_TRACEIN_DATA[23]
WARNING: [Synth 8-3331] design processing_system7_v5_5_processing_system7 has unconnected port FTMD_TRACEIN_DATA[22]
WARNING: [Synth 8-3331] design processing_system7_v5_5_processing_system7 has unconnected port FTMD_TRACEIN_DATA[21]
WARNING: [Synth 8-3331] design processing_system7_v5_5_processing_system7 has unconnected port FTMD_TRACEIN_DATA[20]
WARNING: [Synth 8-3331] design processing_system7_v5_5_processing_system7 has unconnected port FTMD_TRACEIN_DATA[19]
WARNING: [Synth 8-3331] design processing_system7_v5_5_processing_system7 has unconnected port FTMD_TRACEIN_DATA[18]
WARNING: [Synth 8-3331] design processing_system7_v5_5_processing_system7 has unconnected port FTMD_TRACEIN_DATA[17]
WARNING: [Synth 8-3331] design processing_system7_v5_5_processing_system7 has unconnected port FTMD_TRACEIN_DATA[16]
WARNING: [Synth 8-3331] design processing_system7_v5_5_processing_system7 has unconnected port FTMD_TRACEIN_DATA[15]
WARNING: [Synth 8-3331] design processing_system7_v5_5_processing_system7 has unconnected port FTMD_TRACEIN_DATA[14]
WARNING: [Synth 8-3331] design processing_system7_v5_5_processing_system7 has unconnected port FTMD_TRACEIN_DATA[13]
WARNING: [Synth 8-3331] design processing_system7_v5_5_processing_system7 has unconnected port FTMD_TRACEIN_DATA[12]
WARNING: [Synth 8-3331] design processing_system7_v5_5_processing_system7 has unconnected port FTMD_TRACEIN_DATA[11]
WARNING: [Synth 8-3331] design processing_system7_v5_5_processing_system7 has unconnected port FTMD_TRACEIN_DATA[10]
WARNING: [Synth 8-3331] design processing_system7_v5_5_processing_system7 has unconnected port FTMD_TRACEIN_DATA[9]
WARNING: [Synth 8-3331] design processing_system7_v5_5_processing_system7 has unconnected port FTMD_TRACEIN_DATA[8]
WARNING: [Synth 8-3331] design processing_system7_v5_5_processing_system7 has unconnected port FTMD_TRACEIN_DATA[7]
WARNING: [Synth 8-3331] design processing_system7_v5_5_processing_system7 has unconnected port FTMD_TRACEIN_DATA[6]
WARNING: [Synth 8-3331] design processing_system7_v5_5_processing_system7 has unconnected port FTMD_TRACEIN_DATA[5]
WARNING: [Synth 8-3331] design processing_system7_v5_5_processing_system7 has unconnected port FTMD_TRACEIN_DATA[4]
WARNING: [Synth 8-3331] design processing_system7_v5_5_processing_system7 has unconnected port FTMD_TRACEIN_DATA[3]
WARNING: [Synth 8-3331] design processing_system7_v5_5_processing_system7 has unconnected port FTMD_TRACEIN_DATA[2]
WARNING: [Synth 8-3331] design processing_system7_v5_5_processing_system7 has unconnected port FTMD_TRACEIN_DATA[1]
WARNING: [Synth 8-3331] design processing_system7_v5_5_processing_system7 has unconnected port FTMD_TRACEIN_DATA[0]
WARNING: [Synth 8-3331] design processing_system7_v5_5_processing_system7 has unconnected port FTMD_TRACEIN_VALID
WARNING: [Synth 8-3331] design processing_system7_v5_5_processing_system7 has unconnected port FTMD_TRACEIN_ATID[3]
WARNING: [Synth 8-3331] design processing_system7_v5_5_processing_system7 has unconnected port FTMD_TRACEIN_ATID[2]
WARNING: [Synth 8-3331] design processing_system7_v5_5_processing_system7 has unconnected port FTMD_TRACEIN_ATID[1]
WARNING: [Synth 8-3331] design processing_system7_v5_5_processing_system7 has unconnected port FTMD_TRACEIN_ATID[0]
---------------------------------------------------------------------------------
Finished RTL Elaboration : Time (s): cpu = 00:00:06 ; elapsed = 00:00:10 . Memory (MB): peak = 1763.953 ; gain = 214.402 ; free physical = 1311 ; free virtual = 11877
---------------------------------------------------------------------------------

Report Check Netlist: 
+------+------------------+-------+---------+-------+------------------+
|      |Item              |Errors |Warnings |Status |Description       |
+------+------------------+-------+---------+-------+------------------+
|1     |multi_driven_nets |      0|        0|Passed |Multi driven nets |
+------+------------------+-------+---------+-------+------------------+
---------------------------------------------------------------------------------
Start Handling Custom Attributes
---------------------------------------------------------------------------------
---------------------------------------------------------------------------------
Finished Handling Custom Attributes : Time (s): cpu = 00:00:07 ; elapsed = 00:00:10 . Memory (MB): peak = 1766.922 ; gain = 217.371 ; free physical = 1394 ; free virtual = 11959
---------------------------------------------------------------------------------
---------------------------------------------------------------------------------
Finished RTL Optimization Phase 1 : Time (s): cpu = 00:00:07 ; elapsed = 00:00:10 . Memory (MB): peak = 1766.922 ; gain = 217.371 ; free physical = 1394 ; free virtual = 11959
---------------------------------------------------------------------------------
INFO: [Project 1-570] Preparing netlist for logic optimization

Processing XDC Constraints
Initializing timing engine
Parsing XDC File [/home/xavier/MSc_Project/hls/yolo_conv_hls_2019/yolo_conv_max_fp_prj_2019_64/yolo_conv_max_fp_prj_2019_64.srcs/sources_1/bd/design_1/ip/design_1_processing_system7_0_0/design_1_processing_system7_0_0.xdc] for cell 'inst'
Finished Parsing XDC File [/home/xavier/MSc_Project/hls/yolo_conv_hls_2019/yolo_conv_max_fp_prj_2019_64/yolo_conv_max_fp_prj_2019_64.srcs/sources_1/bd/design_1/ip/design_1_processing_system7_0_0/design_1_processing_system7_0_0.xdc] for cell 'inst'
INFO: [Project 1-236] Implementation specific constraints were found while reading constraint file [/home/xavier/MSc_Project/hls/yolo_conv_hls_2019/yolo_conv_max_fp_prj_2019_64/yolo_conv_max_fp_prj_2019_64.srcs/sources_1/bd/design_1/ip/design_1_processing_system7_0_0/design_1_processing_system7_0_0.xdc]. These constraints will be ignored for synthesis but will be used in implementation. Impacted constraints are listed in the file [.Xil/design_1_processing_system7_0_0_propImpl.xdc].
Resolution: To avoid this warning, move constraints listed in [.Xil/design_1_processing_system7_0_0_propImpl.xdc] to another XDC file and exclude this new file from synthesis with the used_in_synthesis property (File Properties dialog in GUI) and re-run elaboration/synthesis.
Parsing XDC File [/home/xavier/MSc_Project/hls/yolo_conv_hls_2019/yolo_conv_max_fp_prj_2019_64/yolo_conv_max_fp_prj_2019_64.runs/design_1_processing_system7_0_0_synth_1/dont_touch.xdc]
Finished Parsing XDC File [/home/xavier/MSc_Project/hls/yolo_conv_hls_2019/yolo_conv_max_fp_prj_2019_64/yolo_conv_max_fp_prj_2019_64.runs/design_1_processing_system7_0_0_synth_1/dont_touch.xdc]
Completed Processing XDC Constraints

Netlist sorting complete. Time (s): cpu = 00:00:00 ; elapsed = 00:00:00 . Memory (MB): peak = 1832.625 ; gain = 0.000 ; free physical = 1268 ; free virtual = 11847
INFO: [Project 1-111] Unisim Transformation Summary:
No Unisim elements were transformed.

Constraint Validation Runtime : Time (s): cpu = 00:00:00.04 ; elapsed = 00:00:00.04 . Memory (MB): peak = 1836.594 ; gain = 3.969 ; free physical = 1264 ; free virtual = 11843
---------------------------------------------------------------------------------
Finished Constraint Validation : Time (s): cpu = 00:00:13 ; elapsed = 00:00:20 . Memory (MB): peak = 1836.594 ; gain = 287.043 ; free physical = 1370 ; free virtual = 11951
---------------------------------------------------------------------------------
---------------------------------------------------------------------------------
Start Loading Part and Timing Information
---------------------------------------------------------------------------------
Loading part: xc7z020clg484-1
---------------------------------------------------------------------------------
Finished Loading Part and Timing Information : Time (s): cpu = 00:00:13 ; elapsed = 00:00:20 . Memory (MB): peak = 1836.594 ; gain = 287.043 ; free physical = 1370 ; free virtual = 11951
---------------------------------------------------------------------------------
---------------------------------------------------------------------------------
Start Applying 'set_property' XDC Constraints
---------------------------------------------------------------------------------
Applied set_property DONT_TOUCH = true for inst. (constraint file  /home/xavier/MSc_Project/hls/yolo_conv_hls_2019/yolo_conv_max_fp_prj_2019_64/yolo_conv_max_fp_prj_2019_64.runs/design_1_processing_system7_0_0_synth_1/dont_touch.xdc, line 9).
---------------------------------------------------------------------------------
Finished applying 'set_property' XDC Constraints : Time (s): cpu = 00:00:14 ; elapsed = 00:00:20 . Memory (MB): peak = 1836.594 ; gain = 287.043 ; free physical = 1371 ; free virtual = 11952
---------------------------------------------------------------------------------
---------------------------------------------------------------------------------
Finished RTL Optimization Phase 2 : Time (s): cpu = 00:00:14 ; elapsed = 00:00:21 . Memory (MB): peak = 1836.594 ; gain = 287.043 ; free physical = 1357 ; free virtual = 11939
---------------------------------------------------------------------------------

Report RTL Partitions: 
+-+--------------+------------+----------+
| |RTL Partition |Replication |Instances |
+-+--------------+------------+----------+
+-+--------------+------------+----------+
---------------------------------------------------------------------------------
Start RTL Component Statistics 
---------------------------------------------------------------------------------
Detailed RTL Component Info : 
---------------------------------------------------------------------------------
Finished RTL Component Statistics 
---------------------------------------------------------------------------------
---------------------------------------------------------------------------------
Start RTL Hierarchical Component Statistics 
---------------------------------------------------------------------------------
Hierarchical RTL Component report 
---------------------------------------------------------------------------------
Finished RTL Hierarchical Component Statistics
---------------------------------------------------------------------------------
---------------------------------------------------------------------------------
Start Part Resource Summary
---------------------------------------------------------------------------------
Part Resources:
DSPs: 220 (col length:60)
BRAMs: 280 (col length: RAMB18 60 RAMB36 30)
---------------------------------------------------------------------------------
Finished Part Resource Summary
---------------------------------------------------------------------------------
---------------------------------------------------------------------------------
Start Cross Boundary and Area Optimization
---------------------------------------------------------------------------------
Warning: Parallel synthesis criteria is not met 
WARNING: [Synth 8-3331] design processing_system7_v5_5_processing_system7 has unconnected port ENET0_GMII_COL
WARNING: [Synth 8-3331] design processing_system7_v5_5_processing_system7 has unconnected port ENET0_GMII_CRS
WARNING: [Synth 8-3331] design processing_system7_v5_5_processing_system7 has unconnected port ENET0_GMII_RX_DV
WARNING: [Synth 8-3331] design processing_system7_v5_5_processing_system7 has unconnected port ENET0_GMII_RX_ER
WARNING: [Synth 8-3331] design processing_system7_v5_5_processing_system7 has unconnected port ENET0_GMII_RXD[7]
WARNING: [Synth 8-3331] design processing_system7_v5_5_processing_system7 has unconnected port ENET0_GMII_RXD[6]
WARNING: [Synth 8-3331] design processing_system7_v5_5_processing_system7 has unconnected port ENET0_GMII_RXD[5]
WARNING: [Synth 8-3331] design processing_system7_v5_5_processing_system7 has unconnected port ENET0_GMII_RXD[4]
WARNING: [Synth 8-3331] design processing_system7_v5_5_processing_system7 has unconnected port ENET0_GMII_RXD[3]
WARNING: [Synth 8-3331] design processing_system7_v5_5_processing_system7 has unconnected port ENET0_GMII_RXD[2]
WARNING: [Synth 8-3331] design processing_system7_v5_5_processing_system7 has unconnected port ENET0_GMII_RXD[1]
WARNING: [Synth 8-3331] design processing_system7_v5_5_processing_system7 has unconnected port ENET0_GMII_RXD[0]
WARNING: [Synth 8-3331] design processing_system7_v5_5_processing_system7 has unconnected port ENET1_GMII_COL
WARNING: [Synth 8-3331] design processing_system7_v5_5_processing_system7 has unconnected port ENET1_GMII_CRS
WARNING: [Synth 8-3331] design processing_system7_v5_5_processing_system7 has unconnected port ENET1_GMII_RX_DV
WARNING: [Synth 8-3331] design processing_system7_v5_5_processing_system7 has unconnected port ENET1_GMII_RX_ER
WARNING: [Synth 8-3331] design processing_system7_v5_5_processing_system7 has unconnected port ENET1_GMII_RXD[7]
WARNING: [Synth 8-3331] design processing_system7_v5_5_processing_system7 has unconnected port ENET1_GMII_RXD[6]
WARNING: [Synth 8-3331] design processing_system7_v5_5_processing_system7 has unconnected port ENET1_GMII_RXD[5]
WARNING: [Synth 8-3331] design processing_system7_v5_5_processing_system7 has unconnected port ENET1_GMII_RXD[4]
WARNING: [Synth 8-3331] design processing_system7_v5_5_processing_system7 has unconnected port ENET1_GMII_RXD[3]
INFO: [Common 17-14] Message 'Synth 8-3331' appears 100 times and further instances of the messages will be disabled. Use the Tcl command set_msg_config to change the current settings.
---------------------------------------------------------------------------------
Finished Cross Boundary and Area Optimization : Time (s): cpu = 00:00:15 ; elapsed = 00:00:21 . Memory (MB): peak = 1836.594 ; gain = 287.043 ; free physical = 1331 ; free virtual = 11922
---------------------------------------------------------------------------------

Report RTL Partitions: 
+-+--------------+------------+----------+
| |RTL Partition |Replication |Instances |
+-+--------------+------------+----------+
+-+--------------+------------+----------+
---------------------------------------------------------------------------------
Start Applying XDC Timing Constraints
---------------------------------------------------------------------------------
---------------------------------------------------------------------------------
Finished Applying XDC Timing Constraints : Time (s): cpu = 00:00:22 ; elapsed = 00:00:29 . Memory (MB): peak = 2012.594 ; gain = 463.043 ; free physical = 1001 ; free virtual = 11604
---------------------------------------------------------------------------------
---------------------------------------------------------------------------------
Start Timing Optimization
---------------------------------------------------------------------------------
---------------------------------------------------------------------------------
Finished Timing Optimization : Time (s): cpu = 00:00:22 ; elapsed = 00:00:29 . Memory (MB): peak = 2032.602 ; gain = 483.051 ; free physical = 988 ; free virtual = 11591
---------------------------------------------------------------------------------

Report RTL Partitions: 
+-+--------------+------------+----------+
| |RTL Partition |Replication |Instances |
+-+--------------+------------+----------+
+-+--------------+------------+----------+
---------------------------------------------------------------------------------
Start Technology Mapping
---------------------------------------------------------------------------------
---------------------------------------------------------------------------------
Finished Technology Mapping : Time (s): cpu = 00:00:24 ; elapsed = 00:00:31 . Memory (MB): peak = 2040.609 ; gain = 491.059 ; free physical = 960 ; free virtual = 11561
---------------------------------------------------------------------------------

Report RTL Partitions: 
+-+--------------+------------+----------+
| |RTL Partition |Replication |Instances |
+-+--------------+------------+----------+
+-+--------------+------------+----------+
---------------------------------------------------------------------------------
Start IO Insertion
---------------------------------------------------------------------------------
---------------------------------------------------------------------------------
Start Flattening Before IO Insertion
---------------------------------------------------------------------------------
---------------------------------------------------------------------------------
Finished Flattening Before IO Insertion
---------------------------------------------------------------------------------
---------------------------------------------------------------------------------
Start Final Netlist Cleanup
---------------------------------------------------------------------------------
---------------------------------------------------------------------------------
Finished Final Netlist Cleanup
---------------------------------------------------------------------------------
---------------------------------------------------------------------------------
Finished IO Insertion : Time (s): cpu = 00:00:26 ; elapsed = 00:00:33 . Memory (MB): peak = 2051.516 ; gain = 501.965 ; free physical = 921 ; free virtual = 11523
---------------------------------------------------------------------------------

Report Check Netlist: 
+------+------------------+-------+---------+-------+------------------+
|      |Item              |Errors |Warnings |Status |Description       |
+------+------------------+-------+---------+-------+------------------+
|1     |multi_driven_nets |      0|        0|Passed |Multi driven nets |
+------+------------------+-------+---------+-------+------------------+
---------------------------------------------------------------------------------
Start Renaming Generated Instances
---------------------------------------------------------------------------------
---------------------------------------------------------------------------------
Finished Renaming Generated Instances : Time (s): cpu = 00:00:26 ; elapsed = 00:00:33 . Memory (MB): peak = 2051.516 ; gain = 501.965 ; free physical = 921 ; free virtual = 11522
---------------------------------------------------------------------------------

Report RTL Partitions: 
+-+--------------+------------+----------+
| |RTL Partition |Replication |Instances |
+-+--------------+------------+----------+
+-+--------------+------------+----------+
---------------------------------------------------------------------------------
Start Rebuilding User Hierarchy
---------------------------------------------------------------------------------
---------------------------------------------------------------------------------
Finished Rebuilding User Hierarchy : Time (s): cpu = 00:00:26 ; elapsed = 00:00:33 . Memory (MB): peak = 2051.516 ; gain = 501.965 ; free physical = 921 ; free virtual = 11523
---------------------------------------------------------------------------------
---------------------------------------------------------------------------------
Start Renaming Generated Ports
---------------------------------------------------------------------------------
---------------------------------------------------------------------------------
Finished Renaming Generated Ports : Time (s): cpu = 00:00:26 ; elapsed = 00:00:33 . Memory (MB): peak = 2051.516 ; gain = 501.965 ; free physical = 921 ; free virtual = 11523
---------------------------------------------------------------------------------
---------------------------------------------------------------------------------
Start Handling Custom Attributes
---------------------------------------------------------------------------------
---------------------------------------------------------------------------------
Finished Handling Custom Attributes : Time (s): cpu = 00:00:26 ; elapsed = 00:00:33 . Memory (MB): peak = 2051.516 ; gain = 501.965 ; free physical = 921 ; free virtual = 11523
---------------------------------------------------------------------------------
---------------------------------------------------------------------------------
Start Renaming Generated Nets
---------------------------------------------------------------------------------
---------------------------------------------------------------------------------
Finished Renaming Generated Nets : Time (s): cpu = 00:00:26 ; elapsed = 00:00:33 . Memory (MB): peak = 2051.516 ; gain = 501.965 ; free physical = 921 ; free virtual = 11522
---------------------------------------------------------------------------------
---------------------------------------------------------------------------------
Start Writing Synthesis Report
---------------------------------------------------------------------------------

Report BlackBoxes: 
+-+--------------+----------+
| |BlackBox name |Instances |
+-+--------------+----------+
+-+--------------+----------+

Report Cell Usage: 
+------+------+------+
|      |Cell  |Count |
+------+------+------+
|1     |BIBUF |   130|
|2     |BUFG  |     1|
|3     |LUT1  |   112|
|4     |PS7   |     1|
+------+------+------+

Report Instance Areas: 
+------+---------+-------------------------------------------+------+
|      |Instance |Module                                     |Cells |
+------+---------+-------------------------------------------+------+
|1     |top      |                                           |   244|
|2     |  inst   |processing_system7_v5_5_processing_system7 |   244|
+------+---------+-------------------------------------------+------+
---------------------------------------------------------------------------------
Finished Writing Synthesis Report : Time (s): cpu = 00:00:26 ; elapsed = 00:00:33 . Memory (MB): peak = 2051.516 ; gain = 501.965 ; free physical = 922 ; free virtual = 11523
---------------------------------------------------------------------------------
Synthesis finished with 0 errors, 0 critical warnings and 79 warnings.
Synthesis Optimization Runtime : Time (s): cpu = 00:00:23 ; elapsed = 00:00:28 . Memory (MB): peak = 2051.516 ; gain = 432.293 ; free physical = 975 ; free virtual = 11577
Synthesis Optimization Complete : Time (s): cpu = 00:00:26 ; elapsed = 00:00:33 . Memory (MB): peak = 2051.523 ; gain = 501.965 ; free physical = 975 ; free virtual = 11576
INFO: [Project 1-571] Translating synthesized netlist
INFO: [Project 1-570] Preparing netlist for logic optimization
INFO: [Opt 31-138] Pushed 0 inverter(s) to 0 load pin(s).
Netlist sorting complete. Time (s): cpu = 00:00:00 ; elapsed = 00:00:00 . Memory (MB): peak = 2064.391 ; gain = 0.000 ; free physical = 913 ; free virtual = 11518
INFO: [Project 1-111] Unisim Transformation Summary:
No Unisim elements were transformed.

INFO: [Common 17-83] Releasing license: Synthesis
26 Infos, 101 Warnings, 0 Critical Warnings and 0 Errors encountered.
synth_design completed successfully
synth_design: Time (s): cpu = 00:00:33 ; elapsed = 00:00:40 . Memory (MB): peak = 2064.391 ; gain = 628.219 ; free physical = 1150 ; free virtual = 11755
Netlist sorting complete. Time (s): cpu = 00:00:00 ; elapsed = 00:00:00 . Memory (MB): peak = 2064.391 ; gain = 0.000 ; free physical = 1150 ; free virtual = 11755
WARNING: [Constraints 18-5210] No constraints selected for write.
Resolution: This message can indicate that there are no constraints for the design, or it can indicate that the used_in flags are set such that the constraints are ignored. This later case is used when running synth_design to not write synthesis constraints to the resulting checkpoint. Instead, project constraints are read when the synthesized design is opened.
INFO: [Common 17-1381] The checkpoint '/home/xavier/MSc_Project/hls/yolo_conv_hls_2019/yolo_conv_max_fp_prj_2019_64/yolo_conv_max_fp_prj_2019_64.runs/design_1_processing_system7_0_0_synth_1/design_1_processing_system7_0_0.dcp' has been generated.
WARNING: [Common 17-576] 'use_project_ipc' is deprecated. This option is deprecated and no longer used.
INFO: [Coretcl 2-1648] Added synthesis output to IP cache for IP design_1_processing_system7_0_0, cache-ID = a6207851414bf788
Netlist sorting complete. Time (s): cpu = 00:00:00 ; elapsed = 00:00:00 . Memory (MB): peak = 2064.391 ; gain = 0.000 ; free physical = 1098 ; free virtual = 11700
WARNING: [Constraints 18-5210] No constraints selected for write.
Resolution: This message can indicate that there are no constraints for the design, or it can indicate that the used_in flags are set such that the constraints are ignored. This later case is used when running synth_design to not write synthesis constraints to the resulting checkpoint. Instead, project constraints are read when the synthesized design is opened.
INFO: [Common 17-1381] The checkpoint '/home/xavier/MSc_Project/hls/yolo_conv_hls_2019/yolo_conv_max_fp_prj_2019_64/yolo_conv_max_fp_prj_2019_64.runs/design_1_processing_system7_0_0_synth_1/design_1_processing_system7_0_0.dcp' has been generated.
INFO: [runtcl-4] Executing : report_utilization -file design_1_processing_system7_0_0_utilization_synth.rpt -pb design_1_processing_system7_0_0_utilization_synth.pb
INFO: [Common 17-206] Exiting Vivado at Mon Jul 15 20:47:55 2019...
