10:58:16 INFO  : Registering command handlers for SDK TCF services
10:58:18 INFO  : Launching XSCT server: xsct -n -interactive /home/xavier/MSc_Project/hls/yolo_conv_hls_2019/yolo_yolo_fp_prj_2019_64/yolo_yolo_fp_prj_2019_64.sdk/temp_xsdb_launch_script.tcl
10:58:27 INFO  : XSCT server has started successfully.
10:58:43 INFO  : Successfully done setting XSCT server connection channel  
10:58:43 INFO  : Successfully done setting SDK workspace  
10:58:43 INFO  : Processing command line option -hwspec /home/xavier/MSc_Project/hls/yolo_conv_hls_2019/yolo_yolo_fp_prj_2019_64/yolo_yolo_fp_prj_2019_64.sdk/design_1_wrapper.hdf.
11:17:59 INFO  : Connected to target on host '127.0.0.1' and port '3121'.
11:17:59 INFO  : 'targets -set -filter {jtag_cable_name =~ "Digilent Zed 210248586321" && level==0} -index 1' command is executed.
11:18:02 INFO  : FPGA configured successfully with bitstream "/home/xavier/MSc_Project/hls/yolo_conv_hls_2019/yolo_yolo_fp_prj_2019_64/yolo_yolo_fp_prj_2019_64.sdk/design_1_wrapper_hw_platform_0/design_1_wrapper.bit"
11:18:07 INFO  : 'targets -set -filter {jtag_cable_name =~ "Digilent Zed 210248586321" && level==0} -index 1' command is executed.
11:18:07 INFO  : 'fpga -state' command is executed.
11:18:07 INFO  : Connected to target on host '127.0.0.1' and port '3121'.
11:18:07 INFO  : Jtag cable 'Digilent Zed 210248586321' is selected.
11:18:07 INFO  : 'jtag frequency' command is executed.
11:18:07 INFO  : Sourcing of '/home/xavier/MSc_Project/hls/yolo_conv_hls_2019/yolo_yolo_fp_prj_2019_64/yolo_yolo_fp_prj_2019_64.sdk/design_1_wrapper_hw_platform_0/ps7_init.tcl' is done.
11:18:07 INFO  : Context for 'APU' is selected.
11:18:07 INFO  : Hardware design information is loaded from '/home/xavier/MSc_Project/hls/yolo_conv_hls_2019/yolo_yolo_fp_prj_2019_64/yolo_yolo_fp_prj_2019_64.sdk/design_1_wrapper_hw_platform_0/system.hdf'.
11:18:07 INFO  : 'configparams force-mem-access 1' command is executed.
11:18:07 INFO  : Context for 'APU' is selected.
11:18:07 INFO  : 'stop' command is executed.
11:18:07 INFO  : 'ps7_init' command is executed.
11:18:07 INFO  : 'ps7_post_config' command is executed.
11:18:07 INFO  : Context for processor 'ps7_cortexa9_0' is selected.
11:18:07 INFO  : Processor reset is completed for 'ps7_cortexa9_0'.
11:18:07 INFO  : Context for processor 'ps7_cortexa9_0' is selected.
11:18:08 INFO  : The application '/home/xavier/MSc_Project/hls/yolo_conv_hls_2019/yolo_yolo_fp_prj_2019_64/yolo_yolo_fp_prj_2019_64.sdk/yolo_yolo_ps/Debug/yolo_yolo_ps.elf' is downloaded to processor 'ps7_cortexa9_0'.
11:18:08 INFO  : 'configparams force-mem-access 0' command is executed.
11:18:08 INFO  : ----------------XSDB Script----------------
connect -url tcp:127.0.0.1:3121
source /home/xavier/MSc_Project/hls/yolo_conv_hls_2019/yolo_yolo_fp_prj_2019_64/yolo_yolo_fp_prj_2019_64.sdk/design_1_wrapper_hw_platform_0/ps7_init.tcl
targets -set -nocase -filter {name =~"APU*" && jtag_cable_name =~ "Digilent Zed 210248586321"} -index 0
loadhw -hw /home/xavier/MSc_Project/hls/yolo_conv_hls_2019/yolo_yolo_fp_prj_2019_64/yolo_yolo_fp_prj_2019_64.sdk/design_1_wrapper_hw_platform_0/system.hdf -mem-ranges [list {0x40000000 0xbfffffff}]
configparams force-mem-access 1
targets -set -nocase -filter {name =~"APU*" && jtag_cable_name =~ "Digilent Zed 210248586321"} -index 0
stop
ps7_init
ps7_post_config
targets -set -nocase -filter {name =~ "ARM*#0" && jtag_cable_name =~ "Digilent Zed 210248586321"} -index 0
rst -processor
targets -set -nocase -filter {name =~ "ARM*#0" && jtag_cable_name =~ "Digilent Zed 210248586321"} -index 0
dow /home/xavier/MSc_Project/hls/yolo_conv_hls_2019/yolo_yolo_fp_prj_2019_64/yolo_yolo_fp_prj_2019_64.sdk/yolo_yolo_ps/Debug/yolo_yolo_ps.elf
configparams force-mem-access 0
----------------End of Script----------------

11:18:08 INFO  : Context for processor 'ps7_cortexa9_0' is selected.
11:18:08 INFO  : 'con' command is executed.
11:18:08 INFO  : ----------------XSDB Script (After Launch)----------------
targets -set -nocase -filter {name =~ "ARM*#0" && jtag_cable_name =~ "Digilent Zed 210248586321"} -index 0
con
----------------End of Script----------------

11:18:08 INFO  : Disconnected from the channel tcfchan#1.
11:18:37 INFO  : 'targets -set -filter {jtag_cable_name =~ "Digilent Zed 210248586321" && level==0} -index 1' command is executed.
11:18:37 INFO  : 'fpga -state' command is executed.
11:18:37 INFO  : Connected to target on host '127.0.0.1' and port '3121'.
11:18:37 INFO  : Jtag cable 'Digilent Zed 210248586321' is selected.
11:18:37 INFO  : 'jtag frequency' command is executed.
11:18:37 INFO  : Sourcing of '/home/xavier/MSc_Project/hls/yolo_conv_hls_2019/yolo_yolo_fp_prj_2019_64/yolo_yolo_fp_prj_2019_64.sdk/design_1_wrapper_hw_platform_0/ps7_init.tcl' is done.
11:18:37 INFO  : Context for 'APU' is selected.
11:18:37 INFO  : Hardware design information is loaded from '/home/xavier/MSc_Project/hls/yolo_conv_hls_2019/yolo_yolo_fp_prj_2019_64/yolo_yolo_fp_prj_2019_64.sdk/design_1_wrapper_hw_platform_0/system.hdf'.
11:18:37 INFO  : 'configparams force-mem-access 1' command is executed.
11:18:37 INFO  : Context for 'APU' is selected.
11:18:37 INFO  : 'stop' command is executed.
11:18:38 INFO  : 'ps7_init' command is executed.
11:18:38 INFO  : 'ps7_post_config' command is executed.
11:18:38 INFO  : Context for processor 'ps7_cortexa9_0' is selected.
11:18:38 INFO  : Processor reset is completed for 'ps7_cortexa9_0'.
11:18:38 INFO  : Context for processor 'ps7_cortexa9_0' is selected.
11:18:38 INFO  : The application '/home/xavier/MSc_Project/hls/yolo_conv_hls_2019/yolo_yolo_fp_prj_2019_64/yolo_yolo_fp_prj_2019_64.sdk/yolo_yolo_ps/Debug/yolo_yolo_ps.elf' is downloaded to processor 'ps7_cortexa9_0'.
11:18:38 INFO  : 'configparams force-mem-access 0' command is executed.
11:18:38 INFO  : ----------------XSDB Script----------------
connect -url tcp:127.0.0.1:3121
source /home/xavier/MSc_Project/hls/yolo_conv_hls_2019/yolo_yolo_fp_prj_2019_64/yolo_yolo_fp_prj_2019_64.sdk/design_1_wrapper_hw_platform_0/ps7_init.tcl
targets -set -nocase -filter {name =~"APU*" && jtag_cable_name =~ "Digilent Zed 210248586321"} -index 0
loadhw -hw /home/xavier/MSc_Project/hls/yolo_conv_hls_2019/yolo_yolo_fp_prj_2019_64/yolo_yolo_fp_prj_2019_64.sdk/design_1_wrapper_hw_platform_0/system.hdf -mem-ranges [list {0x40000000 0xbfffffff}]
configparams force-mem-access 1
targets -set -nocase -filter {name =~"APU*" && jtag_cable_name =~ "Digilent Zed 210248586321"} -index 0
stop
ps7_init
ps7_post_config
targets -set -nocase -filter {name =~ "ARM*#0" && jtag_cable_name =~ "Digilent Zed 210248586321"} -index 0
rst -processor
targets -set -nocase -filter {name =~ "ARM*#0" && jtag_cable_name =~ "Digilent Zed 210248586321"} -index 0
dow /home/xavier/MSc_Project/hls/yolo_conv_hls_2019/yolo_yolo_fp_prj_2019_64/yolo_yolo_fp_prj_2019_64.sdk/yolo_yolo_ps/Debug/yolo_yolo_ps.elf
configparams force-mem-access 0
----------------End of Script----------------

11:18:38 INFO  : Context for processor 'ps7_cortexa9_0' is selected.
11:18:38 INFO  : 'con' command is executed.
11:18:38 INFO  : ----------------XSDB Script (After Launch)----------------
targets -set -nocase -filter {name =~ "ARM*#0" && jtag_cable_name =~ "Digilent Zed 210248586321"} -index 0
con
----------------End of Script----------------

11:18:38 INFO  : Disconnected from the channel tcfchan#2.
11:18:53 INFO  : 'targets -set -filter {jtag_cable_name =~ "Digilent Zed 210248586321" && level==0} -index 1' command is executed.
11:18:53 INFO  : 'fpga -state' command is executed.
11:18:53 INFO  : Connected to target on host '127.0.0.1' and port '3121'.
11:18:53 INFO  : Jtag cable 'Digilent Zed 210248586321' is selected.
11:18:53 INFO  : 'jtag frequency' command is executed.
11:18:53 INFO  : Sourcing of '/home/xavier/MSc_Project/hls/yolo_conv_hls_2019/yolo_yolo_fp_prj_2019_64/yolo_yolo_fp_prj_2019_64.sdk/design_1_wrapper_hw_platform_0/ps7_init.tcl' is done.
11:18:53 INFO  : Context for 'APU' is selected.
11:18:53 INFO  : Hardware design information is loaded from '/home/xavier/MSc_Project/hls/yolo_conv_hls_2019/yolo_yolo_fp_prj_2019_64/yolo_yolo_fp_prj_2019_64.sdk/design_1_wrapper_hw_platform_0/system.hdf'.
11:18:53 INFO  : 'configparams force-mem-access 1' command is executed.
11:18:53 INFO  : Context for 'APU' is selected.
11:18:53 INFO  : 'stop' command is executed.
11:18:54 INFO  : 'ps7_init' command is executed.
11:18:54 INFO  : 'ps7_post_config' command is executed.
11:18:54 INFO  : Context for processor 'ps7_cortexa9_0' is selected.
11:18:54 INFO  : Processor reset is completed for 'ps7_cortexa9_0'.
11:18:54 INFO  : Context for processor 'ps7_cortexa9_0' is selected.
11:18:54 INFO  : The application '/home/xavier/MSc_Project/hls/yolo_conv_hls_2019/yolo_yolo_fp_prj_2019_64/yolo_yolo_fp_prj_2019_64.sdk/yolo_yolo_ps/Debug/yolo_yolo_ps.elf' is downloaded to processor 'ps7_cortexa9_0'.
11:18:54 INFO  : 'configparams force-mem-access 0' command is executed.
11:18:54 INFO  : ----------------XSDB Script----------------
connect -url tcp:127.0.0.1:3121
source /home/xavier/MSc_Project/hls/yolo_conv_hls_2019/yolo_yolo_fp_prj_2019_64/yolo_yolo_fp_prj_2019_64.sdk/design_1_wrapper_hw_platform_0/ps7_init.tcl
targets -set -nocase -filter {name =~"APU*" && jtag_cable_name =~ "Digilent Zed 210248586321"} -index 0
loadhw -hw /home/xavier/MSc_Project/hls/yolo_conv_hls_2019/yolo_yolo_fp_prj_2019_64/yolo_yolo_fp_prj_2019_64.sdk/design_1_wrapper_hw_platform_0/system.hdf -mem-ranges [list {0x40000000 0xbfffffff}]
configparams force-mem-access 1
targets -set -nocase -filter {name =~"APU*" && jtag_cable_name =~ "Digilent Zed 210248586321"} -index 0
stop
ps7_init
ps7_post_config
targets -set -nocase -filter {name =~ "ARM*#0" && jtag_cable_name =~ "Digilent Zed 210248586321"} -index 0
rst -processor
targets -set -nocase -filter {name =~ "ARM*#0" && jtag_cable_name =~ "Digilent Zed 210248586321"} -index 0
dow /home/xavier/MSc_Project/hls/yolo_conv_hls_2019/yolo_yolo_fp_prj_2019_64/yolo_yolo_fp_prj_2019_64.sdk/yolo_yolo_ps/Debug/yolo_yolo_ps.elf
configparams force-mem-access 0
----------------End of Script----------------

11:18:54 INFO  : Context for processor 'ps7_cortexa9_0' is selected.
11:18:54 INFO  : 'con' command is executed.
11:18:54 INFO  : ----------------XSDB Script (After Launch)----------------
targets -set -nocase -filter {name =~ "ARM*#0" && jtag_cable_name =~ "Digilent Zed 210248586321"} -index 0
con
----------------End of Script----------------

11:18:54 INFO  : Disconnected from the channel tcfchan#3.
11:19:16 INFO  : 'targets -set -filter {jtag_cable_name =~ "Digilent Zed 210248586321" && level==0} -index 1' command is executed.
11:19:16 INFO  : 'fpga -state' command is executed.
11:19:16 INFO  : Connected to target on host '127.0.0.1' and port '3121'.
11:19:16 INFO  : Jtag cable 'Digilent Zed 210248586321' is selected.
11:19:16 INFO  : 'jtag frequency' command is executed.
11:19:16 INFO  : Sourcing of '/home/xavier/MSc_Project/hls/yolo_conv_hls_2019/yolo_yolo_fp_prj_2019_64/yolo_yolo_fp_prj_2019_64.sdk/design_1_wrapper_hw_platform_0/ps7_init.tcl' is done.
11:19:16 INFO  : Context for 'APU' is selected.
11:19:16 INFO  : Hardware design information is loaded from '/home/xavier/MSc_Project/hls/yolo_conv_hls_2019/yolo_yolo_fp_prj_2019_64/yolo_yolo_fp_prj_2019_64.sdk/design_1_wrapper_hw_platform_0/system.hdf'.
11:19:16 INFO  : 'configparams force-mem-access 1' command is executed.
11:19:16 INFO  : Context for 'APU' is selected.
11:19:16 INFO  : 'stop' command is executed.
11:19:16 INFO  : 'ps7_init' command is executed.
11:19:16 INFO  : 'ps7_post_config' command is executed.
11:19:16 INFO  : Context for processor 'ps7_cortexa9_0' is selected.
11:19:16 INFO  : Processor reset is completed for 'ps7_cortexa9_0'.
11:19:16 INFO  : Context for processor 'ps7_cortexa9_0' is selected.
11:19:17 INFO  : The application '/home/xavier/MSc_Project/hls/yolo_conv_hls_2019/yolo_yolo_fp_prj_2019_64/yolo_yolo_fp_prj_2019_64.sdk/yolo_yolo_ps/Debug/yolo_yolo_ps.elf' is downloaded to processor 'ps7_cortexa9_0'.
11:19:17 INFO  : 'configparams force-mem-access 0' command is executed.
11:19:17 INFO  : ----------------XSDB Script----------------
connect -url tcp:127.0.0.1:3121
source /home/xavier/MSc_Project/hls/yolo_conv_hls_2019/yolo_yolo_fp_prj_2019_64/yolo_yolo_fp_prj_2019_64.sdk/design_1_wrapper_hw_platform_0/ps7_init.tcl
targets -set -nocase -filter {name =~"APU*" && jtag_cable_name =~ "Digilent Zed 210248586321"} -index 0
loadhw -hw /home/xavier/MSc_Project/hls/yolo_conv_hls_2019/yolo_yolo_fp_prj_2019_64/yolo_yolo_fp_prj_2019_64.sdk/design_1_wrapper_hw_platform_0/system.hdf -mem-ranges [list {0x40000000 0xbfffffff}]
configparams force-mem-access 1
targets -set -nocase -filter {name =~"APU*" && jtag_cable_name =~ "Digilent Zed 210248586321"} -index 0
stop
ps7_init
ps7_post_config
targets -set -nocase -filter {name =~ "ARM*#0" && jtag_cable_name =~ "Digilent Zed 210248586321"} -index 0
rst -processor
targets -set -nocase -filter {name =~ "ARM*#0" && jtag_cable_name =~ "Digilent Zed 210248586321"} -index 0
dow /home/xavier/MSc_Project/hls/yolo_conv_hls_2019/yolo_yolo_fp_prj_2019_64/yolo_yolo_fp_prj_2019_64.sdk/yolo_yolo_ps/Debug/yolo_yolo_ps.elf
configparams force-mem-access 0
----------------End of Script----------------

11:19:17 INFO  : Context for processor 'ps7_cortexa9_0' is selected.
11:19:17 INFO  : 'con' command is executed.
11:19:17 INFO  : ----------------XSDB Script (After Launch)----------------
targets -set -nocase -filter {name =~ "ARM*#0" && jtag_cable_name =~ "Digilent Zed 210248586321"} -index 0
con
----------------End of Script----------------

11:19:17 INFO  : Disconnected from the channel tcfchan#4.
