22:43:22 INFO  : Registering command handlers for SDK TCF services
22:43:24 INFO  : Launching XSCT server: xsct -n -interactive /home/xavier/MSc_Project/hls/yolo_conv_hls_2019/yolo_conv_fp_prj_2019_64/yolo_conv_fp_prj_2019_64.sdk/temp_xsdb_launch_script.tcl
22:43:28 INFO  : XSCT server has started successfully.
22:43:28 INFO  : Successfully done setting XSCT server connection channel  
22:43:28 INFO  : Successfully done setting SDK workspace  
22:43:28 INFO  : Processing command line option -hwspec /home/xavier/MSc_Project/hls/yolo_conv_hls_2019/yolo_conv_fp_prj_2019_64/yolo_conv_fp_prj_2019_64.sdk/design_1_wrapper.hdf.
22:45:16 INFO  : Connected to target on host '127.0.0.1' and port '3121'.
22:45:16 INFO  : 'targets -set -filter {jtag_cable_name =~ "Digilent Zed 210248586321" && level==0} -index 1' command is executed.
22:45:18 INFO  : FPGA configured successfully with bitstream "/home/xavier/MSc_Project/hls/yolo_conv_hls_2019/yolo_conv_fp_prj_2019_64/yolo_conv_fp_prj_2019_64.sdk/design_1_wrapper_hw_platform_0/design_1_wrapper.bit"
22:45:28 INFO  : 'targets -set -filter {jtag_cable_name =~ "Digilent Zed 210248586321" && level==0} -index 1' command is executed.
22:45:28 INFO  : 'fpga -state' command is executed.
22:45:28 INFO  : Connected to target on host '127.0.0.1' and port '3121'.
22:45:29 INFO  : Jtag cable 'Digilent Zed 210248586321' is selected.
22:45:29 INFO  : 'jtag frequency' command is executed.
22:45:29 INFO  : Sourcing of '/home/xavier/MSc_Project/hls/yolo_conv_hls_2019/yolo_conv_fp_prj_2019_64/yolo_conv_fp_prj_2019_64.sdk/design_1_wrapper_hw_platform_0/ps7_init.tcl' is done.
22:45:29 INFO  : Context for 'APU' is selected.
22:45:29 INFO  : Hardware design information is loaded from '/home/xavier/MSc_Project/hls/yolo_conv_hls_2019/yolo_conv_fp_prj_2019_64/yolo_conv_fp_prj_2019_64.sdk/design_1_wrapper_hw_platform_0/system.hdf'.
22:45:29 INFO  : 'configparams force-mem-access 1' command is executed.
22:45:29 INFO  : Context for 'APU' is selected.
22:45:29 INFO  : 'stop' command is executed.
22:45:29 INFO  : 'ps7_init' command is executed.
22:45:29 INFO  : 'ps7_post_config' command is executed.
22:45:29 INFO  : Context for processor 'ps7_cortexa9_0' is selected.
22:45:29 INFO  : Processor reset is completed for 'ps7_cortexa9_0'.
22:45:29 INFO  : Context for processor 'ps7_cortexa9_0' is selected.
22:45:43 INFO  : The application '/home/xavier/MSc_Project/hls/yolo_conv_hls_2019/yolo_conv_fp_prj_2019_64/yolo_conv_fp_prj_2019_64.sdk/ps/Debug/ps.elf' is downloaded to processor 'ps7_cortexa9_0'.
22:45:43 INFO  : 'configparams force-mem-access 0' command is executed.
22:45:43 INFO  : ----------------XSDB Script----------------
connect -url tcp:127.0.0.1:3121
source /home/xavier/MSc_Project/hls/yolo_conv_hls_2019/yolo_conv_fp_prj_2019_64/yolo_conv_fp_prj_2019_64.sdk/design_1_wrapper_hw_platform_0/ps7_init.tcl
targets -set -nocase -filter {name =~"APU*" && jtag_cable_name =~ "Digilent Zed 210248586321"} -index 0
loadhw -hw /home/xavier/MSc_Project/hls/yolo_conv_hls_2019/yolo_conv_fp_prj_2019_64/yolo_conv_fp_prj_2019_64.sdk/design_1_wrapper_hw_platform_0/system.hdf -mem-ranges [list {0x40000000 0xbfffffff}]
configparams force-mem-access 1
targets -set -nocase -filter {name =~"APU*" && jtag_cable_name =~ "Digilent Zed 210248586321"} -index 0
stop
ps7_init
ps7_post_config
targets -set -nocase -filter {name =~ "ARM*#0" && jtag_cable_name =~ "Digilent Zed 210248586321"} -index 0
rst -processor
targets -set -nocase -filter {name =~ "ARM*#0" && jtag_cable_name =~ "Digilent Zed 210248586321"} -index 0
dow /home/xavier/MSc_Project/hls/yolo_conv_hls_2019/yolo_conv_fp_prj_2019_64/yolo_conv_fp_prj_2019_64.sdk/ps/Debug/ps.elf
configparams force-mem-access 0
----------------End of Script----------------

22:45:43 INFO  : Context for processor 'ps7_cortexa9_0' is selected.
22:45:43 INFO  : 'con' command is executed.
22:45:43 INFO  : ----------------XSDB Script (After Launch)----------------
targets -set -nocase -filter {name =~ "ARM*#0" && jtag_cable_name =~ "Digilent Zed 210248586321"} -index 0
con
----------------End of Script----------------

22:45:43 INFO  : Disconnected from the channel tcfchan#1.
