16:08:47 INFO  : Registering command handlers for SDK TCF services
16:08:49 INFO  : Launching XSCT server: xsct -n -interactive /home/xavier/MSc_Project/hls/yolo_conv_hls_2019/yolo_acc_fp_prj_2019_64/yolo_acc_fp_prj_2019_64.sdk/temp_xsdb_launch_script.tcl
16:08:58 INFO  : XSCT server has started successfully.
16:09:24 INFO  : Successfully done setting XSCT server connection channel  
16:09:24 INFO  : Successfully done setting SDK workspace  
16:09:24 INFO  : Processing command line option -hwspec /home/xavier/MSc_Project/hls/yolo_conv_hls_2019/yolo_acc_fp_prj_2019_64/yolo_acc_fp_prj_2019_64.sdk/design_1_wrapper.hdf.
17:24:21 INFO  : Connected to target on host '127.0.0.1' and port '3121'.
17:24:21 INFO  : 'targets -set -filter {jtag_cable_name =~ "Digilent Zed 210248586321" && level==0} -index 1' command is executed.
17:24:24 INFO  : FPGA configured successfully with bitstream "/home/xavier/MSc_Project/hls/yolo_conv_hls_2019/yolo_acc_fp_prj_2019_64/yolo_acc_fp_prj_2019_64.sdk/design_1_wrapper_hw_platform_0/design_1_wrapper.bit"
17:24:29 INFO  : 'targets -set -filter {jtag_cable_name =~ "Digilent Zed 210248586321" && level==0} -index 1' command is executed.
17:24:29 INFO  : 'fpga -state' command is executed.
17:24:29 INFO  : Connected to target on host '127.0.0.1' and port '3121'.
17:24:29 INFO  : Jtag cable 'Digilent Zed 210248586321' is selected.
17:24:29 INFO  : 'jtag frequency' command is executed.
17:24:29 INFO  : Sourcing of '/home/xavier/MSc_Project/hls/yolo_conv_hls_2019/yolo_acc_fp_prj_2019_64/yolo_acc_fp_prj_2019_64.sdk/design_1_wrapper_hw_platform_0/ps7_init.tcl' is done.
17:24:29 INFO  : Context for 'APU' is selected.
17:24:29 INFO  : Hardware design information is loaded from '/home/xavier/MSc_Project/hls/yolo_conv_hls_2019/yolo_acc_fp_prj_2019_64/yolo_acc_fp_prj_2019_64.sdk/design_1_wrapper_hw_platform_0/system.hdf'.
17:24:29 INFO  : 'configparams force-mem-access 1' command is executed.
17:24:29 INFO  : Context for 'APU' is selected.
17:24:29 INFO  : 'stop' command is executed.
17:24:30 INFO  : 'ps7_init' command is executed.
17:24:30 INFO  : 'ps7_post_config' command is executed.
17:24:30 INFO  : Context for processor 'ps7_cortexa9_0' is selected.
17:24:30 INFO  : Processor reset is completed for 'ps7_cortexa9_0'.
17:24:30 INFO  : Context for processor 'ps7_cortexa9_0' is selected.
17:24:30 INFO  : The application '/home/xavier/MSc_Project/hls/yolo_conv_hls_2019/yolo_acc_fp_prj_2019_64/yolo_acc_fp_prj_2019_64.sdk/yolo_acc_ps/Debug/yolo_acc_ps.elf' is downloaded to processor 'ps7_cortexa9_0'.
17:24:30 INFO  : 'configparams force-mem-access 0' command is executed.
17:24:30 INFO  : ----------------XSDB Script----------------
connect -url tcp:127.0.0.1:3121
source /home/xavier/MSc_Project/hls/yolo_conv_hls_2019/yolo_acc_fp_prj_2019_64/yolo_acc_fp_prj_2019_64.sdk/design_1_wrapper_hw_platform_0/ps7_init.tcl
targets -set -nocase -filter {name =~"APU*" && jtag_cable_name =~ "Digilent Zed 210248586321"} -index 0
loadhw -hw /home/xavier/MSc_Project/hls/yolo_conv_hls_2019/yolo_acc_fp_prj_2019_64/yolo_acc_fp_prj_2019_64.sdk/design_1_wrapper_hw_platform_0/system.hdf -mem-ranges [list {0x40000000 0xbfffffff}]
configparams force-mem-access 1
targets -set -nocase -filter {name =~"APU*" && jtag_cable_name =~ "Digilent Zed 210248586321"} -index 0
stop
ps7_init
ps7_post_config
targets -set -nocase -filter {name =~ "ARM*#0" && jtag_cable_name =~ "Digilent Zed 210248586321"} -index 0
rst -processor
targets -set -nocase -filter {name =~ "ARM*#0" && jtag_cable_name =~ "Digilent Zed 210248586321"} -index 0
dow /home/xavier/MSc_Project/hls/yolo_conv_hls_2019/yolo_acc_fp_prj_2019_64/yolo_acc_fp_prj_2019_64.sdk/yolo_acc_ps/Debug/yolo_acc_ps.elf
configparams force-mem-access 0
----------------End of Script----------------

17:24:30 INFO  : Context for processor 'ps7_cortexa9_0' is selected.
17:24:30 INFO  : 'con' command is executed.
17:24:30 INFO  : ----------------XSDB Script (After Launch)----------------
targets -set -nocase -filter {name =~ "ARM*#0" && jtag_cable_name =~ "Digilent Zed 210248586321"} -index 0
con
----------------End of Script----------------

17:24:30 INFO  : Disconnected from the channel tcfchan#1.
17:25:19 INFO  : 'targets -set -filter {jtag_cable_name =~ "Digilent Zed 210248586321" && level==0} -index 1' command is executed.
17:25:19 INFO  : 'fpga -state' command is executed.
17:25:19 INFO  : Connected to target on host '127.0.0.1' and port '3121'.
17:25:19 INFO  : Jtag cable 'Digilent Zed 210248586321' is selected.
17:25:19 INFO  : 'jtag frequency' command is executed.
17:25:19 INFO  : Sourcing of '/home/xavier/MSc_Project/hls/yolo_conv_hls_2019/yolo_acc_fp_prj_2019_64/yolo_acc_fp_prj_2019_64.sdk/design_1_wrapper_hw_platform_0/ps7_init.tcl' is done.
17:25:19 INFO  : Context for 'APU' is selected.
17:25:19 INFO  : Hardware design information is loaded from '/home/xavier/MSc_Project/hls/yolo_conv_hls_2019/yolo_acc_fp_prj_2019_64/yolo_acc_fp_prj_2019_64.sdk/design_1_wrapper_hw_platform_0/system.hdf'.
17:25:19 INFO  : 'configparams force-mem-access 1' command is executed.
17:25:19 INFO  : Context for 'APU' is selected.
17:25:19 INFO  : 'stop' command is executed.
17:25:19 INFO  : 'ps7_init' command is executed.
17:25:19 INFO  : 'ps7_post_config' command is executed.
17:25:19 INFO  : Context for processor 'ps7_cortexa9_0' is selected.
17:25:19 INFO  : Processor reset is completed for 'ps7_cortexa9_0'.
17:25:19 INFO  : Context for processor 'ps7_cortexa9_0' is selected.
17:25:20 INFO  : The application '/home/xavier/MSc_Project/hls/yolo_conv_hls_2019/yolo_acc_fp_prj_2019_64/yolo_acc_fp_prj_2019_64.sdk/yolo_acc_ps/Debug/yolo_acc_ps.elf' is downloaded to processor 'ps7_cortexa9_0'.
17:25:20 INFO  : 'configparams force-mem-access 0' command is executed.
17:25:20 INFO  : ----------------XSDB Script----------------
connect -url tcp:127.0.0.1:3121
source /home/xavier/MSc_Project/hls/yolo_conv_hls_2019/yolo_acc_fp_prj_2019_64/yolo_acc_fp_prj_2019_64.sdk/design_1_wrapper_hw_platform_0/ps7_init.tcl
targets -set -nocase -filter {name =~"APU*" && jtag_cable_name =~ "Digilent Zed 210248586321"} -index 0
loadhw -hw /home/xavier/MSc_Project/hls/yolo_conv_hls_2019/yolo_acc_fp_prj_2019_64/yolo_acc_fp_prj_2019_64.sdk/design_1_wrapper_hw_platform_0/system.hdf -mem-ranges [list {0x40000000 0xbfffffff}]
configparams force-mem-access 1
targets -set -nocase -filter {name =~"APU*" && jtag_cable_name =~ "Digilent Zed 210248586321"} -index 0
stop
ps7_init
ps7_post_config
targets -set -nocase -filter {name =~ "ARM*#0" && jtag_cable_name =~ "Digilent Zed 210248586321"} -index 0
rst -processor
targets -set -nocase -filter {name =~ "ARM*#0" && jtag_cable_name =~ "Digilent Zed 210248586321"} -index 0
dow /home/xavier/MSc_Project/hls/yolo_conv_hls_2019/yolo_acc_fp_prj_2019_64/yolo_acc_fp_prj_2019_64.sdk/yolo_acc_ps/Debug/yolo_acc_ps.elf
configparams force-mem-access 0
----------------End of Script----------------

17:25:20 INFO  : Context for processor 'ps7_cortexa9_0' is selected.
17:25:20 INFO  : 'con' command is executed.
17:25:20 INFO  : ----------------XSDB Script (After Launch)----------------
targets -set -nocase -filter {name =~ "ARM*#0" && jtag_cable_name =~ "Digilent Zed 210248586321"} -index 0
con
----------------End of Script----------------

17:25:20 INFO  : Disconnected from the channel tcfchan#2.
17:26:29 INFO  : Connected to target on host '127.0.0.1' and port '3121'.
17:26:29 INFO  : 'targets -set -filter {jtag_cable_name =~ "Digilent Zed 210248586321" && level==0} -index 1' command is executed.
17:26:32 INFO  : FPGA configured successfully with bitstream "/home/xavier/MSc_Project/hls/yolo_conv_hls_2019/yolo_acc_fp_prj_2019_64/yolo_acc_fp_prj_2019_64.sdk/design_1_wrapper_hw_platform_0/design_1_wrapper.bit"
17:26:38 INFO  : 'targets -set -filter {jtag_cable_name =~ "Digilent Zed 210248586321" && level==0} -index 1' command is executed.
17:26:38 INFO  : 'fpga -state' command is executed.
17:26:38 INFO  : Connected to target on host '127.0.0.1' and port '3121'.
17:26:38 INFO  : Jtag cable 'Digilent Zed 210248586321' is selected.
17:26:38 INFO  : 'jtag frequency' command is executed.
17:26:38 INFO  : Sourcing of '/home/xavier/MSc_Project/hls/yolo_conv_hls_2019/yolo_acc_fp_prj_2019_64/yolo_acc_fp_prj_2019_64.sdk/design_1_wrapper_hw_platform_0/ps7_init.tcl' is done.
17:26:38 INFO  : Context for 'APU' is selected.
17:26:38 INFO  : Hardware design information is loaded from '/home/xavier/MSc_Project/hls/yolo_conv_hls_2019/yolo_acc_fp_prj_2019_64/yolo_acc_fp_prj_2019_64.sdk/design_1_wrapper_hw_platform_0/system.hdf'.
17:26:38 INFO  : 'configparams force-mem-access 1' command is executed.
17:26:38 INFO  : Context for 'APU' is selected.
17:26:38 INFO  : 'stop' command is executed.
17:26:38 INFO  : 'ps7_init' command is executed.
17:26:38 INFO  : 'ps7_post_config' command is executed.
17:26:38 INFO  : Context for processor 'ps7_cortexa9_0' is selected.
17:26:38 INFO  : Processor reset is completed for 'ps7_cortexa9_0'.
17:26:39 INFO  : Context for processor 'ps7_cortexa9_0' is selected.
17:26:39 INFO  : The application '/home/xavier/MSc_Project/hls/yolo_conv_hls_2019/yolo_acc_fp_prj_2019_64/yolo_acc_fp_prj_2019_64.sdk/yolo_acc_ps/Debug/yolo_acc_ps.elf' is downloaded to processor 'ps7_cortexa9_0'.
17:26:39 INFO  : 'configparams force-mem-access 0' command is executed.
17:26:39 INFO  : ----------------XSDB Script----------------
connect -url tcp:127.0.0.1:3121
source /home/xavier/MSc_Project/hls/yolo_conv_hls_2019/yolo_acc_fp_prj_2019_64/yolo_acc_fp_prj_2019_64.sdk/design_1_wrapper_hw_platform_0/ps7_init.tcl
targets -set -nocase -filter {name =~"APU*" && jtag_cable_name =~ "Digilent Zed 210248586321"} -index 0
loadhw -hw /home/xavier/MSc_Project/hls/yolo_conv_hls_2019/yolo_acc_fp_prj_2019_64/yolo_acc_fp_prj_2019_64.sdk/design_1_wrapper_hw_platform_0/system.hdf -mem-ranges [list {0x40000000 0xbfffffff}]
configparams force-mem-access 1
targets -set -nocase -filter {name =~"APU*" && jtag_cable_name =~ "Digilent Zed 210248586321"} -index 0
stop
ps7_init
ps7_post_config
targets -set -nocase -filter {name =~ "ARM*#0" && jtag_cable_name =~ "Digilent Zed 210248586321"} -index 0
rst -processor
targets -set -nocase -filter {name =~ "ARM*#0" && jtag_cable_name =~ "Digilent Zed 210248586321"} -index 0
dow /home/xavier/MSc_Project/hls/yolo_conv_hls_2019/yolo_acc_fp_prj_2019_64/yolo_acc_fp_prj_2019_64.sdk/yolo_acc_ps/Debug/yolo_acc_ps.elf
configparams force-mem-access 0
----------------End of Script----------------

17:26:39 INFO  : Context for processor 'ps7_cortexa9_0' is selected.
17:26:39 INFO  : 'con' command is executed.
17:26:39 INFO  : ----------------XSDB Script (After Launch)----------------
targets -set -nocase -filter {name =~ "ARM*#0" && jtag_cable_name =~ "Digilent Zed 210248586321"} -index 0
con
----------------End of Script----------------

17:26:39 INFO  : Disconnected from the channel tcfchan#3.
