09:14:05 **** Incremental Build of configuration Debug for project desktop_fp_ref ****
make all 
Building file: ../src/activations.cpp
Invoking: GCC C++ Compiler
g++ -I/home/xavier/MSc_Project/git_v/Tiny_YOLO_v3_ZYNQ/sw/desktop_fp_ref/fp_include -I/opt/Xilinx_2019_1/Vivado/2019.1/include -O0 -g3 -Wall -c -fmessage-length=0 -MMD -MP -MF"src/activations.d" -MT"src/activations.o" -o "src/activations.o" "../src/activations.cpp"
Finished building: ../src/activations.cpp
 
Building file: ../src/batchnorm_layer.cpp
Invoking: GCC C++ Compiler
g++ -I/home/xavier/MSc_Project/git_v/Tiny_YOLO_v3_ZYNQ/sw/desktop_fp_ref/fp_include -I/opt/Xilinx_2019_1/Vivado/2019.1/include -O0 -g3 -Wall -c -fmessage-length=0 -MMD -MP -MF"src/batchnorm_layer.d" -MT"src/batchnorm_layer.o" -o "src/batchnorm_layer.o" "../src/batchnorm_layer.cpp"
Finished building: ../src/batchnorm_layer.cpp
 
Building file: ../src/blas.cpp
Invoking: GCC C++ Compiler
g++ -I/home/xavier/MSc_Project/git_v/Tiny_YOLO_v3_ZYNQ/sw/desktop_fp_ref/fp_include -I/opt/Xilinx_2019_1/Vivado/2019.1/include -O0 -g3 -Wall -c -fmessage-length=0 -MMD -MP -MF"src/blas.d" -MT"src/blas.o" -o "src/blas.o" "../src/blas.cpp"
Finished building: ../src/blas.cpp
 
Building file: ../src/box.cpp
Invoking: GCC C++ Compiler
g++ -I/home/xavier/MSc_Project/git_v/Tiny_YOLO_v3_ZYNQ/sw/desktop_fp_ref/fp_include -I/opt/Xilinx_2019_1/Vivado/2019.1/include -O0 -g3 -Wall -c -fmessage-length=0 -MMD -MP -MF"src/box.d" -MT"src/box.o" -o "src/box.o" "../src/box.cpp"
Finished building: ../src/box.cpp
 
Building file: ../src/convolutional_layer.cpp
Invoking: GCC C++ Compiler
g++ -I/home/xavier/MSc_Project/git_v/Tiny_YOLO_v3_ZYNQ/sw/desktop_fp_ref/fp_include -I/opt/Xilinx_2019_1/Vivado/2019.1/include -O0 -g3 -Wall -c -fmessage-length=0 -MMD -MP -MF"src/convolutional_layer.d" -MT"src/convolutional_layer.o" -o "src/convolutional_layer.o" "../src/convolutional_layer.cpp"
Finished building: ../src/convolutional_layer.cpp
 
Building file: ../src/gemm.cpp
Invoking: GCC C++ Compiler
g++ -I/home/xavier/MSc_Project/git_v/Tiny_YOLO_v3_ZYNQ/sw/desktop_fp_ref/fp_include -I/opt/Xilinx_2019_1/Vivado/2019.1/include -O0 -g3 -Wall -c -fmessage-length=0 -MMD -MP -MF"src/gemm.d" -MT"src/gemm.o" -o "src/gemm.o" "../src/gemm.cpp"
Finished building: ../src/gemm.cpp
 
Building file: ../src/helloworld.cpp
Invoking: GCC C++ Compiler
g++ -I/home/xavier/MSc_Project/git_v/Tiny_YOLO_v3_ZYNQ/sw/desktop_fp_ref/fp_include -I/opt/Xilinx_2019_1/Vivado/2019.1/include -O0 -g3 -Wall -c -fmessage-length=0 -MMD -MP -MF"src/helloworld.d" -MT"src/helloworld.o" -o "src/helloworld.o" "../src/helloworld.cpp"
In file included from ../src/helloworld.cpp:50:0:
/home/xavier/MSc_Project/git_v/Tiny_YOLO_v3_ZYNQ/sw/desktop_fp_ref/fp_include/coco_names.h:85:1: warning: deprecated conversion from string constant to ‘char*’ [-Wwrite-strings]
 };
 ^
/home/xavier/MSc_Project/git_v/Tiny_YOLO_v3_ZYNQ/sw/desktop_fp_ref/fp_include/coco_names.h:85:1: warning: deprecated conversion from string constant to ‘char*’ [-Wwrite-strings]
/home/xavier/MSc_Project/git_v/Tiny_YOLO_v3_ZYNQ/sw/desktop_fp_ref/fp_include/coco_names.h:85:1: warning: deprecated conversion from string constant to ‘char*’ [-Wwrite-strings]
/home/xavier/MSc_Project/git_v/Tiny_YOLO_v3_ZYNQ/sw/desktop_fp_ref/fp_include/coco_names.h:85:1: warning: deprecated conversion from string constant to ‘char*’ [-Wwrite-strings]
/home/xavier/MSc_Project/git_v/Tiny_YOLO_v3_ZYNQ/sw/desktop_fp_ref/fp_include/coco_names.h:85:1: warning: deprecated conversion from string constant to ‘char*’ [-Wwrite-strings]
/home/xavier/MSc_Project/git_v/Tiny_YOLO_v3_ZYNQ/sw/desktop_fp_ref/fp_include/coco_names.h:85:1: warning: deprecated conversion from string constant to ‘char*’ [-Wwrite-strings]
/home/xavier/MSc_Project/git_v/Tiny_YOLO_v3_ZYNQ/sw/desktop_fp_ref/fp_include/coco_names.h:85:1: warning: deprecated conversion from string constant to ‘char*’ [-Wwrite-strings]
/home/xavier/MSc_Project/git_v/Tiny_YOLO_v3_ZYNQ/sw/desktop_fp_ref/fp_include/coco_names.h:85:1: warning: deprecated conversion from string constant to ‘char*’ [-Wwrite-strings]
/home/xavier/MSc_Project/git_v/Tiny_YOLO_v3_ZYNQ/sw/desktop_fp_ref/fp_include/coco_names.h:85:1: warning: deprecated conversion from string constant to ‘char*’ [-Wwrite-strings]
/home/xavier/MSc_Project/git_v/Tiny_YOLO_v3_ZYNQ/sw/desktop_fp_ref/fp_include/coco_names.h:85:1: warning: deprecated conversion from string constant to ‘char*’ [-Wwrite-strings]
/home/xavier/MSc_Project/git_v/Tiny_YOLO_v3_ZYNQ/sw/desktop_fp_ref/fp_include/coco_names.h:85:1: warning: deprecated conversion from string constant to ‘char*’ [-Wwrite-strings]
/home/xavier/MSc_Project/git_v/Tiny_YOLO_v3_ZYNQ/sw/desktop_fp_ref/fp_include/coco_names.h:85:1: warning: deprecated conversion from string constant to ‘char*’ [-Wwrite-strings]
/home/xavier/MSc_Project/git_v/Tiny_YOLO_v3_ZYNQ/sw/desktop_fp_ref/fp_include/coco_names.h:85:1: warning: deprecated conversion from string constant to ‘char*’ [-Wwrite-strings]
/home/xavier/MSc_Project/git_v/Tiny_YOLO_v3_ZYNQ/sw/desktop_fp_ref/fp_include/coco_names.h:85:1: warning: deprecated conversion from string constant to ‘char*’ [-Wwrite-strings]
/home/xavier/MSc_Project/git_v/Tiny_YOLO_v3_ZYNQ/sw/desktop_fp_ref/fp_include/coco_names.h:85:1: warning: deprecated conversion from string constant to ‘char*’ [-Wwrite-strings]
/home/xavier/MSc_Project/git_v/Tiny_YOLO_v3_ZYNQ/sw/desktop_fp_ref/fp_include/coco_names.h:85:1: warning: deprecated conversion from string constant to ‘char*’ [-Wwrite-strings]
/home/xavier/MSc_Project/git_v/Tiny_YOLO_v3_ZYNQ/sw/desktop_fp_ref/fp_include/coco_names.h:85:1: warning: deprecated conversion from string constant to ‘char*’ [-Wwrite-strings]
/home/xavier/MSc_Project/git_v/Tiny_YOLO_v3_ZYNQ/sw/desktop_fp_ref/fp_include/coco_names.h:85:1: warning: deprecated conversion from string constant to ‘char*’ [-Wwrite-strings]
/home/xavier/MSc_Project/git_v/Tiny_YOLO_v3_ZYNQ/sw/desktop_fp_ref/fp_include/coco_names.h:85:1: warning: deprecated conversion from string constant to ‘char*’ [-Wwrite-strings]
/home/xavier/MSc_Project/git_v/Tiny_YOLO_v3_ZYNQ/sw/desktop_fp_ref/fp_include/coco_names.h:85:1: warning: deprecated conversion from string constant to ‘char*’ [-Wwrite-strings]
/home/xavier/MSc_Project/git_v/Tiny_YOLO_v3_ZYNQ/sw/desktop_fp_ref/fp_include/coco_names.h:85:1: warning: deprecated conversion from string constant to ‘char*’ [-Wwrite-strings]
/home/xavier/MSc_Project/git_v/Tiny_YOLO_v3_ZYNQ/sw/desktop_fp_ref/fp_include/coco_names.h:85:1: warning: deprecated conversion from string constant to ‘char*’ [-Wwrite-strings]
/home/xavier/MSc_Project/git_v/Tiny_YOLO_v3_ZYNQ/sw/desktop_fp_ref/fp_include/coco_names.h:85:1: warning: deprecated conversion from string constant to ‘char*’ [-Wwrite-strings]
/home/xavier/MSc_Project/git_v/Tiny_YOLO_v3_ZYNQ/sw/desktop_fp_ref/fp_include/coco_names.h:85:1: warning: deprecated conversion from string constant to ‘char*’ [-Wwrite-strings]
/home/xavier/MSc_Project/git_v/Tiny_YOLO_v3_ZYNQ/sw/desktop_fp_ref/fp_include/coco_names.h:85:1: warning: deprecated conversion from string constant to ‘char*’ [-Wwrite-strings]
/home/xavier/MSc_Project/git_v/Tiny_YOLO_v3_ZYNQ/sw/desktop_fp_ref/fp_include/coco_names.h:85:1: warning: deprecated conversion from string constant to ‘char*’ [-Wwrite-strings]
/home/xavier/MSc_Project/git_v/Tiny_YOLO_v3_ZYNQ/sw/desktop_fp_ref/fp_include/coco_names.h:85:1: warning: deprecated conversion from string constant to ‘char*’ [-Wwrite-strings]
/home/xavier/MSc_Project/git_v/Tiny_YOLO_v3_ZYNQ/sw/desktop_fp_ref/fp_include/coco_names.h:85:1: warning: deprecated conversion from string constant to ‘char*’ [-Wwrite-strings]
/home/xavier/MSc_Project/git_v/Tiny_YOLO_v3_ZYNQ/sw/desktop_fp_ref/fp_include/coco_names.h:85:1: warning: deprecated conversion from string constant to ‘char*’ [-Wwrite-strings]
/home/xavier/MSc_Project/git_v/Tiny_YOLO_v3_ZYNQ/sw/desktop_fp_ref/fp_include/coco_names.h:85:1: warning: deprecated conversion from string constant to ‘char*’ [-Wwrite-strings]
/home/xavier/MSc_Project/git_v/Tiny_YOLO_v3_ZYNQ/sw/desktop_fp_ref/fp_include/coco_names.h:85:1: warning: deprecated conversion from string constant to ‘char*’ [-Wwrite-strings]
/home/xavier/MSc_Project/git_v/Tiny_YOLO_v3_ZYNQ/sw/desktop_fp_ref/fp_include/coco_names.h:85:1: warning: deprecated conversion from string constant to ‘char*’ [-Wwrite-strings]
/home/xavier/MSc_Project/git_v/Tiny_YOLO_v3_ZYNQ/sw/desktop_fp_ref/fp_include/coco_names.h:85:1: warning: deprecated conversion from string constant to ‘char*’ [-Wwrite-strings]
/home/xavier/MSc_Project/git_v/Tiny_YOLO_v3_ZYNQ/sw/desktop_fp_ref/fp_include/coco_names.h:85:1: warning: deprecated conversion from string constant to ‘char*’ [-Wwrite-strings]
/home/xavier/MSc_Project/git_v/Tiny_YOLO_v3_ZYNQ/sw/desktop_fp_ref/fp_include/coco_names.h:85:1: warning: deprecated conversion from string constant to ‘char*’ [-Wwrite-strings]
/home/xavier/MSc_Project/git_v/Tiny_YOLO_v3_ZYNQ/sw/desktop_fp_ref/fp_include/coco_names.h:85:1: warning: deprecated conversion from string constant to ‘char*’ [-Wwrite-strings]
/home/xavier/MSc_Project/git_v/Tiny_YOLO_v3_ZYNQ/sw/desktop_fp_ref/fp_include/coco_names.h:85:1: warning: deprecated conversion from string constant to ‘char*’ [-Wwrite-strings]
/home/xavier/MSc_Project/git_v/Tiny_YOLO_v3_ZYNQ/sw/desktop_fp_ref/fp_include/coco_names.h:85:1: warning: deprecated conversion from string constant to ‘char*’ [-Wwrite-strings]
/home/xavier/MSc_Project/git_v/Tiny_YOLO_v3_ZYNQ/sw/desktop_fp_ref/fp_include/coco_names.h:85:1: warning: deprecated conversion from string constant to ‘char*’ [-Wwrite-strings]
/home/xavier/MSc_Project/git_v/Tiny_YOLO_v3_ZYNQ/sw/desktop_fp_ref/fp_include/coco_names.h:85:1: warning: deprecated conversion from string constant to ‘char*’ [-Wwrite-strings]
/home/xavier/MSc_Project/git_v/Tiny_YOLO_v3_ZYNQ/sw/desktop_fp_ref/fp_include/coco_names.h:85:1: warning: deprecated conversion from string constant to ‘char*’ [-Wwrite-strings]
/home/xavier/MSc_Project/git_v/Tiny_YOLO_v3_ZYNQ/sw/desktop_fp_ref/fp_include/coco_names.h:85:1: warning: deprecated conversion from string constant to ‘char*’ [-Wwrite-strings]
/home/xavier/MSc_Project/git_v/Tiny_YOLO_v3_ZYNQ/sw/desktop_fp_ref/fp_include/coco_names.h:85:1: warning: deprecated conversion from string constant to ‘char*’ [-Wwrite-strings]
/home/xavier/MSc_Project/git_v/Tiny_YOLO_v3_ZYNQ/sw/desktop_fp_ref/fp_include/coco_names.h:85:1: warning: deprecated conversion from string constant to ‘char*’ [-Wwrite-strings]
/home/xavier/MSc_Project/git_v/Tiny_YOLO_v3_ZYNQ/sw/desktop_fp_ref/fp_include/coco_names.h:85:1: warning: deprecated conversion from string constant to ‘char*’ [-Wwrite-strings]
/home/xavier/MSc_Project/git_v/Tiny_YOLO_v3_ZYNQ/sw/desktop_fp_ref/fp_include/coco_names.h:85:1: warning: deprecated conversion from string constant to ‘char*’ [-Wwrite-strings]
/home/xavier/MSc_Project/git_v/Tiny_YOLO_v3_ZYNQ/sw/desktop_fp_ref/fp_include/coco_names.h:85:1: warning: deprecated conversion from string constant to ‘char*’ [-Wwrite-strings]
/home/xavier/MSc_Project/git_v/Tiny_YOLO_v3_ZYNQ/sw/desktop_fp_ref/fp_include/coco_names.h:85:1: warning: deprecated conversion from string constant to ‘char*’ [-Wwrite-strings]
/home/xavier/MSc_Project/git_v/Tiny_YOLO_v3_ZYNQ/sw/desktop_fp_ref/fp_include/coco_names.h:85:1: warning: deprecated conversion from string constant to ‘char*’ [-Wwrite-strings]
/home/xavier/MSc_Project/git_v/Tiny_YOLO_v3_ZYNQ/sw/desktop_fp_ref/fp_include/coco_names.h:85:1: warning: deprecated conversion from string constant to ‘char*’ [-Wwrite-strings]
/home/xavier/MSc_Project/git_v/Tiny_YOLO_v3_ZYNQ/sw/desktop_fp_ref/fp_include/coco_names.h:85:1: warning: deprecated conversion from string constant to ‘char*’ [-Wwrite-strings]
/home/xavier/MSc_Project/git_v/Tiny_YOLO_v3_ZYNQ/sw/desktop_fp_ref/fp_include/coco_names.h:85:1: warning: deprecated conversion from string constant to ‘char*’ [-Wwrite-strings]
/home/xavier/MSc_Project/git_v/Tiny_YOLO_v3_ZYNQ/sw/desktop_fp_ref/fp_include/coco_names.h:85:1: warning: deprecated conversion from string constant to ‘char*’ [-Wwrite-strings]
/home/xavier/MSc_Project/git_v/Tiny_YOLO_v3_ZYNQ/sw/desktop_fp_ref/fp_include/coco_names.h:85:1: warning: deprecated conversion from string constant to ‘char*’ [-Wwrite-strings]
/home/xavier/MSc_Project/git_v/Tiny_YOLO_v3_ZYNQ/sw/desktop_fp_ref/fp_include/coco_names.h:85:1: warning: deprecated conversion from string constant to ‘char*’ [-Wwrite-strings]
/home/xavier/MSc_Project/git_v/Tiny_YOLO_v3_ZYNQ/sw/desktop_fp_ref/fp_include/coco_names.h:85:1: warning: deprecated conversion from string constant to ‘char*’ [-Wwrite-strings]
/home/xavier/MSc_Project/git_v/Tiny_YOLO_v3_ZYNQ/sw/desktop_fp_ref/fp_include/coco_names.h:85:1: warning: deprecated conversion from string constant to ‘char*’ [-Wwrite-strings]
/home/xavier/MSc_Project/git_v/Tiny_YOLO_v3_ZYNQ/sw/desktop_fp_ref/fp_include/coco_names.h:85:1: warning: deprecated conversion from string constant to ‘char*’ [-Wwrite-strings]
/home/xavier/MSc_Project/git_v/Tiny_YOLO_v3_ZYNQ/sw/desktop_fp_ref/fp_include/coco_names.h:85:1: warning: deprecated conversion from string constant to ‘char*’ [-Wwrite-strings]
/home/xavier/MSc_Project/git_v/Tiny_YOLO_v3_ZYNQ/sw/desktop_fp_ref/fp_include/coco_names.h:85:1: warning: deprecated conversion from string constant to ‘char*’ [-Wwrite-strings]
/home/xavier/MSc_Project/git_v/Tiny_YOLO_v3_ZYNQ/sw/desktop_fp_ref/fp_include/coco_names.h:85:1: warning: deprecated conversion from string constant to ‘char*’ [-Wwrite-strings]
/home/xavier/MSc_Project/git_v/Tiny_YOLO_v3_ZYNQ/sw/desktop_fp_ref/fp_include/coco_names.h:85:1: warning: deprecated conversion from string constant to ‘char*’ [-Wwrite-strings]
/home/xavier/MSc_Project/git_v/Tiny_YOLO_v3_ZYNQ/sw/desktop_fp_ref/fp_include/coco_names.h:85:1: warning: deprecated conversion from string constant to ‘char*’ [-Wwrite-strings]
/home/xavier/MSc_Project/git_v/Tiny_YOLO_v3_ZYNQ/sw/desktop_fp_ref/fp_include/coco_names.h:85:1: warning: deprecated conversion from string constant to ‘char*’ [-Wwrite-strings]
/home/xavier/MSc_Project/git_v/Tiny_YOLO_v3_ZYNQ/sw/desktop_fp_ref/fp_include/coco_names.h:85:1: warning: deprecated conversion from string constant to ‘char*’ [-Wwrite-strings]
/home/xavier/MSc_Project/git_v/Tiny_YOLO_v3_ZYNQ/sw/desktop_fp_ref/fp_include/coco_names.h:85:1: warning: deprecated conversion from string constant to ‘char*’ [-Wwrite-strings]
/home/xavier/MSc_Project/git_v/Tiny_YOLO_v3_ZYNQ/sw/desktop_fp_ref/fp_include/coco_names.h:85:1: warning: deprecated conversion from string constant to ‘char*’ [-Wwrite-strings]
/home/xavier/MSc_Project/git_v/Tiny_YOLO_v3_ZYNQ/sw/desktop_fp_ref/fp_include/coco_names.h:85:1: warning: deprecated conversion from string constant to ‘char*’ [-Wwrite-strings]
/home/xavier/MSc_Project/git_v/Tiny_YOLO_v3_ZYNQ/sw/desktop_fp_ref/fp_include/coco_names.h:85:1: warning: deprecated conversion from string constant to ‘char*’ [-Wwrite-strings]
/home/xavier/MSc_Project/git_v/Tiny_YOLO_v3_ZYNQ/sw/desktop_fp_ref/fp_include/coco_names.h:85:1: warning: deprecated conversion from string constant to ‘char*’ [-Wwrite-strings]
/home/xavier/MSc_Project/git_v/Tiny_YOLO_v3_ZYNQ/sw/desktop_fp_ref/fp_include/coco_names.h:85:1: warning: deprecated conversion from string constant to ‘char*’ [-Wwrite-strings]
/home/xavier/MSc_Project/git_v/Tiny_YOLO_v3_ZYNQ/sw/desktop_fp_ref/fp_include/coco_names.h:85:1: warning: deprecated conversion from string constant to ‘char*’ [-Wwrite-strings]
/home/xavier/MSc_Project/git_v/Tiny_YOLO_v3_ZYNQ/sw/desktop_fp_ref/fp_include/coco_names.h:85:1: warning: deprecated conversion from string constant to ‘char*’ [-Wwrite-strings]
/home/xavier/MSc_Project/git_v/Tiny_YOLO_v3_ZYNQ/sw/desktop_fp_ref/fp_include/coco_names.h:85:1: warning: deprecated conversion from string constant to ‘char*’ [-Wwrite-strings]
/home/xavier/MSc_Project/git_v/Tiny_YOLO_v3_ZYNQ/sw/desktop_fp_ref/fp_include/coco_names.h:85:1: warning: deprecated conversion from string constant to ‘char*’ [-Wwrite-strings]
/home/xavier/MSc_Project/git_v/Tiny_YOLO_v3_ZYNQ/sw/desktop_fp_ref/fp_include/coco_names.h:85:1: warning: deprecated conversion from string constant to ‘char*’ [-Wwrite-strings]
/home/xavier/MSc_Project/git_v/Tiny_YOLO_v3_ZYNQ/sw/desktop_fp_ref/fp_include/coco_names.h:85:1: warning: deprecated conversion from string constant to ‘char*’ [-Wwrite-strings]
/home/xavier/MSc_Project/git_v/Tiny_YOLO_v3_ZYNQ/sw/desktop_fp_ref/fp_include/coco_names.h:85:1: warning: deprecated conversion from string constant to ‘char*’ [-Wwrite-strings]
/home/xavier/MSc_Project/git_v/Tiny_YOLO_v3_ZYNQ/sw/desktop_fp_ref/fp_include/coco_names.h:85:1: warning: deprecated conversion from string constant to ‘char*’ [-Wwrite-strings]
/home/xavier/MSc_Project/git_v/Tiny_YOLO_v3_ZYNQ/sw/desktop_fp_ref/fp_include/coco_names.h:85:1: warning: deprecated conversion from string constant to ‘char*’ [-Wwrite-strings]
Finished building: ../src/helloworld.cpp
 
Building file: ../src/im2col.cpp
Invoking: GCC C++ Compiler
g++ -I/home/xavier/MSc_Project/git_v/Tiny_YOLO_v3_ZYNQ/sw/desktop_fp_ref/fp_include -I/opt/Xilinx_2019_1/Vivado/2019.1/include -O0 -g3 -Wall -c -fmessage-length=0 -MMD -MP -MF"src/im2col.d" -MT"src/im2col.o" -o "src/im2col.o" "../src/im2col.cpp"
Finished building: ../src/im2col.cpp
 
Building file: ../src/image.cpp
Invoking: GCC C++ Compiler
g++ -I/home/xavier/MSc_Project/git_v/Tiny_YOLO_v3_ZYNQ/sw/desktop_fp_ref/fp_include -I/opt/Xilinx_2019_1/Vivado/2019.1/include -O0 -g3 -Wall -c -fmessage-length=0 -MMD -MP -MF"src/image.d" -MT"src/image.o" -o "src/image.o" "../src/image.cpp"
Finished building: ../src/image.cpp
 
Building file: ../src/maxpool_layer.cpp
Invoking: GCC C++ Compiler
g++ -I/home/xavier/MSc_Project/git_v/Tiny_YOLO_v3_ZYNQ/sw/desktop_fp_ref/fp_include -I/opt/Xilinx_2019_1/Vivado/2019.1/include -O0 -g3 -Wall -c -fmessage-length=0 -MMD -MP -MF"src/maxpool_layer.d" -MT"src/maxpool_layer.o" -o "src/maxpool_layer.o" "../src/maxpool_layer.cpp"
Finished building: ../src/maxpool_layer.cpp
 
Building file: ../src/network.cpp
Invoking: GCC C++ Compiler
g++ -I/home/xavier/MSc_Project/git_v/Tiny_YOLO_v3_ZYNQ/sw/desktop_fp_ref/fp_include -I/opt/Xilinx_2019_1/Vivado/2019.1/include -O0 -g3 -Wall -c -fmessage-length=0 -MMD -MP -MF"src/network.d" -MT"src/network.o" -o "src/network.o" "../src/network.cpp"
Finished building: ../src/network.cpp
 
Building file: ../src/parser.cpp
Invoking: GCC C++ Compiler
g++ -I/home/xavier/MSc_Project/git_v/Tiny_YOLO_v3_ZYNQ/sw/desktop_fp_ref/fp_include -I/opt/Xilinx_2019_1/Vivado/2019.1/include -O0 -g3 -Wall -c -fmessage-length=0 -MMD -MP -MF"src/parser.d" -MT"src/parser.o" -o "src/parser.o" "../src/parser.cpp"
Finished building: ../src/parser.cpp
 
Building file: ../src/route_layer.cpp
Invoking: GCC C++ Compiler
g++ -I/home/xavier/MSc_Project/git_v/Tiny_YOLO_v3_ZYNQ/sw/desktop_fp_ref/fp_include -I/opt/Xilinx_2019_1/Vivado/2019.1/include -O0 -g3 -Wall -c -fmessage-length=0 -MMD -MP -MF"src/route_layer.d" -MT"src/route_layer.o" -o "src/route_layer.o" "../src/route_layer.cpp"
Finished building: ../src/route_layer.cpp
 
Building file: ../src/upsample_layer.cpp
Invoking: GCC C++ Compiler
g++ -I/home/xavier/MSc_Project/git_v/Tiny_YOLO_v3_ZYNQ/sw/desktop_fp_ref/fp_include -I/opt/Xilinx_2019_1/Vivado/2019.1/include -O0 -g3 -Wall -c -fmessage-length=0 -MMD -MP -MF"src/upsample_layer.d" -MT"src/upsample_layer.o" -o "src/upsample_layer.o" "../src/upsample_layer.cpp"
Finished building: ../src/upsample_layer.cpp
 
Building file: ../src/utils.cpp
Invoking: GCC C++ Compiler
g++ -I/home/xavier/MSc_Project/git_v/Tiny_YOLO_v3_ZYNQ/sw/desktop_fp_ref/fp_include -I/opt/Xilinx_2019_1/Vivado/2019.1/include -O0 -g3 -Wall -c -fmessage-length=0 -MMD -MP -MF"src/utils.d" -MT"src/utils.o" -o "src/utils.o" "../src/utils.cpp"
Finished building: ../src/utils.cpp
 
Building file: ../src/yolo_layer.cpp
Invoking: GCC C++ Compiler
g++ -I/home/xavier/MSc_Project/git_v/Tiny_YOLO_v3_ZYNQ/sw/desktop_fp_ref/fp_include -I/opt/Xilinx_2019_1/Vivado/2019.1/include -O0 -g3 -Wall -c -fmessage-length=0 -MMD -MP -MF"src/yolo_layer.d" -MT"src/yolo_layer.o" -o "src/yolo_layer.o" "../src/yolo_layer.cpp"
Finished building: ../src/yolo_layer.cpp
 
Building target: desktop_fp_ref
Invoking: GCC C++ Linker
g++  -o "desktop_fp_ref"  ./src/activations.o ./src/batchnorm_layer.o ./src/blas.o ./src/box.o ./src/convolutional_layer.o ./src/gemm.o ./src/helloworld.o ./src/im2col.o ./src/image.o ./src/maxpool_layer.o ./src/network.o ./src/parser.o ./src/route_layer.o ./src/upsample_layer.o ./src/utils.o ./src/yolo_layer.o   -lm
Finished building target: desktop_fp_ref
 

09:14:57 Build Finished (took 52s.742ms)

