09:51:57 **** Incremental Build of configuration Debug for project yolo_fp ****
make pre-build main-build 
a9-linaro-pre-build-step
 
make: Nothing to be done for 'main-build'.
09:52:56 **** Auto Build of configuration Debug for project yolo_fp ****
make pre-build main-build 
a9-linaro-pre-build-step
 
make: Nothing to be done for 'main-build'.
09:53:18 **** Auto Build of configuration Debug for project yolo_fp ****
make pre-build main-build 
a9-linaro-pre-build-step
 
Building file: ../src/helloworld.cpp
Invoking: ARM v7 g++ compiler
arm-none-eabi-g++ -Wall -O0 -g3 -I/opt/Xilinx_2019_1/Vivado/2019.1/include -I/home/xavier/MSc_Project/git_v/Tiny_YOLO_v3_ZYNQ/sw/Tiny_Yolo_v3/Tiny_Yolo_v3.sdk/fp_include -c -fmessage-length=0 -MT"src/helloworld.o" -mcpu=cortex-a9 -mfpu=vfpv3 -mfloat-abi=hard -I../../yolo_fp_bsp/ps7_cortexa9_0/include -MMD -MP -MF"src/helloworld.d" -MT"src/helloworld.o" -o "src/helloworld.o" "../src/helloworld.cpp"
In file included from /opt/Xilinx_2019_1/Vivado/2019.1/include/hls_half.h:44,
                 from /opt/Xilinx_2019_1/Vivado/2019.1/include/etc/ap_private.h:90,
                 from /opt/Xilinx_2019_1/Vivado/2019.1/include/ap_common.h:641,
                 from /opt/Xilinx_2019_1/Vivado/2019.1/include/ap_fixed.h:54,
                 from /home/xavier/MSc_Project/git_v/Tiny_YOLO_v3_ZYNQ/sw/Tiny_Yolo_v3/Tiny_Yolo_v3.sdk/fp_include/darknet.h:9,
                 from ../src/helloworld.cpp:49:
/opt/Xilinx_2019_1/Vivado/2019.1/include/hls_fpo.h:65:2: warning: #warning "Xilinx Floating Point Operator IP core does not provide simulation models for ARM architecture.  Automatically defining HLS_NO_XIL_FPO_LIB in order to avoid this library dependency, although bit-accurate simulation of some functions is no longer possible.  You can make this warning go away by adding this define yourself before including any other files." [-Wcpp]
 #warning "Xilinx Floating Point Operator IP core does not provide simulation models for ARM architecture.  Automatically defining HLS_NO_XIL_FPO_LIB in order to avoid this library dependency, although bit-accurate simulation of some functions is no longer possible.  You can make this warning go away by adding this define yourself before including any other files."
  ^~~~~~~
In file included from ../src/helloworld.cpp:50:
/home/xavier/MSc_Project/git_v/Tiny_YOLO_v3_ZYNQ/sw/Tiny_Yolo_v3/Tiny_Yolo_v3.sdk/fp_include/coco_names.h:85:1: warning: ISO C++ forbids converting a string constant to 'char*' [-Wwrite-strings]
 };
 ^
/home/xavier/MSc_Project/git_v/Tiny_YOLO_v3_ZYNQ/sw/Tiny_Yolo_v3/Tiny_Yolo_v3.sdk/fp_include/coco_names.h:85:1: warning: ISO C++ forbids converting a string constant to 'char*' [-Wwrite-strings]
/home/xavier/MSc_Project/git_v/Tiny_YOLO_v3_ZYNQ/sw/Tiny_Yolo_v3/Tiny_Yolo_v3.sdk/fp_include/coco_names.h:85:1: warning: ISO C++ forbids converting a string constant to 'char*' [-Wwrite-strings]
/home/xavier/MSc_Project/git_v/Tiny_YOLO_v3_ZYNQ/sw/Tiny_Yolo_v3/Tiny_Yolo_v3.sdk/fp_include/coco_names.h:85:1: warning: ISO C++ forbids converting a string constant to 'char*' [-Wwrite-strings]
/home/xavier/MSc_Project/git_v/Tiny_YOLO_v3_ZYNQ/sw/Tiny_Yolo_v3/Tiny_Yolo_v3.sdk/fp_include/coco_names.h:85:1: warning: ISO C++ forbids converting a string constant to 'char*' [-Wwrite-strings]
/home/xavier/MSc_Project/git_v/Tiny_YOLO_v3_ZYNQ/sw/Tiny_Yolo_v3/Tiny_Yolo_v3.sdk/fp_include/coco_names.h:85:1: warning: ISO C++ forbids converting a string constant to 'char*' [-Wwrite-strings]
/home/xavier/MSc_Project/git_v/Tiny_YOLO_v3_ZYNQ/sw/Tiny_Yolo_v3/Tiny_Yolo_v3.sdk/fp_include/coco_names.h:85:1: warning: ISO C++ forbids converting a string constant to 'char*' [-Wwrite-strings]
/home/xavier/MSc_Project/git_v/Tiny_YOLO_v3_ZYNQ/sw/Tiny_Yolo_v3/Tiny_Yolo_v3.sdk/fp_include/coco_names.h:85:1: warning: ISO C++ forbids converting a string constant to 'char*' [-Wwrite-strings]
/home/xavier/MSc_Project/git_v/Tiny_YOLO_v3_ZYNQ/sw/Tiny_Yolo_v3/Tiny_Yolo_v3.sdk/fp_include/coco_names.h:85:1: warning: ISO C++ forbids converting a string constant to 'char*' [-Wwrite-strings]
/home/xavier/MSc_Project/git_v/Tiny_YOLO_v3_ZYNQ/sw/Tiny_Yolo_v3/Tiny_Yolo_v3.sdk/fp_include/coco_names.h:85:1: warning: ISO C++ forbids converting a string constant to 'char*' [-Wwrite-strings]
/home/xavier/MSc_Project/git_v/Tiny_YOLO_v3_ZYNQ/sw/Tiny_Yolo_v3/Tiny_Yolo_v3.sdk/fp_include/coco_names.h:85:1: warning: ISO C++ forbids converting a string constant to 'char*' [-Wwrite-strings]
/home/xavier/MSc_Project/git_v/Tiny_YOLO_v3_ZYNQ/sw/Tiny_Yolo_v3/Tiny_Yolo_v3.sdk/fp_include/coco_names.h:85:1: warning: ISO C++ forbids converting a string constant to 'char*' [-Wwrite-strings]
/home/xavier/MSc_Project/git_v/Tiny_YOLO_v3_ZYNQ/sw/Tiny_Yolo_v3/Tiny_Yolo_v3.sdk/fp_include/coco_names.h:85:1: warning: ISO C++ forbids converting a string constant to 'char*' [-Wwrite-strings]
/home/xavier/MSc_Project/git_v/Tiny_YOLO_v3_ZYNQ/sw/Tiny_Yolo_v3/Tiny_Yolo_v3.sdk/fp_include/coco_names.h:85:1: warning: ISO C++ forbids converting a string constant to 'char*' [-Wwrite-strings]
/home/xavier/MSc_Project/git_v/Tiny_YOLO_v3_ZYNQ/sw/Tiny_Yolo_v3/Tiny_Yolo_v3.sdk/fp_include/coco_names.h:85:1: warning: ISO C++ forbids converting a string constant to 'char*' [-Wwrite-strings]
/home/xavier/MSc_Project/git_v/Tiny_YOLO_v3_ZYNQ/sw/Tiny_Yolo_v3/Tiny_Yolo_v3.sdk/fp_include/coco_names.h:85:1: warning: ISO C++ forbids converting a string constant to 'char*' [-Wwrite-strings]
/home/xavier/MSc_Project/git_v/Tiny_YOLO_v3_ZYNQ/sw/Tiny_Yolo_v3/Tiny_Yolo_v3.sdk/fp_include/coco_names.h:85:1: warning: ISO C++ forbids converting a string constant to 'char*' [-Wwrite-strings]
/home/xavier/MSc_Project/git_v/Tiny_YOLO_v3_ZYNQ/sw/Tiny_Yolo_v3/Tiny_Yolo_v3.sdk/fp_include/coco_names.h:85:1: warning: ISO C++ forbids converting a string constant to 'char*' [-Wwrite-strings]
/home/xavier/MSc_Project/git_v/Tiny_YOLO_v3_ZYNQ/sw/Tiny_Yolo_v3/Tiny_Yolo_v3.sdk/fp_include/coco_names.h:85:1: warning: ISO C++ forbids converting a string constant to 'char*' [-Wwrite-strings]
/home/xavier/MSc_Project/git_v/Tiny_YOLO_v3_ZYNQ/sw/Tiny_Yolo_v3/Tiny_Yolo_v3.sdk/fp_include/coco_names.h:85:1: warning: ISO C++ forbids converting a string constant to 'char*' [-Wwrite-strings]
/home/xavier/MSc_Project/git_v/Tiny_YOLO_v3_ZYNQ/sw/Tiny_Yolo_v3/Tiny_Yolo_v3.sdk/fp_include/coco_names.h:85:1: warning: ISO C++ forbids converting a string constant to 'char*' [-Wwrite-strings]
/home/xavier/MSc_Project/git_v/Tiny_YOLO_v3_ZYNQ/sw/Tiny_Yolo_v3/Tiny_Yolo_v3.sdk/fp_include/coco_names.h:85:1: warning: ISO C++ forbids converting a string constant to 'char*' [-Wwrite-strings]
/home/xavier/MSc_Project/git_v/Tiny_YOLO_v3_ZYNQ/sw/Tiny_Yolo_v3/Tiny_Yolo_v3.sdk/fp_include/coco_names.h:85:1: warning: ISO C++ forbids converting a string constant to 'char*' [-Wwrite-strings]
/home/xavier/MSc_Project/git_v/Tiny_YOLO_v3_ZYNQ/sw/Tiny_Yolo_v3/Tiny_Yolo_v3.sdk/fp_include/coco_names.h:85:1: warning: ISO C++ forbids converting a string constant to 'char*' [-Wwrite-strings]
/home/xavier/MSc_Project/git_v/Tiny_YOLO_v3_ZYNQ/sw/Tiny_Yolo_v3/Tiny_Yolo_v3.sdk/fp_include/coco_names.h:85:1: warning: ISO C++ forbids converting a string constant to 'char*' [-Wwrite-strings]
/home/xavier/MSc_Project/git_v/Tiny_YOLO_v3_ZYNQ/sw/Tiny_Yolo_v3/Tiny_Yolo_v3.sdk/fp_include/coco_names.h:85:1: warning: ISO C++ forbids converting a string constant to 'char*' [-Wwrite-strings]
/home/xavier/MSc_Project/git_v/Tiny_YOLO_v3_ZYNQ/sw/Tiny_Yolo_v3/Tiny_Yolo_v3.sdk/fp_include/coco_names.h:85:1: warning: ISO C++ forbids converting a string constant to 'char*' [-Wwrite-strings]
/home/xavier/MSc_Project/git_v/Tiny_YOLO_v3_ZYNQ/sw/Tiny_Yolo_v3/Tiny_Yolo_v3.sdk/fp_include/coco_names.h:85:1: warning: ISO C++ forbids converting a string constant to 'char*' [-Wwrite-strings]
/home/xavier/MSc_Project/git_v/Tiny_YOLO_v3_ZYNQ/sw/Tiny_Yolo_v3/Tiny_Yolo_v3.sdk/fp_include/coco_names.h:85:1: warning: ISO C++ forbids converting a string constant to 'char*' [-Wwrite-strings]
/home/xavier/MSc_Project/git_v/Tiny_YOLO_v3_ZYNQ/sw/Tiny_Yolo_v3/Tiny_Yolo_v3.sdk/fp_include/coco_names.h:85:1: warning: ISO C++ forbids converting a string constant to 'char*' [-Wwrite-strings]
/home/xavier/MSc_Project/git_v/Tiny_YOLO_v3_ZYNQ/sw/Tiny_Yolo_v3/Tiny_Yolo_v3.sdk/fp_include/coco_names.h:85:1: warning: ISO C++ forbids converting a string constant to 'char*' [-Wwrite-strings]
/home/xavier/MSc_Project/git_v/Tiny_YOLO_v3_ZYNQ/sw/Tiny_Yolo_v3/Tiny_Yolo_v3.sdk/fp_include/coco_names.h:85:1: warning: ISO C++ forbids converting a string constant to 'char*' [-Wwrite-strings]
/home/xavier/MSc_Project/git_v/Tiny_YOLO_v3_ZYNQ/sw/Tiny_Yolo_v3/Tiny_Yolo_v3.sdk/fp_include/coco_names.h:85:1: warning: ISO C++ forbids converting a string constant to 'char*' [-Wwrite-strings]
/home/xavier/MSc_Project/git_v/Tiny_YOLO_v3_ZYNQ/sw/Tiny_Yolo_v3/Tiny_Yolo_v3.sdk/fp_include/coco_names.h:85:1: warning: ISO C++ forbids converting a string constant to 'char*' [-Wwrite-strings]
/home/xavier/MSc_Project/git_v/Tiny_YOLO_v3_ZYNQ/sw/Tiny_Yolo_v3/Tiny_Yolo_v3.sdk/fp_include/coco_names.h:85:1: warning: ISO C++ forbids converting a string constant to 'char*' [-Wwrite-strings]
/home/xavier/MSc_Project/git_v/Tiny_YOLO_v3_ZYNQ/sw/Tiny_Yolo_v3/Tiny_Yolo_v3.sdk/fp_include/coco_names.h:85:1: warning: ISO C++ forbids converting a string constant to 'char*' [-Wwrite-strings]
/home/xavier/MSc_Project/git_v/Tiny_YOLO_v3_ZYNQ/sw/Tiny_Yolo_v3/Tiny_Yolo_v3.sdk/fp_include/coco_names.h:85:1: warning: ISO C++ forbids converting a string constant to 'char*' [-Wwrite-strings]
/home/xavier/MSc_Project/git_v/Tiny_YOLO_v3_ZYNQ/sw/Tiny_Yolo_v3/Tiny_Yolo_v3.sdk/fp_include/coco_names.h:85:1: warning: ISO C++ forbids converting a string constant to 'char*' [-Wwrite-strings]
/home/xavier/MSc_Project/git_v/Tiny_YOLO_v3_ZYNQ/sw/Tiny_Yolo_v3/Tiny_Yolo_v3.sdk/fp_include/coco_names.h:85:1: warning: ISO C++ forbids converting a string constant to 'char*' [-Wwrite-strings]
/home/xavier/MSc_Project/git_v/Tiny_YOLO_v3_ZYNQ/sw/Tiny_Yolo_v3/Tiny_Yolo_v3.sdk/fp_include/coco_names.h:85:1: warning: ISO C++ forbids converting a string constant to 'char*' [-Wwrite-strings]
/home/xavier/MSc_Project/git_v/Tiny_YOLO_v3_ZYNQ/sw/Tiny_Yolo_v3/Tiny_Yolo_v3.sdk/fp_include/coco_names.h:85:1: warning: ISO C++ forbids converting a string constant to 'char*' [-Wwrite-strings]
/home/xavier/MSc_Project/git_v/Tiny_YOLO_v3_ZYNQ/sw/Tiny_Yolo_v3/Tiny_Yolo_v3.sdk/fp_include/coco_names.h:85:1: warning: ISO C++ forbids converting a string constant to 'char*' [-Wwrite-strings]
/home/xavier/MSc_Project/git_v/Tiny_YOLO_v3_ZYNQ/sw/Tiny_Yolo_v3/Tiny_Yolo_v3.sdk/fp_include/coco_names.h:85:1: warning: ISO C++ forbids converting a string constant to 'char*' [-Wwrite-strings]
/home/xavier/MSc_Project/git_v/Tiny_YOLO_v3_ZYNQ/sw/Tiny_Yolo_v3/Tiny_Yolo_v3.sdk/fp_include/coco_names.h:85:1: warning: ISO C++ forbids converting a string constant to 'char*' [-Wwrite-strings]
/home/xavier/MSc_Project/git_v/Tiny_YOLO_v3_ZYNQ/sw/Tiny_Yolo_v3/Tiny_Yolo_v3.sdk/fp_include/coco_names.h:85:1: warning: ISO C++ forbids converting a string constant to 'char*' [-Wwrite-strings]
/home/xavier/MSc_Project/git_v/Tiny_YOLO_v3_ZYNQ/sw/Tiny_Yolo_v3/Tiny_Yolo_v3.sdk/fp_include/coco_names.h:85:1: warning: ISO C++ forbids converting a string constant to 'char*' [-Wwrite-strings]
/home/xavier/MSc_Project/git_v/Tiny_YOLO_v3_ZYNQ/sw/Tiny_Yolo_v3/Tiny_Yolo_v3.sdk/fp_include/coco_names.h:85:1: warning: ISO C++ forbids converting a string constant to 'char*' [-Wwrite-strings]
/home/xavier/MSc_Project/git_v/Tiny_YOLO_v3_ZYNQ/sw/Tiny_Yolo_v3/Tiny_Yolo_v3.sdk/fp_include/coco_names.h:85:1: warning: ISO C++ forbids converting a string constant to 'char*' [-Wwrite-strings]
/home/xavier/MSc_Project/git_v/Tiny_YOLO_v3_ZYNQ/sw/Tiny_Yolo_v3/Tiny_Yolo_v3.sdk/fp_include/coco_names.h:85:1: warning: ISO C++ forbids converting a string constant to 'char*' [-Wwrite-strings]
/home/xavier/MSc_Project/git_v/Tiny_YOLO_v3_ZYNQ/sw/Tiny_Yolo_v3/Tiny_Yolo_v3.sdk/fp_include/coco_names.h:85:1: warning: ISO C++ forbids converting a string constant to 'char*' [-Wwrite-strings]
/home/xavier/MSc_Project/git_v/Tiny_YOLO_v3_ZYNQ/sw/Tiny_Yolo_v3/Tiny_Yolo_v3.sdk/fp_include/coco_names.h:85:1: warning: ISO C++ forbids converting a string constant to 'char*' [-Wwrite-strings]
/home/xavier/MSc_Project/git_v/Tiny_YOLO_v3_ZYNQ/sw/Tiny_Yolo_v3/Tiny_Yolo_v3.sdk/fp_include/coco_names.h:85:1: warning: ISO C++ forbids converting a string constant to 'char*' [-Wwrite-strings]
/home/xavier/MSc_Project/git_v/Tiny_YOLO_v3_ZYNQ/sw/Tiny_Yolo_v3/Tiny_Yolo_v3.sdk/fp_include/coco_names.h:85:1: warning: ISO C++ forbids converting a string constant to 'char*' [-Wwrite-strings]
/home/xavier/MSc_Project/git_v/Tiny_YOLO_v3_ZYNQ/sw/Tiny_Yolo_v3/Tiny_Yolo_v3.sdk/fp_include/coco_names.h:85:1: warning: ISO C++ forbids converting a string constant to 'char*' [-Wwrite-strings]
/home/xavier/MSc_Project/git_v/Tiny_YOLO_v3_ZYNQ/sw/Tiny_Yolo_v3/Tiny_Yolo_v3.sdk/fp_include/coco_names.h:85:1: warning: ISO C++ forbids converting a string constant to 'char*' [-Wwrite-strings]
/home/xavier/MSc_Project/git_v/Tiny_YOLO_v3_ZYNQ/sw/Tiny_Yolo_v3/Tiny_Yolo_v3.sdk/fp_include/coco_names.h:85:1: warning: ISO C++ forbids converting a string constant to 'char*' [-Wwrite-strings]
/home/xavier/MSc_Project/git_v/Tiny_YOLO_v3_ZYNQ/sw/Tiny_Yolo_v3/Tiny_Yolo_v3.sdk/fp_include/coco_names.h:85:1: warning: ISO C++ forbids converting a string constant to 'char*' [-Wwrite-strings]
/home/xavier/MSc_Project/git_v/Tiny_YOLO_v3_ZYNQ/sw/Tiny_Yolo_v3/Tiny_Yolo_v3.sdk/fp_include/coco_names.h:85:1: warning: ISO C++ forbids converting a string constant to 'char*' [-Wwrite-strings]
/home/xavier/MSc_Project/git_v/Tiny_YOLO_v3_ZYNQ/sw/Tiny_Yolo_v3/Tiny_Yolo_v3.sdk/fp_include/coco_names.h:85:1: warning: ISO C++ forbids converting a string constant to 'char*' [-Wwrite-strings]
/home/xavier/MSc_Project/git_v/Tiny_YOLO_v3_ZYNQ/sw/Tiny_Yolo_v3/Tiny_Yolo_v3.sdk/fp_include/coco_names.h:85:1: warning: ISO C++ forbids converting a string constant to 'char*' [-Wwrite-strings]
/home/xavier/MSc_Project/git_v/Tiny_YOLO_v3_ZYNQ/sw/Tiny_Yolo_v3/Tiny_Yolo_v3.sdk/fp_include/coco_names.h:85:1: warning: ISO C++ forbids converting a string constant to 'char*' [-Wwrite-strings]
/home/xavier/MSc_Project/git_v/Tiny_YOLO_v3_ZYNQ/sw/Tiny_Yolo_v3/Tiny_Yolo_v3.sdk/fp_include/coco_names.h:85:1: warning: ISO C++ forbids converting a string constant to 'char*' [-Wwrite-strings]
/home/xavier/MSc_Project/git_v/Tiny_YOLO_v3_ZYNQ/sw/Tiny_Yolo_v3/Tiny_Yolo_v3.sdk/fp_include/coco_names.h:85:1: warning: ISO C++ forbids converting a string constant to 'char*' [-Wwrite-strings]
/home/xavier/MSc_Project/git_v/Tiny_YOLO_v3_ZYNQ/sw/Tiny_Yolo_v3/Tiny_Yolo_v3.sdk/fp_include/coco_names.h:85:1: warning: ISO C++ forbids converting a string constant to 'char*' [-Wwrite-strings]
/home/xavier/MSc_Project/git_v/Tiny_YOLO_v3_ZYNQ/sw/Tiny_Yolo_v3/Tiny_Yolo_v3.sdk/fp_include/coco_names.h:85:1: warning: ISO C++ forbids converting a string constant to 'char*' [-Wwrite-strings]
/home/xavier/MSc_Project/git_v/Tiny_YOLO_v3_ZYNQ/sw/Tiny_Yolo_v3/Tiny_Yolo_v3.sdk/fp_include/coco_names.h:85:1: warning: ISO C++ forbids converting a string constant to 'char*' [-Wwrite-strings]
/home/xavier/MSc_Project/git_v/Tiny_YOLO_v3_ZYNQ/sw/Tiny_Yolo_v3/Tiny_Yolo_v3.sdk/fp_include/coco_names.h:85:1: warning: ISO C++ forbids converting a string constant to 'char*' [-Wwrite-strings]
/home/xavier/MSc_Project/git_v/Tiny_YOLO_v3_ZYNQ/sw/Tiny_Yolo_v3/Tiny_Yolo_v3.sdk/fp_include/coco_names.h:85:1: warning: ISO C++ forbids converting a string constant to 'char*' [-Wwrite-strings]
/home/xavier/MSc_Project/git_v/Tiny_YOLO_v3_ZYNQ/sw/Tiny_Yolo_v3/Tiny_Yolo_v3.sdk/fp_include/coco_names.h:85:1: warning: ISO C++ forbids converting a string constant to 'char*' [-Wwrite-strings]
/home/xavier/MSc_Project/git_v/Tiny_YOLO_v3_ZYNQ/sw/Tiny_Yolo_v3/Tiny_Yolo_v3.sdk/fp_include/coco_names.h:85:1: warning: ISO C++ forbids converting a string constant to 'char*' [-Wwrite-strings]
/home/xavier/MSc_Project/git_v/Tiny_YOLO_v3_ZYNQ/sw/Tiny_Yolo_v3/Tiny_Yolo_v3.sdk/fp_include/coco_names.h:85:1: warning: ISO C++ forbids converting a string constant to 'char*' [-Wwrite-strings]
/home/xavier/MSc_Project/git_v/Tiny_YOLO_v3_ZYNQ/sw/Tiny_Yolo_v3/Tiny_Yolo_v3.sdk/fp_include/coco_names.h:85:1: warning: ISO C++ forbids converting a string constant to 'char*' [-Wwrite-strings]
/home/xavier/MSc_Project/git_v/Tiny_YOLO_v3_ZYNQ/sw/Tiny_Yolo_v3/Tiny_Yolo_v3.sdk/fp_include/coco_names.h:85:1: warning: ISO C++ forbids converting a string constant to 'char*' [-Wwrite-strings]
/home/xavier/MSc_Project/git_v/Tiny_YOLO_v3_ZYNQ/sw/Tiny_Yolo_v3/Tiny_Yolo_v3.sdk/fp_include/coco_names.h:85:1: warning: ISO C++ forbids converting a string constant to 'char*' [-Wwrite-strings]
/home/xavier/MSc_Project/git_v/Tiny_YOLO_v3_ZYNQ/sw/Tiny_Yolo_v3/Tiny_Yolo_v3.sdk/fp_include/coco_names.h:85:1: warning: ISO C++ forbids converting a string constant to 'char*' [-Wwrite-strings]
/home/xavier/MSc_Project/git_v/Tiny_YOLO_v3_ZYNQ/sw/Tiny_Yolo_v3/Tiny_Yolo_v3.sdk/fp_include/coco_names.h:85:1: warning: ISO C++ forbids converting a string constant to 'char*' [-Wwrite-strings]
/home/xavier/MSc_Project/git_v/Tiny_YOLO_v3_ZYNQ/sw/Tiny_Yolo_v3/Tiny_Yolo_v3.sdk/fp_include/coco_names.h:85:1: warning: ISO C++ forbids converting a string constant to 'char*' [-Wwrite-strings]
/home/xavier/MSc_Project/git_v/Tiny_YOLO_v3_ZYNQ/sw/Tiny_Yolo_v3/Tiny_Yolo_v3.sdk/fp_include/coco_names.h:85:1: warning: ISO C++ forbids converting a string constant to 'char*' [-Wwrite-strings]
/home/xavier/MSc_Project/git_v/Tiny_YOLO_v3_ZYNQ/sw/Tiny_Yolo_v3/Tiny_Yolo_v3.sdk/fp_include/coco_names.h:85:1: warning: ISO C++ forbids converting a string constant to 'char*' [-Wwrite-strings]
/home/xavier/MSc_Project/git_v/Tiny_YOLO_v3_ZYNQ/sw/Tiny_Yolo_v3/Tiny_Yolo_v3.sdk/fp_include/coco_names.h:85:1: warning: ISO C++ forbids converting a string constant to 'char*' [-Wwrite-strings]
In file included from ../src/helloworld.cpp:55:
../../yolo_fp_bsp/ps7_cortexa9_0/include/xtime_l.h:87:70: note: #pragma message: For the sleep routines, Global timer is being used
 #pragma message ("For the sleep routines, Global timer is being used")
                                                                      ^
In file included from /opt/Xilinx_2019_1/Vivado/2019.1/include/ap_common.h:641,
                 from /opt/Xilinx_2019_1/Vivado/2019.1/include/ap_fixed.h:54,
                 from /home/xavier/MSc_Project/git_v/Tiny_YOLO_v3_ZYNQ/sw/Tiny_Yolo_v3/Tiny_Yolo_v3.sdk/fp_include/darknet.h:9,
                 from ../src/helloworld.cpp:49:
/opt/Xilinx_2019_1/Vivado/2019.1/include/etc/ap_private.h: In instantiation of 'void ap_private<_AP_W, _AP_S, true>::clearUnusedBits() volatile [with int _AP_W = 32; bool _AP_S = true]':
/opt/Xilinx_2019_1/Vivado/2019.1/include/etc/ap_private.h:1426:5:   required from 'ap_private<_AP_W, _AP_S>& ap_private<_AP_W, _AP_S, true>::operator=(const ap_private<_AP_W1, _AP_S1>&) [with int _AP_W1 = 16; bool _AP_S1 = true; int _AP_W = 32; bool _AP_S = true]'
/opt/Xilinx_2019_1/Vivado/2019.1/include/ap_fixed_base.h:1116:9:   required from 'typename ap_fixed_base<_AP_W, _AP_I, _AP_S, _AP_Q, _AP_O, _AP_N>::RType<_AP_W2, _AP_I2, _AP_S2>::mult ap_fixed_base<_AP_W, _AP_I, _AP_S, _AP_Q, _AP_O, _AP_N>::operator*(const ap_fixed_base<_AP_W2, _AP_I2, _AP_S2, _AP_Q2, _AP_O2, _AP_N2>&) const [with int _AP_W2 = 16; int _AP_I2 = 8; bool _AP_S2 = true; ap_q_mode _AP_Q2 = (ap_q_mode)4; ap_o_mode _AP_O2 = (ap_o_mode)0; int _AP_N2 = 0; int _AP_W = 16; int _AP_I = 8; bool _AP_S = true; ap_q_mode _AP_Q = (ap_q_mode)4; ap_o_mode _AP_O = (ap_o_mode)0; int _AP_N = 0; typename ap_fixed_base<_AP_W, _AP_I, _AP_S, _AP_Q, _AP_O, _AP_N>::RType<_AP_W2, _AP_I2, _AP_S2>::mult = ap_fixed<32, 16, (ap_q_mode)5, (ap_o_mode)3, 0>]'
/home/xavier/MSc_Project/git_v/Tiny_YOLO_v3_ZYNQ/sw/Tiny_Yolo_v3/Tiny_Yolo_v3.sdk/fp_include/../yolo_fp/src/activations.h:10:110:   required from here
/opt/Xilinx_2019_1/Vivado/2019.1/include/etc/ap_private.h:2144:28: warning: enum constant in boolean context [-Wint-in-bool-context]
             : (excess_bits ? (((uint64_t)VAL) << (excess_bits)) >> (excess_bits)
               ~~~~~~~~~~~~~^~~~~~~~~~~~~~~~~~~~~~~~~~~~~~~~~~~~~~~~~~~~~~~~~~~~~
                            : (uint64_t)VAL));
                            ~~~~~~~~~~~~~~~~
/opt/Xilinx_2019_1/Vivado/2019.1/include/etc/ap_private.h: In instantiation of 'void ap_private<_AP_W, _AP_S, true>::clearUnusedBits() volatile [with int _AP_W = 17; bool _AP_S = true]':
/opt/Xilinx_2019_1/Vivado/2019.1/include/etc/ap_private.h:1426:5:   required from 'ap_private<_AP_W, _AP_S>& ap_private<_AP_W, _AP_S, true>::operator=(const ap_private<_AP_W1, _AP_S1>&) [with int _AP_W1 = 18; bool _AP_S1 = true; int _AP_W = 17; bool _AP_S = true]'
/opt/Xilinx_2019_1/Vivado/2019.1/include/ap_fixed_base.h:1253:9:   required from 'ap_fixed_base<(_AP_W + 1), (_AP_I + 1), true> ap_fixed_base<_AP_W, _AP_I, _AP_S, _AP_Q, _AP_O, _AP_N>::operator-() const [with int _AP_W = 16; int _AP_I = 8; bool _AP_S = true; ap_q_mode _AP_Q = (ap_q_mode)4; ap_o_mode _AP_O = (ap_o_mode)0; int _AP_N = 0]'
/home/xavier/MSc_Project/git_v/Tiny_YOLO_v3_ZYNQ/sw/Tiny_Yolo_v3/Tiny_Yolo_v3.sdk/fp_include/../yolo_fp/src/activations.h:11:133:   required from here
/opt/Xilinx_2019_1/Vivado/2019.1/include/etc/ap_private.h:2144:28: warning: enum constant in boolean context [-Wint-in-bool-context]
/opt/Xilinx_2019_1/Vivado/2019.1/include/etc/ap_private.h: In instantiation of 'void ap_private<_AP_W, _AP_S, true>::clearUnusedBits() volatile [with int _AP_W = 24; bool _AP_S = true]':
/opt/Xilinx_2019_1/Vivado/2019.1/include/etc/ap_private.h:1426:5:   required from 'ap_private<_AP_W, _AP_S>& ap_private<_AP_W, _AP_S, true>::operator=(const ap_private<_AP_W1, _AP_S1>&) [with int _AP_W1 = 16; bool _AP_S1 = true; int _AP_W = 24; bool _AP_S = true]'
/opt/Xilinx_2019_1/Vivado/2019.1/include/ap_fixed_base.h:1136:12:   required from 'typename ap_fixed_base<_AP_W, _AP_I, _AP_S, _AP_Q, _AP_O, _AP_N>::RType<_AP_W2, _AP_I2, _AP_S2>::div ap_fixed_base<_AP_W, _AP_I, _AP_S, _AP_Q, _AP_O, _AP_N>::operator/(const ap_fixed_base<_AP_W2, _AP_I2, _AP_S2, _AP_Q2, _AP_O2, _AP_N2>&) const [with int _AP_W2 = 17; int _AP_I2 = 9; bool _AP_S2 = true; ap_q_mode _AP_Q2 = (ap_q_mode)5; ap_o_mode _AP_O2 = (ap_o_mode)3; int _AP_N2 = 0; int _AP_W = 16; int _AP_I = 8; bool _AP_S = true; ap_q_mode _AP_Q = (ap_q_mode)4; ap_o_mode _AP_O = (ap_o_mode)0; int _AP_N = 0; typename ap_fixed_base<_AP_W, _AP_I, _AP_S, _AP_Q, _AP_O, _AP_N>::RType<_AP_W2, _AP_I2, _AP_S2>::div = ap_fixed<25, 17, (ap_q_mode)5, (ap_o_mode)3, 0>]'
/home/xavier/MSc_Project/git_v/Tiny_YOLO_v3_ZYNQ/sw/Tiny_Yolo_v3/Tiny_Yolo_v3.sdk/fp_include/../yolo_fp/src/activations.h:11:135:   required from here
/opt/Xilinx_2019_1/Vivado/2019.1/include/etc/ap_private.h:2144:28: warning: enum constant in boolean context [-Wint-in-bool-context]
/opt/Xilinx_2019_1/Vivado/2019.1/include/etc/ap_private.h: In instantiation of 'void ap_private<_AP_W, _AP_S, true>::clearUnusedBits() volatile [with int _AP_W = 25; bool _AP_S = true]':
/opt/Xilinx_2019_1/Vivado/2019.1/include/etc/ap_private.h:1426:5:   required from 'ap_private<_AP_W, _AP_S>& ap_private<_AP_W, _AP_S, true>::operator=(const ap_private<_AP_W1, _AP_S1>&) [with int _AP_W1 = 24; bool _AP_S1 = true; int _AP_W = 25; bool _AP_S = true]'
/opt/Xilinx_2019_1/Vivado/2019.1/include/ap_fixed_base.h:1141:9:   required from 'typename ap_fixed_base<_AP_W, _AP_I, _AP_S, _AP_Q, _AP_O, _AP_N>::RType<_AP_W2, _AP_I2, _AP_S2>::div ap_fixed_base<_AP_W, _AP_I, _AP_S, _AP_Q, _AP_O, _AP_N>::operator/(const ap_fixed_base<_AP_W2, _AP_I2, _AP_S2, _AP_Q2, _AP_O2, _AP_N2>&) const [with int _AP_W2 = 17; int _AP_I2 = 9; bool _AP_S2 = true; ap_q_mode _AP_Q2 = (ap_q_mode)5; ap_o_mode _AP_O2 = (ap_o_mode)3; int _AP_N2 = 0; int _AP_W = 16; int _AP_I = 8; bool _AP_S = true; ap_q_mode _AP_Q = (ap_q_mode)4; ap_o_mode _AP_O = (ap_o_mode)0; int _AP_N = 0; typename ap_fixed_base<_AP_W, _AP_I, _AP_S, _AP_Q, _AP_O, _AP_N>::RType<_AP_W2, _AP_I2, _AP_S2>::div = ap_fixed<25, 17, (ap_q_mode)5, (ap_o_mode)3, 0>]'
/home/xavier/MSc_Project/git_v/Tiny_YOLO_v3_ZYNQ/sw/Tiny_Yolo_v3/Tiny_Yolo_v3.sdk/fp_include/../yolo_fp/src/activations.h:11:135:   required from here
/opt/Xilinx_2019_1/Vivado/2019.1/include/etc/ap_private.h:2144:28: warning: enum constant in boolean context [-Wint-in-bool-context]
/opt/Xilinx_2019_1/Vivado/2019.1/include/etc/ap_private.h: In instantiation of 'void ap_private<_AP_W, _AP_S, true>::clearUnusedBits() volatile [with int _AP_W = 54; bool _AP_S = true]':
/opt/Xilinx_2019_1/Vivado/2019.1/include/etc/ap_private.h:1447:5:   required from 'ap_private<_AP_W, _AP_S, true>& ap_private<_AP_W, _AP_S, true>::operator=(const ap_private<_AP_W, _AP_S, true>&) [with int _AP_W = 54; bool _AP_S = true]'
/opt/Xilinx_2019_1/Vivado/2019.1/include/ap_fixed_base.h:569:11:   required from 'ap_fixed_base<_AP_W, _AP_I, _AP_S, _AP_Q, _AP_O, _AP_N>::ap_fixed_base(double) [with int _AP_W = 16; int _AP_I = 8; bool _AP_S = true; ap_q_mode _AP_Q = (ap_q_mode)4; ap_o_mode _AP_O = (ap_o_mode)0; int _AP_N = 0]'
/opt/Xilinx_2019_1/Vivado/2019.1/include/ap_fixed.h:189:3:   required from 'ap_fixed<_AP_W, _AP_I, _AP_Q, _AP_O, _AP_N>::ap_fixed(double) [with int _AP_W = 16; int _AP_I = 8; ap_q_mode _AP_Q = (ap_q_mode)4; ap_o_mode _AP_O = (ap_o_mode)0; int _AP_N = 0]'
/home/xavier/MSc_Project/git_v/Tiny_YOLO_v3_ZYNQ/sw/Tiny_Yolo_v3/Tiny_Yolo_v3.sdk/fp_include/../yolo_fp/src/activations.h:10:107:   required from here
/opt/Xilinx_2019_1/Vivado/2019.1/include/etc/ap_private.h:2144:28: warning: enum constant in boolean context [-Wint-in-bool-context]
/opt/Xilinx_2019_1/Vivado/2019.1/include/etc/ap_private.h: In instantiation of 'void ap_private<_AP_W, _AP_S, true>::clearUnusedBits() volatile [with int _AP_W = 16; bool _AP_S = true]':
/opt/Xilinx_2019_1/Vivado/2019.1/include/etc/ap_private.h:1485:1:   required from 'ap_private<_AP_W, _AP_S, true>& ap_private<_AP_W, _AP_S, true>::operator=(int) [with int _AP_W = 16; bool _AP_S = true]'
/opt/Xilinx_2019_1/Vivado/2019.1/include/ap_fixed_base.h:572:15:   required from 'ap_fixed_base<_AP_W, _AP_I, _AP_S, _AP_Q, _AP_O, _AP_N>::ap_fixed_base(double) [with int _AP_W = 16; int _AP_I = 8; bool _AP_S = true; ap_q_mode _AP_Q = (ap_q_mode)4; ap_o_mode _AP_O = (ap_o_mode)0; int _AP_N = 0]'
/opt/Xilinx_2019_1/Vivado/2019.1/include/ap_fixed.h:189:3:   required from 'ap_fixed<_AP_W, _AP_I, _AP_Q, _AP_O, _AP_N>::ap_fixed(double) [with int _AP_W = 16; int _AP_I = 8; ap_q_mode _AP_Q = (ap_q_mode)4; ap_o_mode _AP_O = (ap_o_mode)0; int _AP_N = 0]'
/home/xavier/MSc_Project/git_v/Tiny_YOLO_v3_ZYNQ/sw/Tiny_Yolo_v3/Tiny_Yolo_v3.sdk/fp_include/../yolo_fp/src/activations.h:10:107:   required from here
/opt/Xilinx_2019_1/Vivado/2019.1/include/etc/ap_private.h:2144:28: warning: enum constant in boolean context [-Wint-in-bool-context]
/opt/Xilinx_2019_1/Vivado/2019.1/include/etc/ap_private.h: In instantiation of 'void ap_private<_AP_W, _AP_S, true>::clearUnusedBits() volatile [with int _AP_W = 54; bool _AP_S = false]':
/opt/Xilinx_2019_1/Vivado/2019.1/include/etc/ap_private.h:1426:5:   required from 'ap_private<_AP_W, _AP_S>& ap_private<_AP_W, _AP_S, true>::operator=(const ap_private<_AP_W1, _AP_S1>&) [with int _AP_W1 = 54; bool _AP_S1 = true; int _AP_W = 54; bool _AP_S = false]'
/opt/Xilinx_2019_1/Vivado/2019.1/include/ap_fixed_base.h:634:22:   required from 'ap_fixed_base<_AP_W, _AP_I, _AP_S, _AP_Q, _AP_O, _AP_N>::ap_fixed_base(double) [with int _AP_W = 16; int _AP_I = 8; bool _AP_S = true; ap_q_mode _AP_Q = (ap_q_mode)4; ap_o_mode _AP_O = (ap_o_mode)0; int _AP_N = 0]'
/opt/Xilinx_2019_1/Vivado/2019.1/include/ap_fixed.h:189:3:   required from 'ap_fixed<_AP_W, _AP_I, _AP_Q, _AP_O, _AP_N>::ap_fixed(double) [with int _AP_W = 16; int _AP_I = 8; ap_q_mode _AP_Q = (ap_q_mode)4; ap_o_mode _AP_O = (ap_o_mode)0; int _AP_N = 0]'
/home/xavier/MSc_Project/git_v/Tiny_YOLO_v3_ZYNQ/sw/Tiny_Yolo_v3/Tiny_Yolo_v3.sdk/fp_include/../yolo_fp/src/activations.h:10:107:   required from here
/opt/Xilinx_2019_1/Vivado/2019.1/include/etc/ap_private.h:2144:28: warning: enum constant in boolean context [-Wint-in-bool-context]
/opt/Xilinx_2019_1/Vivado/2019.1/include/etc/ap_private.h: In instantiation of 'void ap_private<_AP_W, _AP_S, true>::clearUnusedBits() volatile [with int _AP_W = 1; bool _AP_S = false]':
/opt/Xilinx_2019_1/Vivado/2019.1/include/etc/ap_private.h:1647:3:   required from 'ap_private<_AP_W, _AP_S, true>::ap_private(int) [with int _AP_W = 1; bool _AP_S = false]'
/opt/Xilinx_2019_1/Vivado/2019.1/include/etc/ap_private.h:1768:12:   required from 'typename ap_private<_AP_W, _AP_S, true>::RType<1, false>::minus ap_private<_AP_W, _AP_S, true>::operator-() const [with int _AP_W = 17; bool _AP_S = true; typename ap_private<_AP_W, _AP_S, true>::RType<1, false>::minus = ap_private<18, true, true>]'
/opt/Xilinx_2019_1/Vivado/2019.1/include/ap_fixed_base.h:1253:11:   required from 'ap_fixed_base<(_AP_W + 1), (_AP_I + 1), true> ap_fixed_base<_AP_W, _AP_I, _AP_S, _AP_Q, _AP_O, _AP_N>::operator-() const [with int _AP_W = 16; int _AP_I = 8; bool _AP_S = true; ap_q_mode _AP_Q = (ap_q_mode)4; ap_o_mode _AP_O = (ap_o_mode)0; int _AP_N = 0]'
/home/xavier/MSc_Project/git_v/Tiny_YOLO_v3_ZYNQ/sw/Tiny_Yolo_v3/Tiny_Yolo_v3.sdk/fp_include/../yolo_fp/src/activations.h:11:133:   required from here
/opt/Xilinx_2019_1/Vivado/2019.1/include/etc/ap_private.h:2144:28: warning: enum constant in boolean context [-Wint-in-bool-context]
/opt/Xilinx_2019_1/Vivado/2019.1/include/etc/ap_private.h: In instantiation of 'void ap_private<_AP_W, _AP_S, true>::clearUnusedBits() volatile [with int _AP_W = 17; bool _AP_S = false]':
/opt/Xilinx_2019_1/Vivado/2019.1/include/etc/ap_private.h:1426:5:   required from 'ap_private<_AP_W, _AP_S>& ap_private<_AP_W, _AP_S, true>::operator=(const ap_private<_AP_W1, _AP_S1>&) [with int _AP_W1 = 18; bool _AP_S1 = true; int _AP_W = 17; bool _AP_S = false]'
/opt/Xilinx_2019_1/Vivado/2019.1/include/ap_fixed_base.h:889:13:   required from 'double ap_fixed_base<_AP_W, _AP_I, _AP_S, _AP_Q, _AP_O, _AP_N>::to_double() const [with int _AP_W = 17; int _AP_I = 9; bool _AP_S = true; ap_q_mode _AP_Q = (ap_q_mode)5; ap_o_mode _AP_O = (ap_o_mode)3; int _AP_N = 0]'
/opt/Xilinx_2019_1/Vivado/2019.1/include/ap_fixed_base.h:1024:43:   required from 'ap_fixed_base<_AP_W, _AP_I, _AP_S, _AP_Q, _AP_O, _AP_N>::operator double() const [with int _AP_W = 17; int _AP_I = 9; bool _AP_S = true; ap_q_mode _AP_Q = (ap_q_mode)5; ap_o_mode _AP_O = (ap_o_mode)3; int _AP_N = 0]'
/home/xavier/MSc_Project/git_v/Tiny_YOLO_v3_ZYNQ/sw/Tiny_Yolo_v3/Tiny_Yolo_v3.sdk/fp_include/../yolo_fp/src/activations.h:11:133:   required from here
/opt/Xilinx_2019_1/Vivado/2019.1/include/etc/ap_private.h:2144:28: warning: enum constant in boolean context [-Wint-in-bool-context]
/opt/Xilinx_2019_1/Vivado/2019.1/include/etc/ap_private.h: In instantiation of 'void ap_private<_AP_W, _AP_S, true>::clearUnusedBits() volatile [with int _AP_W = 18; bool _AP_S = true]':
/opt/Xilinx_2019_1/Vivado/2019.1/include/etc/ap_private.h:1652:3:   required from 'ap_private<_AP_W, _AP_S, true>::ap_private(ap_ulong) [with int _AP_W = 18; bool _AP_S = true; ap_ulong = long long unsigned int]'
/opt/Xilinx_2019_1/Vivado/2019.1/include/etc/ap_private.h:2069:46:   required from 'typename ap_private<_AP_W, _AP_S, true>::RType<_AP_W2, _AP_S2>::plus ap_private<_AP_W, _AP_S, true>::operator+(const ap_private<_AP_W1, _AP_S1>&) const [with int _AP_W1 = 17; bool _AP_S1 = true; int _AP_W = 17; bool _AP_S = true; typename ap_private<_AP_W, _AP_S, true>::RType<_AP_W2, _AP_S2>::plus = ap_private<18, true, true>]'
/opt/Xilinx_2019_1/Vivado/2019.1/include/ap_fixed_base.h:1192:3:   required from 'typename ap_fixed_base<_AP_W, _AP_I, _AP_S, _AP_Q, _AP_O, _AP_N>::RType<_AP_W2, _AP_I2, _AP_S2>::plus ap_fixed_base<_AP_W, _AP_I, _AP_S, _AP_Q, _AP_O, _AP_N>::operator+(const ap_fixed_base<_AP_W2, _AP_I2, _AP_S2, _AP_Q2, _AP_O2, _AP_N2>&) const [with int _AP_W2 = 16; int _AP_I2 = 8; bool _AP_S2 = true; ap_q_mode _AP_Q2 = (ap_q_mode)4; ap_o_mode _AP_O2 = (ap_o_mode)0; int _AP_N2 = 0; int _AP_W = 16; int _AP_I = 8; bool _AP_S = true; ap_q_mode _AP_Q = (ap_q_mode)4; ap_o_mode _AP_O = (ap_o_mode)0; int _AP_N = 0; typename ap_fixed_base<_AP_W, _AP_I, _AP_S, _AP_Q, _AP_O, _AP_N>::RType<_AP_W2, _AP_I2, _AP_S2>::plus = ap_fixed<17, 9, (ap_q_mode)5, (ap_o_mode)3, 0>]'
/home/xavier/MSc_Project/git_v/Tiny_YOLO_v3_ZYNQ/sw/Tiny_Yolo_v3/Tiny_Yolo_v3.sdk/fp_include/../yolo_fp/src/activations.h:11:134:   required from here
/opt/Xilinx_2019_1/Vivado/2019.1/include/etc/ap_private.h:2144:28: warning: enum constant in boolean context [-Wint-in-bool-context]
/opt/Xilinx_2019_1/Vivado/2019.1/include/etc/ap_private.h: In instantiation of 'void ap_private<_AP_W, _AP_S, true>::clearUnusedBits() volatile [with int _AP_W = 33; bool _AP_S = true]':
/opt/Xilinx_2019_1/Vivado/2019.1/include/etc/ap_private.h:1662:5:   required from 'ap_private<_AP_W, _AP_S, true>::ap_private(const ap_private<_AP_W1, _AP_S1, _AP_OPT>&) [with int _AP_W1 = 16; bool _AP_S1 = true; bool _AP_OPT = true; int _AP_W = 33; bool _AP_S = true]'
/opt/Xilinx_2019_1/Vivado/2019.1/include/etc/ap_private.h:2617:34:   required from 'bool ap_private<_AP_W, _AP_S, true>::operator>(const ap_private<_AP_W1, _AP_S1>&) const [with int _AP_W2 = 32; bool _AP_S2 = true; int _AP_W = 16; bool _AP_S = true]'
/opt/Xilinx_2019_1/Vivado/2019.1/include/ap_fixed_base.h:1494:3:   required from 'bool ap_fixed_base<_AP_W, _AP_I, _AP_S, _AP_Q, _AP_O, _AP_N>::operator>(const ap_fixed_base<_AP_W2, _AP_I2, _AP_S2, _AP_Q2, _AP_O2, _AP_N2>&) const [with int _AP_W2 = 32; int _AP_I2 = 32; bool _AP_S2 = true; ap_q_mode _AP_Q2 = (ap_q_mode)5; ap_o_mode _AP_O2 = (ap_o_mode)3; int _AP_N2 = 0; int _AP_W = 16; int _AP_I = 8; bool _AP_S = true; ap_q_mode _AP_Q = (ap_q_mode)4; ap_o_mode _AP_O = (ap_o_mode)0; int _AP_N = 0]'
/opt/Xilinx_2019_1/Vivado/2019.1/include/ap_fixed_base.h:2219:1:   required from 'bool operator>(const ap_fixed_base<_AP_W, _AP_I, _AP_S, _AP_Q, _AP_O, _AP_N>&, int) [with int _AP_W = 16; int _AP_I = 8; bool _AP_S = true; ap_q_mode _AP_Q = (ap_q_mode)4; ap_o_mode _AP_O = (ap_o_mode)0; int _AP_N = 0]'
/home/xavier/MSc_Project/git_v/Tiny_YOLO_v3_ZYNQ/sw/Tiny_Yolo_v3/Tiny_Yolo_v3.sdk/fp_include/../yolo_fp/src/activations.h:10:69:   required from here
/opt/Xilinx_2019_1/Vivado/2019.1/include/etc/ap_private.h:2144:28: warning: enum constant in boolean context [-Wint-in-bool-context]
/opt/Xilinx_2019_1/Vivado/2019.1/include/etc/ap_private.h: In instantiation of 'void ap_private<_AP_W, _AP_S, true>::clearUnusedBits() volatile [with int _AP_W = 41; bool _AP_S = true]':
/opt/Xilinx_2019_1/Vivado/2019.1/include/etc/ap_private.h:1662:5:   required from 'ap_private<_AP_W, _AP_S, true>::ap_private(const ap_private<_AP_W1, _AP_S1, _AP_OPT>&) [with int _AP_W1 = 16; bool _AP_S1 = true; bool _AP_OPT = true; int _AP_W = 41; bool _AP_S = true]'
/opt/Xilinx_2019_1/Vivado/2019.1/include/etc/ap_private.h:2617:34:   required from 'bool ap_private<_AP_W, _AP_S, true>::operator>(const ap_private<_AP_W1, _AP_S1>&) const [with int _AP_W2 = 40; bool _AP_S2 = true; int _AP_W = 16; bool _AP_S = true]'
/opt/Xilinx_2019_1/Vivado/2019.1/include/ap_fixed_base.h:1494:3:   required from 'bool ap_fixed_base<_AP_W, _AP_I, _AP_S, _AP_Q, _AP_O, _AP_N>::operator>(const ap_fixed_base<_AP_W2, _AP_I2, _AP_S2, _AP_Q2, _AP_O2, _AP_N2>&) const [with int _AP_W2 = 32; int _AP_I2 = 32; bool _AP_S2 = true; ap_q_mode _AP_Q2 = (ap_q_mode)5; ap_o_mode _AP_O2 = (ap_o_mode)3; int _AP_N2 = 0; int _AP_W = 16; int _AP_I = 8; bool _AP_S = true; ap_q_mode _AP_Q = (ap_q_mode)4; ap_o_mode _AP_O = (ap_o_mode)0; int _AP_N = 0]'
/opt/Xilinx_2019_1/Vivado/2019.1/include/ap_fixed_base.h:2219:1:   required from 'bool operator>(const ap_fixed_base<_AP_W, _AP_I, _AP_S, _AP_Q, _AP_O, _AP_N>&, int) [with int _AP_W = 16; int _AP_I = 8; bool _AP_S = true; ap_q_mode _AP_Q = (ap_q_mode)4; ap_o_mode _AP_O = (ap_o_mode)0; int _AP_N = 0]'
/home/xavier/MSc_Project/git_v/Tiny_YOLO_v3_ZYNQ/sw/Tiny_Yolo_v3/Tiny_Yolo_v3.sdk/fp_include/../yolo_fp/src/activations.h:10:69:   required from here
/opt/Xilinx_2019_1/Vivado/2019.1/include/etc/ap_private.h:2144:28: warning: enum constant in boolean context [-Wint-in-bool-context]
/opt/Xilinx_2019_1/Vivado/2019.1/include/etc/ap_private.h: In instantiation of 'void ap_private<_AP_W, _AP_S, true>::clearUnusedBits() volatile [with int _AP_W = 11; bool _AP_S = false]':
/opt/Xilinx_2019_1/Vivado/2019.1/include/etc/ap_private.h:1426:5:   required from 'ap_private<_AP_W, _AP_S>& ap_private<_AP_W, _AP_S, true>::operator=(const ap_private<_AP_W1, _AP_S1>&) [with int _AP_W1 = 64; bool _AP_S1 = false; int _AP_W = 11; bool _AP_S = false]'
/opt/Xilinx_2019_1/Vivado/2019.1/include/etc/ap_private.h:1466:11:   required from 'ap_private<_AP_W, _AP_S, true>& ap_private<_AP_W, _AP_S, true>::operator=(const _private_range_ref<_AP_W2, _AP_S2>&) [with int _AP_W2 = 64; bool _AP_S2 = false; int _AP_W = 11; bool _AP_S = false]'
/opt/Xilinx_2019_1/Vivado/2019.1/include/ap_fixed_base.h:561:15:   required from 'ap_fixed_base<_AP_W, _AP_I, _AP_S, _AP_Q, _AP_O, _AP_N>::ap_fixed_base(double) [with int _AP_W = 16; int _AP_I = 8; bool _AP_S = true; ap_q_mode _AP_Q = (ap_q_mode)4; ap_o_mode _AP_O = (ap_o_mode)0; int _AP_N = 0]'
/opt/Xilinx_2019_1/Vivado/2019.1/include/ap_fixed.h:189:3:   required from 'ap_fixed<_AP_W, _AP_I, _AP_Q, _AP_O, _AP_N>::ap_fixed(double) [with int _AP_W = 16; int _AP_I = 8; ap_q_mode _AP_Q = (ap_q_mode)4; ap_o_mode _AP_O = (ap_o_mode)0; int _AP_N = 0]'
/home/xavier/MSc_Project/git_v/Tiny_YOLO_v3_ZYNQ/sw/Tiny_Yolo_v3/Tiny_Yolo_v3.sdk/fp_include/../yolo_fp/src/activations.h:10:107:   required from here
/opt/Xilinx_2019_1/Vivado/2019.1/include/etc/ap_private.h:2144:28: warning: enum constant in boolean context [-Wint-in-bool-context]
/opt/Xilinx_2019_1/Vivado/2019.1/include/etc/ap_private.h: In instantiation of 'void ap_private<_AP_W, _AP_S, true>::clearUnusedBits() volatile [with int _AP_W = 12; bool _AP_S = true]':
/opt/Xilinx_2019_1/Vivado/2019.1/include/etc/ap_private.h:1426:5:   required from 'ap_private<_AP_W, _AP_S>& ap_private<_AP_W, _AP_S, true>::operator=(const ap_private<_AP_W1, _AP_S1>&) [with int _AP_W1 = 33; bool _AP_S1 = true; int _AP_W = 12; bool _AP_S = true]'
/opt/Xilinx_2019_1/Vivado/2019.1/include/ap_int_base.h:461:13:   required from 'ap_int_base<_AP_W, _AP_S>& ap_int_base<_AP_W, _AP_S>::operator=(const ap_int_base<_AP_W2, _AP_S2>&) [with int _AP_W2 = 33; bool _AP_S2 = true; int _AP_W = 12; bool _AP_S = true]'
/opt/Xilinx_2019_1/Vivado/2019.1/include/ap_fixed_base.h:563:9:   required from 'ap_fixed_base<_AP_W, _AP_I, _AP_S, _AP_Q, _AP_O, _AP_N>::ap_fixed_base(double) [with int _AP_W = 16; int _AP_I = 8; bool _AP_S = true; ap_q_mode _AP_Q = (ap_q_mode)4; ap_o_mode _AP_O = (ap_o_mode)0; int _AP_N = 0]'
/opt/Xilinx_2019_1/Vivado/2019.1/include/ap_fixed.h:189:3:   required from 'ap_fixed<_AP_W, _AP_I, _AP_Q, _AP_O, _AP_N>::ap_fixed(double) [with int _AP_W = 16; int _AP_I = 8; ap_q_mode _AP_Q = (ap_q_mode)4; ap_o_mode _AP_O = (ap_o_mode)0; int _AP_N = 0]'
/home/xavier/MSc_Project/git_v/Tiny_YOLO_v3_ZYNQ/sw/Tiny_Yolo_v3/Tiny_Yolo_v3.sdk/fp_include/../yolo_fp/src/activations.h:10:107:   required from here
/opt/Xilinx_2019_1/Vivado/2019.1/include/etc/ap_private.h:2144:28: warning: enum constant in boolean context [-Wint-in-bool-context]
/opt/Xilinx_2019_1/Vivado/2019.1/include/etc/ap_private.h: In instantiation of 'void ap_private<_AP_W, _AP_S, false>::clearUnusedBits() volatile [with int _AP_W = 65; bool _AP_S = true]':
/opt/Xilinx_2019_1/Vivado/2019.1/include/etc/ap_private.h:3279:7:   required from 'ap_private<_AP_W, _AP_S, false>::ap_private(const ap_private<_AP_W, _AP_S, false>&) [with int _AP_W = 65; bool _AP_S = true]'
/opt/Xilinx_2019_1/Vivado/2019.1/include/etc/ap_private.h:6921:1:   required from 'typename ap_private<_AP_W, _AP_S>::RType<(sizeof (ap_slong) * 8), true>::logic operator&(const ap_private<_AP_W, _AP_S>&, ap_slong) [with int _AP_W = 64; bool _AP_S = false; typename ap_private<_AP_W, _AP_S>::RType<(sizeof (ap_slong) * 8), true>::logic = ap_private<65, true, false>; ap_slong = long long int]'
/opt/Xilinx_2019_1/Vivado/2019.1/include/ap_fixed_base.h:571:17:   required from 'ap_fixed_base<_AP_W, _AP_I, _AP_S, _AP_Q, _AP_O, _AP_N>::ap_fixed_base(double) [with int _AP_W = 16; int _AP_I = 8; bool _AP_S = true; ap_q_mode _AP_Q = (ap_q_mode)4; ap_o_mode _AP_O = (ap_o_mode)0; int _AP_N = 0]'
/opt/Xilinx_2019_1/Vivado/2019.1/include/ap_fixed.h:189:3:   required from 'ap_fixed<_AP_W, _AP_I, _AP_Q, _AP_O, _AP_N>::ap_fixed(double) [with int _AP_W = 16; int _AP_I = 8; ap_q_mode _AP_Q = (ap_q_mode)4; ap_o_mode _AP_O = (ap_o_mode)0; int _AP_N = 0]'
/home/xavier/MSc_Project/git_v/Tiny_YOLO_v3_ZYNQ/sw/Tiny_Yolo_v3/Tiny_Yolo_v3.sdk/fp_include/../yolo_fp/src/activations.h:10:107:   required from here
/opt/Xilinx_2019_1/Vivado/2019.1/include/etc/ap_private.h:3427:22: warning: enum constant in boolean context [-Wint-in-bool-context]
               : (excess_bits
                 ~~~~~~~~~~~~
                      ? ((pVal[_AP_N - 1]) << (excess_bits)) >> (excess_bits)
                      ^~~~~~~~~~~~~~~~~~~~~~~~~~~~~~~~~~~~~~~~~~~~~~~~~~~~~~~
                      : pVal[_AP_N - 1]);
                      ~~~~~~~~~~~~~~~~~~
/opt/Xilinx_2019_1/Vivado/2019.1/include/etc/ap_private.h: In instantiation of 'void ap_private<_AP_W, _AP_S, true>::clearUnusedBits() volatile [with int _AP_W = 16; bool _AP_S = false]':
/opt/Xilinx_2019_1/Vivado/2019.1/include/etc/ap_private.h:1485:1:   required from 'ap_private<_AP_W, _AP_S, true>& ap_private<_AP_W, _AP_S, true>::operator=(int) [with int _AP_W = 16; bool _AP_S = false]'
/opt/Xilinx_2019_1/Vivado/2019.1/include/ap_fixed_base.h:350:28:   required from 'void ap_fixed_base<_AP_W, _AP_I, _AP_S, _AP_Q, _AP_O, _AP_N>::overflow_adjust(bool, bool, bool, bool) [with int _AP_W = 16; int _AP_I = 8; bool _AP_S = true; ap_q_mode _AP_Q = (ap_q_mode)4; ap_o_mode _AP_O = (ap_o_mode)0; int _AP_N = 0]'
/opt/Xilinx_2019_1/Vivado/2019.1/include/ap_fixed_base.h:665:9:   required from 'ap_fixed_base<_AP_W, _AP_I, _AP_S, _AP_Q, _AP_O, _AP_N>::ap_fixed_base(double) [with int _AP_W = 16; int _AP_I = 8; bool _AP_S = true; ap_q_mode _AP_Q = (ap_q_mode)4; ap_o_mode _AP_O = (ap_o_mode)0; int _AP_N = 0]'
/opt/Xilinx_2019_1/Vivado/2019.1/include/ap_fixed.h:189:3:   required from 'ap_fixed<_AP_W, _AP_I, _AP_Q, _AP_O, _AP_N>::ap_fixed(double) [with int _AP_W = 16; int _AP_I = 8; ap_q_mode _AP_Q = (ap_q_mode)4; ap_o_mode _AP_O = (ap_o_mode)0; int _AP_N = 0]'
/home/xavier/MSc_Project/git_v/Tiny_YOLO_v3_ZYNQ/sw/Tiny_Yolo_v3/Tiny_Yolo_v3.sdk/fp_include/../yolo_fp/src/activations.h:10:107:   required from here
/opt/Xilinx_2019_1/Vivado/2019.1/include/etc/ap_private.h:2144:28: warning: enum constant in boolean context [-Wint-in-bool-context]
             : (excess_bits ? (((uint64_t)VAL) << (excess_bits)) >> (excess_bits)
               ~~~~~~~~~~~~~^~~~~~~~~~~~~~~~~~~~~~~~~~~~~~~~~~~~~~~~~~~~~~~~~~~~~
                            : (uint64_t)VAL));
                            ~~~~~~~~~~~~~~~~
/opt/Xilinx_2019_1/Vivado/2019.1/include/etc/ap_private.h: In instantiation of 'void ap_private<_AP_W, _AP_S, true>::clearUnusedBits() volatile [with int _AP_W = 40; bool _AP_S = true]':
/opt/Xilinx_2019_1/Vivado/2019.1/include/etc/ap_private.h:1631:5:   required from 'ap_private<_AP_W, _AP_S, true>::ap_private() [with int _AP_W = 40; bool _AP_S = true]'
/opt/Xilinx_2019_1/Vivado/2019.1/include/ap_common.h:637:18:   required from 'ssdm_int_sim<_AP_W, _AP_S>::ssdm_int_sim() [with int _AP_W = 40; bool _AP_S = true]'
/opt/Xilinx_2019_1/Vivado/2019.1/include/ap_fixed_base.h:430:80:   required from 'ap_fixed_base<_AP_W, _AP_I, _AP_S, _AP_Q, _AP_O, _AP_N>::ap_fixed_base(const ap_fixed_base<_AP_W2, _AP_I2, _AP_S2, _AP_Q2, _AP_O2, _AP_N2>&) [with int _AP_W2 = 32; int _AP_I2 = 32; bool _AP_S2 = true; ap_q_mode _AP_Q2 = (ap_q_mode)5; ap_o_mode _AP_O2 = (ap_o_mode)3; int _AP_N2 = 0; int _AP_W = 40; int _AP_I = 32; bool _AP_S = true; ap_q_mode _AP_Q = (ap_q_mode)5; ap_o_mode _AP_O = (ap_o_mode)3; int _AP_N = 0]'
/opt/Xilinx_2019_1/Vivado/2019.1/include/ap_fixed_base.h:1494:3:   required from 'bool ap_fixed_base<_AP_W, _AP_I, _AP_S, _AP_Q, _AP_O, _AP_N>::operator>(const ap_fixed_base<_AP_W2, _AP_I2, _AP_S2, _AP_Q2, _AP_O2, _AP_N2>&) const [with int _AP_W2 = 32; int _AP_I2 = 32; bool _AP_S2 = true; ap_q_mode _AP_Q2 = (ap_q_mode)5; ap_o_mode _AP_O2 = (ap_o_mode)3; int _AP_N2 = 0; int _AP_W = 16; int _AP_I = 8; bool _AP_S = true; ap_q_mode _AP_Q = (ap_q_mode)4; ap_o_mode _AP_O = (ap_o_mode)0; int _AP_N = 0]'
/opt/Xilinx_2019_1/Vivado/2019.1/include/ap_fixed_base.h:2219:1:   required from 'bool operator>(const ap_fixed_base<_AP_W, _AP_I, _AP_S, _AP_Q, _AP_O, _AP_N>&, int) [with int _AP_W = 16; int _AP_I = 8; bool _AP_S = true; ap_q_mode _AP_Q = (ap_q_mode)4; ap_o_mode _AP_O = (ap_o_mode)0; int _AP_N = 0]'
/home/xavier/MSc_Project/git_v/Tiny_YOLO_v3_ZYNQ/sw/Tiny_Yolo_v3/Tiny_Yolo_v3.sdk/fp_include/../yolo_fp/src/activations.h:10:69:   required from here
/opt/Xilinx_2019_1/Vivado/2019.1/include/etc/ap_private.h:2144:28: warning: enum constant in boolean context [-Wint-in-bool-context]
/opt/Xilinx_2019_1/Vivado/2019.1/include/etc/ap_private.h: In instantiation of 'void ap_private<_AP_W, _AP_S, true>::clearUnusedBits() volatile [with int _AP_W = 9; bool _AP_S = true]':
/opt/Xilinx_2019_1/Vivado/2019.1/include/etc/ap_private.h:1631:5:   required from 'ap_private<_AP_W, _AP_S, true>::ap_private() [with int _AP_W = 9; bool _AP_S = true]'
/opt/Xilinx_2019_1/Vivado/2019.1/include/ap_common.h:637:18:   required from 'ssdm_int_sim<_AP_W, _AP_S>::ssdm_int_sim() [with int _AP_W = 9; bool _AP_S = true]'
/opt/Xilinx_2019_1/Vivado/2019.1/include/ap_fixed_base.h:430:80:   required from 'ap_fixed_base<_AP_W, _AP_I, _AP_S, _AP_Q, _AP_O, _AP_N>::ap_fixed_base(const ap_fixed_base<_AP_W2, _AP_I2, _AP_S2, _AP_Q2, _AP_O2, _AP_N2>&) [with int _AP_W2 = 16; int _AP_I2 = 8; bool _AP_S2 = true; ap_q_mode _AP_Q2 = (ap_q_mode)4; ap_o_mode _AP_O2 = (ap_o_mode)0; int _AP_N2 = 0; int _AP_W = 9; int _AP_I = 9; bool _AP_S = true; ap_q_mode _AP_Q = (ap_q_mode)4; ap_o_mode _AP_O = (ap_o_mode)0; int _AP_N = 0]'
/opt/Xilinx_2019_1/Vivado/2019.1/include/ap_fixed_base.h:1494:3:   required from 'bool ap_fixed_base<_AP_W, _AP_I, _AP_S, _AP_Q, _AP_O, _AP_N>::operator>(const ap_fixed_base<_AP_W2, _AP_I2, _AP_S2, _AP_Q2, _AP_O2, _AP_N2>&) const [with int _AP_W2 = 32; int _AP_I2 = 32; bool _AP_S2 = true; ap_q_mode _AP_Q2 = (ap_q_mode)5; ap_o_mode _AP_O2 = (ap_o_mode)3; int _AP_N2 = 0; int _AP_W = 16; int _AP_I = 8; bool _AP_S = true; ap_q_mode _AP_Q = (ap_q_mode)4; ap_o_mode _AP_O = (ap_o_mode)0; int _AP_N = 0]'
/opt/Xilinx_2019_1/Vivado/2019.1/include/ap_fixed_base.h:2219:1:   required from 'bool operator>(const ap_fixed_base<_AP_W, _AP_I, _AP_S, _AP_Q, _AP_O, _AP_N>&, int) [with int _AP_W = 16; int _AP_I = 8; bool _AP_S = true; ap_q_mode _AP_Q = (ap_q_mode)4; ap_o_mode _AP_O = (ap_o_mode)0; int _AP_N = 0]'
/home/xavier/MSc_Project/git_v/Tiny_YOLO_v3_ZYNQ/sw/Tiny_Yolo_v3/Tiny_Yolo_v3.sdk/fp_include/../yolo_fp/src/activations.h:10:69:   required from here
/opt/Xilinx_2019_1/Vivado/2019.1/include/etc/ap_private.h:2144:28: warning: enum constant in boolean context [-Wint-in-bool-context]
/opt/Xilinx_2019_1/Vivado/2019.1/include/etc/ap_private.h: In instantiation of 'void ap_private<_AP_W, _AP_S, true>::clearUnusedBits() volatile [with int _AP_W = 55; bool _AP_S = true]':
/opt/Xilinx_2019_1/Vivado/2019.1/include/etc/ap_private.h:1426:5:   required from 'ap_private<_AP_W, _AP_S>& ap_private<_AP_W, _AP_S, true>::operator=(const ap_private<_AP_W1, _AP_S1>&) [with int _AP_W1 = 56; bool _AP_S1 = true; int _AP_W = 55; bool _AP_S = true]'
/opt/Xilinx_2019_1/Vivado/2019.1/include/ap_int_base.h:1354:1:   required from 'typename ap_int_base<_AP_W, _AP_S>::RType<_AP_W2, _AP_S2>::minus operator-(const ap_int_base<_AP_W2, _AP_S2>&, const ap_int_base<_AP_W3, _AP_S3>&) [with int _AP_W = 1; bool _AP_S = false; int _AP_W2 = 54; bool _AP_S2 = true; typename ap_int_base<_AP_W, _AP_S>::RType<_AP_W2, _AP_S2>::minus = ap_int<55>]'
/opt/Xilinx_2019_1/Vivado/2019.1/include/ap_int_base.h:755:37:   required from 'typename ap_int_base<_AP_W, _AP_S>::RType<1, false>::minus ap_int_base<_AP_W, _AP_S>::operator-() const [with int _AP_W = 54; bool _AP_S = true; typename ap_int_base<_AP_W, _AP_S>::RType<1, false>::minus = ap_int<55>]'
/opt/Xilinx_2019_1/Vivado/2019.1/include/ap_fixed_base.h:570:22:   required from 'ap_fixed_base<_AP_W, _AP_I, _AP_S, _AP_Q, _AP_O, _AP_N>::ap_fixed_base(double) [with int _AP_W = 16; int _AP_I = 8; bool _AP_S = true; ap_q_mode _AP_Q = (ap_q_mode)4; ap_o_mode _AP_O = (ap_o_mode)0; int _AP_N = 0]'
/opt/Xilinx_2019_1/Vivado/2019.1/include/ap_fixed.h:189:3:   required from 'ap_fixed<_AP_W, _AP_I, _AP_Q, _AP_O, _AP_N>::ap_fixed(double) [with int _AP_W = 16; int _AP_I = 8; ap_q_mode _AP_Q = (ap_q_mode)4; ap_o_mode _AP_O = (ap_o_mode)0; int _AP_N = 0]'
/home/xavier/MSc_Project/git_v/Tiny_YOLO_v3_ZYNQ/sw/Tiny_Yolo_v3/Tiny_Yolo_v3.sdk/fp_include/../yolo_fp/src/activations.h:10:107:   required from here
/opt/Xilinx_2019_1/Vivado/2019.1/include/etc/ap_private.h:2144:28: warning: enum constant in boolean context [-Wint-in-bool-context]
/opt/Xilinx_2019_1/Vivado/2019.1/include/etc/ap_private.h: In instantiation of 'void ap_private<_AP_W, _AP_S, false>::clearUnusedBits() volatile [with int _AP_W = 65; bool _AP_S = false]':
/opt/Xilinx_2019_1/Vivado/2019.1/include/etc/ap_private.h:3312:5:   required from 'ap_private<_AP_W, _AP_S, false>::ap_private(const ap_private<_AP_W1, _AP_S1, true>&) [with int _AP_W1 = 32; bool _AP_S1 = true; int _AP_W = 65; bool _AP_S = false]'
/opt/Xilinx_2019_1/Vivado/2019.1/include/etc/ap_private.h:4069:34:   required from 'bool ap_private<_AP_W, _AP_S, false>::operator==(const ap_private<_AP_W1, _AP_S1>&) const [with int _AP_W2 = 32; bool _AP_S2 = true; int _AP_W = 65; bool _AP_S = true]'
/opt/Xilinx_2019_1/Vivado/2019.1/include/etc/ap_private.h:6917:1:   required from 'bool operator==(const ap_private<_AP_W, _AP_S>&, int) [with int _AP_W = 65; bool _AP_S = true]'
/opt/Xilinx_2019_1/Vivado/2019.1/include/ap_fixed_base.h:571:41:   required from 'ap_fixed_base<_AP_W, _AP_I, _AP_S, _AP_Q, _AP_O, _AP_N>::ap_fixed_base(double) [with int _AP_W = 16; int _AP_I = 8; bool _AP_S = true; ap_q_mode _AP_Q = (ap_q_mode)4; ap_o_mode _AP_O = (ap_o_mode)0; int _AP_N = 0]'
/opt/Xilinx_2019_1/Vivado/2019.1/include/ap_fixed.h:189:3:   required from 'ap_fixed<_AP_W, _AP_I, _AP_Q, _AP_O, _AP_N>::ap_fixed(double) [with int _AP_W = 16; int _AP_I = 8; ap_q_mode _AP_Q = (ap_q_mode)4; ap_o_mode _AP_O = (ap_o_mode)0; int _AP_N = 0]'
/home/xavier/MSc_Project/git_v/Tiny_YOLO_v3_ZYNQ/sw/Tiny_Yolo_v3/Tiny_Yolo_v3.sdk/fp_include/../yolo_fp/src/activations.h:10:107:   required from here
/opt/Xilinx_2019_1/Vivado/2019.1/include/etc/ap_private.h:3427:22: warning: enum constant in boolean context [-Wint-in-bool-context]
               : (excess_bits
                 ~~~~~~~~~~~~
                      ? ((pVal[_AP_N - 1]) << (excess_bits)) >> (excess_bits)
                      ^~~~~~~~~~~~~~~~~~~~~~~~~~~~~~~~~~~~~~~~~~~~~~~~~~~~~~~
                      : pVal[_AP_N - 1]);
                      ~~~~~~~~~~~~~~~~~~
/opt/Xilinx_2019_1/Vivado/2019.1/include/etc/ap_private.h: In instantiation of 'void ap_private<_AP_W, _AP_S, true>::clearUnusedBits() volatile [with int _AP_W = 32; bool _AP_S = false]':
/opt/Xilinx_2019_1/Vivado/2019.1/include/etc/ap_private.h:1662:5:   required from 'ap_private<_AP_W, _AP_S, true>::ap_private(const ap_private<_AP_W1, _AP_S1, _AP_OPT>&) [with int _AP_W1 = 16; bool _AP_S1 = false; bool _AP_OPT = true; int _AP_W = 32; bool _AP_S = false]'
/opt/Xilinx_2019_1/Vivado/2019.1/include/etc/ap_private.h:2599:34:   required from 'bool ap_private<_AP_W, _AP_S, true>::operator==(const ap_private<_AP_W1, _AP_S1>&) const [with int _AP_W1 = 32; bool _AP_S1 = true; int _AP_W = 16; bool _AP_S = false]'
/opt/Xilinx_2019_1/Vivado/2019.1/include/etc/ap_private.h:7123:1:   required from 'bool operator==(const _private_range_ref<_AP_W, _AP_S>&, int) [with int _AP_W = 16; bool _AP_S = true]'
/opt/Xilinx_2019_1/Vivado/2019.1/include/ap_fixed_base.h:663:73:   required from 'ap_fixed_base<_AP_W, _AP_I, _AP_S, _AP_Q, _AP_O, _AP_N>::ap_fixed_base(double) [with int _AP_W = 16; int _AP_I = 8; bool _AP_S = true; ap_q_mode _AP_Q = (ap_q_mode)4; ap_o_mode _AP_O = (ap_o_mode)0; int _AP_N = 0]'
/opt/Xilinx_2019_1/Vivado/2019.1/include/ap_fixed.h:189:3:   required from 'ap_fixed<_AP_W, _AP_I, _AP_Q, _AP_O, _AP_N>::ap_fixed(double) [with int _AP_W = 16; int _AP_I = 8; ap_q_mode _AP_Q = (ap_q_mode)4; ap_o_mode _AP_O = (ap_o_mode)0; int _AP_N = 0]'
/home/xavier/MSc_Project/git_v/Tiny_YOLO_v3_ZYNQ/sw/Tiny_Yolo_v3/Tiny_Yolo_v3.sdk/fp_include/../yolo_fp/src/activations.h:10:107:   required from here
/opt/Xilinx_2019_1/Vivado/2019.1/include/etc/ap_private.h:2144:28: warning: enum constant in boolean context [-Wint-in-bool-context]
             : (excess_bits ? (((uint64_t)VAL) << (excess_bits)) >> (excess_bits)
               ~~~~~~~~~~~~~^~~~~~~~~~~~~~~~~~~~~~~~~~~~~~~~~~~~~~~~~~~~~~~~~~~~~
                            : (uint64_t)VAL));
                            ~~~~~~~~~~~~~~~~
/opt/Xilinx_2019_1/Vivado/2019.1/include/etc/ap_private.h: In instantiation of 'void ap_private<_AP_W, _AP_S, true>::clearUnusedBits() volatile [with int _AP_W = 25; bool _AP_S = false]':
/opt/Xilinx_2019_1/Vivado/2019.1/include/etc/ap_private.h:1485:1:   required from 'ap_private<_AP_W, _AP_S, true>& ap_private<_AP_W, _AP_S, true>::operator=(int) [with int _AP_W = 25; bool _AP_S = false]'
/opt/Xilinx_2019_1/Vivado/2019.1/include/ap_int_base.h:243:3:   required from 'ap_int_base<_AP_W, _AP_S>::ap_int_base(int) [with int _AP_W = 25; bool _AP_S = false]'
/opt/Xilinx_2019_1/Vivado/2019.1/include/ap_fixed_base.h:754:36:   required from 'ap_fixed_base<_AP_W, _AP_I, _AP_S, _AP_Q, _AP_O, _AP_N>& ap_fixed_base<_AP_W, _AP_I, _AP_S, _AP_Q, _AP_O, _AP_N>::operator=(const ap_fixed_base<_AP_W2, _AP_I2, _AP_S2, _AP_Q2, _AP_O2, _AP_N2>&) [with int _AP_W2 = 25; int _AP_I2 = 17; bool _AP_S2 = true; ap_q_mode _AP_Q2 = (ap_q_mode)5; ap_o_mode _AP_O2 = (ap_o_mode)3; int _AP_N2 = 0; int _AP_W = 16; int _AP_I = 8; bool _AP_S = true; ap_q_mode _AP_Q = (ap_q_mode)4; ap_o_mode _AP_O = (ap_o_mode)0; int _AP_N = 0]'
/opt/Xilinx_2019_1/Vivado/2019.1/include/ap_fixed_base.h:431:5:   required from 'ap_fixed_base<_AP_W, _AP_I, _AP_S, _AP_Q, _AP_O, _AP_N>::ap_fixed_base(const ap_fixed_base<_AP_W2, _AP_I2, _AP_S2, _AP_Q2, _AP_O2, _AP_N2>&) [with int _AP_W2 = 25; int _AP_I2 = 17; bool _AP_S2 = true; ap_q_mode _AP_Q2 = (ap_q_mode)5; ap_o_mode _AP_O2 = (ap_o_mode)3; int _AP_N2 = 0; int _AP_W = 16; int _AP_I = 8; bool _AP_S = true; ap_q_mode _AP_Q = (ap_q_mode)4; ap_o_mode _AP_O = (ap_o_mode)0; int _AP_N = 0]'
/opt/Xilinx_2019_1/Vivado/2019.1/include/ap_fixed.h:74:16:   required from 'ap_fixed<_AP_W, _AP_I, _AP_Q, _AP_O, _AP_N>::ap_fixed(const ap_fixed_base<_AP_W2, _AP_I2, _AP_S2, _AP_Q2, _AP_O2, _AP_N2>&) [with int _AP_W2 = 25; int _AP_I2 = 17; bool _AP_S2 = true; ap_q_mode _AP_Q2 = (ap_q_mode)5; ap_o_mode _AP_O2 = (ap_o_mode)3; int _AP_N2 = 0; int _AP_W = 16; int _AP_I = 8; ap_q_mode _AP_Q = (ap_q_mode)4; ap_o_mode _AP_O = (ap_o_mode)0; int _AP_N = 0]'
/home/xavier/MSc_Project/git_v/Tiny_YOLO_v3_ZYNQ/sw/Tiny_Yolo_v3/Tiny_Yolo_v3.sdk/fp_include/../yolo_fp/src/activations.h:11:135:   required from here
/opt/Xilinx_2019_1/Vivado/2019.1/include/etc/ap_private.h:2144:28: warning: enum constant in boolean context [-Wint-in-bool-context]
/opt/Xilinx_2019_1/Vivado/2019.1/include/etc/ap_private.h: In instantiation of 'void ap_private<_AP_W, _AP_S, true>::clearUnusedBits() volatile [with int _AP_W = 40; bool _AP_S = false]':
/opt/Xilinx_2019_1/Vivado/2019.1/include/etc/ap_private.h:1485:1:   required from 'ap_private<_AP_W, _AP_S, true>& ap_private<_AP_W, _AP_S, true>::operator=(int) [with int _AP_W = 40; bool _AP_S = false]'
/opt/Xilinx_2019_1/Vivado/2019.1/include/ap_fixed_base.h:350:28:   required from 'void ap_fixed_base<_AP_W, _AP_I, _AP_S, _AP_Q, _AP_O, _AP_N>::overflow_adjust(bool, bool, bool, bool) [with int _AP_W = 40; int _AP_I = 32; bool _AP_S = true; ap_q_mode _AP_Q = (ap_q_mode)5; ap_o_mode _AP_O = (ap_o_mode)3; int _AP_N = 0]'
/opt/Xilinx_2019_1/Vivado/2019.1/include/ap_fixed_base.h:793:7:   required from 'ap_fixed_base<_AP_W, _AP_I, _AP_S, _AP_Q, _AP_O, _AP_N>& ap_fixed_base<_AP_W, _AP_I, _AP_S, _AP_Q, _AP_O, _AP_N>::operator=(const ap_fixed_base<_AP_W2, _AP_I2, _AP_S2, _AP_Q2, _AP_O2, _AP_N2>&) [with int _AP_W2 = 32; int _AP_I2 = 32; bool _AP_S2 = true; ap_q_mode _AP_Q2 = (ap_q_mode)5; ap_o_mode _AP_O2 = (ap_o_mode)3; int _AP_N2 = 0; int _AP_W = 40; int _AP_I = 32; bool _AP_S = true; ap_q_mode _AP_Q = (ap_q_mode)5; ap_o_mode _AP_O = (ap_o_mode)3; int _AP_N = 0]'
/opt/Xilinx_2019_1/Vivado/2019.1/include/ap_fixed_base.h:431:5:   required from 'ap_fixed_base<_AP_W, _AP_I, _AP_S, _AP_Q, _AP_O, _AP_N>::ap_fixed_base(const ap_fixed_base<_AP_W2, _AP_I2, _AP_S2, _AP_Q2, _AP_O2, _AP_N2>&) [with int _AP_W2 = 32; int _AP_I2 = 32; bool _AP_S2 = true; ap_q_mode _AP_Q2 = (ap_q_mode)5; ap_o_mode _AP_O2 = (ap_o_mode)3; int _AP_N2 = 0; int _AP_W = 40; int _AP_I = 32; bool _AP_S = true; ap_q_mode _AP_Q = (ap_q_mode)5; ap_o_mode _AP_O = (ap_o_mode)3; int _AP_N = 0]'
/opt/Xilinx_2019_1/Vivado/2019.1/include/ap_fixed_base.h:1494:3:   required from 'bool ap_fixed_base<_AP_W, _AP_I, _AP_S, _AP_Q, _AP_O, _AP_N>::operator>(const ap_fixed_base<_AP_W2, _AP_I2, _AP_S2, _AP_Q2, _AP_O2, _AP_N2>&) const [with int _AP_W2 = 32; int _AP_I2 = 32; bool _AP_S2 = true; ap_q_mode _AP_Q2 = (ap_q_mode)5; ap_o_mode _AP_O2 = (ap_o_mode)3; int _AP_N2 = 0; int _AP_W = 16; int _AP_I = 8; bool _AP_S = true; ap_q_mode _AP_Q = (ap_q_mode)4; ap_o_mode _AP_O = (ap_o_mode)0; int _AP_N = 0]'
/opt/Xilinx_2019_1/Vivado/2019.1/include/ap_fixed_base.h:2219:1:   required from 'bool operator>(const ap_fixed_base<_AP_W, _AP_I, _AP_S, _AP_Q, _AP_O, _AP_N>&, int) [with int _AP_W = 16; int _AP_I = 8; bool _AP_S = true; ap_q_mode _AP_Q = (ap_q_mode)4; ap_o_mode _AP_O = (ap_o_mode)0; int _AP_N = 0]'
/home/xavier/MSc_Project/git_v/Tiny_YOLO_v3_ZYNQ/sw/Tiny_Yolo_v3/Tiny_Yolo_v3.sdk/fp_include/../yolo_fp/src/activations.h:10:69:   required from here
/opt/Xilinx_2019_1/Vivado/2019.1/include/etc/ap_private.h:2144:28: warning: enum constant in boolean context [-Wint-in-bool-context]
/opt/Xilinx_2019_1/Vivado/2019.1/include/etc/ap_private.h: In instantiation of 'void ap_private<_AP_W, _AP_S, true>::clearUnusedBits() volatile [with int _AP_W = 9; bool _AP_S = false]':
/opt/Xilinx_2019_1/Vivado/2019.1/include/etc/ap_private.h:1485:1:   required from 'ap_private<_AP_W, _AP_S, true>& ap_private<_AP_W, _AP_S, true>::operator=(int) [with int _AP_W = 9; bool _AP_S = false]'
/opt/Xilinx_2019_1/Vivado/2019.1/include/ap_fixed_base.h:350:28:   required from 'void ap_fixed_base<_AP_W, _AP_I, _AP_S, _AP_Q, _AP_O, _AP_N>::overflow_adjust(bool, bool, bool, bool) [with int _AP_W = 9; int _AP_I = 9; bool _AP_S = true; ap_q_mode _AP_Q = (ap_q_mode)4; ap_o_mode _AP_O = (ap_o_mode)0; int _AP_N = 0]'
/opt/Xilinx_2019_1/Vivado/2019.1/include/ap_fixed_base.h:793:7:   required from 'ap_fixed_base<_AP_W, _AP_I, _AP_S, _AP_Q, _AP_O, _AP_N>& ap_fixed_base<_AP_W, _AP_I, _AP_S, _AP_Q, _AP_O, _AP_N>::operator=(const ap_fixed_base<_AP_W2, _AP_I2, _AP_S2, _AP_Q2, _AP_O2, _AP_N2>&) [with int _AP_W2 = 16; int _AP_I2 = 8; bool _AP_S2 = true; ap_q_mode _AP_Q2 = (ap_q_mode)4; ap_o_mode _AP_O2 = (ap_o_mode)0; int _AP_N2 = 0; int _AP_W = 9; int _AP_I = 9; bool _AP_S = true; ap_q_mode _AP_Q = (ap_q_mode)4; ap_o_mode _AP_O = (ap_o_mode)0; int _AP_N = 0]'
/opt/Xilinx_2019_1/Vivado/2019.1/include/ap_fixed_base.h:431:5:   required from 'ap_fixed_base<_AP_W, _AP_I, _AP_S, _AP_Q, _AP_O, _AP_N>::ap_fixed_base(const ap_fixed_base<_AP_W2, _AP_I2, _AP_S2, _AP_Q2, _AP_O2, _AP_N2>&) [with int _AP_W2 = 16; int _AP_I2 = 8; bool _AP_S2 = true; ap_q_mode _AP_Q2 = (ap_q_mode)4; ap_o_mode _AP_O2 = (ap_o_mode)0; int _AP_N2 = 0; int _AP_W = 9; int _AP_I = 9; bool _AP_S = true; ap_q_mode _AP_Q = (ap_q_mode)4; ap_o_mode _AP_O = (ap_o_mode)0; int _AP_N = 0]'
/opt/Xilinx_2019_1/Vivado/2019.1/include/ap_fixed_base.h:1494:3:   required from 'bool ap_fixed_base<_AP_W, _AP_I, _AP_S, _AP_Q, _AP_O, _AP_N>::operator>(const ap_fixed_base<_AP_W2, _AP_I2, _AP_S2, _AP_Q2, _AP_O2, _AP_N2>&) const [with int _AP_W2 = 32; int _AP_I2 = 32; bool _AP_S2 = true; ap_q_mode _AP_Q2 = (ap_q_mode)5; ap_o_mode _AP_O2 = (ap_o_mode)3; int _AP_N2 = 0; int _AP_W = 16; int _AP_I = 8; bool _AP_S = true; ap_q_mode _AP_Q = (ap_q_mode)4; ap_o_mode _AP_O = (ap_o_mode)0; int _AP_N = 0]'
/opt/Xilinx_2019_1/Vivado/2019.1/include/ap_fixed_base.h:2219:1:   required from 'bool operator>(const ap_fixed_base<_AP_W, _AP_I, _AP_S, _AP_Q, _AP_O, _AP_N>&, int) [with int _AP_W = 16; int _AP_I = 8; bool _AP_S = true; ap_q_mode _AP_Q = (ap_q_mode)4; ap_o_mode _AP_O = (ap_o_mode)0; int _AP_N = 0]'
/home/xavier/MSc_Project/git_v/Tiny_YOLO_v3_ZYNQ/sw/Tiny_Yolo_v3/Tiny_Yolo_v3.sdk/fp_include/../yolo_fp/src/activations.h:10:69:   required from here
/opt/Xilinx_2019_1/Vivado/2019.1/include/etc/ap_private.h:2144:28: warning: enum constant in boolean context [-Wint-in-bool-context]
/opt/Xilinx_2019_1/Vivado/2019.1/include/etc/ap_private.h: In instantiation of 'void ap_private<_AP_W, _AP_S, true>::clearUnusedBits() volatile [with int _AP_W = 34; bool _AP_S = true]':
/opt/Xilinx_2019_1/Vivado/2019.1/include/etc/ap_private.h:1651:3:   required from 'ap_private<_AP_W, _AP_S, true>::ap_private(ap_slong) [with int _AP_W = 34; bool _AP_S = true; ap_slong = long long int]'
/opt/Xilinx_2019_1/Vivado/2019.1/include/etc/ap_private.h:2082:46:   required from 'typename ap_private<_AP_W, _AP_S, true>::RType<_AP_W2, _AP_S2>::minus ap_private<_AP_W, _AP_S, true>::operator-(const ap_private<_AP_W1, _AP_S1>&) const [with int _AP_W1 = 33; bool _AP_S1 = true; int _AP_W = 33; bool _AP_S = true; typename ap_private<_AP_W, _AP_S, true>::RType<_AP_W2, _AP_S2>::minus = ap_private<34, true, true>]'
/opt/Xilinx_2019_1/Vivado/2019.1/include/ap_int_base.h:1354:1:   required from 'typename ap_int_base<_AP_W, _AP_S>::RType<_AP_W2, _AP_S2>::minus operator-(const ap_int_base<_AP_W2, _AP_S2>&, const ap_int_base<_AP_W3, _AP_S3>&) [with int _AP_W = 11; bool _AP_S = false; int _AP_W2 = 32; bool _AP_S2 = true; typename ap_int_base<_AP_W, _AP_S>::RType<_AP_W2, _AP_S2>::minus = ap_int<33>]'
/opt/Xilinx_2019_1/Vivado/2019.1/include/ap_int_base.h:1469:1:   required from 'typename ap_int_base<_AP_W, _AP_S>::RType<_AP_SIZE_long, true>::minus operator-(const ap_int_base<_AP_W2, _AP_S2>&, long int) [with int _AP_W = 11; bool _AP_S = false; typename ap_int_base<_AP_W, _AP_S>::RType<_AP_SIZE_long, true>::minus = ap_int<33>]'
/opt/Xilinx_2019_1/Vivado/2019.1/include/ap_fixed_base.h:563:19:   required from 'ap_fixed_base<_AP_W, _AP_I, _AP_S, _AP_Q, _AP_O, _AP_N>::ap_fixed_base(double) [with int _AP_W = 16; int _AP_I = 8; bool _AP_S = true; ap_q_mode _AP_Q = (ap_q_mode)4; ap_o_mode _AP_O = (ap_o_mode)0; int _AP_N = 0]'
/opt/Xilinx_2019_1/Vivado/2019.1/include/ap_fixed.h:189:3:   required from 'ap_fixed<_AP_W, _AP_I, _AP_Q, _AP_O, _AP_N>::ap_fixed(double) [with int _AP_W = 16; int _AP_I = 8; ap_q_mode _AP_Q = (ap_q_mode)4; ap_o_mode _AP_O = (ap_o_mode)0; int _AP_N = 0]'
/home/xavier/MSc_Project/git_v/Tiny_YOLO_v3_ZYNQ/sw/Tiny_Yolo_v3/Tiny_Yolo_v3.sdk/fp_include/../yolo_fp/src/activations.h:10:107:   required from here
/opt/Xilinx_2019_1/Vivado/2019.1/include/etc/ap_private.h:2144:28: warning: enum constant in boolean context [-Wint-in-bool-context]
/opt/Xilinx_2019_1/Vivado/2019.1/include/etc/ap_private.h: In instantiation of 'void ap_private<_AP_W, _AP_S, true>::clearUnusedBits() volatile [with int _AP_W = 56; bool _AP_S = true]':
/opt/Xilinx_2019_1/Vivado/2019.1/include/etc/ap_private.h:1651:3:   required from 'ap_private<_AP_W, _AP_S, true>::ap_private(ap_slong) [with int _AP_W = 56; bool _AP_S = true; ap_slong = long long int]'
/opt/Xilinx_2019_1/Vivado/2019.1/include/etc/ap_private.h:2082:46:   required from 'typename ap_private<_AP_W, _AP_S, true>::RType<_AP_W2, _AP_S2>::minus ap_private<_AP_W, _AP_S, true>::operator-(const ap_private<_AP_W1, _AP_S1>&) const [with int _AP_W1 = 55; bool _AP_S1 = true; int _AP_W = 55; bool _AP_S = true; typename ap_private<_AP_W, _AP_S, true>::RType<_AP_W2, _AP_S2>::minus = ap_private<56, true, true>]'
/opt/Xilinx_2019_1/Vivado/2019.1/include/ap_int_base.h:1354:1:   required from 'typename ap_int_base<_AP_W, _AP_S>::RType<_AP_W2, _AP_S2>::minus operator-(const ap_int_base<_AP_W2, _AP_S2>&, const ap_int_base<_AP_W3, _AP_S3>&) [with int _AP_W = 1; bool _AP_S = false; int _AP_W2 = 54; bool _AP_S2 = true; typename ap_int_base<_AP_W, _AP_S>::RType<_AP_W2, _AP_S2>::minus = ap_int<55>]'
/opt/Xilinx_2019_1/Vivado/2019.1/include/ap_int_base.h:755:37:   required from 'typename ap_int_base<_AP_W, _AP_S>::RType<1, false>::minus ap_int_base<_AP_W, _AP_S>::operator-() const [with int _AP_W = 54; bool _AP_S = true; typename ap_int_base<_AP_W, _AP_S>::RType<1, false>::minus = ap_int<55>]'
/opt/Xilinx_2019_1/Vivado/2019.1/include/ap_fixed_base.h:570:22:   required from 'ap_fixed_base<_AP_W, _AP_I, _AP_S, _AP_Q, _AP_O, _AP_N>::ap_fixed_base(double) [with int _AP_W = 16; int _AP_I = 8; bool _AP_S = true; ap_q_mode _AP_Q = (ap_q_mode)4; ap_o_mode _AP_O = (ap_o_mode)0; int _AP_N = 0]'
/opt/Xilinx_2019_1/Vivado/2019.1/include/ap_fixed.h:189:3:   required from 'ap_fixed<_AP_W, _AP_I, _AP_Q, _AP_O, _AP_N>::ap_fixed(double) [with int _AP_W = 16; int _AP_I = 8; ap_q_mode _AP_Q = (ap_q_mode)4; ap_o_mode _AP_O = (ap_o_mode)0; int _AP_N = 0]'
/home/xavier/MSc_Project/git_v/Tiny_YOLO_v3_ZYNQ/sw/Tiny_Yolo_v3/Tiny_Yolo_v3.sdk/fp_include/../yolo_fp/src/activations.h:10:107:   required from here
/opt/Xilinx_2019_1/Vivado/2019.1/include/etc/ap_private.h:2144:28: warning: enum constant in boolean context [-Wint-in-bool-context]
/opt/Xilinx_2019_1/Vivado/2019.1/include/etc/ap_private.h: In instantiation of 'void ap_private<_AP_W, _AP_S, true>::clearUnusedBits() volatile [with int _AP_W = 10; bool _AP_S = true]':
/opt/Xilinx_2019_1/Vivado/2019.1/include/etc/ap_private.h:1662:5:   required from 'ap_private<_AP_W, _AP_S, true>::ap_private(const ap_private<_AP_W1, _AP_S1, _AP_OPT>&) [with int _AP_W1 = 9; bool _AP_S1 = false; bool _AP_OPT = true; int _AP_W = 10; bool _AP_S = true]'
/opt/Xilinx_2019_1/Vivado/2019.1/include/etc/ap_private.h:1761:38:   required from 'ap_private<(_AP_W + (! _AP_S)), true> ap_private<_AP_W, _AP_S, true>::operator~() const [with int _AP_W = 9; bool _AP_S = false]'
/opt/Xilinx_2019_1/Vivado/2019.1/include/ap_fixed_base.h:395:21:   required from 'void ap_fixed_base<_AP_W, _AP_I, _AP_S, _AP_Q, _AP_O, _AP_N>::overflow_adjust(bool, bool, bool, bool) [with int _AP_W = 9; int _AP_I = 9; bool _AP_S = true; ap_q_mode _AP_Q = (ap_q_mode)4; ap_o_mode _AP_O = (ap_o_mode)0; int _AP_N = 0]'
/opt/Xilinx_2019_1/Vivado/2019.1/include/ap_fixed_base.h:793:7:   required from 'ap_fixed_base<_AP_W, _AP_I, _AP_S, _AP_Q, _AP_O, _AP_N>& ap_fixed_base<_AP_W, _AP_I, _AP_S, _AP_Q, _AP_O, _AP_N>::operator=(const ap_fixed_base<_AP_W2, _AP_I2, _AP_S2, _AP_Q2, _AP_O2, _AP_N2>&) [with int _AP_W2 = 16; int _AP_I2 = 8; bool _AP_S2 = true; ap_q_mode _AP_Q2 = (ap_q_mode)4; ap_o_mode _AP_O2 = (ap_o_mode)0; int _AP_N2 = 0; int _AP_W = 9; int _AP_I = 9; bool _AP_S = true; ap_q_mode _AP_Q = (ap_q_mode)4; ap_o_mode _AP_O = (ap_o_mode)0; int _AP_N = 0]'
/opt/Xilinx_2019_1/Vivado/2019.1/include/ap_fixed_base.h:431:5:   required from 'ap_fixed_base<_AP_W, _AP_I, _AP_S, _AP_Q, _AP_O, _AP_N>::ap_fixed_base(const ap_fixed_base<_AP_W2, _AP_I2, _AP_S2, _AP_Q2, _AP_O2, _AP_N2>&) [with int _AP_W2 = 16; int _AP_I2 = 8; bool _AP_S2 = true; ap_q_mode _AP_Q2 = (ap_q_mode)4; ap_o_mode _AP_O2 = (ap_o_mode)0; int _AP_N2 = 0; int _AP_W = 9; int _AP_I = 9; bool _AP_S = true; ap_q_mode _AP_Q = (ap_q_mode)4; ap_o_mode _AP_O = (ap_o_mode)0; int _AP_N = 0]'
/opt/Xilinx_2019_1/Vivado/2019.1/include/ap_fixed_base.h:1494:3:   required from 'bool ap_fixed_base<_AP_W, _AP_I, _AP_S, _AP_Q, _AP_O, _AP_N>::operator>(const ap_fixed_base<_AP_W2, _AP_I2, _AP_S2, _AP_Q2, _AP_O2, _AP_N2>&) const [with int _AP_W2 = 32; int _AP_I2 = 32; bool _AP_S2 = true; ap_q_mode _AP_Q2 = (ap_q_mode)5; ap_o_mode _AP_O2 = (ap_o_mode)3; int _AP_N2 = 0; int _AP_W = 16; int _AP_I = 8; bool _AP_S = true; ap_q_mode _AP_Q = (ap_q_mode)4; ap_o_mode _AP_O = (ap_o_mode)0; int _AP_N = 0]'
/opt/Xilinx_2019_1/Vivado/2019.1/include/ap_fixed_base.h:2219:1:   required from 'bool operator>(const ap_fixed_base<_AP_W, _AP_I, _AP_S, _AP_Q, _AP_O, _AP_N>&, int) [with int _AP_W = 16; int _AP_I = 8; bool _AP_S = true; ap_q_mode _AP_Q = (ap_q_mode)4; ap_o_mode _AP_O = (ap_o_mode)0; int _AP_N = 0]'
/home/xavier/MSc_Project/git_v/Tiny_YOLO_v3_ZYNQ/sw/Tiny_Yolo_v3/Tiny_Yolo_v3.sdk/fp_include/../yolo_fp/src/activations.h:10:69:   required from here
/opt/Xilinx_2019_1/Vivado/2019.1/include/etc/ap_private.h:2144:28: warning: enum constant in boolean context [-Wint-in-bool-context]
Finished building: ../src/helloworld.cpp
 
Building target: yolo_fp.elf
Invoking: ARM v7 g++ linker
arm-none-eabi-g++ -mcpu=cortex-a9 -mfpu=vfpv3 -mfloat-abi=hard -Wl,-build-id=none -specs=Xilinx.spec -Wl,-T -Wl,../src/lscript.ld -L../../yolo_fp_bsp/ps7_cortexa9_0/lib -o "yolo_fp.elf"  ./src/activations.o ./src/batchnorm_layer.o ./src/blas.o ./src/box.o ./src/convolutional_layer.o ./src/gemm.o ./src/helloworld.o ./src/im2col.o ./src/image.o ./src/maxpool_layer.o ./src/network.o ./src/parser.o ./src/route_layer.o ./src/upsample_layer.o ./src/utils.o ./src/yolo_layer.o   -Wl,--start-group,-lxil,-lgcc,-lc,-lstdc++,--end-group
Finished building target: yolo_fp.elf
 
Invoking: ARM v7 Print Size
arm-none-eabi-size yolo_fp.elf  |tee "yolo_fp.elf.size"
   text	   data	    bss	    dec	    hex	filename
 711427	18739992	369120408	388571827	172922b3	yolo_fp.elf
Finished building: yolo_fp.elf.size
 
09:53:36 **** Auto Build of configuration Debug for project yolo_fp ****
make pre-build main-build 
a9-linaro-pre-build-step
 
make: Nothing to be done for 'main-build'.
