#-----------------------------------------------------------
# Webtalk v2019.1 (64-bit)
# SW Build 2552052 on Fri May 24 14:47:09 MDT 2019
# 
# Start of session at: Fri Jun  7 10:27:04 2019
# Process ID: 18764
# Current directory: /home/xavier/MSc_Project/hls/yolo_conv_prj_2019/project_1/project_1.sdk/webtalk
# Command line: wbtcv -mode batch -source sdk_webtalk.tcl
# Log file: /home/xavier/MSc_Project/hls/yolo_conv_prj_2019/project_1/project_1.sdk/webtalk/webtalk.log
# Journal file: /home/xavier/MSc_Project/hls/yolo_conv_prj_2019/project_1/project_1.sdk/webtalk/webtalk.jou
#-----------------------------------------------------------
source sdk_webtalk.tcl
# webtalk_init -webtalk_dir /home/xavier/MSc_Project/hls/yolo_conv_prj_2019/project_1/project_1.sdk/webtalk
# webtalk_register_client -client project
# webtalk_add_data -client project -key date_generated -value "2019-06-07 10:27:02" -context "software_version_and_target_device"
# webtalk_add_data -client project -key product_version -value "SDK v2019.1" -context "software_version_and_target_device"
# webtalk_add_data -client project -key build_version -value "2019.1" -context "software_version_and_target_device"
# webtalk_add_data -client project -key os_platform -value "amd64" -context "software_version_and_target_device"
# webtalk_add_data -client project -key registration_id -value "" -context "software_version_and_target_device"
# webtalk_add_data -client project -key tool_flow -value "SDK" -context "software_version_and_target_device"
# webtalk_add_data -client project -key beta -value "false" -context "software_version_and_target_device"
# webtalk_add_data -client project -key route_design -value "NA" -context "software_version_and_target_device"
# webtalk_add_data -client project -key target_family -value "NA" -context "software_version_and_target_device"
# webtalk_add_data -client project -key target_device -value "NA" -context "software_version_and_target_device"
# webtalk_add_data -client project -key target_package -value "NA" -context "software_version_and_target_device"
# webtalk_add_data -client project -key target_speed -value "NA" -context "software_version_and_target_device"
# webtalk_add_data -client project -key random_id -value "pb0iqsa3csuqguclcjoi86u31p" -context "software_version_and_target_device"
# webtalk_add_data -client project -key project_id -value "2019.1_1" -context "software_version_and_target_device"
# webtalk_add_data -client project -key project_iteration -value "1" -context "software_version_and_target_device"
# webtalk_add_data -client project -key os_name -value "Ubuntu" -context "user_environment"
# webtalk_add_data -client project -key os_release -value "Ubuntu 16.04.6 LTS" -context "user_environment"
# webtalk_add_data -client project -key cpu_name -value "Intel(R) Core(TM) i7-7500U CPU @ 2.70GHz" -context "user_environment"
# webtalk_add_data -client project -key cpu_speed -value "1809.874 MHz" -context "user_environment"
# webtalk_add_data -client project -key total_processors -value "1" -context "user_environment"
# webtalk_add_data -client project -key system_ram -value "8.215 GB" -context "user_environment"
# webtalk_register_client -client sdk
# webtalk_add_data -client sdk -key uid -value "1559898061000" -context "sdk\\\\hardware/1559898061000"
# webtalk_add_data -client sdk -key isZynq -value "true" -context "sdk\\\\hardware/1559898061000"
# webtalk_add_data -client sdk -key isZynqMP -value "false" -context "sdk\\\\hardware/1559898061000"
# webtalk_add_data -client sdk -key Processors -value "2" -context "sdk\\\\hardware/1559898061000"
# webtalk_add_data -client sdk -key VivadoVersion -value "2019.1" -context "sdk\\\\hardware/1559898061000"
# webtalk_add_data -client sdk -key Arch -value "zynq" -context "sdk\\\\hardware/1559898061000"
# webtalk_add_data -client sdk -key Device -value "7z020" -context "sdk\\\\hardware/1559898061000"
# webtalk_add_data -client sdk -key IsHandoff -value "true" -context "sdk\\\\hardware/1559898061000"
# webtalk_add_data -client sdk -key os -value "NA" -context "sdk\\\\hardware/1559898061000"
# webtalk_add_data -client sdk -key apptemplate -value "NA" -context "sdk\\\\hardware/1559898061000"
# webtalk_add_data -client sdk -key RecordType -value "HWCreation" -context "sdk\\\\hardware/1559898061000"
# webtalk_add_data -client sdk -key uid -value "1559898145000" -context "sdk\\\\bsp/1559898145000"
# webtalk_add_data -client sdk -key hwid -value "1559898061000" -context "sdk\\\\bsp/1559898145000"
# webtalk_add_data -client sdk -key os -value "standalone" -context "sdk\\\\bsp/1559898145000"
# webtalk_add_data -client sdk -key apptemplate -value "hello_world" -context "sdk\\\\bsp/1559898145000"
# webtalk_add_data -client sdk -key RecordType -value "BSPCreation" -context "sdk\\\\bsp/1559898145000"
# webtalk_add_data -client sdk -key uid -value "1559898158000" -context "sdk\\\\application/1559898158000"
# webtalk_add_data -client sdk -key hwid -value "1559898061000" -context "sdk\\\\application/1559898158000"
# webtalk_add_data -client sdk -key bspid -value "1559898145000" -context "sdk\\\\application/1559898158000"
# webtalk_add_data -client sdk -key newbsp -value "true" -context "sdk\\\\application/1559898158000"
# webtalk_add_data -client sdk -key os -value "standalone" -context "sdk\\\\application/1559898158000"
# webtalk_add_data -client sdk -key apptemplate -value "hello_world" -context "sdk\\\\application/1559898158000"
# webtalk_add_data -client sdk -key RecordType -value "APPCreation" -context "sdk\\\\application/1559898158000"
# webtalk_add_data -client sdk -key LangUsed -value "C" -context "sdk\\\\application/1559898158000"
# webtalk_add_data -client sdk -key Procused -value "ps7_cortexa9" -context "sdk\\\\application/1559898158000"
# webtalk_add_data -client sdk -key projSize -value "13293.5625" -context "sdk\\\\application/1559898158000"
# webtalk_add_data -client sdk -key uid -value "NA" -context "sdk\\\\bsp/1559899622317"
# webtalk_add_data -client sdk -key RecordType -value "ToolUsage" -context "sdk\\\\bsp/1559899622317"
# webtalk_add_data -client sdk -key BootgenCount -value "0" -context "sdk\\\\bsp/1559899622317"
# webtalk_add_data -client sdk -key DebugCount -value "0" -context "sdk\\\\bsp/1559899622317"
# webtalk_add_data -client sdk -key PerfCount -value "0" -context "sdk\\\\bsp/1559899622317"
# webtalk_add_data -client sdk -key FlashCount -value "0" -context "sdk\\\\bsp/1559899622317"
# webtalk_add_data -client sdk -key CrossTriggCount -value "0" -context "sdk\\\\bsp/1559899622317"
# webtalk_add_data -client sdk -key QemuDebugCount -value "0" -context "sdk\\\\bsp/1559899622317"
# webtalk_transmit -clientid 3948233455 -regid "" -xml /home/xavier/MSc_Project/hls/yolo_conv_prj_2019/project_1/project_1.sdk/webtalk/usage_statistics_ext_sdk.xml -html /home/xavier/MSc_Project/hls/yolo_conv_prj_2019/project_1/project_1.sdk/webtalk/usage_statistics_ext_sdk.html -wdm /home/xavier/MSc_Project/hls/yolo_conv_prj_2019/project_1/project_1.sdk/webtalk/sdk_webtalk.wdm -intro "<H3>SDK Usage Report</H3><BR>"
INFO: [Common 17-186] '/home/xavier/MSc_Project/hls/yolo_conv_prj_2019/project_1/project_1.sdk/webtalk/usage_statistics_ext_sdk.xml' has been successfully sent to Xilinx on Fri Jun  7 10:27:08 2019. For additional details about this file, please refer to the WebTalk help file at /opt/Xilinx_2019_1/SDK/2019.1/doc/webtalk_introduction.html.
# webtalk_terminate
INFO: [Common 17-206] Exiting Webtalk at Fri Jun  7 10:27:08 2019...
