INFO-FLOW: Workspace /home/xavier/MSc_Project/hls/yolo_conv_hls_2019/yolo_yolo_fp_2019_64/solution1 opened at Wed Jul 17 14:23:06 BST 2019
Execute     config_clock -quiet -name default -period 10 -default=false 
INFO: [SYN 201-201] Setting up clock 'default' with a period of 10ns.
Execute     open_platform DefaultPlatform 
Execute     import_lib /opt/Xilinx_2019_1/Vivado/2019.1/common/technology/xilinx/zynq/zynq 
Execute       source /opt/Xilinx_2019_1/Vivado/2019.1/common/technology/xilinx/common/xilinx.lib 
Execute         source /opt/Xilinx_2019_1/Vivado/2019.1/common/technology/xilinx/interface/xilinx_interface.lib 
Execute           source /opt/Xilinx_2019_1/Vivado/2019.1/common/technology/xilinx/interface/plb46.lib 
Execute           source /opt/Xilinx_2019_1/Vivado/2019.1/common/technology/xilinx/interface/fsl.lib 
Execute           source /opt/Xilinx_2019_1/Vivado/2019.1/common/technology/xilinx/interface/axi4.lib 
Execute           source /opt/Xilinx_2019_1/Vivado/2019.1/common/technology/xilinx/interface/maxi.lib 
Execute           source /opt/Xilinx_2019_1/Vivado/2019.1/common/technology/xilinx/interface/saxilite.lib 
Execute         source /opt/Xilinx_2019_1/Vivado/2019.1/common/technology/xilinx/common/dsp48.lib 
Execute         source /opt/Xilinx_2019_1/Vivado/2019.1/common/technology/xilinx/ip/xfir.lib 
Execute         source /opt/Xilinx_2019_1/Vivado/2019.1/common/technology/xilinx/ip/xfft.lib 
Execute         source /opt/Xilinx_2019_1/Vivado/2019.1/common/technology/xilinx/ip/dds_compiler.lib 
Execute       source /opt/Xilinx_2019_1/Vivado/2019.1/common/technology/xilinx/common/xilinx.hlp 
Execute         source /opt/Xilinx_2019_1/Vivado/2019.1/common/technology/xilinx/common/target_info.tcl 
Execute         source /opt/Xilinx_2019_1/Vivado/2019.1/common/technology/xilinx/interface/xilinx_interface.hlp 
Execute           source /opt/Xilinx_2019_1/Vivado/2019.1/common/technology/xilinx/interface/maxi.hlp 
Execute           source /opt/Xilinx_2019_1/Vivado/2019.1/common/technology/xilinx/interface/saxilite.hlp 
Execute         source /opt/Xilinx_2019_1/Vivado/2019.1/common/technology/xilinx/common/dsp48.hlp 
Execute       source /opt/Xilinx_2019_1/Vivado/2019.1/common/technology/xilinx/zynq/dsp48e1.hlp 
Execute       source /opt/Xilinx_2019_1/Vivado/2019.1/common/technology/xilinx/common/xilinx.hlp 
Execute         source /opt/Xilinx_2019_1/Vivado/2019.1/common/technology/xilinx/common/target_info.tcl 
Execute         source /opt/Xilinx_2019_1/Vivado/2019.1/common/technology/xilinx/interface/xilinx_interface.hlp 
Execute           source /opt/Xilinx_2019_1/Vivado/2019.1/common/technology/xilinx/interface/maxi.hlp 
Execute           source /opt/Xilinx_2019_1/Vivado/2019.1/common/technology/xilinx/interface/saxilite.hlp 
Execute         source /opt/Xilinx_2019_1/Vivado/2019.1/common/technology/xilinx/common/dsp48.hlp 
Execute     source /opt/Xilinx_2019_1/Vivado/2019.1/common/technology/xilinx/zynq/zynq.gen 
Execute       source /opt/Xilinx_2019_1/Vivado/2019.1/common/technology/xilinx/common/xilinx.gen 
Execute         source /opt/Xilinx_2019_1/Vivado/2019.1/common/technology/xilinx/interface/plb46.gen 
Execute         source /opt/Xilinx_2019_1/Vivado/2019.1/common/technology/xilinx/interface/fsl.gen 
Execute         source /opt/Xilinx_2019_1/Vivado/2019.1/common/technology/xilinx/interface/axi4.gen 
Execute         source /opt/Xilinx_2019_1/Vivado/2019.1/common/technology/xilinx/interface/nativeAXI4.gen 
Execute           source /opt/Xilinx_2019_1/Vivado/2019.1/common/technology/xilinx/interface/saxilite.gen 
Execute           source /opt/Xilinx_2019_1/Vivado/2019.1/common/technology/xilinx/interface/maxi.gen 
Execute         source /opt/Xilinx_2019_1/Vivado/2019.1/common/technology/xilinx/scripts/xilinxcoregen.gen 
Execute         source /opt/Xilinx_2019_1/Vivado/2019.1/common/technology/xilinx/interface/XilEDKCoreGen.gen 
Execute         source /opt/Xilinx_2019_1/Vivado/2019.1/common/technology/xilinx/ip/dds_compiler.gen 
Execute         source /opt/Xilinx_2019_1/Vivado/2019.1/common/technology/xilinx/ip/util.gen 
Execute         source /opt/Xilinx_2019_1/Vivado/2019.1/common/technology/xilinx/ip/xfft.gen 
Execute         source /opt/Xilinx_2019_1/Vivado/2019.1/common/technology/xilinx/ip/xfir.gen 
Execute         source /opt/Xilinx_2019_1/Vivado/2019.1/common/technology/xilinx/common/dsp48.gen 
Command       ap_source done; 0.13 sec.
Command     ap_source done; 0.13 sec.
Execute     open_platform DefaultPlatform 
Execute     import_lib /opt/Xilinx_2019_1/Vivado/2019.1/common/technology/xilinx/zynq/zynq_fpv6 
Execute       source /opt/Xilinx_2019_1/Vivado/2019.1/common/technology/xilinx/common/xilinx_fp.lib 
Execute       source /opt/Xilinx_2019_1/Vivado/2019.1/common/technology/xilinx/common/xilinx_fp.hlp 
Execute         source /opt/Xilinx_2019_1/Vivado/2019.1/common/technology/xilinx/common/xilinx.hlp 
Execute           source /opt/Xilinx_2019_1/Vivado/2019.1/common/technology/xilinx/common/target_info.tcl 
Execute           source /opt/Xilinx_2019_1/Vivado/2019.1/common/technology/xilinx/interface/xilinx_interface.hlp 
Execute             source /opt/Xilinx_2019_1/Vivado/2019.1/common/technology/xilinx/interface/maxi.hlp 
Execute             source /opt/Xilinx_2019_1/Vivado/2019.1/common/technology/xilinx/interface/saxilite.hlp 
Execute           source /opt/Xilinx_2019_1/Vivado/2019.1/common/technology/xilinx/common/dsp48.hlp 
Execute     source /opt/Xilinx_2019_1/Vivado/2019.1/common/technology/xilinx/zynq/zynq_fpv6.gen 
Execute       source /opt/Xilinx_2019_1/Vivado/2019.1/common/technology/xilinx/common/xilinx_fp.gen 
Execute     set_part xc7z020-clg484-1 
Execute       ap_part_info -name xc7z020-clg484-1 -data single -quiet 
Command       ap_part_info done; 0.3 sec.
Execute       ap_part_info -name xc7z020-clg484-1 -data info 
Execute       add_library xilinx/zynq/zynq:xc7z020:-clg484:-1 
Execute         get_default_platform 
Execute         license_isbetapart xc7z020 
Command         license_isbetapart done; error code: 1; 
Execute         ap_part_info -data single -name xc7z020-clg484-1 
Execute         ap_part_info -name xc7z020-clg484-1 -data resources 
Execute         ap_part_info -name xc7z020-clg484-1 -data info 
Execute         ap_part_info -name xc7z020-clg484-1 -data info 
Execute         config_chip_info -quiet -resource {SLICE 13300} {LUT 53200} {FF 106400} {DSP48E 220} {BRAM 280} {URAM 0} 
Execute         ap_part_info -name xc7z020-clg484-1 -data info 
Execute         config_chip_info -quiet -speed slow 
Execute       add_library xilinx/zynq/zynq_fpv6 
Execute         get_default_platform 
INFO: [HLS 200-10] Setting target device to 'xc7z020-clg484-1'
Execute       ap_part_info -name xc7z020-clg484-1 -data info 
Execute       get_default_platform 
Command     set_part done; 0.38 sec.
Execute     ap_part_info -data single -name xc7z020-clg484-1 
Execute     ap_part_info -name xc7z020-clg484-1 -data resources 
Execute     ap_part_info -name xc7z020-clg484-1 -data info 
Execute     ap_part_info -name xc7z020-clg484-1 -data info 
Execute     config_chip_info -quiet -resource {SLICE 13300} {LUT 53200} {FF 106400} {DSP48E 220} {BRAM 280} {URAM 0} 
Execute     ap_part_info -name xc7z020-clg484-1 -data info 
Execute     config_chip_info -quiet -speed slow 
Execute     config_export -format=ip_catalog 
Execute     config_export -rtl=verilog 
Command   open_solution done; 0.57 sec.
Execute   set_part xc7z020-clg484-1 -tool vivado 
Execute     ap_part_info -name xc7z020-clg484-1 -data single -quiet 
Execute     ap_part_info -name xc7z020-clg484-1 -data info 
Execute     add_library xilinx/zynq/zynq:xc7z020:-clg484:-1 
Execute       get_default_platform 
Execute       license_isbetapart xc7z020 
Command       license_isbetapart done; error code: 1; 
Execute       ap_part_info -data single -name xc7z020-clg484-1 
Execute       ap_part_info -name xc7z020-clg484-1 -data resources 
Execute       ap_part_info -name xc7z020-clg484-1 -data info 
Execute       ap_part_info -name xc7z020-clg484-1 -data info 
Execute       config_chip_info -quiet -resource {SLICE 13300} {LUT 53200} {FF 106400} {DSP48E 220} {BRAM 280} {URAM 0} 
Execute       ap_part_info -name xc7z020-clg484-1 -data info 
Execute       config_chip_info -quiet -speed slow 
Execute     add_library xilinx/zynq/zynq_fpv6 
Execute       get_default_platform 
Execute     ap_part_info -name xc7z020-clg484-1 -data info 
Execute     get_default_platform 
Execute   create_clock -period 10 -name default 
Execute     config_clock -quiet -name default -period 10 -default=false 
INFO: [SYN 201-201] Setting up clock 'default' with a period of 10ns.
Execute   config_export -format ip_catalog -rtl verilog 
Execute   csynth_design 
Execute     get_config_compile -dump_cfg 
Execute     get_config_compile -effort 
Execute     get_config_compile -enable_clang39 
Execute     get_config_compile -g 
Execute     get_config_compile -ng 
Execute     get_config_compile -opt_fp 
Execute     get_config_compile -skip_cdt 
Execute     get_config_compile -skip_syncheck 
Execute     get_config_compile -skip_transform 
Execute     get_config_compile -keep_printf 
Execute     elaborate -effort=medium -skip_syncheck=0 -keep_printf=0 -skip_cdt=0 -skip_transform=0 -ng=0 -g=0 -opt_fp=0 -from_csynth_design=1 
Execute       get_config_schedule -relax_ii_for_timing 
INFO: [SCHED 204-61] Option 'relax_ii_for_timing' is enabled, will increase II to preserve clock frequency constraints.
Execute       get_config_schedule -suppress_dependence_error_break 
INFO: [HLS 200-10] Analyzing design file 'yolo_yolo_fp_2019_64/src/yolo_yolo.cpp' ... 
INFO-FLOW: Compiling one TU...
Execute       is_m_axi_addr64 
INFO-FLOW: Handling yolo_yolo_fp_2019_64/src/yolo_yolo.cpp as C++
Execute       ap_part_info -name xc7z020-clg484-1 -data info 
Execute       is_encrypted yolo_yolo_fp_2019_64/src/yolo_yolo.cpp 
Execute       ap_part_info -name xc7z020-clg484-1 -data info 
INFO-FLOW: Running: GCC PP
INFO-FLOW: Source preprocessing
Execute       clang  -fno-limit-debug-info -gcc-toolchain "/opt/Xilinx_2019_1/Vivado/2019.1/lnx64/tools/gcc" -hls  -fno-exceptions  -D__llvm__  -E "yolo_yolo_fp_2019_64/src/yolo_yolo.cpp"     -fno-math-errno -c -emit-llvm -O0  -mllvm -disable-llvm-optzns -fno-threadsafe-statics  -fno-use-cxa-atexit  -fno-threadsafe-statics -fno-use-cxa-atexit -D__CLANG_3_1__ -DAESL_SYN -D__SYNTHESIS__ -D__HLS_SYN__ -I "/opt/Xilinx_2019_1/Vivado/2019.1/common/technology/autopilot" -I "/opt/Xilinx_2019_1/Vivado/2019.1/common/technology/autopilot/ap_sysc" -include etc/autopilot_ssdm_op.h -D__DSP48E1__  -o "/home/xavier/MSc_Project/hls/yolo_conv_hls_2019/yolo_yolo_fp_2019_64/solution1/.autopilot/db/yolo_yolo.pp.0.cpp" 
INFO-FLOW: exec /opt/Xilinx_2019_1/Vivado/2019.1/lnx64/tools/clang/bin/clang -fno-limit-debug-info -gcc-toolchain /opt/Xilinx_2019_1/Vivado/2019.1/lnx64/tools/gcc -hls -fno-exceptions -D__llvm__ -E yolo_yolo_fp_2019_64/src/yolo_yolo.cpp -fno-math-errno -c -emit-llvm -O0 -mllvm -disable-llvm-optzns -fno-threadsafe-statics -fno-use-cxa-atexit -fno-threadsafe-statics -fno-use-cxa-atexit -D__CLANG_3_1__ -DAESL_SYN -D__SYNTHESIS__ -D__HLS_SYN__ -I /opt/Xilinx_2019_1/Vivado/2019.1/common/technology/autopilot -I /opt/Xilinx_2019_1/Vivado/2019.1/common/technology/autopilot/ap_sysc -include etc/autopilot_ssdm_op.h -D__DSP48E1__ -o /home/xavier/MSc_Project/hls/yolo_conv_hls_2019/yolo_yolo_fp_2019_64/solution1/.autopilot/db/yolo_yolo.pp.0.cpp
Command       clang done; 2.83 sec.
Execute       tidy_31 xilinx-xfmat-array-geometry /home/xavier/MSc_Project/hls/yolo_conv_hls_2019/yolo_yolo_fp_2019_64/solution1/.autopilot/db/yolo_yolo.pp.0.cpp std=gnu++98 
INFO-FLOW: exec /opt/Xilinx_2019_1/Vivado/2019.1/lnx64/tools/clang-3.9-csynth/bin/tidy-3.1 -header-filter=.* -checks=-*,xilinx-xfmat-array-geometry -quiet -fix /home/xavier/MSc_Project/hls/yolo_conv_hls_2019/yolo_yolo_fp_2019_64/solution1/.autopilot/db/yolo_yolo.pp.0.cpp -- -std=gnu++98 -fhls -ferror-limit=0
Command       tidy_31 done; 7.9 sec.
INFO-FLOW: Syntax Checking before pre-processing...
Execute       clang -syntaxcheck -src /home/xavier/MSc_Project/hls/yolo_conv_hls_2019/yolo_yolo_fp_2019_64/solution1/.autopilot/db/yolo_yolo.pp.0.cpp  -fno-limit-debug-info -gcc-toolchain "/opt/Xilinx_2019_1/Vivado/2019.1/lnx64/tools/gcc" -hls    -fno-math-errno -c -emit-llvm -O0  -mllvm -disable-llvm-optzns -fno-threadsafe-statics  -fno-use-cxa-atexit  -fno-threadsafe-statics -fno-use-cxa-atexit -D__CLANG_3_1__ -DAESL_SYN -D__SYNTHESIS__ -D__HLS_SYN__ -I "/opt/Xilinx_2019_1/Vivado/2019.1/common/technology/autopilot" -I "/opt/Xilinx_2019_1/Vivado/2019.1/common/technology/autopilot/ap_sysc" -include etc/autopilot_ssdm_op.h -D__DSP48E1__  "/home/xavier/MSc_Project/hls/yolo_conv_hls_2019/yolo_yolo_fp_2019_64/solution1/.autopilot/db/yolo_yolo.pp.0.cpp"  -o "/home/xavier/MSc_Project/hls/yolo_conv_hls_2019/yolo_yolo_fp_2019_64/solution1/.autopilot/db/useless.bc"  
INFO-FLOW: exec /opt/Xilinx_2019_1/Vivado/2019.1/lnx64/tools/clang/bin/clang -fno-limit-debug-info -gcc-toolchain /opt/Xilinx_2019_1/Vivado/2019.1/lnx64/tools/gcc -hls -fno-math-errno -c -emit-llvm -O0 -mllvm -disable-llvm-optzns -fno-threadsafe-statics -fno-use-cxa-atexit -fno-threadsafe-statics -fno-use-cxa-atexit -D__CLANG_3_1__ -DAESL_SYN -D__SYNTHESIS__ -D__HLS_SYN__ -I /opt/Xilinx_2019_1/Vivado/2019.1/common/technology/autopilot -I /opt/Xilinx_2019_1/Vivado/2019.1/common/technology/autopilot/ap_sysc -include etc/autopilot_ssdm_op.h -D__DSP48E1__ /home/xavier/MSc_Project/hls/yolo_conv_hls_2019/yolo_yolo_fp_2019_64/solution1/.autopilot/db/yolo_yolo.pp.0.cpp -o /home/xavier/MSc_Project/hls/yolo_conv_hls_2019/yolo_yolo_fp_2019_64/solution1/.autopilot/db/useless.bc
Command       clang done; 6.09 sec.
INFO-FLOW: Done: GCC PP time: 16.8 seconds per iteration
Execute       source /opt/Xilinx_2019_1/Vivado/2019.1/tps/tcl/tcllib1.11.1/yaml/huddle.tcl 
Execute       source /opt/Xilinx_2019_1/Vivado/2019.1/tps/tcl/tcllib1.11.1/yaml/json2huddle.tcl 
Execute         source /opt/Xilinx_2019_1/Vivado/2019.1/tps/tcl/tcllib1.11.1/try/try.tcl 
Execute       list_core -type functional_unit 
Execute       tidy_31 xilinx-systemc-detector /home/xavier/MSc_Project/hls/yolo_conv_hls_2019/yolo_yolo_fp_2019_64/solution1/.autopilot/db/yolo_yolo.pp.0.cpp std=gnu++98 -directive=/home/xavier/MSc_Project/hls/yolo_conv_hls_2019/yolo_yolo_fp_2019_64/solution1/.autopilot/db/.systemc_flag 
INFO-FLOW: exec /opt/Xilinx_2019_1/Vivado/2019.1/lnx64/tools/clang-3.9-csynth/bin/tidy-3.1 -header-filter=.* -checks=-*,xilinx-systemc-detector -import-directive=/home/xavier/MSc_Project/hls/yolo_conv_hls_2019/yolo_yolo_fp_2019_64/solution1/.autopilot/db/.systemc_flag -quiet -fix-errors /home/xavier/MSc_Project/hls/yolo_conv_hls_2019/yolo_yolo_fp_2019_64/solution1/.autopilot/db/yolo_yolo.pp.0.cpp -- -std=gnu++98 -fhls -ferror-limit=0
Command       tidy_31 done; 5.67 sec.
INFO-FLOW: Running: tidy-3.1 CDT preprocess
Execute       tidy_31 xilinx-directive2pragma /home/xavier/MSc_Project/hls/yolo_conv_hls_2019/yolo_yolo_fp_2019_64/solution1/.autopilot/db/yolo_yolo.pp.0.cpp std=gnu++98 -directive=/home/xavier/MSc_Project/hls/yolo_conv_hls_2019/yolo_yolo_fp_2019_64/solution1/.autopilot/db/all.directive.json 
INFO-FLOW: exec /opt/Xilinx_2019_1/Vivado/2019.1/lnx64/tools/clang-3.9-csynth/bin/tidy-3.1 -header-filter=.* -checks=-*,xilinx-directive2pragma -import-directive=/home/xavier/MSc_Project/hls/yolo_conv_hls_2019/yolo_yolo_fp_2019_64/solution1/.autopilot/db/all.directive.json -quiet -fix-errors /home/xavier/MSc_Project/hls/yolo_conv_hls_2019/yolo_yolo_fp_2019_64/solution1/.autopilot/db/yolo_yolo.pp.0.cpp -- -std=gnu++98 -fhls -ferror-limit=0
Command       tidy_31 done; 5.63 sec.
Execute       get_config_dataflow -strict_mode 
Execute       ap_eval exec -ignorestderr /opt/Xilinx_2019_1/Vivado/2019.1/lnx64/tools/clang-3.9-csynth/bin/xilinx-dataflow-lawyer -export-fixes=/home/xavier/MSc_Project/hls/yolo_conv_hls_2019/yolo_yolo_fp_2019_64/solution1/.autopilot/db/xilinx-dataflow-lawyer.yolo_yolo.pp.0.cpp.diag.yml /home/xavier/MSc_Project/hls/yolo_conv_hls_2019/yolo_yolo_fp_2019_64/solution1/.autopilot/db/yolo_yolo.pp.0.cpp -- -std=gnu++98 -fhls -ferror-limit=0 -fstrict-dataflow > /home/xavier/MSc_Project/hls/yolo_conv_hls_2019/yolo_yolo_fp_2019_64/solution1/.autopilot/db/xilinx-dataflow-lawyer.yolo_yolo.pp.0.cpp.out.log 2> /home/xavier/MSc_Project/hls/yolo_conv_hls_2019/yolo_yolo_fp_2019_64/solution1/.autopilot/db/xilinx-dataflow-lawyer.yolo_yolo.pp.0.cpp.err.log 
Command       ap_eval done; 5.49 sec.
Execute       tidy_31 -errorcheck xilinx-constantarray-param,xilinx-resource-pragma-transformer,xilinx-xfmat-array-geometry /home/xavier/MSc_Project/hls/yolo_conv_hls_2019/yolo_yolo_fp_2019_64/solution1/.autopilot/db/yolo_yolo.pp.0.cpp std=gnu++98 
Execute         ap_eval exec -ignorestderr /opt/Xilinx_2019_1/Vivado/2019.1/lnx64/tools/clang-3.9-csynth/bin/tidy-3.1 -export-fixes=/home/xavier/MSc_Project/hls/yolo_conv_hls_2019/yolo_yolo_fp_2019_64/solution1/.autopilot/db/tidy-3.1.yolo_yolo.pp.0.cpp.diag.yml -header-filter=.* -checks=-*,xilinx-constantarray-param,xilinx-resource-pragma-transformer,xilinx-xfmat-array-geometry -quiet -fix-errors /home/xavier/MSc_Project/hls/yolo_conv_hls_2019/yolo_yolo_fp_2019_64/solution1/.autopilot/db/yolo_yolo.pp.0.cpp -- -std=gnu++98 -fhls -ferror-limit=0 > /home/xavier/MSc_Project/hls/yolo_conv_hls_2019/yolo_yolo_fp_2019_64/solution1/.autopilot/db/tidy-3.1.yolo_yolo.pp.0.cpp.out.log 2> /home/xavier/MSc_Project/hls/yolo_conv_hls_2019/yolo_yolo_fp_2019_64/solution1/.autopilot/db/tidy-3.1.yolo_yolo.pp.0.cpp.err.log 
Command         ap_eval done; 8.23 sec.
Execute         source /opt/Xilinx_2019_1/Vivado/2019.1/tps/tcl/tcllib1.11.1/yaml/yaml.tcl 
Execute           source /opt/Xilinx_2019_1/Vivado/2019.1/tps/tcl/tcllib1.11.1/cmdline/cmdline.tcl 
Execute         ap_eval exec -ignorestderr /opt/Xilinx_2019_1/Vivado/2019.1/lnx64/tools/clang-3.9-csynth/bin/xilinx-legacy-rewriter /home/xavier/MSc_Project/hls/yolo_conv_hls_2019/yolo_yolo_fp_2019_64/solution1/.autopilot/db/yolo_yolo.pp.0.cpp -- -std=gnu++98 -fhls -ferror-limit=0 > /home/xavier/MSc_Project/hls/yolo_conv_hls_2019/yolo_yolo_fp_2019_64/solution1/.autopilot/db/xilinx-legacy-rewriter.yolo_yolo.pp.0.cpp.out.log 2> /home/xavier/MSc_Project/hls/yolo_conv_hls_2019/yolo_yolo_fp_2019_64/solution1/.autopilot/db/xilinx-legacy-rewriter.yolo_yolo.pp.0.cpp.err.log 
Command         ap_eval done; 5.42 sec.
Command       tidy_31 done; 14.02 sec.
INFO-FLOW: Done: tidy-3.1 CDT preprocess time: 25.1 seconds per iteration
INFO-FLOW: Pragma Handling...
Execute       tidy_31 xilinx-ssdm-intrinsics-arguments /home/xavier/MSc_Project/hls/yolo_conv_hls_2019/yolo_yolo_fp_2019_64/solution1/.autopilot/db/yolo_yolo.pragma.1.cpp std=gnu++98 
INFO-FLOW: exec /opt/Xilinx_2019_1/Vivado/2019.1/lnx64/tools/clang-3.9-csynth/bin/tidy-3.1 -header-filter=.* -checks=-*,xilinx-ssdm-intrinsics-arguments -quiet -fix-errors /home/xavier/MSc_Project/hls/yolo_conv_hls_2019/yolo_yolo_fp_2019_64/solution1/.autopilot/db/yolo_yolo.pragma.1.cpp -- -std=gnu++98 -fhls -ferror-limit=0
Command       tidy_31 done; 7.89 sec.
Execute       ap_part_info -name xc7z020-clg484-1 -data info 
INFO-FLOW: Processing labels
Execute       clang -src /home/xavier/MSc_Project/hls/yolo_conv_hls_2019/yolo_yolo_fp_2019_64/solution1/.autopilot/db/yolo_yolo.pragma.2.cpp  -fno-limit-debug-info -gcc-toolchain /opt/Xilinx_2019_1/Vivado/2019.1/lnx64/tools/gcc -hls -hls-analyze-label -hls-analyze-pragma -fno-exceptions  -D__llvm__  -w  "/home/xavier/MSc_Project/hls/yolo_conv_hls_2019/yolo_yolo_fp_2019_64/solution1/.autopilot/db/yolo_yolo.pragma.2.cpp"    -fno-math-errno -c -emit-llvm -O0  -mllvm -disable-llvm-optzns -fno-threadsafe-statics  -fno-use-cxa-atexit -DAESL_SYN -D__SYNTHESIS__ -D__HLS_SYN__ -I "/opt/Xilinx_2019_1/Vivado/2019.1/common/technology/autopilot" -I "/opt/Xilinx_2019_1/Vivado/2019.1/common/technology/autopilot/ap_sysc" -include etc/autopilot_ssdm_op.h -D__DSP48E1__ -g -o "/home/xavier/MSc_Project/hls/yolo_conv_hls_2019/yolo_yolo_fp_2019_64/solution1/.autopilot/db/yolo_yolo.bc" 
INFO-FLOW: exec /opt/Xilinx_2019_1/Vivado/2019.1/lnx64/tools/clang/bin/clang -fno-limit-debug-info -gcc-toolchain /opt/Xilinx_2019_1/Vivado/2019.1/lnx64/tools/gcc -hls -hls-analyze-label -hls-analyze-pragma -fno-exceptions -D__llvm__ -w /home/xavier/MSc_Project/hls/yolo_conv_hls_2019/yolo_yolo_fp_2019_64/solution1/.autopilot/db/yolo_yolo.pragma.2.cpp -fno-math-errno -c -emit-llvm -O0 -mllvm -disable-llvm-optzns -fno-threadsafe-statics -fno-use-cxa-atexit -DAESL_SYN -D__SYNTHESIS__ -D__HLS_SYN__ -I /opt/Xilinx_2019_1/Vivado/2019.1/common/technology/autopilot -I /opt/Xilinx_2019_1/Vivado/2019.1/common/technology/autopilot/ap_sysc -include etc/autopilot_ssdm_op.h -D__DSP48E1__ -g -o /home/xavier/MSc_Project/hls/yolo_conv_hls_2019/yolo_yolo_fp_2019_64/solution1/.autopilot/db/yolo_yolo.bc
Command       clang done; 6.47 sec.
INFO-FLOW: Linking Debug ...
Execute       llvm-ld /home/xavier/MSc_Project/hls/yolo_conv_hls_2019/yolo_yolo_fp_2019_64/solution1/.autopilot/db/yolo_yolo.g.bc -hls-opt -except-internalize yolo_yolo_top -L/opt/Xilinx_2019_1/Vivado/2019.1/lnx64/lib -lhlsm -lhlsmc++ -o /home/xavier/MSc_Project/hls/yolo_conv_hls_2019/yolo_yolo_fp_2019_64/solution1/.autopilot/db/a.g 
Command       llvm-ld done; 2.46 sec.
INFO: [HLS 200-111] Finished Linking Time (s): cpu = 00:00:59 ; elapsed = 00:01:06 . Memory (MB): peak = 892.023 ; gain = 192.000 ; free physical = 1296 ; free virtual = 11220
INFO: [HLS 200-111] Finished Checking Pragmas Time (s): cpu = 00:00:59 ; elapsed = 00:01:06 . Memory (MB): peak = 892.023 ; gain = 192.000 ; free physical = 1296 ; free virtual = 11220
Execute       get_config_sdx -target 
Execute       opt_and_import_c a -opt_level=2 -skip_syncheck=0 -ng=0 -keep_printf=0 
Execute         cleanup_all_models 
INFO: [HLS 200-10] Starting code transformations ...
Execute         transform -promote-dbg-pointer /home/xavier/MSc_Project/hls/yolo_conv_hls_2019/yolo_yolo_fp_2019_64/solution1/.autopilot/db/a.pp.bc -o /home/xavier/MSc_Project/hls/yolo_conv_hls_2019/yolo_yolo_fp_2019_64/solution1/.autopilot/db/a.pp.0.bc -f 
Command         transform done; 1.01 sec.
Execute         llvm-ld /home/xavier/MSc_Project/hls/yolo_conv_hls_2019/yolo_yolo_fp_2019_64/solution1/.autopilot/db/a.pp.0.bc -disable-opt -L/opt/Xilinx_2019_1/Vivado/2019.1/lnx64/lib -lfloatconversion -o /home/xavier/MSc_Project/hls/yolo_conv_hls_2019/yolo_yolo_fp_2019_64/solution1/.autopilot/db/a.g.0 
Command         llvm-ld done; 2.12 sec.
INFO-FLOW: Running Standard Transforms...
Execute         transform -hls -share-std-xform -demangle-name -inline-byval-memcpy -always-inline -promote-dbg-pointer -interface-preproc -mem2reg -scalarrepl -mem2reg -keep-read-access -instcombine -dce -promote-dbg-pointer -bitop-raise -loop-simplify -indvarspre -indvars -loop-simplify -xunroll -constprop -instcombine -simplifycfg -indvars -simplifycfg -dce -globaldce -basicaa -simplifycfg -mem2reg -globalopt -global-constprop -deadargelim -instcombine -simplifycfg -prune-eh -simplifycfg -scalarrepl -instcombine -reassociate -licm -simplifycfg -loop-simplify -indvars -instcombine -simplifycfg -mem2reg -loop-simplify -indvars -instcombine -gvn -gvn -instcombine -adce -break-crit-edges -simplifycfg -loop-delete -global-array-opt -dce -dse -adce -find-syn-modules -top yolo_yolo_top -deadargelim -mem2reg -instcombine -dce -presyn-prepare -auto-rom-infer -interface-preproc -syn-check -check-rec-only -find-region -simplifycfg -func-extr -function-inline -globaldce -mem2reg -instcombine -dce -gvn -globaldce -adce -adse -constprop -instcombine -bit-constprop -instcombine -dce -simplifycfg -bitop-raise -simplifycfg -dce -loop-delete -reassociate -globalopt -global-privatize -mem2reg -dce -global-constprop -pointer-simplify -constprop -dce -func-inst -deadargelim -auto-shift-reg-idiom -promote-dbg-pointer -norm-name /home/xavier/MSc_Project/hls/yolo_conv_hls_2019/yolo_yolo_fp_2019_64/solution1/.autopilot/db/a.g.0.bc -o /home/xavier/MSc_Project/hls/yolo_conv_hls_2019/yolo_yolo_fp_2019_64/solution1/.autopilot/db/a.g.1.bc -f -phase std-opt 
Command         transform done; 1.75 sec.
INFO: [HLS 200-111] Finished Standard Transforms Time (s): cpu = 00:01:03 ; elapsed = 00:01:11 . Memory (MB): peak = 898.988 ; gain = 198.965 ; free physical = 1118 ; free virtual = 11075
INFO: [HLS 200-10] Checking synthesizability ...
INFO-FLOW: Checking Synthesizability 1/2..
Execute         transform -hls -syn-check -check-rec-only -disaggr -scalarrepl -norm-name -dce -mem2reg -instcombine -function-uniquify -directive-preproc -mem2reg -dse -dce -auto-rom-infer -dce -pag -array-normalize -instcombine -dce -warn-fifo-pointer -array-seg-normalize -instcombine -dce -array-flatten -instcombine -dce -array-burst -dce -deadargelim -promote-global-argument -simplifycfg -mem2reg -globaldce -dce -deadargelim -dce -instcombine -function-inline -globaldce -dce -doublePtrSimplify -doublePtrElim -dce -doublePtrSimplify -promote-dbg-pointer -dce -scalarrepl -dse -adse -instcombine -ptrLegalization -simplifycfg -dce -instcombine -pointer-simplify -ptrArgReplace -dce -instcombine -resolve-double-ptr -disaggr -scalarrepl -norm-name -dce -mem2reg -instcombine -ptrLegalization -simplifycfg -deadargelim -instcombine -dce -inst-simplify -function-uniquify -directive-preproc -mem2reg -dse -dce -globaldce -check-dspbuiltin /home/xavier/MSc_Project/hls/yolo_conv_hls_2019/yolo_yolo_fp_2019_64/solution1/.autopilot/db/a.g.1.bc -o /home/xavier/MSc_Project/hls/yolo_conv_hls_2019/yolo_yolo_fp_2019_64/solution1/.autopilot/db/a.g.2.prechk.bc -f 
Command         transform done; 0.59 sec.
INFO-FLOW: Checking Synthesizability 2/2..
Execute         transform -syn-check /home/xavier/MSc_Project/hls/yolo_conv_hls_2019/yolo_yolo_fp_2019_64/solution1/.autopilot/db/a.g.2.prechk.bc -o /home/xavier/MSc_Project/hls/yolo_conv_hls_2019/yolo_yolo_fp_2019_64/solution1/.autopilot/db/a.g.2.bc -f -phase syn-check 
WARNING: [SYNCHK 200-23] /opt/Xilinx_2019_1/Vivado/2019.1/common/technology/autopilot/hls_exp_apfixed.h:191: variable-indexed range selection may cause suboptimal QoR.
INFO: [SYNCHK 200-10] 0 error(s), 1 warning(s).
Command         transform done; 0.41 sec.
INFO: [HLS 200-111] Finished Checking Synthesizability Time (s): cpu = 00:01:04 ; elapsed = 00:01:12 . Memory (MB): peak = 1024.871 ; gain = 324.848 ; free physical = 1048 ; free virtual = 11015
INFO-FLOW: Compiler optimizing ...
INFO-FLOW: Share syncheck's 1.bc for syn flow: copy /home/xavier/MSc_Project/hls/yolo_conv_hls_2019/yolo_yolo_fp_2019_64/solution1/.autopilot/db/a.g.1.bc to /home/xavier/MSc_Project/hls/yolo_conv_hls_2019/yolo_yolo_fp_2019_64/solution1/.autopilot/db/a.o.1.bc
INFO-FLOW: Presyn 1...
Execute         transform -hls -tmp /home/xavier/MSc_Project/hls/yolo_conv_hls_2019/yolo_yolo_fp_2019_64/solution1/.autopilot/db -interface-port-rename -type-info -function-uniquify -directive-preproc -mem2reg -dse -dce -disaggr -scalarrepl -norm-name -deadargelim -mem2reg -instcombine -dce -simplifycfg -auto-rom-infer -dce -function-uniquify -resource-proc -clib-intrinsic-prepare -dce -func-buffer -dce -pag -array-normalize -func-legal -instcombine -gvn -constprop -dce -simplifycfg -mem2reg -globaldce -resolve-double-ptr -dce -deadargelim -dce -instcombine -ptrArgReplace -mem2reg -dce -array-seg-normalize -deadargelim -instcombine -dce -pointer-simplify -dce -port-alignment -dce -interface-preproc -data-pack -instcombine -dce -basicaa -aggr-aa -aggrmodref-aa -aggr-aa -gvn -gvn -basicaa -aggr-aa -aggrmodref-aa -aggr-aa -dse -adse -adce -loop-simplify -indvars -instcombine -gvn -loop-simplify -mem2reg -dce -find-region -instcombine -auto-loop-pipeline -inst-simplify -interface-preproc -cfgopt -instcombine -indvars -auto-loop-unroll -loop-simplify -loop-bound -xunroll -constprop -instcombine -simplifycfg -indvars -simplifycfg -dce -globaldce -clean-region -attach-range -gvn -inst-simplify -constprop -simplifycfg -dce -pointer-simplify -dce -globalopt -constprop -dce -array-promote -constprop -dce -ptrArgReplace -mem2reg -simplifycfg -dce -auto-par -instcombine -dce -array-transform-check -array-reshape -instcombine -simplifycfg -dce -ptrArgReplace -deadargelim -mem2reg -instcombine -simplifycfg -dce -indvars -loop-simplify -loop-bound -xunroll -constprop -instcombine -simplifycfg -indvars -simplifycfg -dce -globaldce -basicaa -aggr-aa -aggrmodref-aa -aggr-aa -dse -duplicate-dataflow-processes -globaldce -instcombine -array-partition -instcombine -simplifycfg -dce -ptrArgReplace -global-constprop -deadargelim -mem2reg -func-legal -dce -global-constprop -deadargelim -mem2reg -simplifycfg -dce -merge-param -deadargelim -globalopt -constprop -dce -array-promote -constprop -dce -ptrArgReplace -mem2reg -simplifycfg -dce -mem-intrinsic-preproc -dce -global-internalize -global-privatize -mem2reg -globaldce -promote-global-argument -ptrArgReplace -mem2reg -dce -globalopt -mergereturn -simplify-global-access -mem2reg -dce -pointer-simplify -dce -functionattrs -basicaa -aggr-aa -aggrmodref-aa -aggr-aa -gvn -gvn -basicaa -aggr-aa -aggrmodref-aa -aggr-aa -dse -adse -adce -dce -norm-name -function-inline -complex-op-raise -inst-simplify -globaldce -func-inst -constprop -instcombine -simplifycfg -dce -func-legal -dce -loop-bound -arraycheck -bitwidthmin -on-by-dataflow -loop-delete -instcombine -simplifycfg -globaldce -dce -gvn -deadargelim -dce -loop-simplify -clean-region -simplifycfg -propagate-stable-arguments -loop-stream -instcombine -simplifycfg -dce -globaldce -duplicate-dataflow-processes -stream-intrinsic-preproc -dce -check-ap-stream -loop-simplify -eliminate-keepreads -extract-dataflow-in-loop -loop-simplify -dce -gvn -deadargelim -dse -check-dataflow-syntax -legalize-stream-variable -legalize-global -extract-subproc -dce -dead-channel-elimination -canonicalize-gep -globaldce -dce -gvn -deadargelim -annotate-dataflow-channels -scalar-propagation -deadargelim -globaldce -mem2reg -check-dataflow-channels -function-stream -dce -globaldce -prop-fifo-spec -internal-stream-gen -canonicalize-gep -globaldce -dce -gvn -deadargelim -mergereturn -indvars -loop-simplify -instcombine -array-stream -array-seg-normalize -array-partition -func-legal -instcombine -simplifycfg -dce -bundle-memfifo-ops -deadargelim -function-uniquify -directive-preproc -mem2reg -dse -dce -group-axi-access -licm -simplifycfg -dce -loop-delete -norm-name /home/xavier/MSc_Project/hls/yolo_conv_hls_2019/yolo_yolo_fp_2019_64/solution1/.autopilot/db/a.o.1.bc -o /home/xavier/MSc_Project/hls/yolo_conv_hls_2019/yolo_yolo_fp_2019_64/solution1/.autopilot/db/a.o.1.tmp.bc -f 
INFO: [XFORM 203-1101] Packing variable 'outStream.V.data' (yolo_yolo_fp_2019_64/src/yolo_yolo.cpp:3) into a 64-bit variable.
INFO: [XFORM 203-1101] Packing variable 'inStream.V.data' (yolo_yolo_fp_2019_64/src/yolo_yolo.cpp:3) into a 64-bit variable.
INFO: [XFORM 203-502] Unrolling all loops for pipelining in function 'exp_reduce::exp<16, 8>' (/opt/Xilinx_2019_1/Vivado/2019.1/common/technology/autopilot/hls_exp_apfixed.h:41:29).
INFO: [HLS 200-489] Unrolling loop 'Loop-1' (/opt/Xilinx_2019_1/Vivado/2019.1/common/technology/autopilot/hls_exp_apfixed.h:190) in function 'exp_reduce::exp<16, 8>' completely with a factor of 8.
INFO: [HLS 200-489] Unrolling loop 'Loop-2' (/opt/Xilinx_2019_1/Vivado/2019.1/common/technology/autopilot/hls_exp_apfixed.h:197) in function 'exp_reduce::exp<16, 8>' completely with a factor of 22.
INFO: [HLS 200-489] Unrolling loop 'Loop-3' (/opt/Xilinx_2019_1/Vivado/2019.1/common/technology/autopilot/hls_exp_apfixed.h:254) in function 'exp_reduce::exp<16, 8>' completely with a factor of 4.
INFO: [HLS 200-489] Unrolling loop 'Loop-4' (/opt/Xilinx_2019_1/Vivado/2019.1/common/technology/autopilot/hls_exp_apfixed.h:260) in function 'exp_reduce::exp<16, 8>' completely with a factor of 4.
INFO: [HLS 200-489] Unrolling loop 'Loop-5' (/opt/Xilinx_2019_1/Vivado/2019.1/common/technology/autopilot/hls_exp_apfixed.h:263) in function 'exp_reduce::exp<16, 8>' completely with a factor of 18.
Command         transform done; 0.92 sec.
INFO-FLOW: Presyn 2...
Execute         transform -hls -keep-callgraph -scalarrepl -mem2reg -port-alignment -attach-range -dce -pipe-mux-gen -indvars -loop-bound -inst-simplify -instcombine -dce -merge-array-access -mem2reg -dce -clean-region -mergereturn -if-conv -instcombine -dce -constprop -basicaa -aggr-aa -aggrmodref-aa -aggr-aa -gvn -gvn -basicaa -aggr-aa -aggrmodref-aa -aggr-aa -dse -adse -adce -scalarrepl -mem2reg -global-constprop -deadargelim -deadargelim -instcombine -dce -simplifycfg -ptrArgReplace -mem2reg -function-inline -globaldce -mem2reg -instcombine -dce -expr-balance -instcombine -dce -bitwidthmin -interface-preproc -directive-preproc -inst-rectify -instcombine -dce -functionattrs -constprop -instcombine -bit-constprop -simplify-global-access -globalopt -globaldce -inst-simplify -instcombine -elimdeaddata -dce -loop-delete -simplifycfg -loop-simplify -auto-burst -norm-name /home/xavier/MSc_Project/hls/yolo_conv_hls_2019/yolo_yolo_fp_2019_64/solution1/.autopilot/db/a.o.1.tmp.bc -o /home/xavier/MSc_Project/hls/yolo_conv_hls_2019/yolo_yolo_fp_2019_64/solution1/.autopilot/db/a.o.2.bc -f -phase presyn 
INFO: [XFORM 203-401] Performing if-conversion on hyperblock from (yolo_yolo_fp_2019_64/src/yolo_yolo.cpp:77:96) to (yolo_yolo_fp_2019_64/src/yolo_yolo.cpp:77:96) in function 'logistic_activate'... converting 3 basic blocks.
INFO: [XFORM 203-401] Performing if-conversion on hyperblock from (/opt/Xilinx_2019_1/Vivado/2019.1/common/technology/autopilot/hls_exp_apfixed.h:41:1) to (/opt/Xilinx_2019_1/Vivado/2019.1/common/technology/autopilot/hls_exp_apfixed.h:867:1) in function 'exp_reduce::exp<16, 8>'... converting 5 basic blocks.
INFO: [XFORM 203-11] Balancing expressions in function 'exp_reduce::exp<16, 8>' (/opt/Xilinx_2019_1/Vivado/2019.1/common/technology/autopilot/hls_exp_apfixed.h:41:1)...8 expression(s) balanced.
Command         transform done; 0.75 sec.
INFO: [HLS 200-111] Finished Pre-synthesis Time (s): cpu = 00:01:06 ; elapsed = 00:01:13 . Memory (MB): peak = 1104.809 ; gain = 404.785 ; free physical = 904 ; free virtual = 10887
INFO-FLOW: Building ssdm...
Execute         transform -hls -function-uniquify -auto-function-inline -globaldce -ptrArgReplace -mem2reg -dce -reset-lda -loop-simplify -indvars -licm -loop-dep -loop-bound -licm -loop-simplify -flattenloopnest -array-flatten -gvn -instcombine -dce -array-map -dce -func-legal -gvn -adce -instcombine -cfgopt -simplifycfg -loop-simplify -array-burst -promote-global-argument -dce -ptrLegalization -axi4-lower -array-seg-normalize -basicaa -aggrmodref-aa -globalsmodref-aa -aggr-aa -gvn -gvn -basicaa -aggrmodref-aa -globalsmodref-aa -aggr-aa -dse -adse -adce -licm -inst-simplify -dce -globaldce -instcombine -array-stream -eliminate-keepreads -instcombine -dce -deadargelim -doublePtrSimplify -doublePtrElim -dce -doublePtrSimplify -promote-dbg-pointer -dce -scalarrepl -mem2reg -disaggr -norm-name -mem2reg -instcombine -dse -adse -adce -ptrLegalization -dce -auto-rom-infer -array-flatten -dce -instcombine -check-doubleptr -loop-rot -constprop -cfgopt -simplifycfg -loop-simplify -indvars -pointer-simplify -dce -loop-bound -loop-simplify -loop-preproc -constprop -global-constprop -gvn -mem2reg -instcombine -dce -loop-bound -loop-merge -dce -bitwidthmin -deadargelim -dce -canonicalize-dataflow -dce -scalar-propagation -deadargelim -globaldce -mem2reg -read-loop-dep -interface-preproc -directive-preproc -interface-gen -bram-byte-enable -deadargelim -inst-simplify -dce -gvn -mem2reg -instcombine -dce -adse -loop-bound -instcombine -cfgopt -simplifycfg -loop-simplify -clean-region -io-protocol -find-region -mem2reg -bitop-raise -complex-op-raise -inst-simplify -inst-rectify -instcombine -adce -deadargelim -loop-simplify -phi-opt -bitop-raise -cfgopt -simplifycfg -strip-dead-prototypes -interface-lower -bitop-lower -intrinsic-lower -auto-function-inline -basicaa -aggrmodref-aa -globalsmodref-aa -aggr-aa -inst-simplify -simplifycfg -loop-simplify -mergereturn -inst-simplify -inst-rectify -dce -load-elim -bitop-lower -loop-rewind -pointer-simplify -dce -cfgopt -dce -loop-bound -loop-dep -read-loop-dep -dce -check-stream -norm-name -legalize -validate-dataflow -inst-clarity -bitwidth -dump-loop-dep-to-ir -check-all-ssdm -cdfg-build /home/xavier/MSc_Project/hls/yolo_conv_hls_2019/yolo_yolo_fp_2019_64/solution1/.autopilot/db/a.o.2.bc -o /home/xavier/MSc_Project/hls/yolo_conv_hls_2019/yolo_yolo_fp_2019_64/solution1/.autopilot/db/a.o.3.bc -f -phase build-ssdm 
INFO: [XFORM 203-541] Flattening a loop nest 'Loop-1.1' (yolo_yolo_fp_2019_64/src/yolo_yolo.cpp:17:27) in function 'yolo_yolo_top'.
INFO: [XFORM 203-541] Flattening a loop nest 'Loop-1' (yolo_yolo_fp_2019_64/src/yolo_yolo.cpp:14:27) in function 'yolo_yolo_top'.
WARNING: [XFORM 203-631] Renaming function 'exp_reduce::exp<16, 8>' to 'exp<16, 8>' (/opt/Xilinx_2019_1/Vivado/2019.1/common/technology/autopilot/hls_exp_apfixed.h:41:1)
Command         transform done; 0.98 sec.
INFO: [HLS 200-111] Finished Architecture Synthesis Time (s): cpu = 00:01:06 ; elapsed = 00:01:14 . Memory (MB): peak = 1168.805 ; gain = 468.781 ; free physical = 854 ; free virtual = 10841
INFO-FLOW: Finish building internal data model.
Command       opt_and_import_c done; 8.56 sec.
Command     elaborate done; 73.24 sec.
Execute     autosyn -from_csynth_design=1 
INFO: [HLS 200-10] Starting hardware synthesis ...
INFO-FLOW: Synthesizing C/C++ design ...
INFO: [HLS 200-10] Synthesizing 'yolo_yolo_top' ...
Execute       ap_set_top_model yolo_yolo_top 
WARNING: [SYN 201-103] Legalizing function name 'exp<16, 8>' to 'exp_16_8_s'.
Execute       get_model_list yolo_yolo_top -filter all-wo-channel -topdown 
Execute       preproc_iomode -model yolo_yolo_top 
Execute       preproc_iomode -model logistic_activate 
Execute       preproc_iomode -model exp<16, 8> 
Execute       get_model_list yolo_yolo_top -filter all-wo-channel 
INFO-FLOW: Model list for configure: {exp<16, 8>} logistic_activate yolo_yolo_top
INFO-FLOW: Configuring Module : exp<16, 8> ...
Execute       set_default_model exp<16, 8> 
Execute       apply_spec_resource_limit exp<16, 8> 
INFO-FLOW: Configuring Module : logistic_activate ...
Execute       set_default_model logistic_activate 
Execute       apply_spec_resource_limit logistic_activate 
INFO-FLOW: Configuring Module : yolo_yolo_top ...
Execute       set_default_model yolo_yolo_top 
Execute       apply_spec_resource_limit yolo_yolo_top 
INFO-FLOW: Model list for preprocess: {exp<16, 8>} logistic_activate yolo_yolo_top
INFO-FLOW: Preprocessing Module: exp<16, 8> ...
Execute       set_default_model exp<16, 8> 
Execute       cdfg_preprocess -model exp<16, 8> 
Execute       rtl_gen_preprocess exp<16, 8> 
INFO-FLOW: Preprocessing Module: logistic_activate ...
Execute       set_default_model logistic_activate 
Execute       cdfg_preprocess -model logistic_activate 
Execute       rtl_gen_preprocess logistic_activate 
INFO-FLOW: Preprocessing Module: yolo_yolo_top ...
Execute       set_default_model yolo_yolo_top 
Execute       cdfg_preprocess -model yolo_yolo_top 
Execute       rtl_gen_preprocess yolo_yolo_top 
INFO-FLOW: Model list for synthesis: {exp<16, 8>} logistic_activate yolo_yolo_top
INFO: [HLS 200-10] ----------------------------------------------------------------
INFO: [HLS 200-42] -- Implementing module 'exp_16_8_s' 
INFO: [HLS 200-10] ----------------------------------------------------------------
Execute       set_default_model exp<16, 8> 
Execute       schedule -model exp<16, 8> 
INFO: [SCHED 204-11] Starting scheduling ...
INFO: [SCHED 204-61] Pipelining function 'exp<16, 8>'.
INFO: [SCHED 204-61] Pipelining result : Target II = 1, Final II = 1, Depth = 6.
INFO: [SCHED 204-11] Finished scheduling.
Command       schedule done; 0.27 sec.
INFO: [HLS 200-111]  Elapsed time: 74.86 seconds; current allocated memory: 403.815 MB.
Execute       syn_report -verbosereport -o /home/xavier/MSc_Project/hls/yolo_conv_hls_2019/yolo_yolo_fp_2019_64/solution1/.autopilot/db/exp_16_8_s.verbose.sched.rpt 
Execute       db_write -o /home/xavier/MSc_Project/hls/yolo_conv_hls_2019/yolo_yolo_fp_2019_64/solution1/.autopilot/db/exp_16_8_s.sched.adb -f 
INFO-FLOW: Finish scheduling exp<16, 8>.
Execute       set_default_model exp<16, 8> 
Execute       bind -model exp<16, 8> 
BIND OPTION: model=exp<16, 8>
INFO: [BIND 205-100] Starting micro-architecture generation ...
INFO: [BIND 205-101] Performing variable lifetime analysis.
INFO: [BIND 205-101] Exploring resource sharing.
INFO: [BIND 205-101] Binding ...
INFO: [BIND 205-100] Finished micro-architecture generation.
Command       bind done; 0.15 sec.
INFO: [HLS 200-111]  Elapsed time: 0.23 seconds; current allocated memory: 404.154 MB.
Execute       syn_report -verbosereport -o /home/xavier/MSc_Project/hls/yolo_conv_hls_2019/yolo_yolo_fp_2019_64/solution1/.autopilot/db/exp_16_8_s.verbose.bind.rpt 
Execute       db_write -o /home/xavier/MSc_Project/hls/yolo_conv_hls_2019/yolo_yolo_fp_2019_64/solution1/.autopilot/db/exp_16_8_s.bind.adb -f 
INFO-FLOW: Finish binding exp<16, 8>.
INFO: [HLS 200-10] ----------------------------------------------------------------
INFO: [HLS 200-42] -- Implementing module 'logistic_activate' 
INFO: [HLS 200-10] ----------------------------------------------------------------
Execute       set_default_model logistic_activate 
Execute       schedule -model logistic_activate 
INFO: [SCHED 204-11] Starting scheduling ...
INFO: [SCHED 204-61] Pipelining function 'logistic_activate'.
INFO: [SCHED 204-61] Pipelining result : Target II = 1, Final II = 1, Depth = 29.
INFO: [SCHED 204-11] Finished scheduling.
INFO: [HLS 200-111]  Elapsed time: 0.11 seconds; current allocated memory: 404.385 MB.
Execute       syn_report -verbosereport -o /home/xavier/MSc_Project/hls/yolo_conv_hls_2019/yolo_yolo_fp_2019_64/solution1/.autopilot/db/logistic_activate.verbose.sched.rpt 
Execute       db_write -o /home/xavier/MSc_Project/hls/yolo_conv_hls_2019/yolo_yolo_fp_2019_64/solution1/.autopilot/db/logistic_activate.sched.adb -f 
INFO-FLOW: Finish scheduling logistic_activate.
Execute       set_default_model logistic_activate 
Execute       bind -model logistic_activate 
BIND OPTION: model=logistic_activate
INFO: [BIND 205-100] Starting micro-architecture generation ...
INFO: [BIND 205-101] Performing variable lifetime analysis.
INFO: [BIND 205-101] Exploring resource sharing.
INFO: [BIND 205-101] Binding ...
INFO: [BIND 205-100] Finished micro-architecture generation.
INFO: [HLS 200-111]  Elapsed time: 0.07 seconds; current allocated memory: 404.599 MB.
Execute       syn_report -verbosereport -o /home/xavier/MSc_Project/hls/yolo_conv_hls_2019/yolo_yolo_fp_2019_64/solution1/.autopilot/db/logistic_activate.verbose.bind.rpt 
Execute       db_write -o /home/xavier/MSc_Project/hls/yolo_conv_hls_2019/yolo_yolo_fp_2019_64/solution1/.autopilot/db/logistic_activate.bind.adb -f 
INFO-FLOW: Finish binding logistic_activate.
INFO: [HLS 200-10] ----------------------------------------------------------------
INFO: [HLS 200-42] -- Implementing module 'yolo_yolo_top' 
INFO: [HLS 200-10] ----------------------------------------------------------------
Execute       set_default_model yolo_yolo_top 
Execute       schedule -model yolo_yolo_top 
INFO: [SCHED 204-11] Starting scheduling ...
INFO: [SCHED 204-61] Pipelining loop 'Loop 1'.
INFO: [SCHED 204-61] Pipelining result : Target II = 1, Final II = 1, Depth = 32.
INFO: [SCHED 204-11] Finished scheduling.
Command       schedule done; 0.12 sec.
INFO: [HLS 200-111]  Elapsed time: 0.23 seconds; current allocated memory: 405.236 MB.
Execute       syn_report -verbosereport -o /home/xavier/MSc_Project/hls/yolo_conv_hls_2019/yolo_yolo_fp_2019_64/solution1/.autopilot/db/yolo_yolo_top.verbose.sched.rpt 
Command       syn_report done; 0.11 sec.
Execute       db_write -o /home/xavier/MSc_Project/hls/yolo_conv_hls_2019/yolo_yolo_fp_2019_64/solution1/.autopilot/db/yolo_yolo_top.sched.adb -f 
INFO-FLOW: Finish scheduling yolo_yolo_top.
Execute       set_default_model yolo_yolo_top 
Execute       bind -model yolo_yolo_top 
BIND OPTION: model=yolo_yolo_top
INFO: [BIND 205-100] Starting micro-architecture generation ...
INFO: [BIND 205-101] Performing variable lifetime analysis.
INFO: [BIND 205-101] Exploring resource sharing.
INFO: [BIND 205-101] Binding ...
INFO: [BIND 205-100] Finished micro-architecture generation.
Command       bind done; 0.27 sec.
INFO: [HLS 200-111]  Elapsed time: 0.42 seconds; current allocated memory: 406.279 MB.
Execute       syn_report -verbosereport -o /home/xavier/MSc_Project/hls/yolo_conv_hls_2019/yolo_yolo_fp_2019_64/solution1/.autopilot/db/yolo_yolo_top.verbose.bind.rpt 
Command       syn_report done; 0.37 sec.
Execute       db_write -o /home/xavier/MSc_Project/hls/yolo_conv_hls_2019/yolo_yolo_fp_2019_64/solution1/.autopilot/db/yolo_yolo_top.bind.adb -f 
INFO-FLOW: Finish binding yolo_yolo_top.
Execute       get_model_list yolo_yolo_top -filter all-wo-channel 
INFO-FLOW: Preprocessing for RTLGen ...
Execute       rtl_gen_preprocess exp<16, 8> 
Execute       rtl_gen_preprocess logistic_activate 
Execute       rtl_gen_preprocess yolo_yolo_top 
INFO-FLOW: Model list for RTL generation: {exp<16, 8>} logistic_activate yolo_yolo_top
INFO: [HLS 200-10] ----------------------------------------------------------------
INFO: [HLS 200-10] -- Generating RTL for module 'exp_16_8_s' 
INFO: [HLS 200-10] ----------------------------------------------------------------
Execute       get_config_rtl -module_prefix 
Execute       get_config_rtl -module_auto_prefix 
Execute       create_rtl_model exp<16, 8> -vendor xilinx -mg_file /home/xavier/MSc_Project/hls/yolo_conv_hls_2019/yolo_yolo_fp_2019_64/solution1/.autopilot/db/exp_16_8_s.compgen.tcl 
INFO: [RTGEN 206-100] Finished creating RTL model for 'exp_16_8_s'.
INFO: [HLS 200-111]  Elapsed time: 0.47 seconds; current allocated memory: 407.323 MB.
Execute       source /home/xavier/MSc_Project/hls/yolo_conv_hls_2019/yolo_yolo_fp_2019_64/solution1/.autopilot/db/yolo_yolo_top.rtl_wrap.cfg.tcl 
Execute       gen_rtl exp<16, 8> -style xilinx -tracefl mytrace -tracefmt vcd -traceopt all -f -lang sc -o /home/xavier/MSc_Project/hls/yolo_conv_hls_2019/yolo_yolo_fp_2019_64/solution1/syn/systemc/exp_16_8_s -synmodules {exp<16, 8>} logistic_activate yolo_yolo_top 
Execute       gen_rtl exp<16, 8> -style xilinx -f -lang vhdl -o /home/xavier/MSc_Project/hls/yolo_conv_hls_2019/yolo_yolo_fp_2019_64/solution1/syn/vhdl/exp_16_8_s 
Execute       gen_rtl exp<16, 8> -style xilinx -f -lang vlog -o /home/xavier/MSc_Project/hls/yolo_conv_hls_2019/yolo_yolo_fp_2019_64/solution1/syn/verilog/exp_16_8_s 
Execute       syn_report -csynth -model exp<16, 8> -o /home/xavier/MSc_Project/hls/yolo_conv_hls_2019/yolo_yolo_fp_2019_64/solution1/syn/report/exp_16_8_s_csynth.rpt 
Execute       syn_report -rtlxml -model exp<16, 8> -o /home/xavier/MSc_Project/hls/yolo_conv_hls_2019/yolo_yolo_fp_2019_64/solution1/syn/report/exp_16_8_s_csynth.xml 
Execute       syn_report -verbosereport -model exp<16, 8> -o /home/xavier/MSc_Project/hls/yolo_conv_hls_2019/yolo_yolo_fp_2019_64/solution1/.autopilot/db/exp_16_8_s.verbose.rpt 
Execute       db_write -model exp<16, 8> -f -o /home/xavier/MSc_Project/hls/yolo_conv_hls_2019/yolo_yolo_fp_2019_64/solution1/.autopilot/db/exp_16_8_s.adb 
Execute       gen_tb_info exp<16, 8> -p /home/xavier/MSc_Project/hls/yolo_conv_hls_2019/yolo_yolo_fp_2019_64/solution1/.autopilot/db -o /home/xavier/MSc_Project/hls/yolo_conv_hls_2019/yolo_yolo_fp_2019_64/solution1/.autopilot/db/exp_16_8_s 
INFO: [HLS 200-10] ----------------------------------------------------------------
INFO: [HLS 200-10] -- Generating RTL for module 'logistic_activate' 
INFO: [HLS 200-10] ----------------------------------------------------------------
Execute       get_config_rtl -module_prefix 
Execute       get_config_rtl -module_auto_prefix 
Execute       create_rtl_model logistic_activate -vendor xilinx -mg_file /home/xavier/MSc_Project/hls/yolo_conv_hls_2019/yolo_yolo_fp_2019_64/solution1/.autopilot/db/logistic_activate.compgen.tcl 
INFO: [RTGEN 206-100] Generating core module 'yolo_yolo_top_sdiv_18ns_17s_18_22_1': 1 instance(s).
INFO: [RTGEN 206-100] Finished creating RTL model for 'logistic_activate'.
INFO: [HLS 200-111]  Elapsed time: 0.31 seconds; current allocated memory: 409.563 MB.
Execute       source /home/xavier/MSc_Project/hls/yolo_conv_hls_2019/yolo_yolo_fp_2019_64/solution1/.autopilot/db/yolo_yolo_top.rtl_wrap.cfg.tcl 
Execute       gen_rtl logistic_activate -style xilinx -tracefl mytrace -tracefmt vcd -traceopt all -f -lang sc -o /home/xavier/MSc_Project/hls/yolo_conv_hls_2019/yolo_yolo_fp_2019_64/solution1/syn/systemc/logistic_activate -synmodules {exp<16, 8>} logistic_activate yolo_yolo_top 
Execute       gen_rtl logistic_activate -style xilinx -f -lang vhdl -o /home/xavier/MSc_Project/hls/yolo_conv_hls_2019/yolo_yolo_fp_2019_64/solution1/syn/vhdl/logistic_activate 
Execute       gen_rtl logistic_activate -style xilinx -f -lang vlog -o /home/xavier/MSc_Project/hls/yolo_conv_hls_2019/yolo_yolo_fp_2019_64/solution1/syn/verilog/logistic_activate 
Execute       syn_report -csynth -model logistic_activate -o /home/xavier/MSc_Project/hls/yolo_conv_hls_2019/yolo_yolo_fp_2019_64/solution1/syn/report/logistic_activate_csynth.rpt 
Execute       syn_report -rtlxml -model logistic_activate -o /home/xavier/MSc_Project/hls/yolo_conv_hls_2019/yolo_yolo_fp_2019_64/solution1/syn/report/logistic_activate_csynth.xml 
Execute       syn_report -verbosereport -model logistic_activate -o /home/xavier/MSc_Project/hls/yolo_conv_hls_2019/yolo_yolo_fp_2019_64/solution1/.autopilot/db/logistic_activate.verbose.rpt 
Execute       db_write -model logistic_activate -f -o /home/xavier/MSc_Project/hls/yolo_conv_hls_2019/yolo_yolo_fp_2019_64/solution1/.autopilot/db/logistic_activate.adb 
Execute       gen_tb_info logistic_activate -p /home/xavier/MSc_Project/hls/yolo_conv_hls_2019/yolo_yolo_fp_2019_64/solution1/.autopilot/db -o /home/xavier/MSc_Project/hls/yolo_conv_hls_2019/yolo_yolo_fp_2019_64/solution1/.autopilot/db/logistic_activate 
INFO: [HLS 200-10] ----------------------------------------------------------------
INFO: [HLS 200-10] -- Generating RTL for module 'yolo_yolo_top' 
INFO: [HLS 200-10] ----------------------------------------------------------------
Execute       get_config_rtl -module_prefix 
Execute       get_config_rtl -module_auto_prefix 
Execute       create_rtl_model yolo_yolo_top -vendor xilinx -mg_file /home/xavier/MSc_Project/hls/yolo_conv_hls_2019/yolo_yolo_fp_2019_64/solution1/.autopilot/db/yolo_yolo_top.compgen.tcl 
INFO: [RTGEN 206-500] Setting interface mode on port 'yolo_yolo_top/inStream_V_data' to 'axis' (register, both mode).
INFO: [RTGEN 206-500] Setting interface mode on port 'yolo_yolo_top/inStream_V_keep_V' to 'axis' (register, both mode).
INFO: [RTGEN 206-500] Setting interface mode on port 'yolo_yolo_top/inStream_V_strb_V' to 'axis' (register, both mode).
INFO: [RTGEN 206-500] Setting interface mode on port 'yolo_yolo_top/inStream_V_user_V' to 'axis' (register, both mode).
INFO: [RTGEN 206-500] Setting interface mode on port 'yolo_yolo_top/inStream_V_last_V' to 'axis' (register, both mode).
INFO: [RTGEN 206-500] Setting interface mode on port 'yolo_yolo_top/inStream_V_id_V' to 'axis' (register, both mode).
INFO: [RTGEN 206-500] Setting interface mode on port 'yolo_yolo_top/inStream_V_dest_V' to 'axis' (register, both mode).
INFO: [RTGEN 206-500] Setting interface mode on port 'yolo_yolo_top/outStream_V_data' to 'axis' (register, both mode).
INFO: [RTGEN 206-500] Setting interface mode on port 'yolo_yolo_top/outStream_V_keep_V' to 'axis' (register, both mode).
INFO: [RTGEN 206-500] Setting interface mode on port 'yolo_yolo_top/outStream_V_strb_V' to 'axis' (register, both mode).
INFO: [RTGEN 206-500] Setting interface mode on port 'yolo_yolo_top/outStream_V_user_V' to 'axis' (register, both mode).
INFO: [RTGEN 206-500] Setting interface mode on port 'yolo_yolo_top/outStream_V_last_V' to 'axis' (register, both mode).
INFO: [RTGEN 206-500] Setting interface mode on port 'yolo_yolo_top/outStream_V_id_V' to 'axis' (register, both mode).
INFO: [RTGEN 206-500] Setting interface mode on port 'yolo_yolo_top/outStream_V_dest_V' to 'axis' (register, both mode).
INFO: [RTGEN 206-500] Setting interface mode on port 'yolo_yolo_top/activate_en_V' to 's_axilite & ap_none'.
INFO: [RTGEN 206-500] Setting interface mode on port 'yolo_yolo_top/input_h_V' to 's_axilite & ap_none'.
INFO: [RTGEN 206-500] Setting interface mode on port 'yolo_yolo_top/input_w_V' to 's_axilite & ap_none'.
INFO: [RTGEN 206-500] Setting interface mode on function 'yolo_yolo_top' to 's_axilite & ap_ctrl_hs'.
INFO: [RTGEN 206-100] Bundling port 'return', 'activate_en_V', 'input_h_V' and 'input_w_V' to AXI-Lite port CTRL_BUS.
INFO: [RTGEN 206-100] Finished creating RTL model for 'yolo_yolo_top'.
Command       create_rtl_model done; 0.17 sec.
INFO: [HLS 200-111]  Elapsed time: 0.4 seconds; current allocated memory: 414.333 MB.
Execute       source /home/xavier/MSc_Project/hls/yolo_conv_hls_2019/yolo_yolo_fp_2019_64/solution1/.autopilot/db/yolo_yolo_top.rtl_wrap.cfg.tcl 
Execute       gen_rtl yolo_yolo_top -istop -style xilinx -tracefl mytrace -tracefmt vcd -traceopt all -f -lang sc -o /home/xavier/MSc_Project/hls/yolo_conv_hls_2019/yolo_yolo_fp_2019_64/solution1/syn/systemc/yolo_yolo_top -synmodules {exp<16, 8>} logistic_activate yolo_yolo_top 
Execute       gen_rtl yolo_yolo_top -istop -style xilinx -f -lang vhdl -o /home/xavier/MSc_Project/hls/yolo_conv_hls_2019/yolo_yolo_fp_2019_64/solution1/syn/vhdl/yolo_yolo_top 
Command       gen_rtl done; 0.17 sec.
Execute       gen_rtl yolo_yolo_top -istop -style xilinx -f -lang vlog -o /home/xavier/MSc_Project/hls/yolo_conv_hls_2019/yolo_yolo_fp_2019_64/solution1/syn/verilog/yolo_yolo_top 
Execute       syn_report -csynth -model yolo_yolo_top -o /home/xavier/MSc_Project/hls/yolo_conv_hls_2019/yolo_yolo_fp_2019_64/solution1/syn/report/yolo_yolo_top_csynth.rpt 
Execute       syn_report -rtlxml -model yolo_yolo_top -o /home/xavier/MSc_Project/hls/yolo_conv_hls_2019/yolo_yolo_fp_2019_64/solution1/syn/report/yolo_yolo_top_csynth.xml 
Execute       syn_report -verbosereport -model yolo_yolo_top -o /home/xavier/MSc_Project/hls/yolo_conv_hls_2019/yolo_yolo_fp_2019_64/solution1/.autopilot/db/yolo_yolo_top.verbose.rpt 
Command       syn_report done; 0.47 sec.
Execute       db_write -model yolo_yolo_top -f -o /home/xavier/MSc_Project/hls/yolo_conv_hls_2019/yolo_yolo_fp_2019_64/solution1/.autopilot/db/yolo_yolo_top.adb 
Command       db_write done; 0.17 sec.
Execute       gen_tb_info yolo_yolo_top -p /home/xavier/MSc_Project/hls/yolo_conv_hls_2019/yolo_yolo_fp_2019_64/solution1/.autopilot/db -o /home/xavier/MSc_Project/hls/yolo_conv_hls_2019/yolo_yolo_fp_2019_64/solution1/.autopilot/db/yolo_yolo_top 
Execute       export_constraint_db -f -tool general -o /home/xavier/MSc_Project/hls/yolo_conv_hls_2019/yolo_yolo_fp_2019_64/solution1/.autopilot/db/yolo_yolo_top.constraint.tcl 
Execute       syn_report -designview -model yolo_yolo_top -o /home/xavier/MSc_Project/hls/yolo_conv_hls_2019/yolo_yolo_fp_2019_64/solution1/.autopilot/db/yolo_yolo_top.design.xml 
Command       syn_report done; 0.22 sec.
Execute       get_config_rtl -disable_wave_debug 
Execute       syn_report -wcfg -model yolo_yolo_top -o /home/xavier/MSc_Project/hls/yolo_conv_hls_2019/yolo_yolo_fp_2019_64/solution1/.autopilot/db/yolo_yolo_top_dataflow_ana.wcfg 
Execute       syn_report -protoinst -model yolo_yolo_top -o /home/xavier/MSc_Project/hls/yolo_conv_hls_2019/yolo_yolo_fp_2019_64/solution1/.autopilot/db/yolo_yolo_top.protoinst 
Execute       get_config_debug -directory 
Execute       sc_get_clocks yolo_yolo_top 
Execute       get_config_export -vivado_clock 
Execute       sc_get_portdomain yolo_yolo_top 
INFO-FLOW: Model list for RTL component generation: {exp<16, 8>} logistic_activate yolo_yolo_top
INFO-FLOW: Handling components in module [exp_16_8_s] ... 
Execute       source /home/xavier/MSc_Project/hls/yolo_conv_hls_2019/yolo_yolo_fp_2019_64/solution1/.autopilot/db/exp_16_8_s.compgen.tcl 
INFO-FLOW: Found component exp_16_8_s_f_x_lsb_table_V.
INFO-FLOW: Append model exp_16_8_s_f_x_lsb_table_V
INFO-FLOW: Found component exp_16_8_s_exp_x_msb_2_m_1_tabl.
INFO-FLOW: Append model exp_16_8_s_exp_x_msb_2_m_1_tabl
INFO-FLOW: Found component exp_16_8_s_exp_x_msb_1_table_V.
INFO-FLOW: Append model exp_16_8_s_exp_x_msb_1_table_V
INFO-FLOW: Handling components in module [logistic_activate] ... 
Execute       source /home/xavier/MSc_Project/hls/yolo_conv_hls_2019/yolo_yolo_fp_2019_64/solution1/.autopilot/db/logistic_activate.compgen.tcl 
INFO-FLOW: Found component yolo_yolo_top_sdiv_18ns_17s_18_22_1.
INFO-FLOW: Append model yolo_yolo_top_sdiv_18ns_17s_18_22_1
INFO-FLOW: Handling components in module [yolo_yolo_top] ... 
Execute       source /home/xavier/MSc_Project/hls/yolo_conv_hls_2019/yolo_yolo_fp_2019_64/solution1/.autopilot/db/yolo_yolo_top.compgen.tcl 
INFO-FLOW: Found component yolo_yolo_top_CTRL_BUS_s_axi.
INFO-FLOW: Append model yolo_yolo_top_CTRL_BUS_s_axi
INFO-FLOW: Append model exp_16_8_s
INFO-FLOW: Append model logistic_activate
INFO-FLOW: Append model yolo_yolo_top
INFO-FLOW: Generating RTL model list ...
INFO-FLOW: All models in this session: exp_16_8_s_f_x_lsb_table_V exp_16_8_s_exp_x_msb_2_m_1_tabl exp_16_8_s_exp_x_msb_1_table_V yolo_yolo_top_sdiv_18ns_17s_18_22_1 yolo_yolo_top_CTRL_BUS_s_axi exp_16_8_s logistic_activate yolo_yolo_top
INFO-FLOW: To file: write model exp_16_8_s_f_x_lsb_table_V
INFO-FLOW: To file: write model exp_16_8_s_exp_x_msb_2_m_1_tabl
INFO-FLOW: To file: write model exp_16_8_s_exp_x_msb_1_table_V
INFO-FLOW: To file: write model yolo_yolo_top_sdiv_18ns_17s_18_22_1
INFO-FLOW: To file: write model yolo_yolo_top_CTRL_BUS_s_axi
INFO-FLOW: To file: write model exp_16_8_s
INFO-FLOW: To file: write model logistic_activate
INFO-FLOW: To file: write model yolo_yolo_top
INFO-FLOW: Finished generating RTL model list.


INFO-FLOW: RTL Generation done.
INFO-FLOW: CAS Generation done.
INFO-FLOW: CBC Generation done.
INFO-FLOW: DBG:CMD: auto_generate_csynth_design
INFO-FLOW: DBG:CMD:     auto_generate --sim-model -phase csynth_design -d /home/xavier/MSc_Project/hls/yolo_conv_hls_2019/yolo_yolo_fp_2019_64/solution1
Execute       source /home/xavier/MSc_Project/hls/yolo_conv_hls_2019/yolo_yolo_fp_2019_64/solution1/.autopilot/db/global.setting.tcl 
INFO-FLOW: DBG:CMD: read_platform_lib /home/xavier/MSc_Project/hls/yolo_conv_hls_2019/yolo_yolo_fp_2019_64/solution1/.autopilot/db/global.setting.tcl
Execute       source /opt/Xilinx_2019_1/Vivado/2019.1/common/technology/generic/autopilot/common.gen 
Execute         source /opt/Xilinx_2019_1/Vivado/2019.1/common/technology/generic/autopilot/APCoreGen.gen 
Execute       source /opt/Xilinx_2019_1/Vivado/2019.1/common/technology/generic/autopilot/op.gen 
Execute       source /opt/Xilinx_2019_1/Vivado/2019.1/common/technology/generic/autopilot/op_simcore.gen 
Execute       source /opt/Xilinx_2019_1/Vivado/2019.1/common/technology/generic/autopilot/interface.gen 
Execute       source /home/xavier/MSc_Project/hls/yolo_conv_hls_2019/yolo_yolo_fp_2019_64/solution1/.autopilot/db/global.setting.tcl 
Execute       source /opt/Xilinx_2019_1/Vivado/2019.1/common/technology/xilinx/zynq/zynq.gen 
Execute         source /opt/Xilinx_2019_1/Vivado/2019.1/common/technology/xilinx/common/xilinx.gen 
Execute           source /opt/Xilinx_2019_1/Vivado/2019.1/common/technology/xilinx/interface/plb46.gen 
Execute           source /opt/Xilinx_2019_1/Vivado/2019.1/common/technology/xilinx/interface/fsl.gen 
Execute           source /opt/Xilinx_2019_1/Vivado/2019.1/common/technology/xilinx/interface/axi4.gen 
Execute           source /opt/Xilinx_2019_1/Vivado/2019.1/common/technology/xilinx/interface/nativeAXI4.gen 
Execute             source /opt/Xilinx_2019_1/Vivado/2019.1/common/technology/xilinx/interface/saxilite.gen 
Execute             source /opt/Xilinx_2019_1/Vivado/2019.1/common/technology/xilinx/interface/maxi.gen 
Execute           source /opt/Xilinx_2019_1/Vivado/2019.1/common/technology/xilinx/scripts/xilinxcoregen.gen 
Execute           source /opt/Xilinx_2019_1/Vivado/2019.1/common/technology/xilinx/interface/XilEDKCoreGen.gen 
Execute           source /opt/Xilinx_2019_1/Vivado/2019.1/common/technology/xilinx/ip/dds_compiler.gen 
Execute           source /opt/Xilinx_2019_1/Vivado/2019.1/common/technology/xilinx/ip/util.gen 
Execute           source /opt/Xilinx_2019_1/Vivado/2019.1/common/technology/xilinx/ip/xfft.gen 
Execute           source /opt/Xilinx_2019_1/Vivado/2019.1/common/technology/xilinx/ip/xfir.gen 
Execute           source /opt/Xilinx_2019_1/Vivado/2019.1/common/technology/xilinx/common/dsp48.gen 
Command         ap_source done; 0.12 sec.
Command       ap_source done; 0.12 sec.
Execute       source /opt/Xilinx_2019_1/Vivado/2019.1/common/technology/xilinx/zynq/zynq_fpv6.gen 
Execute         source /opt/Xilinx_2019_1/Vivado/2019.1/common/technology/xilinx/common/xilinx_fp.gen 
INFO-FLOW: DBG:CMD:   using AESL_AUTOCG::g_clock_period=10.000 (was NA)
INFO-FLOW: DBG:CMD:       generate_ip_cores sim=1 export=0 expOnly=0 dstVlogDir=syn/verilog
Execute       source /home/xavier/MSc_Project/hls/yolo_conv_hls_2019/yolo_yolo_fp_2019_64/solution1/.autopilot/db/global.setting.tcl 
Execute       ap_part_info -name xc7z020-clg484-1 -data names -quiet 
Execute       ap_part_info -name xc7z020-clg484-1 -data info -quiet 
Execute       source /home/xavier/MSc_Project/hls/yolo_conv_hls_2019/yolo_yolo_fp_2019_64/solution1/.autopilot/db/global.setting.tcl 
Execute       source /home/xavier/MSc_Project/hls/yolo_conv_hls_2019/yolo_yolo_fp_2019_64/solution1/.autopilot/db/global.setting.tcl 
Execute       source /home/xavier/MSc_Project/hls/yolo_conv_hls_2019/yolo_yolo_fp_2019_64/solution1/.autopilot/db/exp_16_8_s.compgen.tcl 
Execute         ap_part_info -name xc7z020-clg484-1 -data names -quiet 
Execute         ap_part_info -name xc7z020-clg484-1 -data info -quiet 
INFO: [RTMG 210-279] Implementing memory 'exp_16_8_s_f_x_lsb_table_V_rom' using distributed ROMs.
Execute         ap_part_info -name xc7z020-clg484-1 -data names -quiet 
Execute         ap_part_info -name xc7z020-clg484-1 -data info -quiet 
Execute         ap_part_info -name xc7z020-clg484-1 -data names -quiet 
Execute         ap_part_info -name xc7z020-clg484-1 -data info -quiet 
Execute         ap_part_info -name xc7z020-clg484-1 -data names -quiet 
Execute         ap_part_info -name xc7z020-clg484-1 -data info -quiet 
INFO: [RTMG 210-279] Implementing memory 'exp_16_8_s_exp_x_msb_2_m_1_tabl_rom' using distributed ROMs.
Execute         ap_part_info -name xc7z020-clg484-1 -data names -quiet 
Execute         ap_part_info -name xc7z020-clg484-1 -data info -quiet 
Execute         ap_part_info -name xc7z020-clg484-1 -data names -quiet 
Execute         ap_part_info -name xc7z020-clg484-1 -data info -quiet 
Execute         ap_part_info -name xc7z020-clg484-1 -data names -quiet 
Execute         ap_part_info -name xc7z020-clg484-1 -data info -quiet 
INFO: [RTMG 210-279] Implementing memory 'exp_16_8_s_exp_x_msb_1_table_V_rom' using distributed ROMs.
Execute         ap_part_info -name xc7z020-clg484-1 -data names -quiet 
Execute         ap_part_info -name xc7z020-clg484-1 -data info -quiet 
Execute         ap_part_info -name xc7z020-clg484-1 -data names -quiet 
Execute         ap_part_info -name xc7z020-clg484-1 -data info -quiet 
Execute       source /home/xavier/MSc_Project/hls/yolo_conv_hls_2019/yolo_yolo_fp_2019_64/solution1/.autopilot/db/logistic_activate.compgen.tcl 
Execute         ap_part_info -name xc7z020-clg484-1 -data names -quiet 
Execute         ap_part_info -name xc7z020-clg484-1 -data info -quiet 
INFO: [RTMG 210-282] Generating pipelined core: 'yolo_yolo_top_sdiv_18ns_17s_18_22_1_div'
Execute       source /home/xavier/MSc_Project/hls/yolo_conv_hls_2019/yolo_yolo_fp_2019_64/solution1/.autopilot/db/yolo_yolo_top.compgen.tcl 
Execute         source ./CTRL_BUS.slave.tcl 
Execute         is_m_axi_addr64 
INFO-FLOW: DBG:CMD:     auto_generate -export -impltomg_flag -rtl both -tool Vivado -pcore_version 1.00.a -phase csynth_design -d /home/xavier/MSc_Project/hls/yolo_conv_hls_2019/yolo_yolo_fp_2019_64/solution1
Execute       source /home/xavier/MSc_Project/hls/yolo_conv_hls_2019/yolo_yolo_fp_2019_64/solution1/.autopilot/db/global.setting.tcl 
INFO-FLOW: DBG:CMD: read_platform_lib /home/xavier/MSc_Project/hls/yolo_conv_hls_2019/yolo_yolo_fp_2019_64/solution1/.autopilot/db/global.setting.tcl
Execute       source /opt/Xilinx_2019_1/Vivado/2019.1/common/technology/generic/autopilot/common.gen 
Execute         source /opt/Xilinx_2019_1/Vivado/2019.1/common/technology/generic/autopilot/APCoreGen.gen 
Execute       source /opt/Xilinx_2019_1/Vivado/2019.1/common/technology/generic/autopilot/op.gen 
Execute       source /opt/Xilinx_2019_1/Vivado/2019.1/common/technology/generic/autopilot/op_simcore.gen 
Execute       source /opt/Xilinx_2019_1/Vivado/2019.1/common/technology/generic/autopilot/interface.gen 
Execute       source /home/xavier/MSc_Project/hls/yolo_conv_hls_2019/yolo_yolo_fp_2019_64/solution1/.autopilot/db/global.setting.tcl 
Execute       source /opt/Xilinx_2019_1/Vivado/2019.1/common/technology/xilinx/zynq/zynq.gen 
Execute         source /opt/Xilinx_2019_1/Vivado/2019.1/common/technology/xilinx/common/xilinx.gen 
Execute           source /opt/Xilinx_2019_1/Vivado/2019.1/common/technology/xilinx/interface/plb46.gen 
Execute           source /opt/Xilinx_2019_1/Vivado/2019.1/common/technology/xilinx/interface/fsl.gen 
Execute           source /opt/Xilinx_2019_1/Vivado/2019.1/common/technology/xilinx/interface/axi4.gen 
Execute           source /opt/Xilinx_2019_1/Vivado/2019.1/common/technology/xilinx/interface/nativeAXI4.gen 
Execute             source /opt/Xilinx_2019_1/Vivado/2019.1/common/technology/xilinx/interface/saxilite.gen 
Execute             source /opt/Xilinx_2019_1/Vivado/2019.1/common/technology/xilinx/interface/maxi.gen 
Execute           source /opt/Xilinx_2019_1/Vivado/2019.1/common/technology/xilinx/scripts/xilinxcoregen.gen 
Execute           source /opt/Xilinx_2019_1/Vivado/2019.1/common/technology/xilinx/interface/XilEDKCoreGen.gen 
Execute           source /opt/Xilinx_2019_1/Vivado/2019.1/common/technology/xilinx/ip/dds_compiler.gen 
Execute           source /opt/Xilinx_2019_1/Vivado/2019.1/common/technology/xilinx/ip/util.gen 
Execute           source /opt/Xilinx_2019_1/Vivado/2019.1/common/technology/xilinx/ip/xfft.gen 
Execute           source /opt/Xilinx_2019_1/Vivado/2019.1/common/technology/xilinx/ip/xfir.gen 
Execute           source /opt/Xilinx_2019_1/Vivado/2019.1/common/technology/xilinx/common/dsp48.gen 
Command         ap_source done; 0.12 sec.
Command       ap_source done; 0.12 sec.
Execute       source /opt/Xilinx_2019_1/Vivado/2019.1/common/technology/xilinx/zynq/zynq_fpv6.gen 
Execute         source /opt/Xilinx_2019_1/Vivado/2019.1/common/technology/xilinx/common/xilinx_fp.gen 
INFO-FLOW: DBG:CMD:       initCTypeInfo top_module=yolo_yolo_top xml_exists=0
Execute       source /home/xavier/MSc_Project/hls/yolo_conv_hls_2019/yolo_yolo_fp_2019_64/solution1/.autopilot/db/yolo_yolo_top.rtl_wrap.cfg.tcl 
Execute       source /home/xavier/MSc_Project/hls/yolo_conv_hls_2019/yolo_yolo_fp_2019_64/solution1/.autopilot/db/yolo_yolo_top.rtl_wrap.cfg.tcl 
Execute       source /home/xavier/MSc_Project/hls/yolo_conv_hls_2019/yolo_yolo_fp_2019_64/solution1/.autopilot/db/yolo_yolo_top.rtl_wrap.cfg.tcl 
Execute       source /home/xavier/MSc_Project/hls/yolo_conv_hls_2019/yolo_yolo_fp_2019_64/solution1/.autopilot/db/yolo_yolo_top.tbgen.tcl 
Execute       source /home/xavier/MSc_Project/hls/yolo_conv_hls_2019/yolo_yolo_fp_2019_64/solution1/.autopilot/db/yolo_yolo_top.tbgen.tcl 
INFO-FLOW: DBG:CMD:       export_impl_rtl
INFO-FLOW: DBG:CMD:       generate_ip_cores sim=0 export=0 expOnly=0 dstVlogDir=impl/.verilog
Execute       source /home/xavier/MSc_Project/hls/yolo_conv_hls_2019/yolo_yolo_fp_2019_64/solution1/.autopilot/db/global.setting.tcl 
Execute       source /home/xavier/MSc_Project/hls/yolo_conv_hls_2019/yolo_yolo_fp_2019_64/solution1/.autopilot/db/exp_16_8_s.compgen.tcl 
Execute       source /home/xavier/MSc_Project/hls/yolo_conv_hls_2019/yolo_yolo_fp_2019_64/solution1/.autopilot/db/logistic_activate.compgen.tcl 
Execute       source /home/xavier/MSc_Project/hls/yolo_conv_hls_2019/yolo_yolo_fp_2019_64/solution1/.autopilot/db/yolo_yolo_top.compgen.tcl 
INFO-FLOW: DBG:CMD:       generate_ip_cores sim=0 export=1 expOnly=1 dstVlogDir=impl/.pcores/verilog
Execute       source /home/xavier/MSc_Project/hls/yolo_conv_hls_2019/yolo_yolo_fp_2019_64/solution1/.autopilot/db/global.setting.tcl 
Execute       source /home/xavier/MSc_Project/hls/yolo_conv_hls_2019/yolo_yolo_fp_2019_64/solution1/.autopilot/db/exp_16_8_s.compgen.tcl 
Execute       source /home/xavier/MSc_Project/hls/yolo_conv_hls_2019/yolo_yolo_fp_2019_64/solution1/.autopilot/db/logistic_activate.compgen.tcl 
Execute       source /home/xavier/MSc_Project/hls/yolo_conv_hls_2019/yolo_yolo_fp_2019_64/solution1/.autopilot/db/yolo_yolo_top.compgen.tcl 
Execute         ap_part_info -name xc7z020-clg484-1 -data names -quiet 
Execute         ap_part_info -name xc7z020-clg484-1 -data info -quiet 
Execute         ap_part_info -name xc7z020-clg484-1 -data names -quiet 
Execute         ap_part_info -name xc7z020-clg484-1 -data info -quiet 
Execute         ap_part_info -name xc7z020-clg484-1 -data names -quiet 
Execute         ap_part_info -name xc7z020-clg484-1 -data info -quiet 
Execute         ap_part_info -name xc7z020-clg484-1 -data names -quiet 
Execute         ap_part_info -name xc7z020-clg484-1 -data info -quiet 
Execute         ap_part_info -name xc7z020-clg484-1 -data names -quiet 
Execute         ap_part_info -name xc7z020-clg484-1 -data info -quiet 
Execute         ap_part_info -name xc7z020-clg484-1 -data names -quiet 
Execute         ap_part_info -name xc7z020-clg484-1 -data info -quiet 
Execute       ap_part_info -name xc7z020-clg484-1 -data names -quiet 
Execute       ap_part_info -name xc7z020-clg484-1 -data info -quiet 
INFO-FLOW: DBG:CMD:       generate_ip_cores sim=0 export=0 expOnly=0 dstVlogDir=impl/.pcores/verilog_sim
Execute       source /home/xavier/MSc_Project/hls/yolo_conv_hls_2019/yolo_yolo_fp_2019_64/solution1/.autopilot/db/global.setting.tcl 
Execute       source /home/xavier/MSc_Project/hls/yolo_conv_hls_2019/yolo_yolo_fp_2019_64/solution1/.autopilot/db/exp_16_8_s.compgen.tcl 
Execute       source /home/xavier/MSc_Project/hls/yolo_conv_hls_2019/yolo_yolo_fp_2019_64/solution1/.autopilot/db/logistic_activate.compgen.tcl 
Execute       source /home/xavier/MSc_Project/hls/yolo_conv_hls_2019/yolo_yolo_fp_2019_64/solution1/.autopilot/db/yolo_yolo_top.compgen.tcl 
Execute       ap_part_info -name xc7z020-clg484-1 -data names -quiet 
Execute       ap_part_info -name xc7z020-clg484-1 -data info -quiet 
Execute       ap_part_info -name xc7z020-clg484-1 -data names -quiet 
Execute       ap_part_info -name xc7z020-clg484-1 -data info -quiet 
Execute       source /home/xavier/MSc_Project/hls/yolo_conv_hls_2019/yolo_yolo_fp_2019_64/solution1/.autopilot/db/global.setting.tcl 
Execute       ap_part_info -name xc7z020-clg484-1 -data names -quiet 
Execute       ap_part_info -name xc7z020-clg484-1 -data info -quiet 
Execute       source /home/xavier/MSc_Project/hls/yolo_conv_hls_2019/yolo_yolo_fp_2019_64/solution1/.autopilot/db/yolo_yolo_top.constraint.tcl 
Execute       source /home/xavier/MSc_Project/hls/yolo_conv_hls_2019/yolo_yolo_fp_2019_64/solution1/.autopilot/db/yolo_yolo_top.tbgen.tcl 
INFO-FLOW: DBG:CMD:       hasPcoreIpAdapter=false #gSsdmPorts=28
INFO-FLOW: DBG:CMD: Skipping loadAnalyze_DB, #g_database=17
INFO-FLOW: DBG:CMD:       generate_json is_phase_csynth=1 g_has_adaptors=false generate_bd_files=1 #modelList=8 #gSsdmPorts=28
Execute       source /opt/Xilinx_2019_1/Vivado/2019.1/tps/tcl/tcllib1.11.1/fileutil/fileutil.tcl 
Execute       source /home/xavier/MSc_Project/hls/yolo_conv_hls_2019/yolo_yolo_fp_2019_64/solution1/.autopilot/db/global.setting.tcl 
Execute       source /home/xavier/MSc_Project/hls/yolo_conv_hls_2019/yolo_yolo_fp_2019_64/solution1/.autopilot/db/global.setting.tcl 
Execute       get_config_export -xo 
Execute       source /home/xavier/MSc_Project/hls/yolo_conv_hls_2019/yolo_yolo_fp_2019_64/solution1/.autopilot/db/yolo_yolo_top.tbgen.tcl 
Execute       source /home/xavier/MSc_Project/hls/yolo_conv_hls_2019/yolo_yolo_fp_2019_64/solution1/.autopilot/db/yolo_yolo_top.compgen.dataonly.tcl 
Execute       source /home/xavier/MSc_Project/hls/yolo_conv_hls_2019/yolo_yolo_fp_2019_64/solution1/.autopilot/db/yolo_yolo_top.compgen.dataonly.tcl 
Execute       source /home/xavier/MSc_Project/hls/yolo_conv_hls_2019/yolo_yolo_fp_2019_64/solution1/.autopilot/db/yolo_yolo_top.tbgen.tcl 
Execute       source /home/xavier/MSc_Project/hls/yolo_conv_hls_2019/yolo_yolo_fp_2019_64/solution1/.autopilot/db/yolo_yolo_top.tbgen.tcl 
Execute       source /home/xavier/MSc_Project/hls/yolo_conv_hls_2019/yolo_yolo_fp_2019_64/solution1/.autopilot/db/yolo_yolo_top.tbgen.tcl 
Execute       source /home/xavier/MSc_Project/hls/yolo_conv_hls_2019/yolo_yolo_fp_2019_64/solution1/.autopilot/db/yolo_yolo_top.tbgen.tcl 
Execute       source /home/xavier/MSc_Project/hls/yolo_conv_hls_2019/yolo_yolo_fp_2019_64/solution1/.autopilot/db/yolo_yolo_top.tbgen.tcl 
Execute       source /home/xavier/MSc_Project/hls/yolo_conv_hls_2019/yolo_yolo_fp_2019_64/solution1/.autopilot/db/yolo_yolo_top.tbgen.tcl 
Execute       source /home/xavier/MSc_Project/hls/yolo_conv_hls_2019/yolo_yolo_fp_2019_64/solution1/.autopilot/db/yolo_yolo_top.tbgen.tcl 
Execute       source /home/xavier/MSc_Project/hls/yolo_conv_hls_2019/yolo_yolo_fp_2019_64/solution1/.autopilot/db/global.setting.tcl 
Execute       get_config_sdx -target 
Execute       source /home/xavier/MSc_Project/hls/yolo_conv_hls_2019/yolo_yolo_fp_2019_64/solution1/.autopilot/db/yolo_yolo_top.rtl_wrap.cfg.tcl 
Execute       source /home/xavier/MSc_Project/hls/yolo_conv_hls_2019/yolo_yolo_fp_2019_64/solution1/.autopilot/db/yolo_yolo_top.compgen.dataonly.tcl 
Execute       source /home/xavier/MSc_Project/hls/yolo_conv_hls_2019/yolo_yolo_fp_2019_64/solution1/.autopilot/db/global.setting.tcl 
Execute       ap_part_info -name xc7z020-clg484-1 -data names -quiet 
Execute       ap_part_info -name xc7z020-clg484-1 -data info -quiet 
Execute       source /home/xavier/MSc_Project/hls/yolo_conv_hls_2019/yolo_yolo_fp_2019_64/solution1/.autopilot/db/yolo_yolo_top.constraint.tcl 
Execute       sc_get_clocks yolo_yolo_top 
Execute       ap_part_info -name xc7z020-clg484-1 -data names -quiet 
Execute       ap_part_info -name xc7z020-clg484-1 -data info -quiet 
Execute       source /home/xavier/MSc_Project/hls/yolo_conv_hls_2019/yolo_yolo_fp_2019_64/solution1/.autopilot/db/global.setting.tcl 
Execute       get_config_debug -directory 
Execute       source /home/xavier/MSc_Project/hls/yolo_conv_hls_2019/yolo_yolo_fp_2019_64/solution1/.autopilot/db/exp_16_8_s.tbgen.tcl 
Execute       source /home/xavier/MSc_Project/hls/yolo_conv_hls_2019/yolo_yolo_fp_2019_64/solution1/.autopilot/db/logistic_activate.tbgen.tcl 
Execute       source /home/xavier/MSc_Project/hls/yolo_conv_hls_2019/yolo_yolo_fp_2019_64/solution1/.autopilot/db/yolo_yolo_top.tbgen.tcl 
Execute       get_config_sdx -target 
Execute       get_config_sdx -profile 
Execute       get_config_rtl -kernel_profile 
Execute       get_config_rtl -stall_sig_gen 
Execute       get_config_rtl -profile 
INFO-FLOW: DBG:CMD: add_json_sdx_info kernel file does not exist, skipping opencl info: /home/xavier/MSc_Project/hls/yolo_conv_hls_2019/yolo_yolo_fp_2019_64/solution1/.autopilot/db/kernel.internal.xml
INFO-FLOW: DBG:CMD:       delete-temp-dirs (skipped for debug)
INFO: [HLS 200-111] Finished generating all RTL models Time (s): cpu = 00:01:10 ; elapsed = 00:01:20 . Memory (MB): peak = 1168.805 ; gain = 468.781 ; free physical = 823 ; free virtual = 10822
INFO: [VHDL 208-304] Generating VHDL RTL for yolo_yolo_top.
INFO: [VLOG 209-307] Generating Verilog RTL for yolo_yolo_top.
Command     autosyn done; 5.87 sec.
Command   csynth_design done; 79.12 sec.
Command ap_source done; 79.79 sec.
Execute cleanup_all 
