

================================================================
== Vivado HLS Report for 'logistic_activate'
================================================================
* Date:           Wed Jul 17 10:35:49 2019

* Version:        2019.1 (Build 2552052 on Fri May 24 15:28:33 MDT 2019)
* Project:        yolo_yolo_fp_2019_64
* Solution:       solution1
* Product family: zynq
* Target device:  xc7z020-clg484-1


================================================================
== Performance Estimates
================================================================
+ Timing (ns): 
    * Summary: 
    +--------+-------+----------+------------+
    |  Clock | Target| Estimated| Uncertainty|
    +--------+-------+----------+------------+
    |ap_clk  |  10.00|     8.656|        1.25|
    +--------+-------+----------+------------+

+ Latency (clock cycles): 
    * Summary: 
    +-----+-----+-----+-----+----------+
    |  Latency  |  Interval | Pipeline |
    | min | max | min | max |   Type   |
    +-----+-----+-----+-----+----------+
    |   28|   28|    1|    1| function |
    +-----+-----+-----+-----+----------+

    + Detail: 
        * Instance: 
        N/A

        * Loop: 
        N/A

============================================================
+ Verbose Summary: Synthesis Manager
============================================================
InlineROM: 1
ExposeGlobal: 0
============================================================
+ Verbose Summary: CDFG Model
============================================================
IsTopModel: 0
ResetActiveHigh: 1
IsCombinational: 0
IsDatapathOnly: 0
HasWiredReturn: 1
HasMFsm: 2
HasVarLatency: 0
IsPipeline: 1
IsRtlPipelined: 1
IsInstanceOverlapped: 0
IsDontTouch: 0
HasImplIP: 0
IsGatedGlobalClock: 0

+ Individual pipeline summary: 
  * Pipeline-0: initiation interval (II) = 1, depth = 29


============================================================
+ Verbose Summary: Schedule
============================================================
* Number of FSM states : 29
* Pipeline : 1
  Pipeline-0 : II = 1, D = 29, States = { 1 2 3 4 5 6 7 8 9 10 11 12 13 14 15 16 17 18 19 20 21 22 23 24 25 26 27 28 29 }
* Dataflow Pipeline: 0

* FSM state transitions: 
1 --> 2 
2 --> 3 
3 --> 4 
4 --> 5 
5 --> 6 
6 --> 7 
7 --> 8 
8 --> 9 
9 --> 10 
10 --> 11 
11 --> 12 
12 --> 13 
13 --> 14 
14 --> 15 
15 --> 16 
16 --> 17 
17 --> 18 
18 --> 19 
19 --> 20 
20 --> 21 
21 --> 22 
22 --> 23 
23 --> 24 
24 --> 25 
25 --> 26 
26 --> 27 
27 --> 28 
28 --> 29 
29 --> 

* FSM state operations: 

State 1 <SV = 0> <Delay = 4.24>
ST_1 : Operation 30 [1/1] (0.00ns)   --->   "%val_in_V_read = call i16 @_ssdm_op_Read.ap_auto.i16(i16 %val_in_V)" [yolo_yolo_fp_2019_64/src/yolo_yolo.cpp:74]   --->   Operation 30 'read' 'val_in_V_read' <Predicate = true> <Delay = 0.00>
ST_1 : Operation 31 [1/1] (2.42ns)   --->   "%icmp_ln1498 = icmp eq i16 %val_in_V_read, -1952" [yolo_yolo_fp_2019_64/src/yolo_yolo.cpp:74]   --->   Operation 31 'icmp' 'icmp_ln1498' <Predicate = true> <Delay = 2.42> <Core = "Cmp">   --->   Core 25 'Cmp' <Latency = 0> <II = 1> <Delay = 0.95> <FuncUnit> <Opcode : 'icmp'> <InPorts = 2> <OutPorts = 1>
ST_1 : Operation 32 [1/1] (1.81ns)   --->   "br i1 %icmp_ln1498, label %_ZrsILi32ELb0EEN11ap_int_baseIXT_EXT0_EE5RTypeIXT_EXT0_EE4arg1ERKS1_i.exit2.i.i.i.i, label %._crit_edge183.i_ifconv" [yolo_yolo_fp_2019_64/src/yolo_yolo.cpp:74]   --->   Operation 32 'br' <Predicate = true> <Delay = 1.81>

State 2 <SV = 1> <Delay = 5.91>
ST_2 : Operation 33 [1/1] (2.07ns)   --->   "%sub_ln703 = sub i16 0, %val_in_V_read" [yolo_yolo_fp_2019_64/src/yolo_yolo.cpp:77]   --->   Operation 33 'sub' 'sub_ln703' <Predicate = (!icmp_ln1498)> <Delay = 2.07> <Core = "AddSub">   --->   Core 14 'AddSub' <Latency = 0> <II = 1> <Delay = 2.07> <FuncUnit> <Opcode : 'add' 'sub'> <InPorts = 2> <OutPorts = 1>
ST_2 : Operation 34 [6/6] (3.83ns)   --->   "%p_Val2_s = call fastcc i16 @"exp<16, 8>"(i16 %sub_ln703)" [yolo_yolo_fp_2019_64/src/yolo_yolo.cpp:77]   --->   Operation 34 'call' 'p_Val2_s' <Predicate = (!icmp_ln1498)> <Delay = 3.83> <CoreType = "Generic">   --->   Core 0 '' <Latency = 0> <II = 1> <Delay = 1.00> <Generic> <Opcode : >

State 3 <SV = 2> <Delay = 6.65>
ST_3 : Operation 35 [5/6] (6.65ns)   --->   "%p_Val2_s = call fastcc i16 @"exp<16, 8>"(i16 %sub_ln703)" [yolo_yolo_fp_2019_64/src/yolo_yolo.cpp:77]   --->   Operation 35 'call' 'p_Val2_s' <Predicate = (!icmp_ln1498)> <Delay = 6.65> <CoreType = "Generic">   --->   Core 0 '' <Latency = 0> <II = 1> <Delay = 1.00> <Generic> <Opcode : >

State 4 <SV = 3> <Delay = 6.65>
ST_4 : Operation 36 [4/6] (6.65ns)   --->   "%p_Val2_s = call fastcc i16 @"exp<16, 8>"(i16 %sub_ln703)" [yolo_yolo_fp_2019_64/src/yolo_yolo.cpp:77]   --->   Operation 36 'call' 'p_Val2_s' <Predicate = (!icmp_ln1498)> <Delay = 6.65> <CoreType = "Generic">   --->   Core 0 '' <Latency = 0> <II = 1> <Delay = 1.00> <Generic> <Opcode : >

State 5 <SV = 4> <Delay = 6.65>
ST_5 : Operation 37 [3/6] (6.65ns)   --->   "%p_Val2_s = call fastcc i16 @"exp<16, 8>"(i16 %sub_ln703)" [yolo_yolo_fp_2019_64/src/yolo_yolo.cpp:77]   --->   Operation 37 'call' 'p_Val2_s' <Predicate = (!icmp_ln1498)> <Delay = 6.65> <CoreType = "Generic">   --->   Core 0 '' <Latency = 0> <II = 1> <Delay = 1.00> <Generic> <Opcode : >

State 6 <SV = 5> <Delay = 6.65>
ST_6 : Operation 38 [2/6] (6.65ns)   --->   "%p_Val2_s = call fastcc i16 @"exp<16, 8>"(i16 %sub_ln703)" [yolo_yolo_fp_2019_64/src/yolo_yolo.cpp:77]   --->   Operation 38 'call' 'p_Val2_s' <Predicate = (!icmp_ln1498)> <Delay = 6.65> <CoreType = "Generic">   --->   Core 0 '' <Latency = 0> <II = 1> <Delay = 1.00> <Generic> <Opcode : >

State 7 <SV = 6> <Delay = 5.12>
ST_7 : Operation 39 [1/6] (5.12ns)   --->   "%p_Val2_s = call fastcc i16 @"exp<16, 8>"(i16 %sub_ln703)" [yolo_yolo_fp_2019_64/src/yolo_yolo.cpp:77]   --->   Operation 39 'call' 'p_Val2_s' <Predicate = (!icmp_ln1498)> <Delay = 5.12> <CoreType = "Generic">   --->   Core 0 '' <Latency = 0> <II = 1> <Delay = 1.00> <Generic> <Opcode : >

State 8 <SV = 7> <Delay = 6.00>
ST_8 : Operation 40 [1/1] (0.00ns)   --->   "%rhs_V = sext i16 %p_Val2_s to i17" [yolo_yolo_fp_2019_64/src/yolo_yolo.cpp:77]   --->   Operation 40 'sext' 'rhs_V' <Predicate = (!icmp_ln1498)> <Delay = 0.00>
ST_8 : Operation 41 [1/1] (2.07ns)   --->   "%ret_V = add nsw i17 256, %rhs_V" [yolo_yolo_fp_2019_64/src/yolo_yolo.cpp:77]   --->   Operation 41 'add' 'ret_V' <Predicate = (!icmp_ln1498)> <Delay = 2.07> <Core = "AddSub">   --->   Core 14 'AddSub' <Latency = 0> <II = 1> <Delay = 2.07> <FuncUnit> <Opcode : 'add' 'sub'> <InPorts = 2> <OutPorts = 1>
ST_8 : Operation 42 [1/1] (0.00ns)   --->   "%sext_ln1148 = sext i17 %ret_V to i18" [yolo_yolo_fp_2019_64/src/yolo_yolo.cpp:77]   --->   Operation 42 'sext' 'sext_ln1148' <Predicate = (!icmp_ln1498)> <Delay = 0.00>
ST_8 : Operation 43 [22/22] (3.92ns)   --->   "%sdiv_ln1148 = sdiv i18 65536, %sext_ln1148" [yolo_yolo_fp_2019_64/src/yolo_yolo.cpp:77]   --->   Operation 43 'sdiv' 'sdiv_ln1148' <Predicate = (!icmp_ln1498)> <Delay = 3.92> <Core = "DivnS">   --->   Core 23 'DivnS' <Latency = 21> <II = 1> <Delay = 3.92> <FuncUnit> <Opcode : 'sdiv' 'srem' 'udiv' 'urem'> <InPorts = 2> <OutPorts = 1>

State 9 <SV = 8> <Delay = 3.92>
ST_9 : Operation 44 [21/22] (3.92ns)   --->   "%sdiv_ln1148 = sdiv i18 65536, %sext_ln1148" [yolo_yolo_fp_2019_64/src/yolo_yolo.cpp:77]   --->   Operation 44 'sdiv' 'sdiv_ln1148' <Predicate = (!icmp_ln1498)> <Delay = 3.92> <Core = "DivnS">   --->   Core 23 'DivnS' <Latency = 21> <II = 1> <Delay = 3.92> <FuncUnit> <Opcode : 'sdiv' 'srem' 'udiv' 'urem'> <InPorts = 2> <OutPorts = 1>

State 10 <SV = 9> <Delay = 3.92>
ST_10 : Operation 45 [20/22] (3.92ns)   --->   "%sdiv_ln1148 = sdiv i18 65536, %sext_ln1148" [yolo_yolo_fp_2019_64/src/yolo_yolo.cpp:77]   --->   Operation 45 'sdiv' 'sdiv_ln1148' <Predicate = (!icmp_ln1498)> <Delay = 3.92> <Core = "DivnS">   --->   Core 23 'DivnS' <Latency = 21> <II = 1> <Delay = 3.92> <FuncUnit> <Opcode : 'sdiv' 'srem' 'udiv' 'urem'> <InPorts = 2> <OutPorts = 1>

State 11 <SV = 10> <Delay = 3.92>
ST_11 : Operation 46 [19/22] (3.92ns)   --->   "%sdiv_ln1148 = sdiv i18 65536, %sext_ln1148" [yolo_yolo_fp_2019_64/src/yolo_yolo.cpp:77]   --->   Operation 46 'sdiv' 'sdiv_ln1148' <Predicate = (!icmp_ln1498)> <Delay = 3.92> <Core = "DivnS">   --->   Core 23 'DivnS' <Latency = 21> <II = 1> <Delay = 3.92> <FuncUnit> <Opcode : 'sdiv' 'srem' 'udiv' 'urem'> <InPorts = 2> <OutPorts = 1>

State 12 <SV = 11> <Delay = 3.92>
ST_12 : Operation 47 [18/22] (3.92ns)   --->   "%sdiv_ln1148 = sdiv i18 65536, %sext_ln1148" [yolo_yolo_fp_2019_64/src/yolo_yolo.cpp:77]   --->   Operation 47 'sdiv' 'sdiv_ln1148' <Predicate = (!icmp_ln1498)> <Delay = 3.92> <Core = "DivnS">   --->   Core 23 'DivnS' <Latency = 21> <II = 1> <Delay = 3.92> <FuncUnit> <Opcode : 'sdiv' 'srem' 'udiv' 'urem'> <InPorts = 2> <OutPorts = 1>

State 13 <SV = 12> <Delay = 3.92>
ST_13 : Operation 48 [17/22] (3.92ns)   --->   "%sdiv_ln1148 = sdiv i18 65536, %sext_ln1148" [yolo_yolo_fp_2019_64/src/yolo_yolo.cpp:77]   --->   Operation 48 'sdiv' 'sdiv_ln1148' <Predicate = (!icmp_ln1498)> <Delay = 3.92> <Core = "DivnS">   --->   Core 23 'DivnS' <Latency = 21> <II = 1> <Delay = 3.92> <FuncUnit> <Opcode : 'sdiv' 'srem' 'udiv' 'urem'> <InPorts = 2> <OutPorts = 1>

State 14 <SV = 13> <Delay = 3.92>
ST_14 : Operation 49 [16/22] (3.92ns)   --->   "%sdiv_ln1148 = sdiv i18 65536, %sext_ln1148" [yolo_yolo_fp_2019_64/src/yolo_yolo.cpp:77]   --->   Operation 49 'sdiv' 'sdiv_ln1148' <Predicate = (!icmp_ln1498)> <Delay = 3.92> <Core = "DivnS">   --->   Core 23 'DivnS' <Latency = 21> <II = 1> <Delay = 3.92> <FuncUnit> <Opcode : 'sdiv' 'srem' 'udiv' 'urem'> <InPorts = 2> <OutPorts = 1>

State 15 <SV = 14> <Delay = 3.92>
ST_15 : Operation 50 [15/22] (3.92ns)   --->   "%sdiv_ln1148 = sdiv i18 65536, %sext_ln1148" [yolo_yolo_fp_2019_64/src/yolo_yolo.cpp:77]   --->   Operation 50 'sdiv' 'sdiv_ln1148' <Predicate = (!icmp_ln1498)> <Delay = 3.92> <Core = "DivnS">   --->   Core 23 'DivnS' <Latency = 21> <II = 1> <Delay = 3.92> <FuncUnit> <Opcode : 'sdiv' 'srem' 'udiv' 'urem'> <InPorts = 2> <OutPorts = 1>

State 16 <SV = 15> <Delay = 3.92>
ST_16 : Operation 51 [14/22] (3.92ns)   --->   "%sdiv_ln1148 = sdiv i18 65536, %sext_ln1148" [yolo_yolo_fp_2019_64/src/yolo_yolo.cpp:77]   --->   Operation 51 'sdiv' 'sdiv_ln1148' <Predicate = (!icmp_ln1498)> <Delay = 3.92> <Core = "DivnS">   --->   Core 23 'DivnS' <Latency = 21> <II = 1> <Delay = 3.92> <FuncUnit> <Opcode : 'sdiv' 'srem' 'udiv' 'urem'> <InPorts = 2> <OutPorts = 1>

State 17 <SV = 16> <Delay = 3.92>
ST_17 : Operation 52 [13/22] (3.92ns)   --->   "%sdiv_ln1148 = sdiv i18 65536, %sext_ln1148" [yolo_yolo_fp_2019_64/src/yolo_yolo.cpp:77]   --->   Operation 52 'sdiv' 'sdiv_ln1148' <Predicate = (!icmp_ln1498)> <Delay = 3.92> <Core = "DivnS">   --->   Core 23 'DivnS' <Latency = 21> <II = 1> <Delay = 3.92> <FuncUnit> <Opcode : 'sdiv' 'srem' 'udiv' 'urem'> <InPorts = 2> <OutPorts = 1>

State 18 <SV = 17> <Delay = 3.92>
ST_18 : Operation 53 [12/22] (3.92ns)   --->   "%sdiv_ln1148 = sdiv i18 65536, %sext_ln1148" [yolo_yolo_fp_2019_64/src/yolo_yolo.cpp:77]   --->   Operation 53 'sdiv' 'sdiv_ln1148' <Predicate = (!icmp_ln1498)> <Delay = 3.92> <Core = "DivnS">   --->   Core 23 'DivnS' <Latency = 21> <II = 1> <Delay = 3.92> <FuncUnit> <Opcode : 'sdiv' 'srem' 'udiv' 'urem'> <InPorts = 2> <OutPorts = 1>

State 19 <SV = 18> <Delay = 3.92>
ST_19 : Operation 54 [11/22] (3.92ns)   --->   "%sdiv_ln1148 = sdiv i18 65536, %sext_ln1148" [yolo_yolo_fp_2019_64/src/yolo_yolo.cpp:77]   --->   Operation 54 'sdiv' 'sdiv_ln1148' <Predicate = (!icmp_ln1498)> <Delay = 3.92> <Core = "DivnS">   --->   Core 23 'DivnS' <Latency = 21> <II = 1> <Delay = 3.92> <FuncUnit> <Opcode : 'sdiv' 'srem' 'udiv' 'urem'> <InPorts = 2> <OutPorts = 1>

State 20 <SV = 19> <Delay = 3.92>
ST_20 : Operation 55 [10/22] (3.92ns)   --->   "%sdiv_ln1148 = sdiv i18 65536, %sext_ln1148" [yolo_yolo_fp_2019_64/src/yolo_yolo.cpp:77]   --->   Operation 55 'sdiv' 'sdiv_ln1148' <Predicate = (!icmp_ln1498)> <Delay = 3.92> <Core = "DivnS">   --->   Core 23 'DivnS' <Latency = 21> <II = 1> <Delay = 3.92> <FuncUnit> <Opcode : 'sdiv' 'srem' 'udiv' 'urem'> <InPorts = 2> <OutPorts = 1>

State 21 <SV = 20> <Delay = 3.92>
ST_21 : Operation 56 [9/22] (3.92ns)   --->   "%sdiv_ln1148 = sdiv i18 65536, %sext_ln1148" [yolo_yolo_fp_2019_64/src/yolo_yolo.cpp:77]   --->   Operation 56 'sdiv' 'sdiv_ln1148' <Predicate = (!icmp_ln1498)> <Delay = 3.92> <Core = "DivnS">   --->   Core 23 'DivnS' <Latency = 21> <II = 1> <Delay = 3.92> <FuncUnit> <Opcode : 'sdiv' 'srem' 'udiv' 'urem'> <InPorts = 2> <OutPorts = 1>

State 22 <SV = 21> <Delay = 3.92>
ST_22 : Operation 57 [8/22] (3.92ns)   --->   "%sdiv_ln1148 = sdiv i18 65536, %sext_ln1148" [yolo_yolo_fp_2019_64/src/yolo_yolo.cpp:77]   --->   Operation 57 'sdiv' 'sdiv_ln1148' <Predicate = (!icmp_ln1498)> <Delay = 3.92> <Core = "DivnS">   --->   Core 23 'DivnS' <Latency = 21> <II = 1> <Delay = 3.92> <FuncUnit> <Opcode : 'sdiv' 'srem' 'udiv' 'urem'> <InPorts = 2> <OutPorts = 1>

State 23 <SV = 22> <Delay = 3.92>
ST_23 : Operation 58 [7/22] (3.92ns)   --->   "%sdiv_ln1148 = sdiv i18 65536, %sext_ln1148" [yolo_yolo_fp_2019_64/src/yolo_yolo.cpp:77]   --->   Operation 58 'sdiv' 'sdiv_ln1148' <Predicate = (!icmp_ln1498)> <Delay = 3.92> <Core = "DivnS">   --->   Core 23 'DivnS' <Latency = 21> <II = 1> <Delay = 3.92> <FuncUnit> <Opcode : 'sdiv' 'srem' 'udiv' 'urem'> <InPorts = 2> <OutPorts = 1>

State 24 <SV = 23> <Delay = 3.92>
ST_24 : Operation 59 [6/22] (3.92ns)   --->   "%sdiv_ln1148 = sdiv i18 65536, %sext_ln1148" [yolo_yolo_fp_2019_64/src/yolo_yolo.cpp:77]   --->   Operation 59 'sdiv' 'sdiv_ln1148' <Predicate = (!icmp_ln1498)> <Delay = 3.92> <Core = "DivnS">   --->   Core 23 'DivnS' <Latency = 21> <II = 1> <Delay = 3.92> <FuncUnit> <Opcode : 'sdiv' 'srem' 'udiv' 'urem'> <InPorts = 2> <OutPorts = 1>

State 25 <SV = 24> <Delay = 3.92>
ST_25 : Operation 60 [5/22] (3.92ns)   --->   "%sdiv_ln1148 = sdiv i18 65536, %sext_ln1148" [yolo_yolo_fp_2019_64/src/yolo_yolo.cpp:77]   --->   Operation 60 'sdiv' 'sdiv_ln1148' <Predicate = (!icmp_ln1498)> <Delay = 3.92> <Core = "DivnS">   --->   Core 23 'DivnS' <Latency = 21> <II = 1> <Delay = 3.92> <FuncUnit> <Opcode : 'sdiv' 'srem' 'udiv' 'urem'> <InPorts = 2> <OutPorts = 1>

State 26 <SV = 25> <Delay = 3.92>
ST_26 : Operation 61 [4/22] (3.92ns)   --->   "%sdiv_ln1148 = sdiv i18 65536, %sext_ln1148" [yolo_yolo_fp_2019_64/src/yolo_yolo.cpp:77]   --->   Operation 61 'sdiv' 'sdiv_ln1148' <Predicate = (!icmp_ln1498)> <Delay = 3.92> <Core = "DivnS">   --->   Core 23 'DivnS' <Latency = 21> <II = 1> <Delay = 3.92> <FuncUnit> <Opcode : 'sdiv' 'srem' 'udiv' 'urem'> <InPorts = 2> <OutPorts = 1>

State 27 <SV = 26> <Delay = 3.92>
ST_27 : Operation 62 [3/22] (3.92ns)   --->   "%sdiv_ln1148 = sdiv i18 65536, %sext_ln1148" [yolo_yolo_fp_2019_64/src/yolo_yolo.cpp:77]   --->   Operation 62 'sdiv' 'sdiv_ln1148' <Predicate = (!icmp_ln1498)> <Delay = 3.92> <Core = "DivnS">   --->   Core 23 'DivnS' <Latency = 21> <II = 1> <Delay = 3.92> <FuncUnit> <Opcode : 'sdiv' 'srem' 'udiv' 'urem'> <InPorts = 2> <OutPorts = 1>

State 28 <SV = 27> <Delay = 3.92>
ST_28 : Operation 63 [2/22] (3.92ns)   --->   "%sdiv_ln1148 = sdiv i18 65536, %sext_ln1148" [yolo_yolo_fp_2019_64/src/yolo_yolo.cpp:77]   --->   Operation 63 'sdiv' 'sdiv_ln1148' <Predicate = (!icmp_ln1498)> <Delay = 3.92> <Core = "DivnS">   --->   Core 23 'DivnS' <Latency = 21> <II = 1> <Delay = 3.92> <FuncUnit> <Opcode : 'sdiv' 'srem' 'udiv' 'urem'> <InPorts = 2> <OutPorts = 1>

State 29 <SV = 28> <Delay = 8.65>
ST_29 : Operation 64 [1/22] (3.92ns)   --->   "%sdiv_ln1148 = sdiv i18 65536, %sext_ln1148" [yolo_yolo_fp_2019_64/src/yolo_yolo.cpp:77]   --->   Operation 64 'sdiv' 'sdiv_ln1148' <Predicate = (!icmp_ln1498)> <Delay = 3.92> <Core = "DivnS">   --->   Core 23 'DivnS' <Latency = 21> <II = 1> <Delay = 3.92> <FuncUnit> <Opcode : 'sdiv' 'srem' 'udiv' 'urem'> <InPorts = 2> <OutPorts = 1>
ST_29 : Operation 65 [1/1] (0.00ns)   --->   "%p_Result_s = call i1 @_ssdm_op_BitSelect.i1.i18.i32(i18 %sdiv_ln1148, i32 17)" [yolo_yolo_fp_2019_64/src/yolo_yolo.cpp:77]   --->   Operation 65 'bitselect' 'p_Result_s' <Predicate = (!icmp_ln1498)> <Delay = 0.00>
ST_29 : Operation 66 [1/1] (0.00ns)   --->   "%p_Val2_1 = trunc i18 %sdiv_ln1148 to i16" [yolo_yolo_fp_2019_64/src/yolo_yolo.cpp:77]   --->   Operation 66 'trunc' 'p_Val2_1' <Predicate = (!icmp_ln1498)> <Delay = 0.00>
ST_29 : Operation 67 [1/1] (0.00ns)   --->   "%p_Result_4 = call i1 @_ssdm_op_BitSelect.i1.i18.i32(i18 %sdiv_ln1148, i32 15)" [yolo_yolo_fp_2019_64/src/yolo_yolo.cpp:77]   --->   Operation 67 'bitselect' 'p_Result_4' <Predicate = (!icmp_ln1498)> <Delay = 0.00>
ST_29 : Operation 68 [1/1] (0.00ns)   --->   "%tmp = call i2 @_ssdm_op_PartSelect.i2.i18.i32.i32(i18 %sdiv_ln1148, i32 16, i32 17)" [yolo_yolo_fp_2019_64/src/yolo_yolo.cpp:77]   --->   Operation 68 'partselect' 'tmp' <Predicate = (!icmp_ln1498)> <Delay = 0.00>
ST_29 : Operation 69 [1/1] (0.95ns)   --->   "%icmp_ln785 = icmp ne i2 %tmp, 0" [yolo_yolo_fp_2019_64/src/yolo_yolo.cpp:77]   --->   Operation 69 'icmp' 'icmp_ln785' <Predicate = (!icmp_ln1498)> <Delay = 0.95> <Core = "Cmp">   --->   Core 25 'Cmp' <Latency = 0> <II = 1> <Delay = 0.95> <FuncUnit> <Opcode : 'icmp'> <InPorts = 2> <OutPorts = 1>
ST_29 : Operation 70 [1/1] (0.00ns) (grouped into LUT with out node overflow)   --->   "%or_ln785 = or i1 %p_Result_4, %icmp_ln785" [yolo_yolo_fp_2019_64/src/yolo_yolo.cpp:77]   --->   Operation 70 'or' 'or_ln785' <Predicate = (!icmp_ln1498)> <Delay = 0.00> <Core = "LogicGate">   --->   Core 27 'LogicGate' <Latency = 0> <II = 1> <Delay = 0.97> <FuncUnit> <Opcode : 'and' 'or' 'xor'> <InPorts = 2> <OutPorts = 1>
ST_29 : Operation 71 [1/1] (0.00ns) (grouped into LUT with out node overflow)   --->   "%xor_ln785 = xor i1 %p_Result_s, true" [yolo_yolo_fp_2019_64/src/yolo_yolo.cpp:77]   --->   Operation 71 'xor' 'xor_ln785' <Predicate = (!icmp_ln1498)> <Delay = 0.00> <Core = "LogicGate">   --->   Core 27 'LogicGate' <Latency = 0> <II = 1> <Delay = 0.97> <FuncUnit> <Opcode : 'and' 'or' 'xor'> <InPorts = 2> <OutPorts = 1>
ST_29 : Operation 72 [1/1] (0.97ns) (out node of the LUT)   --->   "%overflow = and i1 %or_ln785, %xor_ln785" [yolo_yolo_fp_2019_64/src/yolo_yolo.cpp:77]   --->   Operation 72 'and' 'overflow' <Predicate = (!icmp_ln1498)> <Delay = 0.97> <Core = "LogicGate">   --->   Core 27 'LogicGate' <Latency = 0> <II = 1> <Delay = 0.97> <FuncUnit> <Opcode : 'and' 'or' 'xor'> <InPorts = 2> <OutPorts = 1>
ST_29 : Operation 73 [1/1] (0.00ns) (grouped into LUT with out node underflow)   --->   "%xor_ln786 = xor i1 %p_Result_4, true" [yolo_yolo_fp_2019_64/src/yolo_yolo.cpp:77]   --->   Operation 73 'xor' 'xor_ln786' <Predicate = (!icmp_ln1498)> <Delay = 0.00> <Core = "LogicGate">   --->   Core 27 'LogicGate' <Latency = 0> <II = 1> <Delay = 0.97> <FuncUnit> <Opcode : 'and' 'or' 'xor'> <InPorts = 2> <OutPorts = 1>
ST_29 : Operation 74 [1/1] (0.95ns)   --->   "%icmp_ln786 = icmp ne i2 %tmp, -1" [yolo_yolo_fp_2019_64/src/yolo_yolo.cpp:77]   --->   Operation 74 'icmp' 'icmp_ln786' <Predicate = (!icmp_ln1498)> <Delay = 0.95> <Core = "Cmp">   --->   Core 25 'Cmp' <Latency = 0> <II = 1> <Delay = 0.95> <FuncUnit> <Opcode : 'icmp'> <InPorts = 2> <OutPorts = 1>
ST_29 : Operation 75 [1/1] (0.00ns) (grouped into LUT with out node underflow)   --->   "%or_ln786 = or i1 %icmp_ln786, %xor_ln786" [yolo_yolo_fp_2019_64/src/yolo_yolo.cpp:77]   --->   Operation 75 'or' 'or_ln786' <Predicate = (!icmp_ln1498)> <Delay = 0.00> <Core = "LogicGate">   --->   Core 27 'LogicGate' <Latency = 0> <II = 1> <Delay = 0.97> <FuncUnit> <Opcode : 'and' 'or' 'xor'> <InPorts = 2> <OutPorts = 1>
ST_29 : Operation 76 [1/1] (0.97ns) (out node of the LUT)   --->   "%underflow = and i1 %or_ln786, %p_Result_s" [yolo_yolo_fp_2019_64/src/yolo_yolo.cpp:77]   --->   Operation 76 'and' 'underflow' <Predicate = (!icmp_ln1498)> <Delay = 0.97> <Core = "LogicGate">   --->   Core 27 'LogicGate' <Latency = 0> <II = 1> <Delay = 0.97> <FuncUnit> <Opcode : 'and' 'or' 'xor'> <InPorts = 2> <OutPorts = 1>
ST_29 : Operation 77 [1/1] (0.00ns) (grouped into LUT with out node select_ln340)   --->   "%or_ln340 = or i1 %underflow, %overflow" [yolo_yolo_fp_2019_64/src/yolo_yolo.cpp:77]   --->   Operation 77 'or' 'or_ln340' <Predicate = (!icmp_ln1498)> <Delay = 0.00> <Core = "LogicGate">   --->   Core 27 'LogicGate' <Latency = 0> <II = 1> <Delay = 0.97> <FuncUnit> <Opcode : 'and' 'or' 'xor'> <InPorts = 2> <OutPorts = 1>
ST_29 : Operation 78 [1/1] (0.00ns) (grouped into LUT with out node or_ln340_1)   --->   "%xor_ln340 = xor i1 %underflow, true" [yolo_yolo_fp_2019_64/src/yolo_yolo.cpp:77]   --->   Operation 78 'xor' 'xor_ln340' <Predicate = (!icmp_ln1498)> <Delay = 0.00> <Core = "LogicGate">   --->   Core 27 'LogicGate' <Latency = 0> <II = 1> <Delay = 0.97> <FuncUnit> <Opcode : 'and' 'or' 'xor'> <InPorts = 2> <OutPorts = 1>
ST_29 : Operation 79 [1/1] (0.97ns) (out node of the LUT)   --->   "%or_ln340_1 = or i1 %overflow, %xor_ln340" [yolo_yolo_fp_2019_64/src/yolo_yolo.cpp:77]   --->   Operation 79 'or' 'or_ln340_1' <Predicate = (!icmp_ln1498)> <Delay = 0.97> <Core = "LogicGate">   --->   Core 27 'LogicGate' <Latency = 0> <II = 1> <Delay = 0.97> <FuncUnit> <Opcode : 'and' 'or' 'xor'> <InPorts = 2> <OutPorts = 1>
ST_29 : Operation 80 [1/1] (0.97ns) (out node of the LUT)   --->   "%select_ln340 = select i1 %or_ln340, i16 32767, i16 %p_Val2_1" [yolo_yolo_fp_2019_64/src/yolo_yolo.cpp:77]   --->   Operation 80 'select' 'select_ln340' <Predicate = (!icmp_ln1498)> <Delay = 0.97> <Core = "Sel">   --->   Core 26 'Sel' <Latency = 0> <II = 1> <Delay = 0.80> <FuncUnit> <Opcode : 'select'> <InPorts = 3> <OutPorts = 1>
ST_29 : Operation 81 [1/1] (1.81ns)   --->   "br i1 %or_ln340_1, label %_ZrsILi32ELb0EEN11ap_int_baseIXT_EXT0_EE5RTypeIXT_EXT0_EE4arg1ERKS1_i.exit2.i.i.i.i, label %._crit_edge" [yolo_yolo_fp_2019_64/src/yolo_yolo.cpp:77]   --->   Operation 81 'br' <Predicate = (!icmp_ln1498)> <Delay = 1.81>
ST_29 : Operation 82 [1/1] (0.80ns)   --->   "%select_ln388 = select i1 %underflow, i16 -32768, i16 %p_Val2_1" [yolo_yolo_fp_2019_64/src/yolo_yolo.cpp:77]   --->   Operation 82 'select' 'select_ln388' <Predicate = (!icmp_ln1498 & !or_ln340_1)> <Delay = 0.80> <Core = "Sel">   --->   Core 26 'Sel' <Latency = 0> <II = 1> <Delay = 0.80> <FuncUnit> <Opcode : 'select'> <InPorts = 3> <OutPorts = 1>
ST_29 : Operation 83 [1/1] (1.81ns)   --->   "br label %_ZrsILi32ELb0EEN11ap_int_baseIXT_EXT0_EE5RTypeIXT_EXT0_EE4arg1ERKS1_i.exit2.i.i.i.i"   --->   Operation 83 'br' <Predicate = (!icmp_ln1498 & !or_ln340_1)> <Delay = 1.81>
ST_29 : Operation 84 [1/1] (0.00ns)   --->   "%agg_result_V_2 = phi i16 [ 0, %_ZNK13ap_fixed_baseILi16ELi8ELb1EL9ap_q_mode4EL9ap_o_mode0ELi0EEngEv.exit ], [ %select_ln388, %._crit_edge ], [ %select_ln340, %._crit_edge183.i_ifconv ]" [yolo_yolo_fp_2019_64/src/yolo_yolo.cpp:77]   --->   Operation 84 'phi' 'agg_result_V_2' <Predicate = true> <Delay = 0.00>
ST_29 : Operation 85 [1/1] (0.00ns)   --->   "ret i16 %agg_result_V_2" [yolo_yolo_fp_2019_64/src/yolo_yolo.cpp:78]   --->   Operation 85 'ret' <Predicate = true> <Delay = 0.00>


============================================================
+ Verbose Summary: Timing violations
============================================================
Target clock period: 10ns, clock uncertainty: 1.25ns.

 <State 1>: 4.24ns
The critical path consists of the following:
	wire read on port 'val_in_V' (yolo_yolo_fp_2019_64/src/yolo_yolo.cpp:74) [5]  (0 ns)
	'icmp' operation ('icmp_ln1498', yolo_yolo_fp_2019_64/src/yolo_yolo.cpp:74) [6]  (2.43 ns)
	multiplexor before 'phi' operation ('agg_result_V_2', yolo_yolo_fp_2019_64/src/yolo_yolo.cpp:77) with incoming values : ('select_ln340', yolo_yolo_fp_2019_64/src/yolo_yolo.cpp:77) ('select_ln388', yolo_yolo_fp_2019_64/src/yolo_yolo.cpp:77) [36]  (1.81 ns)

 <State 2>: 5.91ns
The critical path consists of the following:
	'sub' operation ('sub_ln703', yolo_yolo_fp_2019_64/src/yolo_yolo.cpp:77) [9]  (2.08 ns)
	'call' operation ('__Val2__', yolo_yolo_fp_2019_64/src/yolo_yolo.cpp:77) to 'exp<16, 8>' [10]  (3.84 ns)

 <State 3>: 6.65ns
The critical path consists of the following:
	'call' operation ('__Val2__', yolo_yolo_fp_2019_64/src/yolo_yolo.cpp:77) to 'exp<16, 8>' [10]  (6.65 ns)

 <State 4>: 6.65ns
The critical path consists of the following:
	'call' operation ('__Val2__', yolo_yolo_fp_2019_64/src/yolo_yolo.cpp:77) to 'exp<16, 8>' [10]  (6.65 ns)

 <State 5>: 6.65ns
The critical path consists of the following:
	'call' operation ('__Val2__', yolo_yolo_fp_2019_64/src/yolo_yolo.cpp:77) to 'exp<16, 8>' [10]  (6.65 ns)

 <State 6>: 6.65ns
The critical path consists of the following:
	'call' operation ('__Val2__', yolo_yolo_fp_2019_64/src/yolo_yolo.cpp:77) to 'exp<16, 8>' [10]  (6.65 ns)

 <State 7>: 5.12ns
The critical path consists of the following:
	'call' operation ('__Val2__', yolo_yolo_fp_2019_64/src/yolo_yolo.cpp:77) to 'exp<16, 8>' [10]  (5.12 ns)

 <State 8>: 6ns
The critical path consists of the following:
	'add' operation ('ret.V', yolo_yolo_fp_2019_64/src/yolo_yolo.cpp:77) [12]  (2.08 ns)
	'sdiv' operation ('sdiv_ln1148', yolo_yolo_fp_2019_64/src/yolo_yolo.cpp:77) [14]  (3.93 ns)

 <State 9>: 3.93ns
The critical path consists of the following:
	'sdiv' operation ('sdiv_ln1148', yolo_yolo_fp_2019_64/src/yolo_yolo.cpp:77) [14]  (3.93 ns)

 <State 10>: 3.93ns
The critical path consists of the following:
	'sdiv' operation ('sdiv_ln1148', yolo_yolo_fp_2019_64/src/yolo_yolo.cpp:77) [14]  (3.93 ns)

 <State 11>: 3.93ns
The critical path consists of the following:
	'sdiv' operation ('sdiv_ln1148', yolo_yolo_fp_2019_64/src/yolo_yolo.cpp:77) [14]  (3.93 ns)

 <State 12>: 3.93ns
The critical path consists of the following:
	'sdiv' operation ('sdiv_ln1148', yolo_yolo_fp_2019_64/src/yolo_yolo.cpp:77) [14]  (3.93 ns)

 <State 13>: 3.93ns
The critical path consists of the following:
	'sdiv' operation ('sdiv_ln1148', yolo_yolo_fp_2019_64/src/yolo_yolo.cpp:77) [14]  (3.93 ns)

 <State 14>: 3.93ns
The critical path consists of the following:
	'sdiv' operation ('sdiv_ln1148', yolo_yolo_fp_2019_64/src/yolo_yolo.cpp:77) [14]  (3.93 ns)

 <State 15>: 3.93ns
The critical path consists of the following:
	'sdiv' operation ('sdiv_ln1148', yolo_yolo_fp_2019_64/src/yolo_yolo.cpp:77) [14]  (3.93 ns)

 <State 16>: 3.93ns
The critical path consists of the following:
	'sdiv' operation ('sdiv_ln1148', yolo_yolo_fp_2019_64/src/yolo_yolo.cpp:77) [14]  (3.93 ns)

 <State 17>: 3.93ns
The critical path consists of the following:
	'sdiv' operation ('sdiv_ln1148', yolo_yolo_fp_2019_64/src/yolo_yolo.cpp:77) [14]  (3.93 ns)

 <State 18>: 3.93ns
The critical path consists of the following:
	'sdiv' operation ('sdiv_ln1148', yolo_yolo_fp_2019_64/src/yolo_yolo.cpp:77) [14]  (3.93 ns)

 <State 19>: 3.93ns
The critical path consists of the following:
	'sdiv' operation ('sdiv_ln1148', yolo_yolo_fp_2019_64/src/yolo_yolo.cpp:77) [14]  (3.93 ns)

 <State 20>: 3.93ns
The critical path consists of the following:
	'sdiv' operation ('sdiv_ln1148', yolo_yolo_fp_2019_64/src/yolo_yolo.cpp:77) [14]  (3.93 ns)

 <State 21>: 3.93ns
The critical path consists of the following:
	'sdiv' operation ('sdiv_ln1148', yolo_yolo_fp_2019_64/src/yolo_yolo.cpp:77) [14]  (3.93 ns)

 <State 22>: 3.93ns
The critical path consists of the following:
	'sdiv' operation ('sdiv_ln1148', yolo_yolo_fp_2019_64/src/yolo_yolo.cpp:77) [14]  (3.93 ns)

 <State 23>: 3.93ns
The critical path consists of the following:
	'sdiv' operation ('sdiv_ln1148', yolo_yolo_fp_2019_64/src/yolo_yolo.cpp:77) [14]  (3.93 ns)

 <State 24>: 3.93ns
The critical path consists of the following:
	'sdiv' operation ('sdiv_ln1148', yolo_yolo_fp_2019_64/src/yolo_yolo.cpp:77) [14]  (3.93 ns)

 <State 25>: 3.93ns
The critical path consists of the following:
	'sdiv' operation ('sdiv_ln1148', yolo_yolo_fp_2019_64/src/yolo_yolo.cpp:77) [14]  (3.93 ns)

 <State 26>: 3.93ns
The critical path consists of the following:
	'sdiv' operation ('sdiv_ln1148', yolo_yolo_fp_2019_64/src/yolo_yolo.cpp:77) [14]  (3.93 ns)

 <State 27>: 3.93ns
The critical path consists of the following:
	'sdiv' operation ('sdiv_ln1148', yolo_yolo_fp_2019_64/src/yolo_yolo.cpp:77) [14]  (3.93 ns)

 <State 28>: 3.93ns
The critical path consists of the following:
	'sdiv' operation ('sdiv_ln1148', yolo_yolo_fp_2019_64/src/yolo_yolo.cpp:77) [14]  (3.93 ns)

 <State 29>: 8.66ns
The critical path consists of the following:
	'sdiv' operation ('sdiv_ln1148', yolo_yolo_fp_2019_64/src/yolo_yolo.cpp:77) [14]  (3.93 ns)
	'icmp' operation ('icmp_ln785', yolo_yolo_fp_2019_64/src/yolo_yolo.cpp:77) [19]  (0.959 ns)
	'or' operation ('or_ln785', yolo_yolo_fp_2019_64/src/yolo_yolo.cpp:77) [20]  (0 ns)
	'and' operation ('overflow', yolo_yolo_fp_2019_64/src/yolo_yolo.cpp:77) [22]  (0.978 ns)
	'or' operation ('or_ln340', yolo_yolo_fp_2019_64/src/yolo_yolo.cpp:77) [27]  (0 ns)
	'select' operation ('select_ln340', yolo_yolo_fp_2019_64/src/yolo_yolo.cpp:77) [30]  (0.978 ns)
	multiplexor before 'phi' operation ('agg_result_V_2', yolo_yolo_fp_2019_64/src/yolo_yolo.cpp:77) with incoming values : ('select_ln340', yolo_yolo_fp_2019_64/src/yolo_yolo.cpp:77) ('select_ln388', yolo_yolo_fp_2019_64/src/yolo_yolo.cpp:77) [36]  (1.81 ns)
	'phi' operation ('agg_result_V_2', yolo_yolo_fp_2019_64/src/yolo_yolo.cpp:77) with incoming values : ('select_ln340', yolo_yolo_fp_2019_64/src/yolo_yolo.cpp:77) ('select_ln388', yolo_yolo_fp_2019_64/src/yolo_yolo.cpp:77) [36]  (0 ns)


============================================================
+ Verbose Summary: Binding
============================================================
N/A
* FSMD analyzer results:
  - Output states:
 - Input state : 
  - Chain level:
	State 1
	State 2
	State 3
	State 4
	State 5
	State 6
	State 7
	State 8
	State 9
	State 10
	State 11
	State 12
	State 13
	State 14
	State 15
	State 16
	State 17
	State 18
	State 19
	State 20
	State 21
	State 22
	State 23
	State 24
	State 25
	State 26
	State 27
	State 28
	State 29


============================================================
+ Verbose Summary: Datapath Resource usage 
============================================================
N/A
