

================================================================
== Vivado HLS Report for 'exp_16_8_s'
================================================================
* Date:           Wed Jul 17 10:35:51 2019

* Version:        2019.1 (Build 2552052 on Fri May 24 15:28:33 MDT 2019)
* Project:        yolo_yolo_fp_2019_64
* Solution:       solution1
* Product family: zynq
* Target device:  xc7z020-clg484-1


================================================================
== Performance Estimates
================================================================
+ Timing (ns): 
    * Summary: 
    +--------+-------+----------+------------+
    |  Clock | Target| Estimated| Uncertainty|
    +--------+-------+----------+------------+
    |ap_clk  |  10.00|     6.650|        1.25|
    +--------+-------+----------+------------+

+ Latency (clock cycles): 
    * Summary: 
    +-----+-----+-----+-----+----------+
    |  Latency  |  Interval | Pipeline |
    | min | max | min | max |   Type   |
    +-----+-----+-----+-----+----------+
    |    5|    5|    1|    1| function |
    +-----+-----+-----+-----+----------+

    + Detail: 
        * Instance: 
        N/A

        * Loop: 
        N/A



================================================================
== Utilization Estimates
================================================================
* Summary: 
+-----------------+---------+-------+--------+-------+-----+
|       Name      | BRAM_18K| DSP48E|   FF   |  LUT  | URAM|
+-----------------+---------+-------+--------+-------+-----+
|DSP              |        -|      -|       -|      -|    -|
|Expression       |        -|      2|       0|    299|    -|
|FIFO             |        -|      -|       -|      -|    -|
|Instance         |        -|      -|       -|      -|    -|
|Memory           |        0|      -|      61|     32|    -|
|Multiplexer      |        -|      -|       -|      -|    -|
|Register         |        0|      -|     401|     96|    -|
+-----------------+---------+-------+--------+-------+-----+
|Total            |        0|      2|     462|    427|    0|
+-----------------+---------+-------+--------+-------+-----+
|Available        |      280|    220|  106400|  53200|    0|
+-----------------+---------+-------+--------+-------+-----+
|Utilization (%)  |        0|   ~0  |   ~0   |   ~0  |    0|
+-----------------+---------+-------+--------+-------+-----+

+ Detail: 
    * Instance: 
    N/A

    * DSP48E: 
    N/A

    * Memory: 
    +------------------------+---------------------------------+---------+----+----+-----+------+-----+------+-------------+
    |         Memory         |              Module             | BRAM_18K| FF | LUT| URAM| Words| Bits| Banks| W*Bits*Banks|
    +------------------------+---------------------------------+---------+----+----+-----+------+-----+------+-------------+
    |exp_x_msb_1_table_V_U   |exp_16_8_s_exp_x_msb_1_table_V   |        0|  25|  13|    0|    32|   25|     1|          800|
    |exp_x_msb_2_m_1_tabl_U  |exp_16_8_s_exp_x_msb_2_m_1_tabl  |        0|  25|  13|    0|    32|   25|     1|          800|
    |f_x_lsb_table_V_U       |exp_16_8_s_f_x_lsb_table_V       |        0|  11|   6|    0|    32|   11|     1|          352|
    +------------------------+---------------------------------+---------+----+----+-----+------+-----+------+-------------+
    |Total                   |                                 |        0|  61|  32|    0|    96|   61|     3|         1952|
    +------------------------+---------------------------------+---------+----+----+-----+------+-----+------+-------------+

    * FIFO: 
    N/A

    * Expression: 
    +---------------------------------+----------+-------+---+----+------------+------------+
    |          Variable Name          | Operation| DSP48E| FF| LUT| Bitwidth P0| Bitwidth P1|
    +---------------------------------+----------+-------+---+----+------------+------------+
    |r_V_5_fu_432_p2                  |     *    |      1|  0|  47|          18|          25|
    |r_V_6_fu_491_p2                  |     *    |      1|  0|  47|          25|          25|
    |exp_x_msb_2_lsb_m_1_s_fu_480_p2  |     +    |      0|  0|  32|          25|          25|
    |ret_V_fu_470_p2                  |     +    |      0|  0|  27|          20|          20|
    |y_l_V_fu_520_p2                  |     +    |      0|  0|  32|          25|          25|
    |and_ln194_fu_315_p2              |    and   |      0|  0|   2|           1|           1|
    |ap_block_pp0_stage0_11001        |    and   |      0|  0|   2|           1|           1|
    |icmp_ln1494_fu_309_p2            |   icmp   |      0|  0|  13|          11|          11|
    |icmp_ln1498_fu_303_p2            |   icmp   |      0|  0|   9|           4|           3|
    |icmp_ln255_fu_567_p2             |   icmp   |      0|  0|   8|           2|           1|
    |ap_block_pp0_stage0_subdone      |    or    |      0|  0|   2|           1|           1|
    |or_ln194_1_fu_369_p2             |    or    |      0|  0|   2|           1|           1|
    |or_ln194_2_fu_375_p2             |    or    |      0|  0|   2|           1|           1|
    |or_ln194_3_fu_381_p2             |    or    |      0|  0|   2|           1|           1|
    |or_ln194_4_fu_387_p2             |    or    |      0|  0|   2|           1|           1|
    |or_ln194_5_fu_393_p2             |    or    |      0|  0|   2|           1|           1|
    |or_ln194_6_fu_399_p2             |    or    |      0|  0|   2|           1|           1|
    |or_ln194_7_fu_405_p2             |    or    |      0|  0|   2|           1|           1|
    |or_ln194_fu_363_p2               |    or    |      0|  0|   2|           1|           1|
    |or_ln255_fu_561_p2               |    or    |      0|  0|   2|           2|           2|
    |ap_return                        |  select  |      0|  0|  16|           1|          15|
    |p_Val2_10_fu_534_p3              |  select  |      0|  0|  22|           1|          22|
    |select_ln195_fu_512_p3           |  select  |      0|  0|   2|           1|           2|
    |ap_enable_pp0                    |    xor   |      0|  0|   2|           1|           2|
    |xor_ln191_1_fu_213_p2            |    xor   |      0|  0|   2|           1|           1|
    |xor_ln191_2_fu_227_p2            |    xor   |      0|  0|   2|           1|           1|
    |xor_ln191_3_fu_241_p2            |    xor   |      0|  0|   2|           1|           1|
    |xor_ln191_4_fu_255_p2            |    xor   |      0|  0|   2|           1|           1|
    |xor_ln191_5_fu_269_p2            |    xor   |      0|  0|   2|           1|           1|
    |xor_ln191_6_fu_283_p2            |    xor   |      0|  0|   2|           1|           1|
    |xor_ln191_7_fu_297_p2            |    xor   |      0|  0|   2|           1|           1|
    |xor_ln191_fu_199_p2              |    xor   |      0|  0|   2|           1|           1|
    |xor_ln195_fu_507_p2              |    xor   |      0|  0|   2|           1|           2|
    +---------------------------------+----------+-------+---+----+------------+------------+
    |Total                            |          |      2|  0| 299|         156|         199|
    +---------------------------------+----------+-------+---+----+------------+------------+

    * Multiplexer: 
    N/A

    * Register: 
    +-----------------------------------------+----+----+-----+-----------+
    |                   Name                  | FF | LUT| Bits| Const Bits|
    +-----------------------------------------+----+----+-----+-----------+
    |ap_CS_fsm                                |   1|   0|    1|          0|
    |ap_enable_reg_pp0_iter1                  |   1|   0|    1|          0|
    |ap_enable_reg_pp0_iter2                  |   1|   0|    1|          0|
    |ap_enable_reg_pp0_iter3                  |   1|   0|    1|          0|
    |ap_enable_reg_pp0_iter4                  |   1|   0|    1|          0|
    |ap_enable_reg_pp0_iter5                  |   1|   0|    1|          0|
    |exp_x_msb_1_V_reg_650                    |  25|   0|   25|          0|
    |exp_x_msb_1_V_reg_650_pp0_iter4_reg      |  25|   0|   25|          0|
    |exp_x_msb_2_lsb_m_1_s_reg_645            |  25|   0|   25|          0|
    |exp_x_msb_2_m_1_V_reg_629                |  25|   0|   25|          0|
    |exp_x_msb_2_m_1_V_reg_629_pp0_iter2_reg  |  25|   0|   25|          0|
    |f_x_lsb_V_reg_623                        |  11|   0|   11|          0|
    |f_x_lsb_V_reg_623_pp0_iter2_reg          |  11|   0|   11|          0|
    |f_x_msb_2_lsb_s_V_reg_635                |  19|   0|   19|          0|
    |or_ln194_7_reg_618                       |   1|   0|    1|          0|
    |p_Result_s_19_reg_597                    |   4|   0|    4|          0|
    |p_Result_s_19_reg_597_pp0_iter1_reg      |   4|   0|    4|          0|
    |tmp_reg_591                              |   1|   0|    1|          0|
    |trunc_ln612_1_reg_602                    |   2|   0|    2|          0|
    |y_lo_s_V_reg_656                         |  25|   0|   25|          0|
    |or_ln194_7_reg_618                       |  64|  32|    1|          0|
    |tmp_reg_591                              |  64|  32|    1|          0|
    |trunc_ln612_1_reg_602                    |  64|  32|    2|          0|
    +-----------------------------------------+----+----+-----+-----------+
    |Total                                    | 401|  96|  213|          0|
    +-----------------------------------------+----+----+-----+-----------+



================================================================
== Interface
================================================================
* Summary: 
+-----------+-----+-----+------------+--------------+--------------+
| RTL Ports | Dir | Bits|  Protocol  | Source Object|    C Type    |
+-----------+-----+-----+------------+--------------+--------------+
|ap_clk     |  in |    1| ap_ctrl_hs |  exp<16, 8>  | return value |
|ap_rst     |  in |    1| ap_ctrl_hs |  exp<16, 8>  | return value |
|ap_start   |  in |    1| ap_ctrl_hs |  exp<16, 8>  | return value |
|ap_done    | out |    1| ap_ctrl_hs |  exp<16, 8>  | return value |
|ap_idle    | out |    1| ap_ctrl_hs |  exp<16, 8>  | return value |
|ap_ready   | out |    1| ap_ctrl_hs |  exp<16, 8>  | return value |
|ap_ce      |  in |    1| ap_ctrl_hs |  exp<16, 8>  | return value |
|ap_return  | out |   16| ap_ctrl_hs |  exp<16, 8>  | return value |
|x_V        |  in |   16|   ap_none  |      x_V     |    scalar    |
+-----------+-----+-----+------------+--------------+--------------+

