10:04:02 INFO  : Registering command handlers for SDK TCF services
10:04:04 INFO  : Launching XSCT server: xsct -n -interactive /home/xavier/MSc_Project/hls/yolo_conv_hls_2019/yolo_conv_max_fp_prj_2019_64/yolo_conv_max_fp_prj_2019_64.sdk/temp_xsdb_launch_script.tcl
10:04:15 INFO  : XSCT server has started successfully.
10:04:15 INFO  : Successfully done setting XSCT server connection channel  
10:04:36 INFO  : Successfully done setting SDK workspace  
10:04:36 INFO  : Processing command line option -hwspec /home/xavier/MSc_Project/hls/yolo_conv_hls_2019/yolo_conv_max_fp_prj_2019_64/yolo_conv_max_fp_prj_2019_64.sdk/design_1_wrapper.hdf.
10:29:44 INFO  : Connected to target on host '127.0.0.1' and port '3121'.
10:29:45 INFO  : 'targets -set -filter {jtag_cable_name =~ "Digilent Zed 210248586321" && level==0} -index 1' command is executed.
10:29:47 INFO  : FPGA configured successfully with bitstream "/home/xavier/MSc_Project/hls/yolo_conv_hls_2019/yolo_conv_max_fp_prj_2019_64/yolo_conv_max_fp_prj_2019_64.sdk/design_1_wrapper_hw_platform_0/design_1_wrapper.bit"
10:29:57 INFO  : 'targets -set -filter {jtag_cable_name =~ "Digilent Zed 210248586321" && level==0} -index 1' command is executed.
10:29:57 INFO  : 'fpga -state' command is executed.
10:29:57 INFO  : Connected to target on host '127.0.0.1' and port '3121'.
10:29:57 INFO  : Jtag cable 'Digilent Zed 210248586321' is selected.
10:29:57 INFO  : 'jtag frequency' command is executed.
10:29:57 INFO  : Sourcing of '/home/xavier/MSc_Project/hls/yolo_conv_hls_2019/yolo_conv_max_fp_prj_2019_64/yolo_conv_max_fp_prj_2019_64.sdk/design_1_wrapper_hw_platform_0/ps7_init.tcl' is done.
10:29:57 INFO  : Context for 'APU' is selected.
10:29:57 INFO  : Hardware design information is loaded from '/home/xavier/MSc_Project/hls/yolo_conv_hls_2019/yolo_conv_max_fp_prj_2019_64/yolo_conv_max_fp_prj_2019_64.sdk/design_1_wrapper_hw_platform_0/system.hdf'.
10:29:57 INFO  : 'configparams force-mem-access 1' command is executed.
10:29:57 INFO  : Context for 'APU' is selected.
10:29:57 INFO  : 'stop' command is executed.
10:29:58 INFO  : 'ps7_init' command is executed.
10:29:58 INFO  : 'ps7_post_config' command is executed.
10:29:58 INFO  : Context for processor 'ps7_cortexa9_0' is selected.
10:29:58 INFO  : Processor reset is completed for 'ps7_cortexa9_0'.
10:29:58 INFO  : Context for processor 'ps7_cortexa9_0' is selected.
10:30:03 INFO  : The application '/home/xavier/MSc_Project/hls/yolo_conv_hls_2019/yolo_conv_max_fp_prj_2019_64/yolo_conv_max_fp_prj_2019_64.sdk/ps/Debug/ps.elf' is downloaded to processor 'ps7_cortexa9_0'.
10:30:03 INFO  : 'configparams force-mem-access 0' command is executed.
10:30:03 INFO  : ----------------XSDB Script----------------
connect -url tcp:127.0.0.1:3121
source /home/xavier/MSc_Project/hls/yolo_conv_hls_2019/yolo_conv_max_fp_prj_2019_64/yolo_conv_max_fp_prj_2019_64.sdk/design_1_wrapper_hw_platform_0/ps7_init.tcl
targets -set -nocase -filter {name =~"APU*" && jtag_cable_name =~ "Digilent Zed 210248586321"} -index 0
loadhw -hw /home/xavier/MSc_Project/hls/yolo_conv_hls_2019/yolo_conv_max_fp_prj_2019_64/yolo_conv_max_fp_prj_2019_64.sdk/design_1_wrapper_hw_platform_0/system.hdf -mem-ranges [list {0x40000000 0xbfffffff}]
configparams force-mem-access 1
targets -set -nocase -filter {name =~"APU*" && jtag_cable_name =~ "Digilent Zed 210248586321"} -index 0
stop
ps7_init
ps7_post_config
targets -set -nocase -filter {name =~ "ARM*#0" && jtag_cable_name =~ "Digilent Zed 210248586321"} -index 0
rst -processor
targets -set -nocase -filter {name =~ "ARM*#0" && jtag_cable_name =~ "Digilent Zed 210248586321"} -index 0
dow /home/xavier/MSc_Project/hls/yolo_conv_hls_2019/yolo_conv_max_fp_prj_2019_64/yolo_conv_max_fp_prj_2019_64.sdk/ps/Debug/ps.elf
configparams force-mem-access 0
----------------End of Script----------------

10:30:04 INFO  : Context for processor 'ps7_cortexa9_0' is selected.
10:30:04 INFO  : 'con' command is executed.
10:30:04 INFO  : ----------------XSDB Script (After Launch)----------------
targets -set -nocase -filter {name =~ "ARM*#0" && jtag_cable_name =~ "Digilent Zed 210248586321"} -index 0
con
----------------End of Script----------------

10:30:04 INFO  : Disconnected from the channel tcfchan#1.
10:30:24 INFO  : Connected to target on host '127.0.0.1' and port '3121'.
10:30:24 INFO  : 'targets -set -filter {jtag_cable_name =~ "Digilent Zed 210248586321" && level==0} -index 1' command is executed.
10:30:26 INFO  : FPGA configured successfully with bitstream "/home/xavier/MSc_Project/hls/yolo_conv_hls_2019/yolo_conv_max_fp_prj_2019_64/yolo_conv_max_fp_prj_2019_64.sdk/design_1_wrapper_hw_platform_0/design_1_wrapper.bit"
10:30:32 INFO  : 'targets -set -filter {jtag_cable_name =~ "Digilent Zed 210248586321" && level==0} -index 1' command is executed.
10:30:32 INFO  : 'fpga -state' command is executed.
10:30:32 INFO  : Connected to target on host '127.0.0.1' and port '3121'.
10:30:33 INFO  : Jtag cable 'Digilent Zed 210248586321' is selected.
10:30:33 INFO  : 'jtag frequency' command is executed.
10:30:33 INFO  : Sourcing of '/home/xavier/MSc_Project/hls/yolo_conv_hls_2019/yolo_conv_max_fp_prj_2019_64/yolo_conv_max_fp_prj_2019_64.sdk/design_1_wrapper_hw_platform_0/ps7_init.tcl' is done.
10:30:33 INFO  : Context for 'APU' is selected.
10:30:33 INFO  : Hardware design information is loaded from '/home/xavier/MSc_Project/hls/yolo_conv_hls_2019/yolo_conv_max_fp_prj_2019_64/yolo_conv_max_fp_prj_2019_64.sdk/design_1_wrapper_hw_platform_0/system.hdf'.
10:30:33 INFO  : 'configparams force-mem-access 1' command is executed.
10:30:33 INFO  : Context for 'APU' is selected.
10:30:33 INFO  : 'stop' command is executed.
10:30:35 INFO  : 'ps7_init' command is executed.
10:30:36 INFO  : 'ps7_post_config' command is executed.
10:30:36 INFO  : Context for processor 'ps7_cortexa9_0' is selected.
10:30:36 INFO  : Processor reset is completed for 'ps7_cortexa9_0'.
10:30:36 INFO  : Context for processor 'ps7_cortexa9_0' is selected.
10:30:38 ERROR : Memory write error at 0x100000. AP transaction timeout
10:30:38 INFO  : ----------------XSDB Script----------------
connect -url tcp:127.0.0.1:3121
source /home/xavier/MSc_Project/hls/yolo_conv_hls_2019/yolo_conv_max_fp_prj_2019_64/yolo_conv_max_fp_prj_2019_64.sdk/design_1_wrapper_hw_platform_0/ps7_init.tcl
targets -set -nocase -filter {name =~"APU*" && jtag_cable_name =~ "Digilent Zed 210248586321"} -index 0
loadhw -hw /home/xavier/MSc_Project/hls/yolo_conv_hls_2019/yolo_conv_max_fp_prj_2019_64/yolo_conv_max_fp_prj_2019_64.sdk/design_1_wrapper_hw_platform_0/system.hdf -mem-ranges [list {0x40000000 0xbfffffff}]
configparams force-mem-access 1
targets -set -nocase -filter {name =~"APU*" && jtag_cable_name =~ "Digilent Zed 210248586321"} -index 0
stop
ps7_init
ps7_post_config
targets -set -nocase -filter {name =~ "ARM*#0" && jtag_cable_name =~ "Digilent Zed 210248586321"} -index 0
rst -processor
targets -set -nocase -filter {name =~ "ARM*#0" && jtag_cable_name =~ "Digilent Zed 210248586321"} -index 0
dow /home/xavier/MSc_Project/hls/yolo_conv_hls_2019/yolo_conv_max_fp_prj_2019_64/yolo_conv_max_fp_prj_2019_64.sdk/ps/Debug/ps.elf
----------------End of Script----------------

10:30:58 INFO  : Connected to target on host '127.0.0.1' and port '3121'.
10:30:58 INFO  : 'targets -set -filter {jtag_cable_name =~ "Digilent Zed 210248586321" && level==0} -index 1' command is executed.
10:31:01 ERROR : fpga configuration failed. DONE PIN is not HIGH
10:31:18 INFO  : Connected to target on host '127.0.0.1' and port '3121'.
10:31:18 INFO  : 'targets -set -filter {jtag_cable_name =~ "Digilent Zed 210248586321" && level==0} -index 1' command is executed.
10:31:20 INFO  : FPGA configured successfully with bitstream "/home/xavier/MSc_Project/hls/yolo_conv_hls_2019/yolo_conv_max_fp_prj_2019_64/yolo_conv_max_fp_prj_2019_64.sdk/design_1_wrapper_hw_platform_0/design_1_wrapper.bit"
10:31:28 INFO  : 'targets -set -filter {jtag_cable_name =~ "Digilent Zed 210248586321" && level==0} -index 1' command is executed.
10:31:28 INFO  : 'fpga -state' command is executed.
10:31:28 INFO  : Connected to target on host '127.0.0.1' and port '3121'.
10:31:28 INFO  : Jtag cable 'Digilent Zed 210248586321' is selected.
10:31:28 INFO  : 'jtag frequency' command is executed.
10:31:28 INFO  : Sourcing of '/home/xavier/MSc_Project/hls/yolo_conv_hls_2019/yolo_conv_max_fp_prj_2019_64/yolo_conv_max_fp_prj_2019_64.sdk/design_1_wrapper_hw_platform_0/ps7_init.tcl' is done.
10:31:28 INFO  : Context for 'APU' is selected.
10:31:28 INFO  : Hardware design information is loaded from '/home/xavier/MSc_Project/hls/yolo_conv_hls_2019/yolo_conv_max_fp_prj_2019_64/yolo_conv_max_fp_prj_2019_64.sdk/design_1_wrapper_hw_platform_0/system.hdf'.
10:31:28 INFO  : 'configparams force-mem-access 1' command is executed.
10:31:28 INFO  : Context for 'APU' is selected.
10:31:28 INFO  : 'stop' command is executed.
10:31:29 INFO  : 'ps7_init' command is executed.
10:31:29 INFO  : 'ps7_post_config' command is executed.
10:31:29 INFO  : Context for processor 'ps7_cortexa9_0' is selected.
10:31:29 INFO  : Processor reset is completed for 'ps7_cortexa9_0'.
10:31:29 INFO  : Context for processor 'ps7_cortexa9_0' is selected.
10:31:34 INFO  : The application '/home/xavier/MSc_Project/hls/yolo_conv_hls_2019/yolo_conv_max_fp_prj_2019_64/yolo_conv_max_fp_prj_2019_64.sdk/ps/Debug/ps.elf' is downloaded to processor 'ps7_cortexa9_0'.
10:31:34 INFO  : 'configparams force-mem-access 0' command is executed.
10:31:34 INFO  : ----------------XSDB Script----------------
connect -url tcp:127.0.0.1:3121
source /home/xavier/MSc_Project/hls/yolo_conv_hls_2019/yolo_conv_max_fp_prj_2019_64/yolo_conv_max_fp_prj_2019_64.sdk/design_1_wrapper_hw_platform_0/ps7_init.tcl
targets -set -nocase -filter {name =~"APU*" && jtag_cable_name =~ "Digilent Zed 210248586321"} -index 0
loadhw -hw /home/xavier/MSc_Project/hls/yolo_conv_hls_2019/yolo_conv_max_fp_prj_2019_64/yolo_conv_max_fp_prj_2019_64.sdk/design_1_wrapper_hw_platform_0/system.hdf -mem-ranges [list {0x40000000 0xbfffffff}]
configparams force-mem-access 1
targets -set -nocase -filter {name =~"APU*" && jtag_cable_name =~ "Digilent Zed 210248586321"} -index 0
stop
ps7_init
ps7_post_config
targets -set -nocase -filter {name =~ "ARM*#0" && jtag_cable_name =~ "Digilent Zed 210248586321"} -index 0
rst -processor
targets -set -nocase -filter {name =~ "ARM*#0" && jtag_cable_name =~ "Digilent Zed 210248586321"} -index 0
dow /home/xavier/MSc_Project/hls/yolo_conv_hls_2019/yolo_conv_max_fp_prj_2019_64/yolo_conv_max_fp_prj_2019_64.sdk/ps/Debug/ps.elf
configparams force-mem-access 0
----------------End of Script----------------

10:31:34 INFO  : Context for processor 'ps7_cortexa9_0' is selected.
10:31:34 INFO  : 'con' command is executed.
10:31:34 INFO  : ----------------XSDB Script (After Launch)----------------
targets -set -nocase -filter {name =~ "ARM*#0" && jtag_cable_name =~ "Digilent Zed 210248586321"} -index 0
con
----------------End of Script----------------

10:31:34 INFO  : Disconnected from the channel tcfchan#2.
10:36:25 INFO  : 'targets -set -filter {jtag_cable_name =~ "Digilent Zed 210248586321" && level==0} -index 1' command is executed.
10:36:25 INFO  : 'fpga -state' command is executed.
10:36:25 INFO  : Connected to target on host '127.0.0.1' and port '3121'.
10:36:25 INFO  : Jtag cable 'Digilent Zed 210248586321' is selected.
10:36:25 INFO  : 'jtag frequency' command is executed.
10:36:25 INFO  : Sourcing of '/home/xavier/MSc_Project/hls/yolo_conv_hls_2019/yolo_conv_max_fp_prj_2019_64/yolo_conv_max_fp_prj_2019_64.sdk/design_1_wrapper_hw_platform_0/ps7_init.tcl' is done.
10:36:25 INFO  : Context for 'APU' is selected.
10:36:25 INFO  : Hardware design information is loaded from '/home/xavier/MSc_Project/hls/yolo_conv_hls_2019/yolo_conv_max_fp_prj_2019_64/yolo_conv_max_fp_prj_2019_64.sdk/design_1_wrapper_hw_platform_0/system.hdf'.
10:36:25 INFO  : 'configparams force-mem-access 1' command is executed.
10:36:25 INFO  : Context for 'APU' is selected.
10:36:25 INFO  : 'stop' command is executed.
10:36:26 INFO  : 'ps7_init' command is executed.
10:36:26 INFO  : 'ps7_post_config' command is executed.
10:36:26 INFO  : Context for processor 'ps7_cortexa9_0' is selected.
10:36:26 INFO  : Processor reset is completed for 'ps7_cortexa9_0'.
10:36:26 INFO  : Context for processor 'ps7_cortexa9_0' is selected.
10:36:32 INFO  : The application '/home/xavier/MSc_Project/hls/yolo_conv_hls_2019/yolo_conv_max_fp_prj_2019_64/yolo_conv_max_fp_prj_2019_64.sdk/ps/Debug/ps.elf' is downloaded to processor 'ps7_cortexa9_0'.
10:36:32 INFO  : 'configparams force-mem-access 0' command is executed.
10:36:32 INFO  : ----------------XSDB Script----------------
connect -url tcp:127.0.0.1:3121
source /home/xavier/MSc_Project/hls/yolo_conv_hls_2019/yolo_conv_max_fp_prj_2019_64/yolo_conv_max_fp_prj_2019_64.sdk/design_1_wrapper_hw_platform_0/ps7_init.tcl
targets -set -nocase -filter {name =~"APU*" && jtag_cable_name =~ "Digilent Zed 210248586321"} -index 0
loadhw -hw /home/xavier/MSc_Project/hls/yolo_conv_hls_2019/yolo_conv_max_fp_prj_2019_64/yolo_conv_max_fp_prj_2019_64.sdk/design_1_wrapper_hw_platform_0/system.hdf -mem-ranges [list {0x40000000 0xbfffffff}]
configparams force-mem-access 1
targets -set -nocase -filter {name =~"APU*" && jtag_cable_name =~ "Digilent Zed 210248586321"} -index 0
stop
ps7_init
ps7_post_config
targets -set -nocase -filter {name =~ "ARM*#0" && jtag_cable_name =~ "Digilent Zed 210248586321"} -index 0
rst -processor
targets -set -nocase -filter {name =~ "ARM*#0" && jtag_cable_name =~ "Digilent Zed 210248586321"} -index 0
dow /home/xavier/MSc_Project/hls/yolo_conv_hls_2019/yolo_conv_max_fp_prj_2019_64/yolo_conv_max_fp_prj_2019_64.sdk/ps/Debug/ps.elf
configparams force-mem-access 0
----------------End of Script----------------

10:36:32 INFO  : Context for processor 'ps7_cortexa9_0' is selected.
10:36:32 INFO  : 'con' command is executed.
10:36:32 INFO  : ----------------XSDB Script (After Launch)----------------
targets -set -nocase -filter {name =~ "ARM*#0" && jtag_cable_name =~ "Digilent Zed 210248586321"} -index 0
con
----------------End of Script----------------

10:36:32 INFO  : Disconnected from the channel tcfchan#3.
10:36:59 INFO  : Connected to target on host '127.0.0.1' and port '3121'.
10:36:59 INFO  : 'targets -set -filter {jtag_cable_name =~ "Digilent Zed 210248586321" && level==0} -index 1' command is executed.
10:37:01 INFO  : FPGA configured successfully with bitstream "/home/xavier/MSc_Project/hls/yolo_conv_hls_2019/yolo_conv_max_fp_prj_2019_64/yolo_conv_max_fp_prj_2019_64.sdk/design_1_wrapper_hw_platform_0/design_1_wrapper.bit"
10:37:10 INFO  : 'targets -set -filter {jtag_cable_name =~ "Digilent Zed 210248586321" && level==0} -index 1' command is executed.
10:37:10 INFO  : 'fpga -state' command is executed.
10:37:10 INFO  : Connected to target on host '127.0.0.1' and port '3121'.
10:37:10 INFO  : Jtag cable 'Digilent Zed 210248586321' is selected.
10:37:10 INFO  : 'jtag frequency' command is executed.
10:37:10 INFO  : Sourcing of '/home/xavier/MSc_Project/hls/yolo_conv_hls_2019/yolo_conv_max_fp_prj_2019_64/yolo_conv_max_fp_prj_2019_64.sdk/design_1_wrapper_hw_platform_0/ps7_init.tcl' is done.
10:37:10 INFO  : Context for 'APU' is selected.
10:37:10 INFO  : Hardware design information is loaded from '/home/xavier/MSc_Project/hls/yolo_conv_hls_2019/yolo_conv_max_fp_prj_2019_64/yolo_conv_max_fp_prj_2019_64.sdk/design_1_wrapper_hw_platform_0/system.hdf'.
10:37:10 INFO  : 'configparams force-mem-access 1' command is executed.
10:37:10 INFO  : Context for 'APU' is selected.
10:37:11 INFO  : 'stop' command is executed.
10:37:13 INFO  : 'ps7_init' command is executed.
10:37:13 INFO  : 'ps7_post_config' command is executed.
10:37:13 INFO  : Context for processor 'ps7_cortexa9_0' is selected.
10:37:13 INFO  : Processor reset is completed for 'ps7_cortexa9_0'.
10:37:13 INFO  : Context for processor 'ps7_cortexa9_0' is selected.
10:37:15 ERROR : Memory write error at 0x100000. AP transaction timeout
10:37:15 INFO  : ----------------XSDB Script----------------
connect -url tcp:127.0.0.1:3121
source /home/xavier/MSc_Project/hls/yolo_conv_hls_2019/yolo_conv_max_fp_prj_2019_64/yolo_conv_max_fp_prj_2019_64.sdk/design_1_wrapper_hw_platform_0/ps7_init.tcl
targets -set -nocase -filter {name =~"APU*" && jtag_cable_name =~ "Digilent Zed 210248586321"} -index 0
loadhw -hw /home/xavier/MSc_Project/hls/yolo_conv_hls_2019/yolo_conv_max_fp_prj_2019_64/yolo_conv_max_fp_prj_2019_64.sdk/design_1_wrapper_hw_platform_0/system.hdf -mem-ranges [list {0x40000000 0xbfffffff}]
configparams force-mem-access 1
targets -set -nocase -filter {name =~"APU*" && jtag_cable_name =~ "Digilent Zed 210248586321"} -index 0
stop
ps7_init
ps7_post_config
targets -set -nocase -filter {name =~ "ARM*#0" && jtag_cable_name =~ "Digilent Zed 210248586321"} -index 0
rst -processor
targets -set -nocase -filter {name =~ "ARM*#0" && jtag_cable_name =~ "Digilent Zed 210248586321"} -index 0
dow /home/xavier/MSc_Project/hls/yolo_conv_hls_2019/yolo_conv_max_fp_prj_2019_64/yolo_conv_max_fp_prj_2019_64.sdk/ps/Debug/ps.elf
----------------End of Script----------------

10:37:29 INFO  : Connected to target on host '127.0.0.1' and port '3121'.
10:37:29 INFO  : 'targets -set -filter {jtag_cable_name =~ "Digilent Zed 210248586321" && level==0} -index 1' command is executed.
10:37:31 INFO  : FPGA configured successfully with bitstream "/home/xavier/MSc_Project/hls/yolo_conv_hls_2019/yolo_conv_max_fp_prj_2019_64/yolo_conv_max_fp_prj_2019_64.sdk/design_1_wrapper_hw_platform_0/design_1_wrapper.bit"
10:37:39 INFO  : 'targets -set -filter {jtag_cable_name =~ "Digilent Zed 210248586321" && level==0} -index 1' command is executed.
10:37:39 INFO  : 'fpga -state' command is executed.
10:37:39 INFO  : Connected to target on host '127.0.0.1' and port '3121'.
10:37:39 INFO  : Jtag cable 'Digilent Zed 210248586321' is selected.
10:37:39 INFO  : 'jtag frequency' command is executed.
10:37:39 INFO  : Sourcing of '/home/xavier/MSc_Project/hls/yolo_conv_hls_2019/yolo_conv_max_fp_prj_2019_64/yolo_conv_max_fp_prj_2019_64.sdk/design_1_wrapper_hw_platform_0/ps7_init.tcl' is done.
10:37:39 INFO  : Context for 'APU' is selected.
10:37:39 INFO  : Hardware design information is loaded from '/home/xavier/MSc_Project/hls/yolo_conv_hls_2019/yolo_conv_max_fp_prj_2019_64/yolo_conv_max_fp_prj_2019_64.sdk/design_1_wrapper_hw_platform_0/system.hdf'.
10:37:39 INFO  : 'configparams force-mem-access 1' command is executed.
10:37:39 INFO  : Context for 'APU' is selected.
10:37:39 INFO  : 'stop' command is executed.
10:37:39 INFO  : 'ps7_init' command is executed.
10:37:39 INFO  : 'ps7_post_config' command is executed.
10:37:39 INFO  : Context for processor 'ps7_cortexa9_0' is selected.
10:37:39 INFO  : Processor reset is completed for 'ps7_cortexa9_0'.
10:37:39 INFO  : Context for processor 'ps7_cortexa9_0' is selected.
10:37:45 INFO  : The application '/home/xavier/MSc_Project/hls/yolo_conv_hls_2019/yolo_conv_max_fp_prj_2019_64/yolo_conv_max_fp_prj_2019_64.sdk/ps/Debug/ps.elf' is downloaded to processor 'ps7_cortexa9_0'.
10:37:45 INFO  : 'configparams force-mem-access 0' command is executed.
10:37:45 INFO  : ----------------XSDB Script----------------
connect -url tcp:127.0.0.1:3121
source /home/xavier/MSc_Project/hls/yolo_conv_hls_2019/yolo_conv_max_fp_prj_2019_64/yolo_conv_max_fp_prj_2019_64.sdk/design_1_wrapper_hw_platform_0/ps7_init.tcl
targets -set -nocase -filter {name =~"APU*" && jtag_cable_name =~ "Digilent Zed 210248586321"} -index 0
loadhw -hw /home/xavier/MSc_Project/hls/yolo_conv_hls_2019/yolo_conv_max_fp_prj_2019_64/yolo_conv_max_fp_prj_2019_64.sdk/design_1_wrapper_hw_platform_0/system.hdf -mem-ranges [list {0x40000000 0xbfffffff}]
configparams force-mem-access 1
targets -set -nocase -filter {name =~"APU*" && jtag_cable_name =~ "Digilent Zed 210248586321"} -index 0
stop
ps7_init
ps7_post_config
targets -set -nocase -filter {name =~ "ARM*#0" && jtag_cable_name =~ "Digilent Zed 210248586321"} -index 0
rst -processor
targets -set -nocase -filter {name =~ "ARM*#0" && jtag_cable_name =~ "Digilent Zed 210248586321"} -index 0
dow /home/xavier/MSc_Project/hls/yolo_conv_hls_2019/yolo_conv_max_fp_prj_2019_64/yolo_conv_max_fp_prj_2019_64.sdk/ps/Debug/ps.elf
configparams force-mem-access 0
----------------End of Script----------------

10:37:45 INFO  : Context for processor 'ps7_cortexa9_0' is selected.
10:37:45 INFO  : 'con' command is executed.
10:37:45 INFO  : ----------------XSDB Script (After Launch)----------------
targets -set -nocase -filter {name =~ "ARM*#0" && jtag_cable_name =~ "Digilent Zed 210248586321"} -index 0
con
----------------End of Script----------------

10:37:45 INFO  : Disconnected from the channel tcfchan#4.
10:41:46 INFO  : Connected to target on host '127.0.0.1' and port '3121'.
10:41:46 INFO  : 'targets -set -filter {jtag_cable_name =~ "Digilent Zed 210248586321" && level==0} -index 1' command is executed.
10:41:48 INFO  : FPGA configured successfully with bitstream "/home/xavier/MSc_Project/hls/yolo_conv_hls_2019/yolo_conv_max_fp_prj_2019_64/yolo_conv_max_fp_prj_2019_64.sdk/design_1_wrapper_hw_platform_0/design_1_wrapper.bit"
10:41:58 INFO  : 'targets -set -filter {jtag_cable_name =~ "Digilent Zed 210248586321" && level==0} -index 1' command is executed.
10:41:58 INFO  : 'fpga -state' command is executed.
10:41:58 INFO  : Connected to target on host '127.0.0.1' and port '3121'.
10:41:58 INFO  : Jtag cable 'Digilent Zed 210248586321' is selected.
10:41:58 INFO  : 'jtag frequency' command is executed.
10:41:58 INFO  : Sourcing of '/home/xavier/MSc_Project/hls/yolo_conv_hls_2019/yolo_conv_max_fp_prj_2019_64/yolo_conv_max_fp_prj_2019_64.sdk/design_1_wrapper_hw_platform_0/ps7_init.tcl' is done.
10:41:58 INFO  : Context for 'APU' is selected.
10:41:58 INFO  : Hardware design information is loaded from '/home/xavier/MSc_Project/hls/yolo_conv_hls_2019/yolo_conv_max_fp_prj_2019_64/yolo_conv_max_fp_prj_2019_64.sdk/design_1_wrapper_hw_platform_0/system.hdf'.
10:41:58 INFO  : 'configparams force-mem-access 1' command is executed.
10:41:58 INFO  : Context for 'APU' is selected.
10:41:58 INFO  : 'stop' command is executed.
10:41:59 INFO  : 'ps7_init' command is executed.
10:41:59 INFO  : 'ps7_post_config' command is executed.
10:41:59 INFO  : Context for processor 'ps7_cortexa9_0' is selected.
10:41:59 INFO  : Processor reset is completed for 'ps7_cortexa9_0'.
10:41:59 INFO  : Context for processor 'ps7_cortexa9_0' is selected.
10:42:04 INFO  : The application '/home/xavier/MSc_Project/hls/yolo_conv_hls_2019/yolo_conv_max_fp_prj_2019_64/yolo_conv_max_fp_prj_2019_64.sdk/ps/Debug/ps.elf' is downloaded to processor 'ps7_cortexa9_0'.
10:42:04 INFO  : 'configparams force-mem-access 0' command is executed.
10:42:04 INFO  : ----------------XSDB Script----------------
connect -url tcp:127.0.0.1:3121
source /home/xavier/MSc_Project/hls/yolo_conv_hls_2019/yolo_conv_max_fp_prj_2019_64/yolo_conv_max_fp_prj_2019_64.sdk/design_1_wrapper_hw_platform_0/ps7_init.tcl
targets -set -nocase -filter {name =~"APU*" && jtag_cable_name =~ "Digilent Zed 210248586321"} -index 0
loadhw -hw /home/xavier/MSc_Project/hls/yolo_conv_hls_2019/yolo_conv_max_fp_prj_2019_64/yolo_conv_max_fp_prj_2019_64.sdk/design_1_wrapper_hw_platform_0/system.hdf -mem-ranges [list {0x40000000 0xbfffffff}]
configparams force-mem-access 1
targets -set -nocase -filter {name =~"APU*" && jtag_cable_name =~ "Digilent Zed 210248586321"} -index 0
stop
ps7_init
ps7_post_config
targets -set -nocase -filter {name =~ "ARM*#0" && jtag_cable_name =~ "Digilent Zed 210248586321"} -index 0
rst -processor
targets -set -nocase -filter {name =~ "ARM*#0" && jtag_cable_name =~ "Digilent Zed 210248586321"} -index 0
dow /home/xavier/MSc_Project/hls/yolo_conv_hls_2019/yolo_conv_max_fp_prj_2019_64/yolo_conv_max_fp_prj_2019_64.sdk/ps/Debug/ps.elf
configparams force-mem-access 0
----------------End of Script----------------

10:42:04 INFO  : Context for processor 'ps7_cortexa9_0' is selected.
10:42:04 INFO  : 'con' command is executed.
10:42:04 INFO  : ----------------XSDB Script (After Launch)----------------
targets -set -nocase -filter {name =~ "ARM*#0" && jtag_cable_name =~ "Digilent Zed 210248586321"} -index 0
con
----------------End of Script----------------

10:42:04 INFO  : Disconnected from the channel tcfchan#5.
10:42:40 INFO  : 'targets -set -filter {jtag_cable_name =~ "Digilent Zed 210248586321" && level==0} -index 1' command is executed.
10:42:40 INFO  : 'fpga -state' command is executed.
10:42:40 INFO  : Connected to target on host '127.0.0.1' and port '3121'.
10:42:40 INFO  : Jtag cable 'Digilent Zed 210248586321' is selected.
10:42:40 INFO  : 'jtag frequency' command is executed.
10:42:40 INFO  : Sourcing of '/home/xavier/MSc_Project/hls/yolo_conv_hls_2019/yolo_conv_max_fp_prj_2019_64/yolo_conv_max_fp_prj_2019_64.sdk/design_1_wrapper_hw_platform_0/ps7_init.tcl' is done.
10:42:40 INFO  : Context for 'APU' is selected.
10:42:40 INFO  : Hardware design information is loaded from '/home/xavier/MSc_Project/hls/yolo_conv_hls_2019/yolo_conv_max_fp_prj_2019_64/yolo_conv_max_fp_prj_2019_64.sdk/design_1_wrapper_hw_platform_0/system.hdf'.
10:42:40 INFO  : 'configparams force-mem-access 1' command is executed.
10:42:41 INFO  : Context for 'APU' is selected.
10:42:41 INFO  : 'stop' command is executed.
10:42:41 INFO  : 'ps7_init' command is executed.
10:42:41 INFO  : 'ps7_post_config' command is executed.
10:42:41 INFO  : Context for processor 'ps7_cortexa9_0' is selected.
10:42:41 INFO  : Processor reset is completed for 'ps7_cortexa9_0'.
10:42:41 INFO  : Context for processor 'ps7_cortexa9_0' is selected.
10:42:47 INFO  : The application '/home/xavier/MSc_Project/hls/yolo_conv_hls_2019/yolo_conv_max_fp_prj_2019_64/yolo_conv_max_fp_prj_2019_64.sdk/ps/Debug/ps.elf' is downloaded to processor 'ps7_cortexa9_0'.
10:42:47 INFO  : 'configparams force-mem-access 0' command is executed.
10:42:47 INFO  : ----------------XSDB Script----------------
connect -url tcp:127.0.0.1:3121
source /home/xavier/MSc_Project/hls/yolo_conv_hls_2019/yolo_conv_max_fp_prj_2019_64/yolo_conv_max_fp_prj_2019_64.sdk/design_1_wrapper_hw_platform_0/ps7_init.tcl
targets -set -nocase -filter {name =~"APU*" && jtag_cable_name =~ "Digilent Zed 210248586321"} -index 0
loadhw -hw /home/xavier/MSc_Project/hls/yolo_conv_hls_2019/yolo_conv_max_fp_prj_2019_64/yolo_conv_max_fp_prj_2019_64.sdk/design_1_wrapper_hw_platform_0/system.hdf -mem-ranges [list {0x40000000 0xbfffffff}]
configparams force-mem-access 1
targets -set -nocase -filter {name =~"APU*" && jtag_cable_name =~ "Digilent Zed 210248586321"} -index 0
stop
ps7_init
ps7_post_config
targets -set -nocase -filter {name =~ "ARM*#0" && jtag_cable_name =~ "Digilent Zed 210248586321"} -index 0
rst -processor
targets -set -nocase -filter {name =~ "ARM*#0" && jtag_cable_name =~ "Digilent Zed 210248586321"} -index 0
dow /home/xavier/MSc_Project/hls/yolo_conv_hls_2019/yolo_conv_max_fp_prj_2019_64/yolo_conv_max_fp_prj_2019_64.sdk/ps/Debug/ps.elf
configparams force-mem-access 0
----------------End of Script----------------

10:42:47 INFO  : Context for processor 'ps7_cortexa9_0' is selected.
10:42:47 INFO  : 'con' command is executed.
10:42:47 INFO  : ----------------XSDB Script (After Launch)----------------
targets -set -nocase -filter {name =~ "ARM*#0" && jtag_cable_name =~ "Digilent Zed 210248586321"} -index 0
con
----------------End of Script----------------

10:42:47 INFO  : Disconnected from the channel tcfchan#6.
10:43:05 INFO  : 'targets -set -filter {jtag_cable_name =~ "Digilent Zed 210248586321" && level==0} -index 1' command is executed.
10:43:05 INFO  : 'fpga -state' command is executed.
10:43:05 INFO  : Connected to target on host '127.0.0.1' and port '3121'.
10:43:05 INFO  : Jtag cable 'Digilent Zed 210248586321' is selected.
10:43:05 INFO  : 'jtag frequency' command is executed.
10:43:05 INFO  : Sourcing of '/home/xavier/MSc_Project/hls/yolo_conv_hls_2019/yolo_conv_max_fp_prj_2019_64/yolo_conv_max_fp_prj_2019_64.sdk/design_1_wrapper_hw_platform_0/ps7_init.tcl' is done.
10:43:05 INFO  : Context for 'APU' is selected.
10:43:05 INFO  : Hardware design information is loaded from '/home/xavier/MSc_Project/hls/yolo_conv_hls_2019/yolo_conv_max_fp_prj_2019_64/yolo_conv_max_fp_prj_2019_64.sdk/design_1_wrapper_hw_platform_0/system.hdf'.
10:43:05 INFO  : 'configparams force-mem-access 1' command is executed.
10:43:05 INFO  : Context for 'APU' is selected.
10:43:05 INFO  : 'stop' command is executed.
10:43:06 INFO  : 'ps7_init' command is executed.
10:43:06 INFO  : 'ps7_post_config' command is executed.
10:43:06 INFO  : Context for processor 'ps7_cortexa9_0' is selected.
10:43:06 INFO  : Processor reset is completed for 'ps7_cortexa9_0'.
10:43:06 INFO  : Context for processor 'ps7_cortexa9_0' is selected.
10:43:11 INFO  : The application '/home/xavier/MSc_Project/hls/yolo_conv_hls_2019/yolo_conv_max_fp_prj_2019_64/yolo_conv_max_fp_prj_2019_64.sdk/ps/Debug/ps.elf' is downloaded to processor 'ps7_cortexa9_0'.
10:43:11 INFO  : 'configparams force-mem-access 0' command is executed.
10:43:11 INFO  : ----------------XSDB Script----------------
connect -url tcp:127.0.0.1:3121
source /home/xavier/MSc_Project/hls/yolo_conv_hls_2019/yolo_conv_max_fp_prj_2019_64/yolo_conv_max_fp_prj_2019_64.sdk/design_1_wrapper_hw_platform_0/ps7_init.tcl
targets -set -nocase -filter {name =~"APU*" && jtag_cable_name =~ "Digilent Zed 210248586321"} -index 0
loadhw -hw /home/xavier/MSc_Project/hls/yolo_conv_hls_2019/yolo_conv_max_fp_prj_2019_64/yolo_conv_max_fp_prj_2019_64.sdk/design_1_wrapper_hw_platform_0/system.hdf -mem-ranges [list {0x40000000 0xbfffffff}]
configparams force-mem-access 1
targets -set -nocase -filter {name =~"APU*" && jtag_cable_name =~ "Digilent Zed 210248586321"} -index 0
stop
ps7_init
ps7_post_config
targets -set -nocase -filter {name =~ "ARM*#0" && jtag_cable_name =~ "Digilent Zed 210248586321"} -index 0
rst -processor
targets -set -nocase -filter {name =~ "ARM*#0" && jtag_cable_name =~ "Digilent Zed 210248586321"} -index 0
dow /home/xavier/MSc_Project/hls/yolo_conv_hls_2019/yolo_conv_max_fp_prj_2019_64/yolo_conv_max_fp_prj_2019_64.sdk/ps/Debug/ps.elf
configparams force-mem-access 0
----------------End of Script----------------

10:43:11 INFO  : Memory regions updated for context APU
10:43:11 INFO  : Context for processor 'ps7_cortexa9_0' is selected.
10:43:12 INFO  : 'con' command is executed.
10:43:12 INFO  : ----------------XSDB Script (After Launch)----------------
targets -set -nocase -filter {name =~ "ARM*#0" && jtag_cable_name =~ "Digilent Zed 210248586321"} -index 0
con
----------------End of Script----------------

10:43:12 INFO  : Launch script is exported to file '/home/xavier/MSc_Project/hls/yolo_conv_hls_2019/yolo_conv_max_fp_prj_2019_64/yolo_conv_max_fp_prj_2019_64.sdk/.sdk/launch_scripts/xilinx_c-c++_application_(system_debugger)/system_debugger_using_debug_ps.elf_on_local.tcl'
10:51:22 INFO  : Connected to target on host '127.0.0.1' and port '3121'.
10:51:23 INFO  : 'targets -set -filter {jtag_cable_name =~ "Digilent Zed 210248586321" && level==0} -index 1' command is executed.
10:51:25 INFO  : FPGA configured successfully with bitstream "/home/xavier/MSc_Project/hls/yolo_conv_hls_2019/yolo_conv_max_fp_prj_2019_64/yolo_conv_max_fp_prj_2019_64.sdk/design_1_wrapper_hw_platform_0/design_1_wrapper.bit"
10:51:32 INFO  : Disconnected from the channel tcfchan#7.
10:51:33 INFO  : 'targets -set -filter {jtag_cable_name =~ "Digilent Zed 210248586321" && level==0} -index 1' command is executed.
10:51:33 INFO  : 'fpga -state' command is executed.
10:51:33 INFO  : Connected to target on host '127.0.0.1' and port '3121'.
10:51:33 INFO  : Jtag cable 'Digilent Zed 210248586321' is selected.
10:51:33 INFO  : 'jtag frequency' command is executed.
10:51:33 INFO  : Sourcing of '/home/xavier/MSc_Project/hls/yolo_conv_hls_2019/yolo_conv_max_fp_prj_2019_64/yolo_conv_max_fp_prj_2019_64.sdk/design_1_wrapper_hw_platform_0/ps7_init.tcl' is done.
10:51:33 INFO  : Context for 'APU' is selected.
10:51:35 INFO  : Hardware design information is loaded from '/home/xavier/MSc_Project/hls/yolo_conv_hls_2019/yolo_conv_max_fp_prj_2019_64/yolo_conv_max_fp_prj_2019_64.sdk/design_1_wrapper_hw_platform_0/system.hdf'.
10:51:35 INFO  : 'configparams force-mem-access 1' command is executed.
10:51:35 INFO  : Context for 'APU' is selected.
10:51:35 INFO  : 'stop' command is executed.
10:51:35 INFO  : 'ps7_init' command is executed.
10:51:35 INFO  : 'ps7_post_config' command is executed.
10:51:35 INFO  : Context for processor 'ps7_cortexa9_0' is selected.
10:51:36 INFO  : Processor reset is completed for 'ps7_cortexa9_0'.
10:51:36 INFO  : Context for processor 'ps7_cortexa9_0' is selected.
10:51:41 INFO  : The application '/home/xavier/MSc_Project/hls/yolo_conv_hls_2019/yolo_conv_max_fp_prj_2019_64/yolo_conv_max_fp_prj_2019_64.sdk/ps/Debug/ps.elf' is downloaded to processor 'ps7_cortexa9_0'.
10:51:41 INFO  : 'configparams force-mem-access 0' command is executed.
10:51:41 INFO  : ----------------XSDB Script----------------
connect -url tcp:127.0.0.1:3121
source /home/xavier/MSc_Project/hls/yolo_conv_hls_2019/yolo_conv_max_fp_prj_2019_64/yolo_conv_max_fp_prj_2019_64.sdk/design_1_wrapper_hw_platform_0/ps7_init.tcl
targets -set -nocase -filter {name =~"APU*" && jtag_cable_name =~ "Digilent Zed 210248586321"} -index 0
loadhw -hw /home/xavier/MSc_Project/hls/yolo_conv_hls_2019/yolo_conv_max_fp_prj_2019_64/yolo_conv_max_fp_prj_2019_64.sdk/design_1_wrapper_hw_platform_0/system.hdf -mem-ranges [list {0x40000000 0xbfffffff}]
configparams force-mem-access 1
targets -set -nocase -filter {name =~"APU*" && jtag_cable_name =~ "Digilent Zed 210248586321"} -index 0
stop
ps7_init
ps7_post_config
targets -set -nocase -filter {name =~ "ARM*#0" && jtag_cable_name =~ "Digilent Zed 210248586321"} -index 0
rst -processor
targets -set -nocase -filter {name =~ "ARM*#0" && jtag_cable_name =~ "Digilent Zed 210248586321"} -index 0
dow /home/xavier/MSc_Project/hls/yolo_conv_hls_2019/yolo_conv_max_fp_prj_2019_64/yolo_conv_max_fp_prj_2019_64.sdk/ps/Debug/ps.elf
configparams force-mem-access 0
----------------End of Script----------------

10:51:41 INFO  : Memory regions updated for context APU
10:51:41 INFO  : Context for processor 'ps7_cortexa9_0' is selected.
10:51:41 INFO  : 'con' command is executed.
10:51:41 INFO  : ----------------XSDB Script (After Launch)----------------
targets -set -nocase -filter {name =~ "ARM*#0" && jtag_cable_name =~ "Digilent Zed 210248586321"} -index 0
con
----------------End of Script----------------

10:51:41 INFO  : Launch script is exported to file '/home/xavier/MSc_Project/hls/yolo_conv_hls_2019/yolo_conv_max_fp_prj_2019_64/yolo_conv_max_fp_prj_2019_64.sdk/.sdk/launch_scripts/xilinx_c-c++_application_(system_debugger)/system_debugger_using_debug_ps.elf_on_local.tcl'
10:52:33 INFO  : Disconnected from the channel tcfchan#8.
10:52:54 INFO  : 'targets -set -filter {jtag_cable_name =~ "Digilent Zed 210248586321" && level==0} -index 1' command is executed.
10:52:54 INFO  : 'fpga -state' command is executed.
10:52:54 INFO  : Connected to target on host '127.0.0.1' and port '3121'.
10:52:54 INFO  : Jtag cable 'Digilent Zed 210248586321' is selected.
10:52:54 INFO  : 'jtag frequency' command is executed.
10:52:54 INFO  : Sourcing of '/home/xavier/MSc_Project/hls/yolo_conv_hls_2019/yolo_conv_max_fp_prj_2019_64/yolo_conv_max_fp_prj_2019_64.sdk/design_1_wrapper_hw_platform_0/ps7_init.tcl' is done.
10:52:54 INFO  : Context for 'APU' is selected.
10:52:54 INFO  : Hardware design information is loaded from '/home/xavier/MSc_Project/hls/yolo_conv_hls_2019/yolo_conv_max_fp_prj_2019_64/yolo_conv_max_fp_prj_2019_64.sdk/design_1_wrapper_hw_platform_0/system.hdf'.
10:52:54 INFO  : 'configparams force-mem-access 1' command is executed.
10:52:54 INFO  : Context for 'APU' is selected.
10:52:54 INFO  : 'stop' command is executed.
10:52:55 INFO  : 'ps7_init' command is executed.
10:52:55 INFO  : 'ps7_post_config' command is executed.
10:52:55 INFO  : Context for processor 'ps7_cortexa9_0' is selected.
10:52:55 INFO  : Processor reset is completed for 'ps7_cortexa9_0'.
10:52:55 INFO  : Context for processor 'ps7_cortexa9_0' is selected.
10:53:00 INFO  : The application '/home/xavier/MSc_Project/hls/yolo_conv_hls_2019/yolo_conv_max_fp_prj_2019_64/yolo_conv_max_fp_prj_2019_64.sdk/ps/Debug/ps.elf' is downloaded to processor 'ps7_cortexa9_0'.
10:53:00 INFO  : 'configparams force-mem-access 0' command is executed.
10:53:00 INFO  : ----------------XSDB Script----------------
connect -url tcp:127.0.0.1:3121
source /home/xavier/MSc_Project/hls/yolo_conv_hls_2019/yolo_conv_max_fp_prj_2019_64/yolo_conv_max_fp_prj_2019_64.sdk/design_1_wrapper_hw_platform_0/ps7_init.tcl
targets -set -nocase -filter {name =~"APU*" && jtag_cable_name =~ "Digilent Zed 210248586321"} -index 0
loadhw -hw /home/xavier/MSc_Project/hls/yolo_conv_hls_2019/yolo_conv_max_fp_prj_2019_64/yolo_conv_max_fp_prj_2019_64.sdk/design_1_wrapper_hw_platform_0/system.hdf -mem-ranges [list {0x40000000 0xbfffffff}]
configparams force-mem-access 1
targets -set -nocase -filter {name =~"APU*" && jtag_cable_name =~ "Digilent Zed 210248586321"} -index 0
stop
ps7_init
ps7_post_config
targets -set -nocase -filter {name =~ "ARM*#0" && jtag_cable_name =~ "Digilent Zed 210248586321"} -index 0
rst -processor
targets -set -nocase -filter {name =~ "ARM*#0" && jtag_cable_name =~ "Digilent Zed 210248586321"} -index 0
dow /home/xavier/MSc_Project/hls/yolo_conv_hls_2019/yolo_conv_max_fp_prj_2019_64/yolo_conv_max_fp_prj_2019_64.sdk/ps/Debug/ps.elf
configparams force-mem-access 0
----------------End of Script----------------

10:53:00 INFO  : Memory regions updated for context APU
10:53:01 INFO  : Context for processor 'ps7_cortexa9_0' is selected.
10:53:01 INFO  : 'con' command is executed.
10:53:01 INFO  : ----------------XSDB Script (After Launch)----------------
targets -set -nocase -filter {name =~ "ARM*#0" && jtag_cable_name =~ "Digilent Zed 210248586321"} -index 0
con
----------------End of Script----------------

10:53:01 INFO  : Launch script is exported to file '/home/xavier/MSc_Project/hls/yolo_conv_hls_2019/yolo_conv_max_fp_prj_2019_64/yolo_conv_max_fp_prj_2019_64.sdk/.sdk/launch_scripts/xilinx_c-c++_application_(system_debugger)/system_debugger_using_debug_ps.elf_on_local.tcl'
11:00:14 INFO  : Connected to target on host '127.0.0.1' and port '3121'.
11:00:14 INFO  : 'targets -set -filter {jtag_cable_name =~ "Digilent Zed 210248586321" && level==0} -index 1' command is executed.
11:00:16 INFO  : FPGA configured successfully with bitstream "/home/xavier/MSc_Project/hls/yolo_conv_hls_2019/yolo_conv_max_fp_prj_2019_64/yolo_conv_max_fp_prj_2019_64.sdk/design_1_wrapper_hw_platform_0/design_1_wrapper.bit"
11:00:31 INFO  : 'targets -set -filter {jtag_cable_name =~ "Digilent Zed 210248586321" && level==0} -index 1' command is executed.
11:00:31 INFO  : 'fpga -state' command is executed.
11:00:31 INFO  : Connected to target on host '127.0.0.1' and port '3121'.
11:00:31 INFO  : Jtag cable 'Digilent Zed 210248586321' is selected.
11:00:31 INFO  : 'jtag frequency' command is executed.
11:00:31 INFO  : Sourcing of '/home/xavier/MSc_Project/hls/yolo_conv_hls_2019/yolo_conv_max_fp_prj_2019_64/yolo_conv_max_fp_prj_2019_64.sdk/design_1_wrapper_hw_platform_0/ps7_init.tcl' is done.
11:00:31 INFO  : Context for 'APU' is selected.
11:00:31 INFO  : Hardware design information is loaded from '/home/xavier/MSc_Project/hls/yolo_conv_hls_2019/yolo_conv_max_fp_prj_2019_64/yolo_conv_max_fp_prj_2019_64.sdk/design_1_wrapper_hw_platform_0/system.hdf'.
11:00:31 INFO  : 'configparams force-mem-access 1' command is executed.
11:00:31 INFO  : Context for 'APU' is selected.
11:00:31 INFO  : 'stop' command is executed.
11:00:31 INFO  : 'ps7_init' command is executed.
11:00:31 INFO  : 'ps7_post_config' command is executed.
11:00:31 INFO  : Context for processor 'ps7_cortexa9_0' is selected.
11:00:31 INFO  : Processor reset is completed for 'ps7_cortexa9_0'.
11:00:31 INFO  : Context for processor 'ps7_cortexa9_0' is selected.
11:00:37 INFO  : The application '/home/xavier/MSc_Project/hls/yolo_conv_hls_2019/yolo_conv_max_fp_prj_2019_64/yolo_conv_max_fp_prj_2019_64.sdk/ps/Debug/ps.elf' is downloaded to processor 'ps7_cortexa9_0'.
11:00:37 INFO  : 'configparams force-mem-access 0' command is executed.
11:00:37 INFO  : ----------------XSDB Script----------------
connect -url tcp:127.0.0.1:3121
source /home/xavier/MSc_Project/hls/yolo_conv_hls_2019/yolo_conv_max_fp_prj_2019_64/yolo_conv_max_fp_prj_2019_64.sdk/design_1_wrapper_hw_platform_0/ps7_init.tcl
targets -set -nocase -filter {name =~"APU*" && jtag_cable_name =~ "Digilent Zed 210248586321"} -index 0
loadhw -hw /home/xavier/MSc_Project/hls/yolo_conv_hls_2019/yolo_conv_max_fp_prj_2019_64/yolo_conv_max_fp_prj_2019_64.sdk/design_1_wrapper_hw_platform_0/system.hdf -mem-ranges [list {0x40000000 0xbfffffff}]
configparams force-mem-access 1
targets -set -nocase -filter {name =~"APU*" && jtag_cable_name =~ "Digilent Zed 210248586321"} -index 0
stop
ps7_init
ps7_post_config
targets -set -nocase -filter {name =~ "ARM*#0" && jtag_cable_name =~ "Digilent Zed 210248586321"} -index 0
rst -processor
targets -set -nocase -filter {name =~ "ARM*#0" && jtag_cable_name =~ "Digilent Zed 210248586321"} -index 0
dow /home/xavier/MSc_Project/hls/yolo_conv_hls_2019/yolo_conv_max_fp_prj_2019_64/yolo_conv_max_fp_prj_2019_64.sdk/ps/Debug/ps.elf
configparams force-mem-access 0
----------------End of Script----------------

11:00:37 INFO  : Context for processor 'ps7_cortexa9_0' is selected.
11:00:37 INFO  : 'con' command is executed.
11:00:37 INFO  : ----------------XSDB Script (After Launch)----------------
targets -set -nocase -filter {name =~ "ARM*#0" && jtag_cable_name =~ "Digilent Zed 210248586321"} -index 0
con
----------------End of Script----------------

11:00:37 INFO  : Disconnected from the channel tcfchan#9.
11:01:58 INFO  : Connected to target on host '127.0.0.1' and port '3121'.
11:01:58 INFO  : 'targets -set -filter {jtag_cable_name =~ "Digilent Zed 210248586321" && level==0} -index 1' command is executed.
11:02:00 INFO  : FPGA configured successfully with bitstream "/home/xavier/MSc_Project/hls/yolo_conv_hls_2019/yolo_conv_max_fp_prj_2019_64/yolo_conv_max_fp_prj_2019_64.sdk/design_1_wrapper_hw_platform_0/design_1_wrapper.bit"
11:02:08 INFO  : 'targets -set -filter {jtag_cable_name =~ "Digilent Zed 210248586321" && level==0} -index 1' command is executed.
11:02:08 INFO  : 'fpga -state' command is executed.
11:02:08 INFO  : Connected to target on host '127.0.0.1' and port '3121'.
11:02:08 INFO  : Jtag cable 'Digilent Zed 210248586321' is selected.
11:02:08 INFO  : 'jtag frequency' command is executed.
11:02:08 INFO  : Sourcing of '/home/xavier/MSc_Project/hls/yolo_conv_hls_2019/yolo_conv_max_fp_prj_2019_64/yolo_conv_max_fp_prj_2019_64.sdk/design_1_wrapper_hw_platform_0/ps7_init.tcl' is done.
11:02:08 INFO  : Context for 'APU' is selected.
11:02:08 INFO  : Hardware design information is loaded from '/home/xavier/MSc_Project/hls/yolo_conv_hls_2019/yolo_conv_max_fp_prj_2019_64/yolo_conv_max_fp_prj_2019_64.sdk/design_1_wrapper_hw_platform_0/system.hdf'.
11:02:08 INFO  : 'configparams force-mem-access 1' command is executed.
11:02:08 INFO  : Context for 'APU' is selected.
11:02:08 INFO  : 'stop' command is executed.
11:02:09 INFO  : 'ps7_init' command is executed.
11:02:09 INFO  : 'ps7_post_config' command is executed.
11:02:09 INFO  : Context for processor 'ps7_cortexa9_0' is selected.
11:02:09 INFO  : Processor reset is completed for 'ps7_cortexa9_0'.
11:02:09 INFO  : Context for processor 'ps7_cortexa9_0' is selected.
11:02:14 INFO  : The application '/home/xavier/MSc_Project/hls/yolo_conv_hls_2019/yolo_conv_max_fp_prj_2019_64/yolo_conv_max_fp_prj_2019_64.sdk/ps/Debug/ps.elf' is downloaded to processor 'ps7_cortexa9_0'.
11:02:14 INFO  : 'configparams force-mem-access 0' command is executed.
11:02:14 INFO  : ----------------XSDB Script----------------
connect -url tcp:127.0.0.1:3121
source /home/xavier/MSc_Project/hls/yolo_conv_hls_2019/yolo_conv_max_fp_prj_2019_64/yolo_conv_max_fp_prj_2019_64.sdk/design_1_wrapper_hw_platform_0/ps7_init.tcl
targets -set -nocase -filter {name =~"APU*" && jtag_cable_name =~ "Digilent Zed 210248586321"} -index 0
loadhw -hw /home/xavier/MSc_Project/hls/yolo_conv_hls_2019/yolo_conv_max_fp_prj_2019_64/yolo_conv_max_fp_prj_2019_64.sdk/design_1_wrapper_hw_platform_0/system.hdf -mem-ranges [list {0x40000000 0xbfffffff}]
configparams force-mem-access 1
targets -set -nocase -filter {name =~"APU*" && jtag_cable_name =~ "Digilent Zed 210248586321"} -index 0
stop
ps7_init
ps7_post_config
targets -set -nocase -filter {name =~ "ARM*#0" && jtag_cable_name =~ "Digilent Zed 210248586321"} -index 0
rst -processor
targets -set -nocase -filter {name =~ "ARM*#0" && jtag_cable_name =~ "Digilent Zed 210248586321"} -index 0
dow /home/xavier/MSc_Project/hls/yolo_conv_hls_2019/yolo_conv_max_fp_prj_2019_64/yolo_conv_max_fp_prj_2019_64.sdk/ps/Debug/ps.elf
configparams force-mem-access 0
----------------End of Script----------------

11:02:14 INFO  : Context for processor 'ps7_cortexa9_0' is selected.
11:02:14 INFO  : 'con' command is executed.
11:02:14 INFO  : ----------------XSDB Script (After Launch)----------------
targets -set -nocase -filter {name =~ "ARM*#0" && jtag_cable_name =~ "Digilent Zed 210248586321"} -index 0
con
----------------End of Script----------------

11:02:14 INFO  : Disconnected from the channel tcfchan#10.
11:02:52 INFO  : Connected to target on host '127.0.0.1' and port '3121'.
11:02:52 INFO  : 'targets -set -filter {jtag_cable_name =~ "Digilent Zed 210248586321" && level==0} -index 1' command is executed.
11:02:54 INFO  : FPGA configured successfully with bitstream "/home/xavier/MSc_Project/hls/yolo_conv_hls_2019/yolo_conv_max_fp_prj_2019_64/yolo_conv_max_fp_prj_2019_64.sdk/design_1_wrapper_hw_platform_0/design_1_wrapper.bit"
11:03:02 INFO  : 'targets -set -filter {jtag_cable_name =~ "Digilent Zed 210248586321" && level==0} -index 1' command is executed.
11:03:02 INFO  : 'fpga -state' command is executed.
11:03:02 INFO  : Connected to target on host '127.0.0.1' and port '3121'.
11:03:02 INFO  : Jtag cable 'Digilent Zed 210248586321' is selected.
11:03:02 INFO  : 'jtag frequency' command is executed.
11:03:02 INFO  : Sourcing of '/home/xavier/MSc_Project/hls/yolo_conv_hls_2019/yolo_conv_max_fp_prj_2019_64/yolo_conv_max_fp_prj_2019_64.sdk/design_1_wrapper_hw_platform_0/ps7_init.tcl' is done.
11:03:02 INFO  : Context for 'APU' is selected.
11:03:02 INFO  : Hardware design information is loaded from '/home/xavier/MSc_Project/hls/yolo_conv_hls_2019/yolo_conv_max_fp_prj_2019_64/yolo_conv_max_fp_prj_2019_64.sdk/design_1_wrapper_hw_platform_0/system.hdf'.
11:03:02 INFO  : 'configparams force-mem-access 1' command is executed.
11:03:02 INFO  : Context for 'APU' is selected.
11:03:02 INFO  : 'stop' command is executed.
11:03:03 INFO  : 'ps7_init' command is executed.
11:03:03 INFO  : 'ps7_post_config' command is executed.
11:03:03 INFO  : Context for processor 'ps7_cortexa9_0' is selected.
11:03:03 INFO  : Processor reset is completed for 'ps7_cortexa9_0'.
11:03:03 INFO  : Context for processor 'ps7_cortexa9_0' is selected.
11:03:08 INFO  : The application '/home/xavier/MSc_Project/hls/yolo_conv_hls_2019/yolo_conv_max_fp_prj_2019_64/yolo_conv_max_fp_prj_2019_64.sdk/ps/Debug/ps.elf' is downloaded to processor 'ps7_cortexa9_0'.
11:03:08 INFO  : 'configparams force-mem-access 0' command is executed.
11:03:08 INFO  : ----------------XSDB Script----------------
connect -url tcp:127.0.0.1:3121
source /home/xavier/MSc_Project/hls/yolo_conv_hls_2019/yolo_conv_max_fp_prj_2019_64/yolo_conv_max_fp_prj_2019_64.sdk/design_1_wrapper_hw_platform_0/ps7_init.tcl
targets -set -nocase -filter {name =~"APU*" && jtag_cable_name =~ "Digilent Zed 210248586321"} -index 0
loadhw -hw /home/xavier/MSc_Project/hls/yolo_conv_hls_2019/yolo_conv_max_fp_prj_2019_64/yolo_conv_max_fp_prj_2019_64.sdk/design_1_wrapper_hw_platform_0/system.hdf -mem-ranges [list {0x40000000 0xbfffffff}]
configparams force-mem-access 1
targets -set -nocase -filter {name =~"APU*" && jtag_cable_name =~ "Digilent Zed 210248586321"} -index 0
stop
ps7_init
ps7_post_config
targets -set -nocase -filter {name =~ "ARM*#0" && jtag_cable_name =~ "Digilent Zed 210248586321"} -index 0
rst -processor
targets -set -nocase -filter {name =~ "ARM*#0" && jtag_cable_name =~ "Digilent Zed 210248586321"} -index 0
dow /home/xavier/MSc_Project/hls/yolo_conv_hls_2019/yolo_conv_max_fp_prj_2019_64/yolo_conv_max_fp_prj_2019_64.sdk/ps/Debug/ps.elf
configparams force-mem-access 0
----------------End of Script----------------

11:03:08 INFO  : Context for processor 'ps7_cortexa9_0' is selected.
11:03:08 INFO  : 'con' command is executed.
11:03:08 INFO  : ----------------XSDB Script (After Launch)----------------
targets -set -nocase -filter {name =~ "ARM*#0" && jtag_cable_name =~ "Digilent Zed 210248586321"} -index 0
con
----------------End of Script----------------

11:03:08 INFO  : Disconnected from the channel tcfchan#11.
11:03:32 INFO  : Connected to target on host '127.0.0.1' and port '3121'.
11:03:32 INFO  : 'targets -set -filter {jtag_cable_name =~ "Digilent Zed 210248586321" && level==0} -index 1' command is executed.
11:03:34 INFO  : FPGA configured successfully with bitstream "/home/xavier/MSc_Project/hls/yolo_conv_hls_2019/yolo_conv_max_fp_prj_2019_64/yolo_conv_max_fp_prj_2019_64.sdk/design_1_wrapper_hw_platform_0/design_1_wrapper.bit"
11:03:45 INFO  : Connected to target on host '127.0.0.1' and port '3121'.
11:03:45 INFO  : 'targets -set -filter {jtag_cable_name =~ "Digilent Zed 210248586321" && level==0} -index 1' command is executed.
11:03:48 INFO  : FPGA configured successfully with bitstream "/home/xavier/MSc_Project/hls/yolo_conv_hls_2019/yolo_conv_max_fp_prj_2019_64/yolo_conv_max_fp_prj_2019_64.sdk/design_1_wrapper_hw_platform_0/design_1_wrapper.bit"
11:03:56 INFO  : 'targets -set -filter {jtag_cable_name =~ "Digilent Zed 210248586321" && level==0} -index 1' command is executed.
11:03:56 INFO  : 'fpga -state' command is executed.
11:03:56 INFO  : Connected to target on host '127.0.0.1' and port '3121'.
11:03:56 INFO  : Jtag cable 'Digilent Zed 210248586321' is selected.
11:03:56 INFO  : 'jtag frequency' command is executed.
11:03:56 INFO  : Sourcing of '/home/xavier/MSc_Project/hls/yolo_conv_hls_2019/yolo_conv_max_fp_prj_2019_64/yolo_conv_max_fp_prj_2019_64.sdk/design_1_wrapper_hw_platform_0/ps7_init.tcl' is done.
11:03:56 INFO  : Context for 'APU' is selected.
11:03:56 INFO  : Hardware design information is loaded from '/home/xavier/MSc_Project/hls/yolo_conv_hls_2019/yolo_conv_max_fp_prj_2019_64/yolo_conv_max_fp_prj_2019_64.sdk/design_1_wrapper_hw_platform_0/system.hdf'.
11:03:56 INFO  : 'configparams force-mem-access 1' command is executed.
11:03:56 INFO  : Context for 'APU' is selected.
11:03:56 INFO  : 'stop' command is executed.
11:03:56 INFO  : 'ps7_init' command is executed.
11:03:56 INFO  : 'ps7_post_config' command is executed.
11:03:56 INFO  : Context for processor 'ps7_cortexa9_0' is selected.
11:03:56 INFO  : Processor reset is completed for 'ps7_cortexa9_0'.
11:03:56 INFO  : Context for processor 'ps7_cortexa9_0' is selected.
11:04:02 INFO  : The application '/home/xavier/MSc_Project/hls/yolo_conv_hls_2019/yolo_conv_max_fp_prj_2019_64/yolo_conv_max_fp_prj_2019_64.sdk/ps/Debug/ps.elf' is downloaded to processor 'ps7_cortexa9_0'.
11:04:02 INFO  : 'configparams force-mem-access 0' command is executed.
11:04:02 INFO  : ----------------XSDB Script----------------
connect -url tcp:127.0.0.1:3121
source /home/xavier/MSc_Project/hls/yolo_conv_hls_2019/yolo_conv_max_fp_prj_2019_64/yolo_conv_max_fp_prj_2019_64.sdk/design_1_wrapper_hw_platform_0/ps7_init.tcl
targets -set -nocase -filter {name =~"APU*" && jtag_cable_name =~ "Digilent Zed 210248586321"} -index 0
loadhw -hw /home/xavier/MSc_Project/hls/yolo_conv_hls_2019/yolo_conv_max_fp_prj_2019_64/yolo_conv_max_fp_prj_2019_64.sdk/design_1_wrapper_hw_platform_0/system.hdf -mem-ranges [list {0x40000000 0xbfffffff}]
configparams force-mem-access 1
targets -set -nocase -filter {name =~"APU*" && jtag_cable_name =~ "Digilent Zed 210248586321"} -index 0
stop
ps7_init
ps7_post_config
targets -set -nocase -filter {name =~ "ARM*#0" && jtag_cable_name =~ "Digilent Zed 210248586321"} -index 0
rst -processor
targets -set -nocase -filter {name =~ "ARM*#0" && jtag_cable_name =~ "Digilent Zed 210248586321"} -index 0
dow /home/xavier/MSc_Project/hls/yolo_conv_hls_2019/yolo_conv_max_fp_prj_2019_64/yolo_conv_max_fp_prj_2019_64.sdk/ps/Debug/ps.elf
configparams force-mem-access 0
----------------End of Script----------------

11:04:02 INFO  : Context for processor 'ps7_cortexa9_0' is selected.
11:04:02 INFO  : 'con' command is executed.
11:04:02 INFO  : ----------------XSDB Script (After Launch)----------------
targets -set -nocase -filter {name =~ "ARM*#0" && jtag_cable_name =~ "Digilent Zed 210248586321"} -index 0
con
----------------End of Script----------------

11:04:02 INFO  : Disconnected from the channel tcfchan#12.
11:04:44 WARN  : channel "tcfchan#9" closed
11:04:57 INFO  : 'targets -set -filter {jtag_cable_name =~ "Digilent Zed 210248586321" && level==0} -index 1' command is executed.
11:04:57 INFO  : 'fpga -state' command is executed.
11:04:57 INFO  : Connected to target on host '127.0.0.1' and port '3121'.
11:04:57 INFO  : Jtag cable 'Digilent Zed 210248586321' is selected.
11:04:57 INFO  : 'jtag frequency' command is executed.
11:04:57 INFO  : Sourcing of '/home/xavier/MSc_Project/hls/yolo_conv_hls_2019/yolo_conv_max_fp_prj_2019_64/yolo_conv_max_fp_prj_2019_64.sdk/design_1_wrapper_hw_platform_0/ps7_init.tcl' is done.
11:04:57 INFO  : Context for 'APU' is selected.
11:04:57 INFO  : Hardware design information is loaded from '/home/xavier/MSc_Project/hls/yolo_conv_hls_2019/yolo_conv_max_fp_prj_2019_64/yolo_conv_max_fp_prj_2019_64.sdk/design_1_wrapper_hw_platform_0/system.hdf'.
11:04:57 INFO  : 'configparams force-mem-access 1' command is executed.
11:04:57 INFO  : Context for 'APU' is selected.
11:04:57 INFO  : 'stop' command is executed.
11:04:58 INFO  : 'ps7_init' command is executed.
11:04:58 INFO  : 'ps7_post_config' command is executed.
11:04:58 INFO  : Context for processor 'ps7_cortexa9_0' is selected.
11:04:58 INFO  : Processor reset is completed for 'ps7_cortexa9_0'.
11:04:58 INFO  : Context for processor 'ps7_cortexa9_0' is selected.
11:05:04 INFO  : The application '/home/xavier/MSc_Project/hls/yolo_conv_hls_2019/yolo_conv_max_fp_prj_2019_64/yolo_conv_max_fp_prj_2019_64.sdk/ps/Debug/ps.elf' is downloaded to processor 'ps7_cortexa9_0'.
11:05:04 INFO  : 'configparams force-mem-access 0' command is executed.
11:05:04 INFO  : ----------------XSDB Script----------------
connect -url tcp:127.0.0.1:3121
source /home/xavier/MSc_Project/hls/yolo_conv_hls_2019/yolo_conv_max_fp_prj_2019_64/yolo_conv_max_fp_prj_2019_64.sdk/design_1_wrapper_hw_platform_0/ps7_init.tcl
targets -set -nocase -filter {name =~"APU*" && jtag_cable_name =~ "Digilent Zed 210248586321"} -index 0
loadhw -hw /home/xavier/MSc_Project/hls/yolo_conv_hls_2019/yolo_conv_max_fp_prj_2019_64/yolo_conv_max_fp_prj_2019_64.sdk/design_1_wrapper_hw_platform_0/system.hdf -mem-ranges [list {0x40000000 0xbfffffff}]
configparams force-mem-access 1
targets -set -nocase -filter {name =~"APU*" && jtag_cable_name =~ "Digilent Zed 210248586321"} -index 0
stop
ps7_init
ps7_post_config
targets -set -nocase -filter {name =~ "ARM*#0" && jtag_cable_name =~ "Digilent Zed 210248586321"} -index 0
rst -processor
targets -set -nocase -filter {name =~ "ARM*#0" && jtag_cable_name =~ "Digilent Zed 210248586321"} -index 0
dow /home/xavier/MSc_Project/hls/yolo_conv_hls_2019/yolo_conv_max_fp_prj_2019_64/yolo_conv_max_fp_prj_2019_64.sdk/ps/Debug/ps.elf
configparams force-mem-access 0
----------------End of Script----------------

11:05:04 INFO  : Context for processor 'ps7_cortexa9_0' is selected.
11:05:04 INFO  : 'con' command is executed.
11:05:04 INFO  : ----------------XSDB Script (After Launch)----------------
targets -set -nocase -filter {name =~ "ARM*#0" && jtag_cable_name =~ "Digilent Zed 210248586321"} -index 0
con
----------------End of Script----------------

11:05:04 INFO  : Disconnected from the channel tcfchan#13.
11:05:19 INFO  : 'targets -set -filter {jtag_cable_name =~ "Digilent Zed 210248586321" && level==0} -index 1' command is executed.
11:05:19 INFO  : 'fpga -state' command is executed.
11:05:19 INFO  : Connected to target on host '127.0.0.1' and port '3121'.
11:05:19 INFO  : Jtag cable 'Digilent Zed 210248586321' is selected.
11:05:19 INFO  : 'jtag frequency' command is executed.
11:05:19 INFO  : Sourcing of '/home/xavier/MSc_Project/hls/yolo_conv_hls_2019/yolo_conv_max_fp_prj_2019_64/yolo_conv_max_fp_prj_2019_64.sdk/design_1_wrapper_hw_platform_0/ps7_init.tcl' is done.
11:05:19 INFO  : Context for 'APU' is selected.
11:05:19 INFO  : Hardware design information is loaded from '/home/xavier/MSc_Project/hls/yolo_conv_hls_2019/yolo_conv_max_fp_prj_2019_64/yolo_conv_max_fp_prj_2019_64.sdk/design_1_wrapper_hw_platform_0/system.hdf'.
11:05:19 INFO  : 'configparams force-mem-access 1' command is executed.
11:05:19 INFO  : Context for 'APU' is selected.
11:05:19 INFO  : 'stop' command is executed.
11:05:20 INFO  : 'ps7_init' command is executed.
11:05:20 INFO  : 'ps7_post_config' command is executed.
11:05:20 INFO  : Context for processor 'ps7_cortexa9_0' is selected.
11:05:20 INFO  : Processor reset is completed for 'ps7_cortexa9_0'.
11:05:20 INFO  : Context for processor 'ps7_cortexa9_0' is selected.
11:05:26 INFO  : The application '/home/xavier/MSc_Project/hls/yolo_conv_hls_2019/yolo_conv_max_fp_prj_2019_64/yolo_conv_max_fp_prj_2019_64.sdk/ps/Debug/ps.elf' is downloaded to processor 'ps7_cortexa9_0'.
11:05:26 INFO  : 'configparams force-mem-access 0' command is executed.
11:05:26 INFO  : ----------------XSDB Script----------------
connect -url tcp:127.0.0.1:3121
source /home/xavier/MSc_Project/hls/yolo_conv_hls_2019/yolo_conv_max_fp_prj_2019_64/yolo_conv_max_fp_prj_2019_64.sdk/design_1_wrapper_hw_platform_0/ps7_init.tcl
targets -set -nocase -filter {name =~"APU*" && jtag_cable_name =~ "Digilent Zed 210248586321"} -index 0
loadhw -hw /home/xavier/MSc_Project/hls/yolo_conv_hls_2019/yolo_conv_max_fp_prj_2019_64/yolo_conv_max_fp_prj_2019_64.sdk/design_1_wrapper_hw_platform_0/system.hdf -mem-ranges [list {0x40000000 0xbfffffff}]
configparams force-mem-access 1
targets -set -nocase -filter {name =~"APU*" && jtag_cable_name =~ "Digilent Zed 210248586321"} -index 0
stop
ps7_init
ps7_post_config
targets -set -nocase -filter {name =~ "ARM*#0" && jtag_cable_name =~ "Digilent Zed 210248586321"} -index 0
rst -processor
targets -set -nocase -filter {name =~ "ARM*#0" && jtag_cable_name =~ "Digilent Zed 210248586321"} -index 0
dow /home/xavier/MSc_Project/hls/yolo_conv_hls_2019/yolo_conv_max_fp_prj_2019_64/yolo_conv_max_fp_prj_2019_64.sdk/ps/Debug/ps.elf
configparams force-mem-access 0
----------------End of Script----------------

11:05:26 INFO  : Context for processor 'ps7_cortexa9_0' is selected.
11:05:26 INFO  : 'con' command is executed.
11:05:26 INFO  : ----------------XSDB Script (After Launch)----------------
targets -set -nocase -filter {name =~ "ARM*#0" && jtag_cable_name =~ "Digilent Zed 210248586321"} -index 0
con
----------------End of Script----------------

11:05:26 INFO  : Disconnected from the channel tcfchan#14.
11:32:29 INFO  : Connected to target on host '127.0.0.1' and port '3121'.
11:32:29 INFO  : 'targets -set -filter {jtag_cable_name =~ "Digilent Zed 210248586321" && level==0} -index 1' command is executed.
11:32:32 INFO  : FPGA configured successfully with bitstream "/home/xavier/MSc_Project/hls/yolo_conv_hls_2019/yolo_conv_max_fp_prj_2019_64/yolo_conv_max_fp_prj_2019_64.sdk/design_1_wrapper_hw_platform_0/design_1_wrapper.bit"
11:32:39 INFO  : 'targets -set -filter {jtag_cable_name =~ "Digilent Zed 210248586321" && level==0} -index 1' command is executed.
11:32:39 INFO  : 'fpga -state' command is executed.
11:32:39 INFO  : Connected to target on host '127.0.0.1' and port '3121'.
11:32:39 INFO  : Jtag cable 'Digilent Zed 210248586321' is selected.
11:32:40 INFO  : 'jtag frequency' command is executed.
11:32:40 INFO  : Sourcing of '/home/xavier/MSc_Project/hls/yolo_conv_hls_2019/yolo_conv_max_fp_prj_2019_64/yolo_conv_max_fp_prj_2019_64.sdk/design_1_wrapper_hw_platform_0/ps7_init.tcl' is done.
11:32:40 INFO  : Context for 'APU' is selected.
11:32:40 INFO  : Hardware design information is loaded from '/home/xavier/MSc_Project/hls/yolo_conv_hls_2019/yolo_conv_max_fp_prj_2019_64/yolo_conv_max_fp_prj_2019_64.sdk/design_1_wrapper_hw_platform_0/system.hdf'.
11:32:40 INFO  : 'configparams force-mem-access 1' command is executed.
11:32:40 INFO  : Context for 'APU' is selected.
11:32:40 INFO  : 'stop' command is executed.
11:32:40 INFO  : 'ps7_init' command is executed.
11:32:40 INFO  : 'ps7_post_config' command is executed.
11:32:40 INFO  : Context for processor 'ps7_cortexa9_0' is selected.
11:32:40 INFO  : Processor reset is completed for 'ps7_cortexa9_0'.
11:32:40 INFO  : Context for processor 'ps7_cortexa9_0' is selected.
11:32:54 INFO  : The application '/home/xavier/MSc_Project/hls/yolo_conv_hls_2019/yolo_conv_max_fp_prj_2019_64/yolo_conv_max_fp_prj_2019_64.sdk/ps/Debug/ps.elf' is downloaded to processor 'ps7_cortexa9_0'.
11:32:54 INFO  : 'configparams force-mem-access 0' command is executed.
11:32:54 INFO  : ----------------XSDB Script----------------
connect -url tcp:127.0.0.1:3121
source /home/xavier/MSc_Project/hls/yolo_conv_hls_2019/yolo_conv_max_fp_prj_2019_64/yolo_conv_max_fp_prj_2019_64.sdk/design_1_wrapper_hw_platform_0/ps7_init.tcl
targets -set -nocase -filter {name =~"APU*" && jtag_cable_name =~ "Digilent Zed 210248586321"} -index 0
loadhw -hw /home/xavier/MSc_Project/hls/yolo_conv_hls_2019/yolo_conv_max_fp_prj_2019_64/yolo_conv_max_fp_prj_2019_64.sdk/design_1_wrapper_hw_platform_0/system.hdf -mem-ranges [list {0x40000000 0xbfffffff}]
configparams force-mem-access 1
targets -set -nocase -filter {name =~"APU*" && jtag_cable_name =~ "Digilent Zed 210248586321"} -index 0
stop
ps7_init
ps7_post_config
targets -set -nocase -filter {name =~ "ARM*#0" && jtag_cable_name =~ "Digilent Zed 210248586321"} -index 0
rst -processor
targets -set -nocase -filter {name =~ "ARM*#0" && jtag_cable_name =~ "Digilent Zed 210248586321"} -index 0
dow /home/xavier/MSc_Project/hls/yolo_conv_hls_2019/yolo_conv_max_fp_prj_2019_64/yolo_conv_max_fp_prj_2019_64.sdk/ps/Debug/ps.elf
configparams force-mem-access 0
----------------End of Script----------------

11:32:54 INFO  : Context for processor 'ps7_cortexa9_0' is selected.
11:32:54 INFO  : 'con' command is executed.
11:32:54 INFO  : ----------------XSDB Script (After Launch)----------------
targets -set -nocase -filter {name =~ "ARM*#0" && jtag_cable_name =~ "Digilent Zed 210248586321"} -index 0
con
----------------End of Script----------------

11:32:54 INFO  : Disconnected from the channel tcfchan#15.
11:33:24 INFO  : 'targets -set -filter {jtag_cable_name =~ "Digilent Zed 210248586321" && level==0} -index 1' command is executed.
11:33:24 INFO  : 'fpga -state' command is executed.
11:33:24 INFO  : Connected to target on host '127.0.0.1' and port '3121'.
11:33:24 INFO  : Jtag cable 'Digilent Zed 210248586321' is selected.
11:33:24 INFO  : 'jtag frequency' command is executed.
11:33:24 INFO  : Sourcing of '/home/xavier/MSc_Project/hls/yolo_conv_hls_2019/yolo_conv_max_fp_prj_2019_64/yolo_conv_max_fp_prj_2019_64.sdk/design_1_wrapper_hw_platform_0/ps7_init.tcl' is done.
11:33:24 INFO  : Context for 'APU' is selected.
11:33:25 INFO  : Hardware design information is loaded from '/home/xavier/MSc_Project/hls/yolo_conv_hls_2019/yolo_conv_max_fp_prj_2019_64/yolo_conv_max_fp_prj_2019_64.sdk/design_1_wrapper_hw_platform_0/system.hdf'.
11:33:25 INFO  : 'configparams force-mem-access 1' command is executed.
11:33:25 INFO  : Context for 'APU' is selected.
11:33:25 INFO  : 'stop' command is executed.
11:33:25 INFO  : 'ps7_init' command is executed.
11:33:25 INFO  : 'ps7_post_config' command is executed.
11:33:25 INFO  : Context for processor 'ps7_cortexa9_0' is selected.
11:33:25 INFO  : Processor reset is completed for 'ps7_cortexa9_0'.
11:33:25 INFO  : Context for processor 'ps7_cortexa9_0' is selected.
11:33:31 INFO  : The application '/home/xavier/MSc_Project/hls/yolo_conv_hls_2019/yolo_conv_max_fp_prj_2019_64/yolo_conv_max_fp_prj_2019_64.sdk/ps/Debug/ps.elf' is downloaded to processor 'ps7_cortexa9_0'.
11:33:31 INFO  : 'configparams force-mem-access 0' command is executed.
11:33:31 INFO  : ----------------XSDB Script----------------
connect -url tcp:127.0.0.1:3121
source /home/xavier/MSc_Project/hls/yolo_conv_hls_2019/yolo_conv_max_fp_prj_2019_64/yolo_conv_max_fp_prj_2019_64.sdk/design_1_wrapper_hw_platform_0/ps7_init.tcl
targets -set -nocase -filter {name =~"APU*" && jtag_cable_name =~ "Digilent Zed 210248586321"} -index 0
loadhw -hw /home/xavier/MSc_Project/hls/yolo_conv_hls_2019/yolo_conv_max_fp_prj_2019_64/yolo_conv_max_fp_prj_2019_64.sdk/design_1_wrapper_hw_platform_0/system.hdf -mem-ranges [list {0x40000000 0xbfffffff}]
configparams force-mem-access 1
targets -set -nocase -filter {name =~"APU*" && jtag_cable_name =~ "Digilent Zed 210248586321"} -index 0
stop
ps7_init
ps7_post_config
targets -set -nocase -filter {name =~ "ARM*#0" && jtag_cable_name =~ "Digilent Zed 210248586321"} -index 0
rst -processor
targets -set -nocase -filter {name =~ "ARM*#0" && jtag_cable_name =~ "Digilent Zed 210248586321"} -index 0
dow /home/xavier/MSc_Project/hls/yolo_conv_hls_2019/yolo_conv_max_fp_prj_2019_64/yolo_conv_max_fp_prj_2019_64.sdk/ps/Debug/ps.elf
configparams force-mem-access 0
----------------End of Script----------------

11:33:31 INFO  : Context for processor 'ps7_cortexa9_0' is selected.
11:33:31 INFO  : 'con' command is executed.
11:33:31 INFO  : ----------------XSDB Script (After Launch)----------------
targets -set -nocase -filter {name =~ "ARM*#0" && jtag_cable_name =~ "Digilent Zed 210248586321"} -index 0
con
----------------End of Script----------------

11:33:31 INFO  : Disconnected from the channel tcfchan#16.
