

================================================================
== Vivado HLS Report for 'out_stream_merge'
================================================================
* Date:           Mon Jul 15 11:51:19 2019

* Version:        2019.1 (Build 2552052 on Fri May 24 15:28:33 MDT 2019)
* Project:        yolo_conv_fp_2019_64_rec
* Solution:       solution1
* Product family: zynq
* Target device:  xc7z020-clg484-1


================================================================
== Performance Estimates
================================================================
+ Timing (ns): 
    * Summary: 
    +--------+-------+----------+------------+
    |  Clock | Target| Estimated| Uncertainty|
    +--------+-------+----------+------------+
    |ap_clk  |  10.00|     5.540|        2.00|
    +--------+-------+----------+------------+

+ Latency (clock cycles): 
    * Summary: 
    +-----+-----+-----+-----+----------+
    |  Latency  |  Interval | Pipeline |
    | min | max | min | max |   Type   |
    +-----+-----+-----+-----+----------+
    |    6|    6|    6|    6| function |
    +-----+-----+-----+-----+----------+

    + Detail: 
        * Instance: 
        N/A

        * Loop: 
        N/A

============================================================
+ Verbose Summary: Synthesis Manager
============================================================
InlineROM: 1
ExposeGlobal: 0
============================================================
+ Verbose Summary: CDFG Model
============================================================
IsTopModel: 0
ResetActiveHigh: 1
IsCombinational: 0
IsDatapathOnly: 0
HasWiredReturn: 1
HasMFsm: 2
HasVarLatency: 0
IsPipeline: 1
IsRtlPipelined: 1
IsInstanceOverlapped: 0
IsDontTouch: 0
HasImplIP: 0
IsGatedGlobalClock: 0

+ Individual pipeline summary: 
  * Pipeline-0: initiation interval (II) = 6, depth = 7


============================================================
+ Verbose Summary: Schedule
============================================================
* Number of FSM states : 7
* Pipeline : 1
  Pipeline-0 : II = 6, D = 7, States = { 1 2 3 4 5 6 7 }
* Dataflow Pipeline: 0

* FSM state transitions: 
1 --> 2 
2 --> 3 
3 --> 4 
4 --> 5 
5 --> 6 
6 --> 7 
7 --> 

* FSM state operations: 

State 1 <SV = 0> <Delay = 4.83>
ST_1 : Operation 8 [1/1] (0.00ns)   --->   "%fold_output_ch_V_rea = call i4 @_ssdm_op_Read.ap_auto.i4(i4 %fold_output_ch_V)"   --->   Operation 8 'read' 'fold_output_ch_V_rea' <Predicate = true> <Delay = 0.00>
ST_1 : Operation 9 [1/1] (0.00ns)   --->   "%input_ch_idx_V_read = call i4 @_ssdm_op_Read.ap_auto.i4(i4 %input_ch_idx_V)"   --->   Operation 9 'read' 'input_ch_idx_V_read' <Predicate = true> <Delay = 0.00>
ST_1 : Operation 10 [1/1] (0.00ns) (grouped into LUT with out node sub_ln214)   --->   "%shl_ln214 = shl i4 %input_ch_idx_V_read, 3" [yolo_conv_fp_2019_64_rec/src/yolo_conv.cpp:301]   --->   Operation 10 'shl' 'shl_ln214' <Predicate = true> <Delay = 0.00>
ST_1 : Operation 11 [1/1] (0.00ns) (grouped into LUT with out node sub_ln214)   --->   "%shl_ln214_1 = shl i4 %input_ch_idx_V_read, 1" [yolo_conv_fp_2019_64_rec/src/yolo_conv.cpp:301]   --->   Operation 11 'shl' 'shl_ln214_1' <Predicate = true> <Delay = 0.00>
ST_1 : Operation 12 [1/1] (1.73ns) (out node of the LUT)   --->   "%sub_ln214 = sub i4 %shl_ln214, %shl_ln214_1" [yolo_conv_fp_2019_64_rec/src/yolo_conv.cpp:301]   --->   Operation 12 'sub' 'sub_ln214' <Predicate = true> <Delay = 1.73> <Core = "AddSub">   --->   Core 14 'AddSub' <Latency = 0> <II = 1> <Delay = 1.73> <FuncUnit> <Opcode : 'add' 'sub'> <InPorts = 2> <OutPorts = 1>
ST_1 : Operation 13 [1/1] (0.00ns)   --->   "%zext_ln1354 = zext i4 %fold_output_ch_V_rea to i5" [yolo_conv_fp_2019_64_rec/src/yolo_conv.cpp:344]   --->   Operation 13 'zext' 'zext_ln1354' <Predicate = true> <Delay = 0.00>
ST_1 : Operation 14 [1/1] (1.73ns)   --->   "%ret_V = add i5 -1, %zext_ln1354" [yolo_conv_fp_2019_64_rec/src/yolo_conv.cpp:344]   --->   Operation 14 'add' 'ret_V' <Predicate = true> <Delay = 1.73> <Core = "AddSub">   --->   Core 14 'AddSub' <Latency = 0> <II = 1> <Delay = 1.73> <FuncUnit> <Opcode : 'add' 'sub'> <InPorts = 2> <OutPorts = 1>
ST_1 : Operation 15 [1/1] (0.00ns)   --->   "%trunc_ln1352 = trunc i4 %sub_ln214 to i3" [yolo_conv_fp_2019_64_rec/src/yolo_conv.cpp:302]   --->   Operation 15 'trunc' 'trunc_ln1352' <Predicate = true> <Delay = 0.00>
ST_1 : Operation 16 [1/1] (0.00ns)   --->   "%tmp = call i1 @_ssdm_op_BitSelect.i1.i4.i32(i4 %sub_ln214, i32 3)" [yolo_conv_fp_2019_64_rec/src/yolo_conv.cpp:302]   --->   Operation 16 'bitselect' 'tmp' <Predicate = true> <Delay = 0.00>
ST_1 : Operation 17 [1/1] (0.00ns)   --->   "br i1 %tmp, label %._crit_edge.0, label %1" [yolo_conv_fp_2019_64_rec/src/yolo_conv.cpp:302]   --->   Operation 17 'br' <Predicate = true> <Delay = 0.00>
ST_1 : Operation 18 [1/1] (0.00ns)   --->   "%trunc_ln = call i5 @_ssdm_op_BitConcatenate.i5.i3.i2(i3 %trunc_ln1352, i2 0)" [yolo_conv_fp_2019_64_rec/src/yolo_conv.cpp:303]   --->   Operation 18 'bitconcatenate' 'trunc_ln' <Predicate = (!tmp)> <Delay = 0.00>
ST_1 : Operation 19 [1/1] (1.36ns)   --->   "%icmp_ln114 = icmp eq i5 %trunc_ln, 0" [yolo_conv_fp_2019_64_rec/src/yolo_conv.cpp:303]   --->   Operation 19 'icmp' 'icmp_ln114' <Predicate = (!tmp)> <Delay = 1.36> <Core = "Cmp">   --->   Core 25 'Cmp' <Latency = 0> <II = 1> <Delay = 1.36> <FuncUnit> <Opcode : 'icmp'> <InPorts = 2> <OutPorts = 1>
ST_1 : Operation 20 [1/1] (0.00ns)   --->   "br i1 %icmp_ln114, label %branch1120, label %branch1144" [yolo_conv_fp_2019_64_rec/src/yolo_conv.cpp:303]   --->   Operation 20 'br' <Predicate = (!tmp)> <Delay = 0.00>
ST_1 : Operation 21 [1/1] (0.00ns)   --->   "%tmp_31 = call i1 @_ssdm_op_NbReadReq.ap_fifo.i16P(i16* %out_stream_group_24_V_V, i32 1)" [yolo_conv_fp_2019_64_rec/src/yolo_conv.cpp:303]   --->   Operation 21 'nbreadreq' 'tmp_31' <Predicate = (!tmp & !icmp_ln114)> <Delay = 0.00> <Core = "FIFO">   --->   Core 32 'FIFO' <Latency = 0> <II = 1> <Delay = 3.63> <Storage> <Opcode : 'read' 'write' 'nbread' 'nbwrite'> <Ports = 0> <Width = 16> <Depth = 2> <FIFO>
ST_1 : Operation 22 [1/1] (1.76ns)   --->   "br label %2" [yolo_conv_fp_2019_64_rec/src/yolo_conv.cpp:303]   --->   Operation 22 'br' <Predicate = (!tmp & !icmp_ln114)> <Delay = 1.76>
ST_1 : Operation 23 [1/1] (0.00ns)   --->   "%tmp_s = call i1 @_ssdm_op_NbReadReq.ap_fifo.i16P(i16* %out_stream_group_0_V_V, i32 1)" [yolo_conv_fp_2019_64_rec/src/yolo_conv.cpp:303]   --->   Operation 23 'nbreadreq' 'tmp_s' <Predicate = (!tmp & icmp_ln114)> <Delay = 0.00> <Core = "FIFO">   --->   Core 32 'FIFO' <Latency = 0> <II = 1> <Delay = 3.63> <Storage> <Opcode : 'read' 'write' 'nbread' 'nbwrite'> <Ports = 0> <Width = 16> <Depth = 2> <FIFO>
ST_1 : Operation 24 [1/1] (1.76ns)   --->   "br label %2" [yolo_conv_fp_2019_64_rec/src/yolo_conv.cpp:303]   --->   Operation 24 'br' <Predicate = (!tmp & icmp_ln114)> <Delay = 1.76>
ST_1 : Operation 25 [1/1] (0.00ns)   --->   "%phi_ln114 = phi i1 [ %tmp_s, %branch1120 ], [ %tmp_31, %branch1144 ]" [yolo_conv_fp_2019_64_rec/src/yolo_conv.cpp:303]   --->   Operation 25 'phi' 'phi_ln114' <Predicate = (!tmp)> <Delay = 0.00>
ST_1 : Operation 26 [1/1] (0.00ns)   --->   "br i1 %phi_ln114, label %3, label %._crit_edge2.0" [yolo_conv_fp_2019_64_rec/src/yolo_conv.cpp:303]   --->   Operation 26 'br' <Predicate = (!tmp)> <Delay = 0.00>
ST_1 : Operation 27 [1/1] (0.00ns)   --->   "br i1 %icmp_ln114, label %branch1088, label %branch1112" [yolo_conv_fp_2019_64_rec/src/yolo_conv.cpp:307]   --->   Operation 27 'br' <Predicate = (!tmp & phi_ln114)> <Delay = 0.00>
ST_1 : Operation 28 [1/1] (0.00ns) (grouped into LUT with out node icmp_ln134)   --->   "%or_ln134 = or i5 %trunc_ln, 1" [yolo_conv_fp_2019_64_rec/src/yolo_conv.cpp:312]   --->   Operation 28 'or' 'or_ln134' <Predicate = (!tmp & phi_ln114)> <Delay = 0.00>
ST_1 : Operation 29 [1/1] (1.36ns) (out node of the LUT)   --->   "%icmp_ln134 = icmp eq i5 %or_ln134, 1" [yolo_conv_fp_2019_64_rec/src/yolo_conv.cpp:312]   --->   Operation 29 'icmp' 'icmp_ln134' <Predicate = (!tmp & phi_ln114)> <Delay = 1.36> <Core = "Cmp">   --->   Core 25 'Cmp' <Latency = 0> <II = 1> <Delay = 1.36> <FuncUnit> <Opcode : 'icmp'> <InPorts = 2> <OutPorts = 1>
ST_1 : Operation 30 [1/1] (0.00ns)   --->   "br i1 %icmp_ln134, label %branch1057, label %branch1081" [yolo_conv_fp_2019_64_rec/src/yolo_conv.cpp:312]   --->   Operation 30 'br' <Predicate = (!tmp & phi_ln114)> <Delay = 0.00>
ST_1 : Operation 31 [1/1] (0.00ns) (grouped into LUT with out node icmp_ln134_1)   --->   "%or_ln134_1 = or i5 %trunc_ln, 2" [yolo_conv_fp_2019_64_rec/src/yolo_conv.cpp:323]   --->   Operation 31 'or' 'or_ln134_1' <Predicate = (!tmp & phi_ln114)> <Delay = 0.00>
ST_1 : Operation 32 [1/1] (1.36ns) (out node of the LUT)   --->   "%icmp_ln134_1 = icmp eq i5 %or_ln134_1, 2" [yolo_conv_fp_2019_64_rec/src/yolo_conv.cpp:323]   --->   Operation 32 'icmp' 'icmp_ln134_1' <Predicate = (!tmp & phi_ln114)> <Delay = 1.36> <Core = "Cmp">   --->   Core 25 'Cmp' <Latency = 0> <II = 1> <Delay = 1.36> <FuncUnit> <Opcode : 'icmp'> <InPorts = 2> <OutPorts = 1>
ST_1 : Operation 33 [1/1] (0.00ns)   --->   "br i1 %icmp_ln134_1, label %branch1026, label %branch1050" [yolo_conv_fp_2019_64_rec/src/yolo_conv.cpp:323]   --->   Operation 33 'br' <Predicate = (!tmp & phi_ln114)> <Delay = 0.00>
ST_1 : Operation 34 [1/1] (0.00ns) (grouped into LUT with out node icmp_ln114_1)   --->   "%or_ln114 = or i5 %trunc_ln, 3" [yolo_conv_fp_2019_64_rec/src/yolo_conv.cpp:332]   --->   Operation 34 'or' 'or_ln114' <Predicate = (!tmp & phi_ln114)> <Delay = 0.00>
ST_1 : Operation 35 [1/1] (1.36ns) (out node of the LUT)   --->   "%icmp_ln114_1 = icmp eq i5 %or_ln114, 3" [yolo_conv_fp_2019_64_rec/src/yolo_conv.cpp:332]   --->   Operation 35 'icmp' 'icmp_ln114_1' <Predicate = (!tmp & phi_ln114)> <Delay = 1.36> <Core = "Cmp">   --->   Core 25 'Cmp' <Latency = 0> <II = 1> <Delay = 1.36> <FuncUnit> <Opcode : 'icmp'> <InPorts = 2> <OutPorts = 1>
ST_1 : Operation 36 [1/1] (0.00ns)   --->   "br i1 %icmp_ln114_1, label %branch995, label %branch1019" [yolo_conv_fp_2019_64_rec/src/yolo_conv.cpp:332]   --->   Operation 36 'br' <Predicate = (!tmp & phi_ln114)> <Delay = 0.00>
ST_1 : Operation 37 [1/1] (0.00ns)   --->   "%tmp_1_1 = call i1 @_ssdm_op_NbReadReq.ap_fifo.i16P(i16* %out_stream_group_27_V_V, i32 1)" [yolo_conv_fp_2019_64_rec/src/yolo_conv.cpp:332]   --->   Operation 37 'nbreadreq' 'tmp_1_1' <Predicate = (!tmp & phi_ln114 & !icmp_ln114_1)> <Delay = 0.00> <Core = "FIFO">   --->   Core 32 'FIFO' <Latency = 0> <II = 1> <Delay = 3.63> <Storage> <Opcode : 'read' 'write' 'nbread' 'nbwrite'> <Ports = 0> <Width = 16> <Depth = 2> <FIFO>
ST_1 : Operation 38 [1/1] (1.76ns)   --->   "br label %7" [yolo_conv_fp_2019_64_rec/src/yolo_conv.cpp:332]   --->   Operation 38 'br' <Predicate = (!tmp & phi_ln114 & !icmp_ln114_1)> <Delay = 1.76>
ST_1 : Operation 39 [1/1] (0.00ns)   --->   "%tmp_1_s = call i1 @_ssdm_op_NbReadReq.ap_fifo.i16P(i16* %out_stream_group_3_V_V, i32 1)" [yolo_conv_fp_2019_64_rec/src/yolo_conv.cpp:332]   --->   Operation 39 'nbreadreq' 'tmp_1_s' <Predicate = (!tmp & phi_ln114 & icmp_ln114_1)> <Delay = 0.00> <Core = "FIFO">   --->   Core 32 'FIFO' <Latency = 0> <II = 1> <Delay = 3.63> <Storage> <Opcode : 'read' 'write' 'nbread' 'nbwrite'> <Ports = 0> <Width = 16> <Depth = 2> <FIFO>
ST_1 : Operation 40 [1/1] (1.76ns)   --->   "br label %7" [yolo_conv_fp_2019_64_rec/src/yolo_conv.cpp:332]   --->   Operation 40 'br' <Predicate = (!tmp & phi_ln114 & icmp_ln114_1)> <Delay = 1.76>
ST_1 : Operation 41 [1/1] (0.00ns)   --->   "%phi_ln114_1 = phi i1 [ %tmp_1_s, %branch995 ], [ %tmp_1_1, %branch1019 ]" [yolo_conv_fp_2019_64_rec/src/yolo_conv.cpp:332]   --->   Operation 41 'phi' 'phi_ln114_1' <Predicate = (!tmp & phi_ln114)> <Delay = 0.00>
ST_1 : Operation 42 [1/1] (1.81ns)   --->   "br i1 %phi_ln114_1, label %8, label %_ZrsILi32ELb0EEN11ap_int_baseIXT_EXT0_EE5RTypeIXT_EXT0_EE4arg1ERKS1_i.exit2.i.i.i.i.0" [yolo_conv_fp_2019_64_rec/src/yolo_conv.cpp:332]   --->   Operation 42 'br' <Predicate = (!tmp & phi_ln114)> <Delay = 1.81>
ST_1 : Operation 43 [1/1] (0.00ns)   --->   "br i1 %icmp_ln114_1, label %branch963, label %branch987" [yolo_conv_fp_2019_64_rec/src/yolo_conv.cpp:334]   --->   Operation 43 'br' <Predicate = (!tmp & phi_ln114 & phi_ln114_1)> <Delay = 0.00>
ST_1 : Operation 44 [1/1] (0.00ns)   --->   "%or_ln214 = or i4 %sub_ln214, 1" [yolo_conv_fp_2019_64_rec/src/yolo_conv.cpp:301]   --->   Operation 44 'or' 'or_ln214' <Predicate = true> <Delay = 0.00>
ST_1 : Operation 45 [1/1] (0.00ns)   --->   "%trunc_ln1352_1 = trunc i4 %or_ln214 to i3" [yolo_conv_fp_2019_64_rec/src/yolo_conv.cpp:302]   --->   Operation 45 'trunc' 'trunc_ln1352_1' <Predicate = true> <Delay = 0.00>
ST_1 : Operation 46 [1/1] (0.00ns)   --->   "%tmp_82 = call i1 @_ssdm_op_BitSelect.i1.i4.i32(i4 %or_ln214, i32 3)" [yolo_conv_fp_2019_64_rec/src/yolo_conv.cpp:302]   --->   Operation 46 'bitselect' 'tmp_82' <Predicate = true> <Delay = 0.00>
ST_1 : Operation 47 [1/1] (0.00ns)   --->   "br i1 %tmp_82, label %._crit_edge.1, label %9" [yolo_conv_fp_2019_64_rec/src/yolo_conv.cpp:302]   --->   Operation 47 'br' <Predicate = true> <Delay = 0.00>
ST_1 : Operation 48 [1/1] (0.00ns)   --->   "%trunc_ln114_1 = call i5 @_ssdm_op_BitConcatenate.i5.i3.i2(i3 %trunc_ln1352_1, i2 0)" [yolo_conv_fp_2019_64_rec/src/yolo_conv.cpp:303]   --->   Operation 48 'bitconcatenate' 'trunc_ln114_1' <Predicate = (!tmp_82)> <Delay = 0.00>
ST_1 : Operation 49 [1/1] (0.00ns)   --->   "%tmp_35 = call i1 @_ssdm_op_NbReadReq.ap_fifo.i16P(i16* %out_stream_group_20_V_V, i32 1)" [yolo_conv_fp_2019_64_rec/src/yolo_conv.cpp:303]   --->   Operation 49 'nbreadreq' 'tmp_35' <Predicate = (!tmp_82 & trunc_ln114_1 == 20)> <Delay = 0.00> <Core = "FIFO">   --->   Core 32 'FIFO' <Latency = 0> <II = 1> <Delay = 3.63> <Storage> <Opcode : 'read' 'write' 'nbread' 'nbwrite'> <Ports = 0> <Width = 16> <Depth = 2> <FIFO>
ST_1 : Operation 50 [1/1] (1.86ns)   --->   "br label %10" [yolo_conv_fp_2019_64_rec/src/yolo_conv.cpp:303]   --->   Operation 50 'br' <Predicate = (!tmp_82 & trunc_ln114_1 == 20)> <Delay = 1.86>
ST_1 : Operation 51 [1/1] (0.00ns)   --->   "%tmp_34 = call i1 @_ssdm_op_NbReadReq.ap_fifo.i16P(i16* %out_stream_group_4_V_V, i32 1)" [yolo_conv_fp_2019_64_rec/src/yolo_conv.cpp:303]   --->   Operation 51 'nbreadreq' 'tmp_34' <Predicate = (!tmp_82 & trunc_ln114_1 == 4)> <Delay = 0.00> <Core = "FIFO">   --->   Core 32 'FIFO' <Latency = 0> <II = 1> <Delay = 3.63> <Storage> <Opcode : 'read' 'write' 'nbread' 'nbwrite'> <Ports = 0> <Width = 16> <Depth = 2> <FIFO>
ST_1 : Operation 52 [1/1] (1.86ns)   --->   "br label %10" [yolo_conv_fp_2019_64_rec/src/yolo_conv.cpp:303]   --->   Operation 52 'br' <Predicate = (!tmp_82 & trunc_ln114_1 == 4)> <Delay = 1.86>
ST_1 : Operation 53 [1/1] (0.00ns)   --->   "%tmp_33 = call i1 @_ssdm_op_NbReadReq.ap_fifo.i16P(i16* %out_stream_group_12_V_V, i32 1)" [yolo_conv_fp_2019_64_rec/src/yolo_conv.cpp:303]   --->   Operation 53 'nbreadreq' 'tmp_33' <Predicate = (!tmp_82 & trunc_ln114_1 == 12)> <Delay = 0.00> <Core = "FIFO">   --->   Core 32 'FIFO' <Latency = 0> <II = 1> <Delay = 3.63> <Storage> <Opcode : 'read' 'write' 'nbread' 'nbwrite'> <Ports = 0> <Width = 16> <Depth = 2> <FIFO>
ST_1 : Operation 54 [1/1] (1.86ns)   --->   "br label %10" [yolo_conv_fp_2019_64_rec/src/yolo_conv.cpp:303]   --->   Operation 54 'br' <Predicate = (!tmp_82 & trunc_ln114_1 == 12)> <Delay = 1.86>
ST_1 : Operation 55 [1/1] (0.00ns)   --->   "%tmp_32 = call i1 @_ssdm_op_NbReadReq.ap_fifo.i16P(i16* %out_stream_group_28_V_V, i32 1)" [yolo_conv_fp_2019_64_rec/src/yolo_conv.cpp:303]   --->   Operation 55 'nbreadreq' 'tmp_32' <Predicate = (!tmp_82 & trunc_ln114_1 != 12 & trunc_ln114_1 != 4 & trunc_ln114_1 != 20)> <Delay = 0.00> <Core = "FIFO">   --->   Core 32 'FIFO' <Latency = 0> <II = 1> <Delay = 3.63> <Storage> <Opcode : 'read' 'write' 'nbread' 'nbwrite'> <Ports = 0> <Width = 16> <Depth = 2> <FIFO>
ST_1 : Operation 56 [1/1] (1.86ns)   --->   "br label %10" [yolo_conv_fp_2019_64_rec/src/yolo_conv.cpp:303]   --->   Operation 56 'br' <Predicate = (!tmp_82 & trunc_ln114_1 != 12 & trunc_ln114_1 != 4 & trunc_ln114_1 != 20)> <Delay = 1.86>
ST_1 : Operation 57 [1/1] (1.73ns)   --->   "%add_ln214 = add i4 %sub_ln214, 2" [yolo_conv_fp_2019_64_rec/src/yolo_conv.cpp:301]   --->   Operation 57 'add' 'add_ln214' <Predicate = true> <Delay = 1.73> <Core = "AddSub">   --->   Core 14 'AddSub' <Latency = 0> <II = 1> <Delay = 1.73> <FuncUnit> <Opcode : 'add' 'sub'> <InPorts = 2> <OutPorts = 1>
ST_1 : Operation 58 [1/1] (0.00ns)   --->   "%tmp_83 = call i1 @_ssdm_op_BitSelect.i1.i4.i32(i4 %add_ln214, i32 3)" [yolo_conv_fp_2019_64_rec/src/yolo_conv.cpp:302]   --->   Operation 58 'bitselect' 'tmp_83' <Predicate = true> <Delay = 0.00>
ST_1 : Operation 59 [1/1] (0.00ns)   --->   "br i1 %tmp_83, label %._crit_edge.2, label %branch744" [yolo_conv_fp_2019_64_rec/src/yolo_conv.cpp:302]   --->   Operation 59 'br' <Predicate = true> <Delay = 0.00>
ST_1 : Operation 60 [1/1] (0.00ns)   --->   "%tmp_36 = call i1 @_ssdm_op_NbReadReq.ap_fifo.i16P(i16* %out_stream_group_8_V_V, i32 1)" [yolo_conv_fp_2019_64_rec/src/yolo_conv.cpp:303]   --->   Operation 60 'nbreadreq' 'tmp_36' <Predicate = (!tmp_83)> <Delay = 0.00> <Core = "FIFO">   --->   Core 32 'FIFO' <Latency = 0> <II = 1> <Delay = 3.63> <Storage> <Opcode : 'read' 'write' 'nbread' 'nbwrite'> <Ports = 0> <Width = 16> <Depth = 2> <FIFO>
ST_1 : Operation 61 [1/1] (0.00ns)   --->   "br i1 %tmp_36, label %branch712, label %._crit_edge2.2" [yolo_conv_fp_2019_64_rec/src/yolo_conv.cpp:303]   --->   Operation 61 'br' <Predicate = (!tmp_83)> <Delay = 0.00>
ST_1 : Operation 62 [1/1] (0.00ns)   --->   "%tmp_1_6 = call i1 @_ssdm_op_NbReadReq.ap_fifo.i16P(i16* %out_stream_group_11_V_V, i32 1)" [yolo_conv_fp_2019_64_rec/src/yolo_conv.cpp:332]   --->   Operation 62 'nbreadreq' 'tmp_1_6' <Predicate = (!tmp_83 & tmp_36)> <Delay = 0.00> <Core = "FIFO">   --->   Core 32 'FIFO' <Latency = 0> <II = 1> <Delay = 3.63> <Storage> <Opcode : 'read' 'write' 'nbread' 'nbwrite'> <Ports = 0> <Width = 16> <Depth = 2> <FIFO>
ST_1 : Operation 63 [1/1] (1.76ns)   --->   "br i1 %tmp_1_6, label %branch587, label %_ZrsILi32ELb0EEN11ap_int_baseIXT_EXT0_EE5RTypeIXT_EXT0_EE4arg1ERKS1_i.exit2.i.i.i.i.2" [yolo_conv_fp_2019_64_rec/src/yolo_conv.cpp:332]   --->   Operation 63 'br' <Predicate = (!tmp_83 & tmp_36)> <Delay = 1.76>
ST_1 : Operation 64 [1/1] (0.00ns)   --->   "%zext_ln879_2 = zext i4 %add_ln214 to i5" [yolo_conv_fp_2019_64_rec/src/yolo_conv.cpp:344]   --->   Operation 64 'zext' 'zext_ln879_2' <Predicate = (!tmp_83 & tmp_36)> <Delay = 0.00>
ST_1 : Operation 65 [1/1] (1.36ns)   --->   "%icmp_ln879_2 = icmp eq i5 %zext_ln879_2, %ret_V" [yolo_conv_fp_2019_64_rec/src/yolo_conv.cpp:344]   --->   Operation 65 'icmp' 'icmp_ln879_2' <Predicate = (!tmp_83 & tmp_36)> <Delay = 1.36> <Core = "Cmp">   --->   Core 25 'Cmp' <Latency = 0> <II = 1> <Delay = 1.36> <FuncUnit> <Opcode : 'icmp'> <InPorts = 2> <OutPorts = 1>
ST_1 : Operation 66 [1/1] (1.73ns)   --->   "%add_ln214_2 = add i4 %sub_ln214, 4" [yolo_conv_fp_2019_64_rec/src/yolo_conv.cpp:301]   --->   Operation 66 'add' 'add_ln214_2' <Predicate = true> <Delay = 1.73> <Core = "AddSub">   --->   Core 14 'AddSub' <Latency = 0> <II = 1> <Delay = 1.73> <FuncUnit> <Opcode : 'add' 'sub'> <InPorts = 2> <OutPorts = 1>
ST_1 : Operation 67 [1/1] (0.00ns)   --->   "%tmp_85 = call i1 @_ssdm_op_BitSelect.i1.i4.i32(i4 %add_ln214_2, i32 3)" [yolo_conv_fp_2019_64_rec/src/yolo_conv.cpp:302]   --->   Operation 67 'bitselect' 'tmp_85' <Predicate = true> <Delay = 0.00>
ST_1 : Operation 68 [1/1] (0.00ns)   --->   "br i1 %tmp_85, label %._crit_edge.4, label %branch368" [yolo_conv_fp_2019_64_rec/src/yolo_conv.cpp:302]   --->   Operation 68 'br' <Predicate = true> <Delay = 0.00>
ST_1 : Operation 69 [1/1] (0.00ns)   --->   "%tmp_38 = call i1 @_ssdm_op_NbReadReq.ap_fifo.i16P(i16* %out_stream_group_16_V_V, i32 1)" [yolo_conv_fp_2019_64_rec/src/yolo_conv.cpp:303]   --->   Operation 69 'nbreadreq' 'tmp_38' <Predicate = (!tmp_85)> <Delay = 0.00> <Core = "FIFO">   --->   Core 32 'FIFO' <Latency = 0> <II = 1> <Delay = 3.63> <Storage> <Opcode : 'read' 'write' 'nbread' 'nbwrite'> <Ports = 0> <Width = 16> <Depth = 2> <FIFO>
ST_1 : Operation 70 [1/1] (0.00ns)   --->   "br i1 %tmp_38, label %branch336, label %._crit_edge2.4" [yolo_conv_fp_2019_64_rec/src/yolo_conv.cpp:303]   --->   Operation 70 'br' <Predicate = (!tmp_85)> <Delay = 0.00>
ST_1 : Operation 71 [1/1] (0.00ns)   --->   "%tmp_1_8 = call i1 @_ssdm_op_NbReadReq.ap_fifo.i16P(i16* %out_stream_group_19_V_V, i32 1)" [yolo_conv_fp_2019_64_rec/src/yolo_conv.cpp:332]   --->   Operation 71 'nbreadreq' 'tmp_1_8' <Predicate = (!tmp_85 & tmp_38)> <Delay = 0.00> <Core = "FIFO">   --->   Core 32 'FIFO' <Latency = 0> <II = 1> <Delay = 3.63> <Storage> <Opcode : 'read' 'write' 'nbread' 'nbwrite'> <Ports = 0> <Width = 16> <Depth = 2> <FIFO>
ST_1 : Operation 72 [1/1] (1.76ns)   --->   "br i1 %tmp_1_8, label %branch211, label %_ZrsILi32ELb0EEN11ap_int_baseIXT_EXT0_EE5RTypeIXT_EXT0_EE4arg1ERKS1_i.exit2.i.i.i.i.4" [yolo_conv_fp_2019_64_rec/src/yolo_conv.cpp:332]   --->   Operation 72 'br' <Predicate = (!tmp_85 & tmp_38)> <Delay = 1.76>
ST_1 : Operation 73 [1/1] (0.00ns)   --->   "%zext_ln879_4 = zext i4 %add_ln214_2 to i5" [yolo_conv_fp_2019_64_rec/src/yolo_conv.cpp:344]   --->   Operation 73 'zext' 'zext_ln879_4' <Predicate = (!tmp_85 & tmp_38)> <Delay = 0.00>
ST_1 : Operation 74 [1/1] (1.36ns)   --->   "%icmp_ln879_4 = icmp eq i5 %zext_ln879_4, %ret_V" [yolo_conv_fp_2019_64_rec/src/yolo_conv.cpp:344]   --->   Operation 74 'icmp' 'icmp_ln879_4' <Predicate = (!tmp_85 & tmp_38)> <Delay = 1.36> <Core = "Cmp">   --->   Core 25 'Cmp' <Latency = 0> <II = 1> <Delay = 1.36> <FuncUnit> <Opcode : 'icmp'> <InPorts = 2> <OutPorts = 1>

State 2 <SV = 1> <Delay = 5.44>
ST_2 : Operation 75 [1/1] (0.00ns)   --->   "%last_V_read = call i1 @_ssdm_op_Read.ap_auto.i1(i1 %last_V)"   --->   Operation 75 'read' 'last_V_read' <Predicate = true> <Delay = 0.00>
ST_2 : Operation 76 [1/1] (0.00ns)   --->   "%tmp_dest_V = call i6 @_ssdm_op_Read.ap_auto.i6(i6 %curr_input_dest_V)"   --->   Operation 76 'read' 'tmp_dest_V' <Predicate = true> <Delay = 0.00>
ST_2 : Operation 77 [1/1] (0.00ns)   --->   "%tmp_id_V = call i5 @_ssdm_op_Read.ap_auto.i5(i5 %curr_input_id_V)"   --->   Operation 77 'read' 'tmp_id_V' <Predicate = true> <Delay = 0.00>
ST_2 : Operation 78 [1/1] (0.00ns)   --->   "%tmp_user_V = call i2 @_ssdm_op_Read.ap_auto.i2(i2 %curr_input_user_V)"   --->   Operation 78 'read' 'tmp_user_V' <Predicate = true> <Delay = 0.00>
ST_2 : Operation 79 [1/1] (0.00ns)   --->   "%tmp_strb_V = call i8 @_ssdm_op_Read.ap_auto.i8(i8 %curr_input_strb_V)"   --->   Operation 79 'read' 'tmp_strb_V' <Predicate = true> <Delay = 0.00>
ST_2 : Operation 80 [1/1] (0.00ns)   --->   "%tmp_keep_V = call i8 @_ssdm_op_Read.ap_auto.i8(i8 %curr_input_keep_V)"   --->   Operation 80 'read' 'tmp_keep_V' <Predicate = true> <Delay = 0.00>
ST_2 : Operation 81 [1/1] (3.63ns)   --->   "%tmp_V_64 = call i16 @_ssdm_op_Read.ap_fifo.volatile.i16P(i16* %out_stream_group_24_V_V)" [yolo_conv_fp_2019_64_rec/src/yolo_conv.cpp:307]   --->   Operation 81 'read' 'tmp_V_64' <Predicate = (!tmp & !icmp_ln114 & phi_ln114)> <Delay = 3.63> <Core = "FIFO">   --->   Core 32 'FIFO' <Latency = 0> <II = 1> <Delay = 3.63> <Storage> <Opcode : 'read' 'write' 'nbread' 'nbwrite'> <Ports = 0> <Width = 16> <Depth = 2> <FIFO>
ST_2 : Operation 82 [1/1] (1.76ns)   --->   "br label %4" [yolo_conv_fp_2019_64_rec/src/yolo_conv.cpp:307]   --->   Operation 82 'br' <Predicate = (!tmp & !icmp_ln114 & phi_ln114)> <Delay = 1.76>
ST_2 : Operation 83 [1/1] (3.63ns)   --->   "%tmp_V = call i16 @_ssdm_op_Read.ap_fifo.volatile.i16P(i16* %out_stream_group_0_V_V)" [yolo_conv_fp_2019_64_rec/src/yolo_conv.cpp:307]   --->   Operation 83 'read' 'tmp_V' <Predicate = (!tmp & icmp_ln114 & phi_ln114)> <Delay = 3.63> <Core = "FIFO">   --->   Core 32 'FIFO' <Latency = 0> <II = 1> <Delay = 3.63> <Storage> <Opcode : 'read' 'write' 'nbread' 'nbwrite'> <Ports = 0> <Width = 16> <Depth = 2> <FIFO>
ST_2 : Operation 84 [1/1] (1.76ns)   --->   "br label %4" [yolo_conv_fp_2019_64_rec/src/yolo_conv.cpp:307]   --->   Operation 84 'br' <Predicate = (!tmp & icmp_ln114 & phi_ln114)> <Delay = 1.76>
ST_2 : Operation 85 [1/1] (0.00ns)   --->   "%tmp_V_load = phi i16 [ %tmp_V_64, %branch1112 ], [ %tmp_V, %branch1088 ]"   --->   Operation 85 'phi' 'tmp_V_load' <Predicate = (!tmp & phi_ln114)> <Delay = 0.00>
ST_2 : Operation 86 [1/1] (3.63ns)   --->   "%tmp_V_66 = call i16 @_ssdm_op_Read.ap_fifo.volatile.i16P(i16* %out_stream_group_25_V_V)" [yolo_conv_fp_2019_64_rec/src/yolo_conv.cpp:312]   --->   Operation 86 'read' 'tmp_V_66' <Predicate = (!tmp & phi_ln114 & !icmp_ln134)> <Delay = 3.63> <Core = "FIFO">   --->   Core 32 'FIFO' <Latency = 0> <II = 1> <Delay = 3.63> <Storage> <Opcode : 'read' 'write' 'nbread' 'nbwrite'> <Ports = 0> <Width = 16> <Depth = 2> <FIFO>
ST_2 : Operation 87 [1/1] (1.76ns)   --->   "br label %5" [yolo_conv_fp_2019_64_rec/src/yolo_conv.cpp:312]   --->   Operation 87 'br' <Predicate = (!tmp & phi_ln114 & !icmp_ln134)> <Delay = 1.76>
ST_2 : Operation 88 [1/1] (3.63ns)   --->   "%tmp_V_65 = call i16 @_ssdm_op_Read.ap_fifo.volatile.i16P(i16* %out_stream_group_1_V_V)" [yolo_conv_fp_2019_64_rec/src/yolo_conv.cpp:312]   --->   Operation 88 'read' 'tmp_V_65' <Predicate = (!tmp & phi_ln114 & icmp_ln134)> <Delay = 3.63> <Core = "FIFO">   --->   Core 32 'FIFO' <Latency = 0> <II = 1> <Delay = 3.63> <Storage> <Opcode : 'read' 'write' 'nbread' 'nbwrite'> <Ports = 0> <Width = 16> <Depth = 2> <FIFO>
ST_2 : Operation 89 [1/1] (1.76ns)   --->   "br label %5" [yolo_conv_fp_2019_64_rec/src/yolo_conv.cpp:312]   --->   Operation 89 'br' <Predicate = (!tmp & phi_ln114 & icmp_ln134)> <Delay = 1.76>
ST_2 : Operation 90 [1/1] (0.00ns)   --->   "%tmp_V_64_load = phi i16 [ %tmp_V_66, %branch1081 ], [ %tmp_V_65, %branch1057 ]"   --->   Operation 90 'phi' 'tmp_V_64_load' <Predicate = (!tmp & phi_ln114)> <Delay = 0.00>
ST_2 : Operation 91 [1/1] (3.63ns)   --->   "%tmp_V_68 = call i16 @_ssdm_op_Read.ap_fifo.volatile.i16P(i16* %out_stream_group_26_V_V)" [yolo_conv_fp_2019_64_rec/src/yolo_conv.cpp:323]   --->   Operation 91 'read' 'tmp_V_68' <Predicate = (!tmp & phi_ln114 & !icmp_ln134_1)> <Delay = 3.63> <Core = "FIFO">   --->   Core 32 'FIFO' <Latency = 0> <II = 1> <Delay = 3.63> <Storage> <Opcode : 'read' 'write' 'nbread' 'nbwrite'> <Ports = 0> <Width = 16> <Depth = 2> <FIFO>
ST_2 : Operation 92 [1/1] (1.76ns)   --->   "br label %6" [yolo_conv_fp_2019_64_rec/src/yolo_conv.cpp:323]   --->   Operation 92 'br' <Predicate = (!tmp & phi_ln114 & !icmp_ln134_1)> <Delay = 1.76>
ST_2 : Operation 93 [1/1] (3.63ns)   --->   "%tmp_V_67 = call i16 @_ssdm_op_Read.ap_fifo.volatile.i16P(i16* %out_stream_group_2_V_V)" [yolo_conv_fp_2019_64_rec/src/yolo_conv.cpp:323]   --->   Operation 93 'read' 'tmp_V_67' <Predicate = (!tmp & phi_ln114 & icmp_ln134_1)> <Delay = 3.63> <Core = "FIFO">   --->   Core 32 'FIFO' <Latency = 0> <II = 1> <Delay = 3.63> <Storage> <Opcode : 'read' 'write' 'nbread' 'nbwrite'> <Ports = 0> <Width = 16> <Depth = 2> <FIFO>
ST_2 : Operation 94 [1/1] (1.76ns)   --->   "br label %6" [yolo_conv_fp_2019_64_rec/src/yolo_conv.cpp:323]   --->   Operation 94 'br' <Predicate = (!tmp & phi_ln114 & icmp_ln134_1)> <Delay = 1.76>
ST_2 : Operation 95 [1/1] (0.00ns)   --->   "%tmp_V_65_load = phi i16 [ %tmp_V_68, %branch1050 ], [ %tmp_V_67, %branch1026 ]"   --->   Operation 95 'phi' 'tmp_V_65_load' <Predicate = (!tmp & phi_ln114)> <Delay = 0.00>
ST_2 : Operation 96 [1/1] (3.63ns)   --->   "%tmp_V_70 = call i16 @_ssdm_op_Read.ap_fifo.volatile.i16P(i16* %out_stream_group_27_V_V)" [yolo_conv_fp_2019_64_rec/src/yolo_conv.cpp:334]   --->   Operation 96 'read' 'tmp_V_70' <Predicate = (!tmp & phi_ln114 & !icmp_ln114_1 & phi_ln114_1)> <Delay = 3.63> <Core = "FIFO">   --->   Core 32 'FIFO' <Latency = 0> <II = 1> <Delay = 3.63> <Storage> <Opcode : 'read' 'write' 'nbread' 'nbwrite'> <Ports = 0> <Width = 16> <Depth = 2> <FIFO>
ST_2 : Operation 97 [1/1] (1.81ns)   --->   "br label %_ZrsILi32ELb0EEN11ap_int_baseIXT_EXT0_EE5RTypeIXT_EXT0_EE4arg1ERKS1_i.exit2.i.i.i.i.0" [yolo_conv_fp_2019_64_rec/src/yolo_conv.cpp:334]   --->   Operation 97 'br' <Predicate = (!tmp & phi_ln114 & !icmp_ln114_1 & phi_ln114_1)> <Delay = 1.81>
ST_2 : Operation 98 [1/1] (3.63ns)   --->   "%tmp_V_69 = call i16 @_ssdm_op_Read.ap_fifo.volatile.i16P(i16* %out_stream_group_3_V_V)" [yolo_conv_fp_2019_64_rec/src/yolo_conv.cpp:334]   --->   Operation 98 'read' 'tmp_V_69' <Predicate = (!tmp & phi_ln114 & icmp_ln114_1 & phi_ln114_1)> <Delay = 3.63> <Core = "FIFO">   --->   Core 32 'FIFO' <Latency = 0> <II = 1> <Delay = 3.63> <Storage> <Opcode : 'read' 'write' 'nbread' 'nbwrite'> <Ports = 0> <Width = 16> <Depth = 2> <FIFO>
ST_2 : Operation 99 [1/1] (1.81ns)   --->   "br label %_ZrsILi32ELb0EEN11ap_int_baseIXT_EXT0_EE5RTypeIXT_EXT0_EE4arg1ERKS1_i.exit2.i.i.i.i.0" [yolo_conv_fp_2019_64_rec/src/yolo_conv.cpp:334]   --->   Operation 99 'br' <Predicate = (!tmp & phi_ln114 & icmp_ln114_1 & phi_ln114_1)> <Delay = 1.81>
ST_2 : Operation 100 [1/1] (0.00ns)   --->   "%empty = phi i16 [ 0, %7 ], [ %tmp_V_70, %branch987 ], [ %tmp_V_69, %branch963 ]"   --->   Operation 100 'phi' 'empty' <Predicate = (!tmp & phi_ln114)> <Delay = 0.00>
ST_2 : Operation 101 [1/1] (0.00ns)   --->   "%zext_ln879 = zext i4 %sub_ln214 to i5" [yolo_conv_fp_2019_64_rec/src/yolo_conv.cpp:344]   --->   Operation 101 'zext' 'zext_ln879' <Predicate = (!tmp & phi_ln114)> <Delay = 0.00>
ST_2 : Operation 102 [1/1] (1.36ns)   --->   "%icmp_ln879 = icmp eq i5 %zext_ln879, %ret_V" [yolo_conv_fp_2019_64_rec/src/yolo_conv.cpp:344]   --->   Operation 102 'icmp' 'icmp_ln879' <Predicate = (!tmp & phi_ln114)> <Delay = 1.36> <Core = "Cmp">   --->   Core 25 'Cmp' <Latency = 0> <II = 1> <Delay = 1.36> <FuncUnit> <Opcode : 'icmp'> <InPorts = 2> <OutPorts = 1>
ST_2 : Operation 103 [1/1] (0.97ns)   --->   "%tmp_last_V = and i1 %icmp_ln879, %last_V_read" [yolo_conv_fp_2019_64_rec/src/yolo_conv.cpp:344]   --->   Operation 103 'and' 'tmp_last_V' <Predicate = (!tmp & phi_ln114)> <Delay = 0.97> <Core = "LogicGate">   --->   Core 27 'LogicGate' <Latency = 0> <II = 1> <Delay = 0.97> <FuncUnit> <Opcode : 'and' 'or' 'xor'> <InPorts = 2> <OutPorts = 1>
ST_2 : Operation 104 [1/1] (0.00ns)   --->   "%tmp_data = call i64 @_ssdm_op_BitConcatenate.i64.i16.i16.i16.i16(i16 %empty, i16 %tmp_V_65_load, i16 %tmp_V_64_load, i16 %tmp_V_load)" [yolo_conv_fp_2019_64_rec/src/yolo_conv.cpp:351]   --->   Operation 104 'bitconcatenate' 'tmp_data' <Predicate = (!tmp & phi_ln114)> <Delay = 0.00>
ST_2 : Operation 105 [1/1] (0.00ns)   --->   "call void @_ssdm_op_Write.axis.volatile.i64P.i8P.i8P.i2P.i1P.i5P.i6P(i64* %outStream_V_data, i8* %outStream_V_keep_V, i8* %outStream_V_strb_V, i2* %outStream_V_user_V, i1* %outStream_V_last_V, i5* %outStream_V_id_V, i6* %outStream_V_dest_V, i64 %tmp_data, i8 %tmp_keep_V, i8 %tmp_strb_V, i2 %tmp_user_V, i1 %tmp_last_V, i5 %tmp_id_V, i6 %tmp_dest_V)" [yolo_conv_fp_2019_64_rec/src/yolo_conv.cpp:351]   --->   Operation 105 'write' <Predicate = (!tmp & phi_ln114)> <Delay = 0.00> <Core = "AXI4Stream">   --->   Core 5 'AXI4Stream' <Latency = 0> <II = 1> <Delay = 1.00> <Adapter> <Opcode : >
ST_2 : Operation 106 [1/1] (1.30ns)   --->   "switch i5 %trunc_ln114_1, label %branch956 [
    i5 12, label %branch940
    i5 4, label %branch932
    i5 -12, label %branch948
  ]" [yolo_conv_fp_2019_64_rec/src/yolo_conv.cpp:303]   --->   Operation 106 'switch' <Predicate = (!tmp_82)> <Delay = 1.30>
ST_2 : Operation 107 [1/1] (0.00ns)   --->   "%phi_ln114_2 = phi i1 [ %tmp_34, %branch932 ], [ %tmp_33, %branch940 ], [ %tmp_35, %branch948 ], [ %tmp_32, %branch956 ]" [yolo_conv_fp_2019_64_rec/src/yolo_conv.cpp:303]   --->   Operation 107 'phi' 'phi_ln114_2' <Predicate = (!tmp_82)> <Delay = 0.00>
ST_2 : Operation 108 [1/1] (0.00ns)   --->   "br i1 %phi_ln114_2, label %11, label %._crit_edge2.1" [yolo_conv_fp_2019_64_rec/src/yolo_conv.cpp:303]   --->   Operation 108 'br' <Predicate = (!tmp_82)> <Delay = 0.00>
ST_2 : Operation 109 [1/1] (1.30ns)   --->   "switch i5 %trunc_ln114_1, label %branch924 [
    i5 12, label %branch908
    i5 4, label %branch900
    i5 -12, label %branch916
  ]" [yolo_conv_fp_2019_64_rec/src/yolo_conv.cpp:307]   --->   Operation 109 'switch' <Predicate = (!tmp_82 & phi_ln114_2)> <Delay = 1.30>
ST_2 : Operation 110 [1/1] (0.00ns)   --->   "%or_ln134_2 = or i3 %trunc_ln1352, 1" [yolo_conv_fp_2019_64_rec/src/yolo_conv.cpp:312]   --->   Operation 110 'or' 'or_ln134_2' <Predicate = (!tmp_82 & phi_ln114_2)> <Delay = 0.00>
ST_2 : Operation 111 [1/1] (1.30ns)   --->   "switch i3 %or_ln134_2, label %branch893 [
    i3 3, label %branch877
    i3 1, label %branch869
    i3 -3, label %branch885
  ]" [yolo_conv_fp_2019_64_rec/src/yolo_conv.cpp:312]   --->   Operation 111 'switch' <Predicate = (!tmp_82 & phi_ln114_2)> <Delay = 1.30>
ST_2 : Operation 112 [1/1] (1.30ns)   --->   "switch i3 %or_ln134_2, label %branch862 [
    i3 3, label %branch846
    i3 1, label %branch838
    i3 -3, label %branch854
  ]" [yolo_conv_fp_2019_64_rec/src/yolo_conv.cpp:323]   --->   Operation 112 'switch' <Predicate = (!tmp_82 & phi_ln114_2)> <Delay = 1.30>
ST_2 : Operation 113 [1/1] (1.30ns)   --->   "switch i3 %or_ln134_2, label %branch831 [
    i3 3, label %branch815
    i3 1, label %branch807
    i3 -3, label %branch823
  ]" [yolo_conv_fp_2019_64_rec/src/yolo_conv.cpp:332]   --->   Operation 113 'switch' <Predicate = (!tmp_82 & phi_ln114_2)> <Delay = 1.30>
ST_2 : Operation 114 [1/1] (0.00ns)   --->   "%tmp_1_5 = call i1 @_ssdm_op_NbReadReq.ap_fifo.i16P(i16* %out_stream_group_23_V_V, i32 1)" [yolo_conv_fp_2019_64_rec/src/yolo_conv.cpp:332]   --->   Operation 114 'nbreadreq' 'tmp_1_5' <Predicate = (!tmp_82 & phi_ln114_2 & or_ln134_2 == 5)> <Delay = 0.00> <Core = "FIFO">   --->   Core 32 'FIFO' <Latency = 0> <II = 1> <Delay = 3.63> <Storage> <Opcode : 'read' 'write' 'nbread' 'nbwrite'> <Ports = 0> <Width = 16> <Depth = 2> <FIFO>
ST_2 : Operation 115 [1/1] (1.86ns)   --->   "br label %15" [yolo_conv_fp_2019_64_rec/src/yolo_conv.cpp:332]   --->   Operation 115 'br' <Predicate = (!tmp_82 & phi_ln114_2 & or_ln134_2 == 5)> <Delay = 1.86>
ST_2 : Operation 116 [1/1] (0.00ns)   --->   "%tmp_1_4 = call i1 @_ssdm_op_NbReadReq.ap_fifo.i16P(i16* %out_stream_group_7_V_V, i32 1)" [yolo_conv_fp_2019_64_rec/src/yolo_conv.cpp:332]   --->   Operation 116 'nbreadreq' 'tmp_1_4' <Predicate = (!tmp_82 & phi_ln114_2 & or_ln134_2 == 1)> <Delay = 0.00> <Core = "FIFO">   --->   Core 32 'FIFO' <Latency = 0> <II = 1> <Delay = 3.63> <Storage> <Opcode : 'read' 'write' 'nbread' 'nbwrite'> <Ports = 0> <Width = 16> <Depth = 2> <FIFO>
ST_2 : Operation 117 [1/1] (1.86ns)   --->   "br label %15" [yolo_conv_fp_2019_64_rec/src/yolo_conv.cpp:332]   --->   Operation 117 'br' <Predicate = (!tmp_82 & phi_ln114_2 & or_ln134_2 == 1)> <Delay = 1.86>
ST_2 : Operation 118 [1/1] (0.00ns)   --->   "%tmp_1_3 = call i1 @_ssdm_op_NbReadReq.ap_fifo.i16P(i16* %out_stream_group_15_V_V, i32 1)" [yolo_conv_fp_2019_64_rec/src/yolo_conv.cpp:332]   --->   Operation 118 'nbreadreq' 'tmp_1_3' <Predicate = (!tmp_82 & phi_ln114_2 & or_ln134_2 == 3)> <Delay = 0.00> <Core = "FIFO">   --->   Core 32 'FIFO' <Latency = 0> <II = 1> <Delay = 3.63> <Storage> <Opcode : 'read' 'write' 'nbread' 'nbwrite'> <Ports = 0> <Width = 16> <Depth = 2> <FIFO>
ST_2 : Operation 119 [1/1] (1.86ns)   --->   "br label %15" [yolo_conv_fp_2019_64_rec/src/yolo_conv.cpp:332]   --->   Operation 119 'br' <Predicate = (!tmp_82 & phi_ln114_2 & or_ln134_2 == 3)> <Delay = 1.86>
ST_2 : Operation 120 [1/1] (0.00ns)   --->   "%tmp_1_2 = call i1 @_ssdm_op_NbReadReq.ap_fifo.i16P(i16* %out_stream_group_31_V_V, i32 1)" [yolo_conv_fp_2019_64_rec/src/yolo_conv.cpp:332]   --->   Operation 120 'nbreadreq' 'tmp_1_2' <Predicate = (!tmp_82 & phi_ln114_2 & or_ln134_2 != 3 & or_ln134_2 != 1 & or_ln134_2 != 5)> <Delay = 0.00> <Core = "FIFO">   --->   Core 32 'FIFO' <Latency = 0> <II = 1> <Delay = 3.63> <Storage> <Opcode : 'read' 'write' 'nbread' 'nbwrite'> <Ports = 0> <Width = 16> <Depth = 2> <FIFO>
ST_2 : Operation 121 [1/1] (1.86ns)   --->   "br label %15" [yolo_conv_fp_2019_64_rec/src/yolo_conv.cpp:332]   --->   Operation 121 'br' <Predicate = (!tmp_82 & phi_ln114_2 & or_ln134_2 != 3 & or_ln134_2 != 1 & or_ln134_2 != 5)> <Delay = 1.86>
ST_2 : Operation 122 [1/1] (0.00ns)   --->   "%phi_ln114_3 = phi i1 [ %tmp_1_4, %branch807 ], [ %tmp_1_3, %branch815 ], [ %tmp_1_5, %branch823 ], [ %tmp_1_2, %branch831 ]" [yolo_conv_fp_2019_64_rec/src/yolo_conv.cpp:332]   --->   Operation 122 'phi' 'phi_ln114_3' <Predicate = (!tmp_82 & phi_ln114_2)> <Delay = 0.00>
ST_2 : Operation 123 [1/1] (1.90ns)   --->   "br i1 %phi_ln114_3, label %16, label %_ZrsILi32ELb0EEN11ap_int_baseIXT_EXT0_EE5RTypeIXT_EXT0_EE4arg1ERKS1_i.exit2.i.i.i.i.1" [yolo_conv_fp_2019_64_rec/src/yolo_conv.cpp:332]   --->   Operation 123 'br' <Predicate = (!tmp_82 & phi_ln114_2)> <Delay = 1.90>
ST_2 : Operation 124 [1/1] (1.30ns)   --->   "switch i3 %or_ln134_2, label %branch799 [
    i3 3, label %branch783
    i3 1, label %branch775
    i3 -3, label %branch791
  ]" [yolo_conv_fp_2019_64_rec/src/yolo_conv.cpp:334]   --->   Operation 124 'switch' <Predicate = (!tmp_82 & phi_ln114_2 & phi_ln114_3)> <Delay = 1.30>
ST_2 : Operation 125 [1/1] (0.00ns)   --->   "%zext_ln879_1 = zext i4 %or_ln214 to i5" [yolo_conv_fp_2019_64_rec/src/yolo_conv.cpp:344]   --->   Operation 125 'zext' 'zext_ln879_1' <Predicate = (!tmp_82 & phi_ln114_2)> <Delay = 0.00>
ST_2 : Operation 126 [1/1] (1.36ns)   --->   "%icmp_ln879_1 = icmp eq i5 %zext_ln879_1, %ret_V" [yolo_conv_fp_2019_64_rec/src/yolo_conv.cpp:344]   --->   Operation 126 'icmp' 'icmp_ln879_1' <Predicate = (!tmp_82 & phi_ln114_2)> <Delay = 1.36> <Core = "Cmp">   --->   Core 25 'Cmp' <Latency = 0> <II = 1> <Delay = 1.36> <FuncUnit> <Opcode : 'icmp'> <InPorts = 2> <OutPorts = 1>

State 3 <SV = 2> <Delay = 5.54>
ST_3 : Operation 127 [1/1] (3.63ns)   --->   "%tmp_V_74 = call i16 @_ssdm_op_Read.ap_fifo.volatile.i16P(i16* %out_stream_group_20_V_V)" [yolo_conv_fp_2019_64_rec/src/yolo_conv.cpp:307]   --->   Operation 127 'read' 'tmp_V_74' <Predicate = (!tmp_82 & trunc_ln114_1 == 20 & phi_ln114_2)> <Delay = 3.63> <Core = "FIFO">   --->   Core 32 'FIFO' <Latency = 0> <II = 1> <Delay = 3.63> <Storage> <Opcode : 'read' 'write' 'nbread' 'nbwrite'> <Ports = 0> <Width = 16> <Depth = 2> <FIFO>
ST_3 : Operation 128 [1/1] (1.86ns)   --->   "br label %12" [yolo_conv_fp_2019_64_rec/src/yolo_conv.cpp:307]   --->   Operation 128 'br' <Predicate = (!tmp_82 & trunc_ln114_1 == 20 & phi_ln114_2)> <Delay = 1.86>
ST_3 : Operation 129 [1/1] (3.63ns)   --->   "%tmp_V_73 = call i16 @_ssdm_op_Read.ap_fifo.volatile.i16P(i16* %out_stream_group_4_V_V)" [yolo_conv_fp_2019_64_rec/src/yolo_conv.cpp:307]   --->   Operation 129 'read' 'tmp_V_73' <Predicate = (!tmp_82 & trunc_ln114_1 == 4 & phi_ln114_2)> <Delay = 3.63> <Core = "FIFO">   --->   Core 32 'FIFO' <Latency = 0> <II = 1> <Delay = 3.63> <Storage> <Opcode : 'read' 'write' 'nbread' 'nbwrite'> <Ports = 0> <Width = 16> <Depth = 2> <FIFO>
ST_3 : Operation 130 [1/1] (1.86ns)   --->   "br label %12" [yolo_conv_fp_2019_64_rec/src/yolo_conv.cpp:307]   --->   Operation 130 'br' <Predicate = (!tmp_82 & trunc_ln114_1 == 4 & phi_ln114_2)> <Delay = 1.86>
ST_3 : Operation 131 [1/1] (3.63ns)   --->   "%tmp_V_72 = call i16 @_ssdm_op_Read.ap_fifo.volatile.i16P(i16* %out_stream_group_12_V_V)" [yolo_conv_fp_2019_64_rec/src/yolo_conv.cpp:307]   --->   Operation 131 'read' 'tmp_V_72' <Predicate = (!tmp_82 & trunc_ln114_1 == 12 & phi_ln114_2)> <Delay = 3.63> <Core = "FIFO">   --->   Core 32 'FIFO' <Latency = 0> <II = 1> <Delay = 3.63> <Storage> <Opcode : 'read' 'write' 'nbread' 'nbwrite'> <Ports = 0> <Width = 16> <Depth = 2> <FIFO>
ST_3 : Operation 132 [1/1] (1.86ns)   --->   "br label %12" [yolo_conv_fp_2019_64_rec/src/yolo_conv.cpp:307]   --->   Operation 132 'br' <Predicate = (!tmp_82 & trunc_ln114_1 == 12 & phi_ln114_2)> <Delay = 1.86>
ST_3 : Operation 133 [1/1] (3.63ns)   --->   "%tmp_V_71 = call i16 @_ssdm_op_Read.ap_fifo.volatile.i16P(i16* %out_stream_group_28_V_V)" [yolo_conv_fp_2019_64_rec/src/yolo_conv.cpp:307]   --->   Operation 133 'read' 'tmp_V_71' <Predicate = (!tmp_82 & trunc_ln114_1 != 12 & trunc_ln114_1 != 4 & trunc_ln114_1 != 20 & phi_ln114_2)> <Delay = 3.63> <Core = "FIFO">   --->   Core 32 'FIFO' <Latency = 0> <II = 1> <Delay = 3.63> <Storage> <Opcode : 'read' 'write' 'nbread' 'nbwrite'> <Ports = 0> <Width = 16> <Depth = 2> <FIFO>
ST_3 : Operation 134 [1/1] (1.86ns)   --->   "br label %12" [yolo_conv_fp_2019_64_rec/src/yolo_conv.cpp:307]   --->   Operation 134 'br' <Predicate = (!tmp_82 & trunc_ln114_1 != 12 & trunc_ln114_1 != 4 & trunc_ln114_1 != 20 & phi_ln114_2)> <Delay = 1.86>
ST_3 : Operation 135 [1/1] (0.00ns)   --->   "%tmp_V_load_1 = phi i16 [ %tmp_V_71, %branch924 ], [ %tmp_V_74, %branch916 ], [ %tmp_V_72, %branch908 ], [ %tmp_V_73, %branch900 ]"   --->   Operation 135 'phi' 'tmp_V_load_1' <Predicate = (!tmp_82 & phi_ln114_2)> <Delay = 0.00>
ST_3 : Operation 136 [1/1] (3.63ns)   --->   "%tmp_V_78 = call i16 @_ssdm_op_Read.ap_fifo.volatile.i16P(i16* %out_stream_group_21_V_V)" [yolo_conv_fp_2019_64_rec/src/yolo_conv.cpp:312]   --->   Operation 136 'read' 'tmp_V_78' <Predicate = (!tmp_82 & phi_ln114_2 & or_ln134_2 == 5)> <Delay = 3.63> <Core = "FIFO">   --->   Core 32 'FIFO' <Latency = 0> <II = 1> <Delay = 3.63> <Storage> <Opcode : 'read' 'write' 'nbread' 'nbwrite'> <Ports = 0> <Width = 16> <Depth = 2> <FIFO>
ST_3 : Operation 137 [1/1] (1.86ns)   --->   "br label %13" [yolo_conv_fp_2019_64_rec/src/yolo_conv.cpp:312]   --->   Operation 137 'br' <Predicate = (!tmp_82 & phi_ln114_2 & or_ln134_2 == 5)> <Delay = 1.86>
ST_3 : Operation 138 [1/1] (3.63ns)   --->   "%tmp_V_77 = call i16 @_ssdm_op_Read.ap_fifo.volatile.i16P(i16* %out_stream_group_5_V_V)" [yolo_conv_fp_2019_64_rec/src/yolo_conv.cpp:312]   --->   Operation 138 'read' 'tmp_V_77' <Predicate = (!tmp_82 & phi_ln114_2 & or_ln134_2 == 1)> <Delay = 3.63> <Core = "FIFO">   --->   Core 32 'FIFO' <Latency = 0> <II = 1> <Delay = 3.63> <Storage> <Opcode : 'read' 'write' 'nbread' 'nbwrite'> <Ports = 0> <Width = 16> <Depth = 2> <FIFO>
ST_3 : Operation 139 [1/1] (1.86ns)   --->   "br label %13" [yolo_conv_fp_2019_64_rec/src/yolo_conv.cpp:312]   --->   Operation 139 'br' <Predicate = (!tmp_82 & phi_ln114_2 & or_ln134_2 == 1)> <Delay = 1.86>
ST_3 : Operation 140 [1/1] (3.63ns)   --->   "%tmp_V_76 = call i16 @_ssdm_op_Read.ap_fifo.volatile.i16P(i16* %out_stream_group_13_V_V)" [yolo_conv_fp_2019_64_rec/src/yolo_conv.cpp:312]   --->   Operation 140 'read' 'tmp_V_76' <Predicate = (!tmp_82 & phi_ln114_2 & or_ln134_2 == 3)> <Delay = 3.63> <Core = "FIFO">   --->   Core 32 'FIFO' <Latency = 0> <II = 1> <Delay = 3.63> <Storage> <Opcode : 'read' 'write' 'nbread' 'nbwrite'> <Ports = 0> <Width = 16> <Depth = 2> <FIFO>
ST_3 : Operation 141 [1/1] (1.86ns)   --->   "br label %13" [yolo_conv_fp_2019_64_rec/src/yolo_conv.cpp:312]   --->   Operation 141 'br' <Predicate = (!tmp_82 & phi_ln114_2 & or_ln134_2 == 3)> <Delay = 1.86>
ST_3 : Operation 142 [1/1] (3.63ns)   --->   "%tmp_V_75 = call i16 @_ssdm_op_Read.ap_fifo.volatile.i16P(i16* %out_stream_group_29_V_V)" [yolo_conv_fp_2019_64_rec/src/yolo_conv.cpp:312]   --->   Operation 142 'read' 'tmp_V_75' <Predicate = (!tmp_82 & phi_ln114_2 & or_ln134_2 != 3 & or_ln134_2 != 1 & or_ln134_2 != 5)> <Delay = 3.63> <Core = "FIFO">   --->   Core 32 'FIFO' <Latency = 0> <II = 1> <Delay = 3.63> <Storage> <Opcode : 'read' 'write' 'nbread' 'nbwrite'> <Ports = 0> <Width = 16> <Depth = 2> <FIFO>
ST_3 : Operation 143 [1/1] (1.86ns)   --->   "br label %13" [yolo_conv_fp_2019_64_rec/src/yolo_conv.cpp:312]   --->   Operation 143 'br' <Predicate = (!tmp_82 & phi_ln114_2 & or_ln134_2 != 3 & or_ln134_2 != 1 & or_ln134_2 != 5)> <Delay = 1.86>
ST_3 : Operation 144 [1/1] (0.00ns)   --->   "%tmp_V_64_load_1 = phi i16 [ %tmp_V_75, %branch893 ], [ %tmp_V_78, %branch885 ], [ %tmp_V_76, %branch877 ], [ %tmp_V_77, %branch869 ]"   --->   Operation 144 'phi' 'tmp_V_64_load_1' <Predicate = (!tmp_82 & phi_ln114_2)> <Delay = 0.00>
ST_3 : Operation 145 [1/1] (3.63ns)   --->   "%tmp_V_82 = call i16 @_ssdm_op_Read.ap_fifo.volatile.i16P(i16* %out_stream_group_22_V_V)" [yolo_conv_fp_2019_64_rec/src/yolo_conv.cpp:323]   --->   Operation 145 'read' 'tmp_V_82' <Predicate = (!tmp_82 & phi_ln114_2 & or_ln134_2 == 5)> <Delay = 3.63> <Core = "FIFO">   --->   Core 32 'FIFO' <Latency = 0> <II = 1> <Delay = 3.63> <Storage> <Opcode : 'read' 'write' 'nbread' 'nbwrite'> <Ports = 0> <Width = 16> <Depth = 2> <FIFO>
ST_3 : Operation 146 [1/1] (1.86ns)   --->   "br label %14" [yolo_conv_fp_2019_64_rec/src/yolo_conv.cpp:323]   --->   Operation 146 'br' <Predicate = (!tmp_82 & phi_ln114_2 & or_ln134_2 == 5)> <Delay = 1.86>
ST_3 : Operation 147 [1/1] (3.63ns)   --->   "%tmp_V_81 = call i16 @_ssdm_op_Read.ap_fifo.volatile.i16P(i16* %out_stream_group_6_V_V)" [yolo_conv_fp_2019_64_rec/src/yolo_conv.cpp:323]   --->   Operation 147 'read' 'tmp_V_81' <Predicate = (!tmp_82 & phi_ln114_2 & or_ln134_2 == 1)> <Delay = 3.63> <Core = "FIFO">   --->   Core 32 'FIFO' <Latency = 0> <II = 1> <Delay = 3.63> <Storage> <Opcode : 'read' 'write' 'nbread' 'nbwrite'> <Ports = 0> <Width = 16> <Depth = 2> <FIFO>
ST_3 : Operation 148 [1/1] (1.86ns)   --->   "br label %14" [yolo_conv_fp_2019_64_rec/src/yolo_conv.cpp:323]   --->   Operation 148 'br' <Predicate = (!tmp_82 & phi_ln114_2 & or_ln134_2 == 1)> <Delay = 1.86>
ST_3 : Operation 149 [1/1] (3.63ns)   --->   "%tmp_V_80 = call i16 @_ssdm_op_Read.ap_fifo.volatile.i16P(i16* %out_stream_group_14_V_V)" [yolo_conv_fp_2019_64_rec/src/yolo_conv.cpp:323]   --->   Operation 149 'read' 'tmp_V_80' <Predicate = (!tmp_82 & phi_ln114_2 & or_ln134_2 == 3)> <Delay = 3.63> <Core = "FIFO">   --->   Core 32 'FIFO' <Latency = 0> <II = 1> <Delay = 3.63> <Storage> <Opcode : 'read' 'write' 'nbread' 'nbwrite'> <Ports = 0> <Width = 16> <Depth = 2> <FIFO>
ST_3 : Operation 150 [1/1] (1.86ns)   --->   "br label %14" [yolo_conv_fp_2019_64_rec/src/yolo_conv.cpp:323]   --->   Operation 150 'br' <Predicate = (!tmp_82 & phi_ln114_2 & or_ln134_2 == 3)> <Delay = 1.86>
ST_3 : Operation 151 [1/1] (3.63ns)   --->   "%tmp_V_79 = call i16 @_ssdm_op_Read.ap_fifo.volatile.i16P(i16* %out_stream_group_30_V_V)" [yolo_conv_fp_2019_64_rec/src/yolo_conv.cpp:323]   --->   Operation 151 'read' 'tmp_V_79' <Predicate = (!tmp_82 & phi_ln114_2 & or_ln134_2 != 3 & or_ln134_2 != 1 & or_ln134_2 != 5)> <Delay = 3.63> <Core = "FIFO">   --->   Core 32 'FIFO' <Latency = 0> <II = 1> <Delay = 3.63> <Storage> <Opcode : 'read' 'write' 'nbread' 'nbwrite'> <Ports = 0> <Width = 16> <Depth = 2> <FIFO>
ST_3 : Operation 152 [1/1] (1.86ns)   --->   "br label %14" [yolo_conv_fp_2019_64_rec/src/yolo_conv.cpp:323]   --->   Operation 152 'br' <Predicate = (!tmp_82 & phi_ln114_2 & or_ln134_2 != 3 & or_ln134_2 != 1 & or_ln134_2 != 5)> <Delay = 1.86>
ST_3 : Operation 153 [1/1] (0.00ns)   --->   "%tmp_V_65_load_1 = phi i16 [ %tmp_V_79, %branch862 ], [ %tmp_V_82, %branch854 ], [ %tmp_V_80, %branch846 ], [ %tmp_V_81, %branch838 ]"   --->   Operation 153 'phi' 'tmp_V_65_load_1' <Predicate = (!tmp_82 & phi_ln114_2)> <Delay = 0.00>
ST_3 : Operation 154 [1/1] (3.63ns)   --->   "%tmp_V_86 = call i16 @_ssdm_op_Read.ap_fifo.volatile.i16P(i16* %out_stream_group_23_V_V)" [yolo_conv_fp_2019_64_rec/src/yolo_conv.cpp:334]   --->   Operation 154 'read' 'tmp_V_86' <Predicate = (!tmp_82 & phi_ln114_2 & or_ln134_2 == 5 & phi_ln114_3)> <Delay = 3.63> <Core = "FIFO">   --->   Core 32 'FIFO' <Latency = 0> <II = 1> <Delay = 3.63> <Storage> <Opcode : 'read' 'write' 'nbread' 'nbwrite'> <Ports = 0> <Width = 16> <Depth = 2> <FIFO>
ST_3 : Operation 155 [1/1] (1.90ns)   --->   "br label %_ZrsILi32ELb0EEN11ap_int_baseIXT_EXT0_EE5RTypeIXT_EXT0_EE4arg1ERKS1_i.exit2.i.i.i.i.1" [yolo_conv_fp_2019_64_rec/src/yolo_conv.cpp:334]   --->   Operation 155 'br' <Predicate = (!tmp_82 & phi_ln114_2 & or_ln134_2 == 5 & phi_ln114_3)> <Delay = 1.90>
ST_3 : Operation 156 [1/1] (3.63ns)   --->   "%tmp_V_85 = call i16 @_ssdm_op_Read.ap_fifo.volatile.i16P(i16* %out_stream_group_7_V_V)" [yolo_conv_fp_2019_64_rec/src/yolo_conv.cpp:334]   --->   Operation 156 'read' 'tmp_V_85' <Predicate = (!tmp_82 & phi_ln114_2 & or_ln134_2 == 1 & phi_ln114_3)> <Delay = 3.63> <Core = "FIFO">   --->   Core 32 'FIFO' <Latency = 0> <II = 1> <Delay = 3.63> <Storage> <Opcode : 'read' 'write' 'nbread' 'nbwrite'> <Ports = 0> <Width = 16> <Depth = 2> <FIFO>
ST_3 : Operation 157 [1/1] (1.90ns)   --->   "br label %_ZrsILi32ELb0EEN11ap_int_baseIXT_EXT0_EE5RTypeIXT_EXT0_EE4arg1ERKS1_i.exit2.i.i.i.i.1" [yolo_conv_fp_2019_64_rec/src/yolo_conv.cpp:334]   --->   Operation 157 'br' <Predicate = (!tmp_82 & phi_ln114_2 & or_ln134_2 == 1 & phi_ln114_3)> <Delay = 1.90>
ST_3 : Operation 158 [1/1] (3.63ns)   --->   "%tmp_V_84 = call i16 @_ssdm_op_Read.ap_fifo.volatile.i16P(i16* %out_stream_group_15_V_V)" [yolo_conv_fp_2019_64_rec/src/yolo_conv.cpp:334]   --->   Operation 158 'read' 'tmp_V_84' <Predicate = (!tmp_82 & phi_ln114_2 & or_ln134_2 == 3 & phi_ln114_3)> <Delay = 3.63> <Core = "FIFO">   --->   Core 32 'FIFO' <Latency = 0> <II = 1> <Delay = 3.63> <Storage> <Opcode : 'read' 'write' 'nbread' 'nbwrite'> <Ports = 0> <Width = 16> <Depth = 2> <FIFO>
ST_3 : Operation 159 [1/1] (1.90ns)   --->   "br label %_ZrsILi32ELb0EEN11ap_int_baseIXT_EXT0_EE5RTypeIXT_EXT0_EE4arg1ERKS1_i.exit2.i.i.i.i.1" [yolo_conv_fp_2019_64_rec/src/yolo_conv.cpp:334]   --->   Operation 159 'br' <Predicate = (!tmp_82 & phi_ln114_2 & or_ln134_2 == 3 & phi_ln114_3)> <Delay = 1.90>
ST_3 : Operation 160 [1/1] (3.63ns)   --->   "%tmp_V_83 = call i16 @_ssdm_op_Read.ap_fifo.volatile.i16P(i16* %out_stream_group_31_V_V)" [yolo_conv_fp_2019_64_rec/src/yolo_conv.cpp:334]   --->   Operation 160 'read' 'tmp_V_83' <Predicate = (!tmp_82 & phi_ln114_2 & or_ln134_2 != 3 & or_ln134_2 != 1 & or_ln134_2 != 5 & phi_ln114_3)> <Delay = 3.63> <Core = "FIFO">   --->   Core 32 'FIFO' <Latency = 0> <II = 1> <Delay = 3.63> <Storage> <Opcode : 'read' 'write' 'nbread' 'nbwrite'> <Ports = 0> <Width = 16> <Depth = 2> <FIFO>
ST_3 : Operation 161 [1/1] (1.90ns)   --->   "br label %_ZrsILi32ELb0EEN11ap_int_baseIXT_EXT0_EE5RTypeIXT_EXT0_EE4arg1ERKS1_i.exit2.i.i.i.i.1" [yolo_conv_fp_2019_64_rec/src/yolo_conv.cpp:334]   --->   Operation 161 'br' <Predicate = (!tmp_82 & phi_ln114_2 & or_ln134_2 != 3 & or_ln134_2 != 1 & or_ln134_2 != 5 & phi_ln114_3)> <Delay = 1.90>
ST_3 : Operation 162 [1/1] (0.00ns)   --->   "%empty_52 = phi i16 [ 0, %15 ], [ %tmp_V_83, %branch799 ], [ %tmp_V_86, %branch791 ], [ %tmp_V_84, %branch783 ], [ %tmp_V_85, %branch775 ]"   --->   Operation 162 'phi' 'empty_52' <Predicate = (!tmp_82 & phi_ln114_2)> <Delay = 0.00>
ST_3 : Operation 163 [1/1] (0.97ns)   --->   "%tmp_last_V_1 = and i1 %icmp_ln879_1, %last_V_read" [yolo_conv_fp_2019_64_rec/src/yolo_conv.cpp:344]   --->   Operation 163 'and' 'tmp_last_V_1' <Predicate = (!tmp_82 & phi_ln114_2)> <Delay = 0.97> <Core = "LogicGate">   --->   Core 27 'LogicGate' <Latency = 0> <II = 1> <Delay = 0.97> <FuncUnit> <Opcode : 'and' 'or' 'xor'> <InPorts = 2> <OutPorts = 1>
ST_3 : Operation 164 [1/1] (0.00ns)   --->   "%tmp_data_1 = call i64 @_ssdm_op_BitConcatenate.i64.i16.i16.i16.i16(i16 %empty_52, i16 %tmp_V_65_load_1, i16 %tmp_V_64_load_1, i16 %tmp_V_load_1)" [yolo_conv_fp_2019_64_rec/src/yolo_conv.cpp:351]   --->   Operation 164 'bitconcatenate' 'tmp_data_1' <Predicate = (!tmp_82 & phi_ln114_2)> <Delay = 0.00>
ST_3 : Operation 165 [1/1] (0.00ns)   --->   "call void @_ssdm_op_Write.axis.volatile.i64P.i8P.i8P.i2P.i1P.i5P.i6P(i64* %outStream_V_data, i8* %outStream_V_keep_V, i8* %outStream_V_strb_V, i2* %outStream_V_user_V, i1* %outStream_V_last_V, i5* %outStream_V_id_V, i6* %outStream_V_dest_V, i64 %tmp_data_1, i8 %tmp_keep_V, i8 %tmp_strb_V, i2 %tmp_user_V, i1 %tmp_last_V_1, i5 %tmp_id_V, i6 %tmp_dest_V)" [yolo_conv_fp_2019_64_rec/src/yolo_conv.cpp:351]   --->   Operation 165 'write' <Predicate = (!tmp_82 & phi_ln114_2)> <Delay = 0.00> <Core = "AXI4Stream">   --->   Core 5 'AXI4Stream' <Latency = 0> <II = 1> <Delay = 1.00> <Adapter> <Opcode : >
ST_3 : Operation 166 [1/1] (3.63ns)   --->   "%tmp_V_90 = call i16 @_ssdm_op_Read.ap_fifo.volatile.i16P(i16* %out_stream_group_11_V_V)" [yolo_conv_fp_2019_64_rec/src/yolo_conv.cpp:334]   --->   Operation 166 'read' 'tmp_V_90' <Predicate = (!tmp_83 & tmp_36 & tmp_1_6)> <Delay = 3.63> <Core = "FIFO">   --->   Core 32 'FIFO' <Latency = 0> <II = 1> <Delay = 3.63> <Storage> <Opcode : 'read' 'write' 'nbread' 'nbwrite'> <Ports = 0> <Width = 16> <Depth = 2> <FIFO>
ST_3 : Operation 167 [1/1] (1.76ns)   --->   "br label %_ZrsILi32ELb0EEN11ap_int_baseIXT_EXT0_EE5RTypeIXT_EXT0_EE4arg1ERKS1_i.exit2.i.i.i.i.2" [yolo_conv_fp_2019_64_rec/src/yolo_conv.cpp:335]   --->   Operation 167 'br' <Predicate = (!tmp_83 & tmp_36 & tmp_1_6)> <Delay = 1.76>

State 4 <SV = 3> <Delay = 4.07>
ST_4 : Operation 168 [1/1] (3.63ns)   --->   "%tmp_V_87 = call i16 @_ssdm_op_Read.ap_fifo.volatile.i16P(i16* %out_stream_group_8_V_V)" [yolo_conv_fp_2019_64_rec/src/yolo_conv.cpp:307]   --->   Operation 168 'read' 'tmp_V_87' <Predicate = (!tmp_83 & tmp_36)> <Delay = 3.63> <Core = "FIFO">   --->   Core 32 'FIFO' <Latency = 0> <II = 1> <Delay = 3.63> <Storage> <Opcode : 'read' 'write' 'nbread' 'nbwrite'> <Ports = 0> <Width = 16> <Depth = 2> <FIFO>
ST_4 : Operation 169 [1/1] (3.63ns)   --->   "%tmp_V_88 = call i16 @_ssdm_op_Read.ap_fifo.volatile.i16P(i16* %out_stream_group_9_V_V)" [yolo_conv_fp_2019_64_rec/src/yolo_conv.cpp:312]   --->   Operation 169 'read' 'tmp_V_88' <Predicate = (!tmp_83 & tmp_36)> <Delay = 3.63> <Core = "FIFO">   --->   Core 32 'FIFO' <Latency = 0> <II = 1> <Delay = 3.63> <Storage> <Opcode : 'read' 'write' 'nbread' 'nbwrite'> <Ports = 0> <Width = 16> <Depth = 2> <FIFO>
ST_4 : Operation 170 [1/1] (3.63ns)   --->   "%tmp_V_89 = call i16 @_ssdm_op_Read.ap_fifo.volatile.i16P(i16* %out_stream_group_10_V_V)" [yolo_conv_fp_2019_64_rec/src/yolo_conv.cpp:323]   --->   Operation 170 'read' 'tmp_V_89' <Predicate = (!tmp_83 & tmp_36)> <Delay = 3.63> <Core = "FIFO">   --->   Core 32 'FIFO' <Latency = 0> <II = 1> <Delay = 3.63> <Storage> <Opcode : 'read' 'write' 'nbread' 'nbwrite'> <Ports = 0> <Width = 16> <Depth = 2> <FIFO>
ST_4 : Operation 171 [1/1] (0.00ns)   --->   "%empty_53 = phi i16 [ %tmp_V_90, %branch587 ], [ 0, %branch712 ]"   --->   Operation 171 'phi' 'empty_53' <Predicate = (!tmp_83 & tmp_36)> <Delay = 0.00>
ST_4 : Operation 172 [1/1] (0.97ns)   --->   "%tmp_last_V_2 = and i1 %icmp_ln879_2, %last_V_read" [yolo_conv_fp_2019_64_rec/src/yolo_conv.cpp:344]   --->   Operation 172 'and' 'tmp_last_V_2' <Predicate = (!tmp_83 & tmp_36)> <Delay = 0.97> <Core = "LogicGate">   --->   Core 27 'LogicGate' <Latency = 0> <II = 1> <Delay = 0.97> <FuncUnit> <Opcode : 'and' 'or' 'xor'> <InPorts = 2> <OutPorts = 1>
ST_4 : Operation 173 [1/1] (0.00ns)   --->   "%tmp_data_2 = call i64 @_ssdm_op_BitConcatenate.i64.i16.i16.i16.i16(i16 %empty_53, i16 %tmp_V_89, i16 %tmp_V_88, i16 %tmp_V_87)" [yolo_conv_fp_2019_64_rec/src/yolo_conv.cpp:351]   --->   Operation 173 'bitconcatenate' 'tmp_data_2' <Predicate = (!tmp_83 & tmp_36)> <Delay = 0.00>
ST_4 : Operation 174 [1/1] (0.00ns)   --->   "call void @_ssdm_op_Write.axis.volatile.i64P.i8P.i8P.i2P.i1P.i5P.i6P(i64* %outStream_V_data, i8* %outStream_V_keep_V, i8* %outStream_V_strb_V, i2* %outStream_V_user_V, i1* %outStream_V_last_V, i5* %outStream_V_id_V, i6* %outStream_V_dest_V, i64 %tmp_data_2, i8 %tmp_keep_V, i8 %tmp_strb_V, i2 %tmp_user_V, i1 %tmp_last_V_2, i5 %tmp_id_V, i6 %tmp_dest_V)" [yolo_conv_fp_2019_64_rec/src/yolo_conv.cpp:351]   --->   Operation 174 'write' <Predicate = (!tmp_83 & tmp_36)> <Delay = 0.00> <Core = "AXI4Stream">   --->   Core 5 'AXI4Stream' <Latency = 0> <II = 1> <Delay = 1.00> <Adapter> <Opcode : >
ST_4 : Operation 175 [1/1] (1.73ns)   --->   "%add_ln214_1 = add i4 %sub_ln214, 3" [yolo_conv_fp_2019_64_rec/src/yolo_conv.cpp:301]   --->   Operation 175 'add' 'add_ln214_1' <Predicate = true> <Delay = 1.73> <Core = "AddSub">   --->   Core 14 'AddSub' <Latency = 0> <II = 1> <Delay = 1.73> <FuncUnit> <Opcode : 'add' 'sub'> <InPorts = 2> <OutPorts = 1>
ST_4 : Operation 176 [1/1] (0.00ns)   --->   "%tmp_84 = call i1 @_ssdm_op_BitSelect.i1.i4.i32(i4 %add_ln214_1, i32 3)" [yolo_conv_fp_2019_64_rec/src/yolo_conv.cpp:302]   --->   Operation 176 'bitselect' 'tmp_84' <Predicate = true> <Delay = 0.00>
ST_4 : Operation 177 [1/1] (0.00ns)   --->   "br i1 %tmp_84, label %._crit_edge.3, label %branch556" [yolo_conv_fp_2019_64_rec/src/yolo_conv.cpp:302]   --->   Operation 177 'br' <Predicate = true> <Delay = 0.00>
ST_4 : Operation 178 [1/1] (0.00ns)   --->   "%tmp_37 = call i1 @_ssdm_op_NbReadReq.ap_fifo.i16P(i16* %out_stream_group_12_V_V, i32 1)" [yolo_conv_fp_2019_64_rec/src/yolo_conv.cpp:303]   --->   Operation 178 'nbreadreq' 'tmp_37' <Predicate = (!tmp_84)> <Delay = 0.00> <Core = "FIFO">   --->   Core 32 'FIFO' <Latency = 0> <II = 1> <Delay = 3.63> <Storage> <Opcode : 'read' 'write' 'nbread' 'nbwrite'> <Ports = 0> <Width = 16> <Depth = 2> <FIFO>
ST_4 : Operation 179 [1/1] (0.00ns)   --->   "%tmp_1_7 = call i1 @_ssdm_op_NbReadReq.ap_fifo.i16P(i16* %out_stream_group_15_V_V, i32 1)" [yolo_conv_fp_2019_64_rec/src/yolo_conv.cpp:332]   --->   Operation 179 'nbreadreq' 'tmp_1_7' <Predicate = (!tmp_84 & tmp_37)> <Delay = 0.00> <Core = "FIFO">   --->   Core 32 'FIFO' <Latency = 0> <II = 1> <Delay = 3.63> <Storage> <Opcode : 'read' 'write' 'nbread' 'nbwrite'> <Ports = 0> <Width = 16> <Depth = 2> <FIFO>
ST_4 : Operation 180 [1/1] (1.76ns)   --->   "br i1 %tmp_1_7, label %branch399, label %_ZrsILi32ELb0EEN11ap_int_baseIXT_EXT0_EE5RTypeIXT_EXT0_EE4arg1ERKS1_i.exit2.i.i.i.i.3" [yolo_conv_fp_2019_64_rec/src/yolo_conv.cpp:332]   --->   Operation 180 'br' <Predicate = (!tmp_84 & tmp_37)> <Delay = 1.76>
ST_4 : Operation 181 [1/1] (0.00ns)   --->   "%zext_ln879_3 = zext i4 %add_ln214_1 to i5" [yolo_conv_fp_2019_64_rec/src/yolo_conv.cpp:344]   --->   Operation 181 'zext' 'zext_ln879_3' <Predicate = (!tmp_84 & tmp_37)> <Delay = 0.00>
ST_4 : Operation 182 [1/1] (1.36ns)   --->   "%icmp_ln879_3 = icmp eq i5 %zext_ln879_3, %ret_V" [yolo_conv_fp_2019_64_rec/src/yolo_conv.cpp:344]   --->   Operation 182 'icmp' 'icmp_ln879_3' <Predicate = (!tmp_84 & tmp_37)> <Delay = 1.36> <Core = "Cmp">   --->   Core 25 'Cmp' <Latency = 0> <II = 1> <Delay = 1.36> <FuncUnit> <Opcode : 'icmp'> <InPorts = 2> <OutPorts = 1>
ST_4 : Operation 183 [1/1] (0.97ns)   --->   "%tmp_last_V_3 = and i1 %icmp_ln879_3, %last_V_read" [yolo_conv_fp_2019_64_rec/src/yolo_conv.cpp:344]   --->   Operation 183 'and' 'tmp_last_V_3' <Predicate = (!tmp_84 & tmp_37)> <Delay = 0.97> <Core = "LogicGate">   --->   Core 27 'LogicGate' <Latency = 0> <II = 1> <Delay = 0.97> <FuncUnit> <Opcode : 'and' 'or' 'xor'> <InPorts = 2> <OutPorts = 1>
ST_4 : Operation 184 [1/1] (0.97ns)   --->   "%tmp_last_V_4 = and i1 %icmp_ln879_4, %last_V_read" [yolo_conv_fp_2019_64_rec/src/yolo_conv.cpp:344]   --->   Operation 184 'and' 'tmp_last_V_4' <Predicate = (!tmp_85 & tmp_38)> <Delay = 0.97> <Core = "LogicGate">   --->   Core 27 'LogicGate' <Latency = 0> <II = 1> <Delay = 0.97> <FuncUnit> <Opcode : 'and' 'or' 'xor'> <InPorts = 2> <OutPorts = 1>
ST_4 : Operation 185 [1/1] (1.73ns)   --->   "%add_ln214_3 = add i4 %sub_ln214, 5" [yolo_conv_fp_2019_64_rec/src/yolo_conv.cpp:301]   --->   Operation 185 'add' 'add_ln214_3' <Predicate = true> <Delay = 1.73> <Core = "AddSub">   --->   Core 14 'AddSub' <Latency = 0> <II = 1> <Delay = 1.73> <FuncUnit> <Opcode : 'add' 'sub'> <InPorts = 2> <OutPorts = 1>
ST_4 : Operation 186 [1/1] (0.00ns)   --->   "%tmp_86 = call i1 @_ssdm_op_BitSelect.i1.i4.i32(i4 %add_ln214_3, i32 3)" [yolo_conv_fp_2019_64_rec/src/yolo_conv.cpp:302]   --->   Operation 186 'bitselect' 'tmp_86' <Predicate = true> <Delay = 0.00>
ST_4 : Operation 187 [1/1] (0.00ns)   --->   "br i1 %tmp_86, label %._crit_edge.5, label %branch180" [yolo_conv_fp_2019_64_rec/src/yolo_conv.cpp:302]   --->   Operation 187 'br' <Predicate = true> <Delay = 0.00>
ST_4 : Operation 188 [1/1] (0.00ns)   --->   "%tmp_39 = call i1 @_ssdm_op_NbReadReq.ap_fifo.i16P(i16* %out_stream_group_20_V_V, i32 1)" [yolo_conv_fp_2019_64_rec/src/yolo_conv.cpp:303]   --->   Operation 188 'nbreadreq' 'tmp_39' <Predicate = (!tmp_86)> <Delay = 0.00> <Core = "FIFO">   --->   Core 32 'FIFO' <Latency = 0> <II = 1> <Delay = 3.63> <Storage> <Opcode : 'read' 'write' 'nbread' 'nbwrite'> <Ports = 0> <Width = 16> <Depth = 2> <FIFO>
ST_4 : Operation 189 [1/1] (0.00ns)   --->   "%tmp_1_9 = call i1 @_ssdm_op_NbReadReq.ap_fifo.i16P(i16* %out_stream_group_23_V_V, i32 1)" [yolo_conv_fp_2019_64_rec/src/yolo_conv.cpp:332]   --->   Operation 189 'nbreadreq' 'tmp_1_9' <Predicate = (!tmp_86 & tmp_39)> <Delay = 0.00> <Core = "FIFO">   --->   Core 32 'FIFO' <Latency = 0> <II = 1> <Delay = 3.63> <Storage> <Opcode : 'read' 'write' 'nbread' 'nbwrite'> <Ports = 0> <Width = 16> <Depth = 2> <FIFO>
ST_4 : Operation 190 [1/1] (0.00ns)   --->   "%zext_ln879_5 = zext i4 %add_ln214_3 to i5" [yolo_conv_fp_2019_64_rec/src/yolo_conv.cpp:344]   --->   Operation 190 'zext' 'zext_ln879_5' <Predicate = (!tmp_86 & tmp_39)> <Delay = 0.00>
ST_4 : Operation 191 [1/1] (1.36ns)   --->   "%icmp_ln879_5 = icmp eq i5 %zext_ln879_5, %ret_V" [yolo_conv_fp_2019_64_rec/src/yolo_conv.cpp:344]   --->   Operation 191 'icmp' 'icmp_ln879_5' <Predicate = (!tmp_86 & tmp_39)> <Delay = 1.36> <Core = "Cmp">   --->   Core 25 'Cmp' <Latency = 0> <II = 1> <Delay = 1.36> <FuncUnit> <Opcode : 'icmp'> <InPorts = 2> <OutPorts = 1>
ST_4 : Operation 192 [1/1] (0.97ns)   --->   "%tmp_last_V_5 = and i1 %icmp_ln879_5, %last_V_read" [yolo_conv_fp_2019_64_rec/src/yolo_conv.cpp:344]   --->   Operation 192 'and' 'tmp_last_V_5' <Predicate = (!tmp_86 & tmp_39)> <Delay = 0.97> <Core = "LogicGate">   --->   Core 27 'LogicGate' <Latency = 0> <II = 1> <Delay = 0.97> <FuncUnit> <Opcode : 'and' 'or' 'xor'> <InPorts = 2> <OutPorts = 1>

State 5 <SV = 4> <Delay = 5.40>
ST_5 : Operation 193 [1/1] (3.63ns)   --->   "%tmp_V_91 = call i16 @_ssdm_op_Read.ap_fifo.volatile.i16P(i16* %out_stream_group_12_V_V)" [yolo_conv_fp_2019_64_rec/src/yolo_conv.cpp:307]   --->   Operation 193 'read' 'tmp_V_91' <Predicate = (!tmp_84 & tmp_37)> <Delay = 3.63> <Core = "FIFO">   --->   Core 32 'FIFO' <Latency = 0> <II = 1> <Delay = 3.63> <Storage> <Opcode : 'read' 'write' 'nbread' 'nbwrite'> <Ports = 0> <Width = 16> <Depth = 2> <FIFO>
ST_5 : Operation 194 [1/1] (3.63ns)   --->   "%tmp_V_92 = call i16 @_ssdm_op_Read.ap_fifo.volatile.i16P(i16* %out_stream_group_13_V_V)" [yolo_conv_fp_2019_64_rec/src/yolo_conv.cpp:312]   --->   Operation 194 'read' 'tmp_V_92' <Predicate = (!tmp_84 & tmp_37)> <Delay = 3.63> <Core = "FIFO">   --->   Core 32 'FIFO' <Latency = 0> <II = 1> <Delay = 3.63> <Storage> <Opcode : 'read' 'write' 'nbread' 'nbwrite'> <Ports = 0> <Width = 16> <Depth = 2> <FIFO>
ST_5 : Operation 195 [1/1] (3.63ns)   --->   "%tmp_V_93 = call i16 @_ssdm_op_Read.ap_fifo.volatile.i16P(i16* %out_stream_group_14_V_V)" [yolo_conv_fp_2019_64_rec/src/yolo_conv.cpp:323]   --->   Operation 195 'read' 'tmp_V_93' <Predicate = (!tmp_84 & tmp_37)> <Delay = 3.63> <Core = "FIFO">   --->   Core 32 'FIFO' <Latency = 0> <II = 1> <Delay = 3.63> <Storage> <Opcode : 'read' 'write' 'nbread' 'nbwrite'> <Ports = 0> <Width = 16> <Depth = 2> <FIFO>
ST_5 : Operation 196 [1/1] (3.63ns)   --->   "%tmp_V_94 = call i16 @_ssdm_op_Read.ap_fifo.volatile.i16P(i16* %out_stream_group_15_V_V)" [yolo_conv_fp_2019_64_rec/src/yolo_conv.cpp:334]   --->   Operation 196 'read' 'tmp_V_94' <Predicate = (!tmp_84 & tmp_37 & tmp_1_7)> <Delay = 3.63> <Core = "FIFO">   --->   Core 32 'FIFO' <Latency = 0> <II = 1> <Delay = 3.63> <Storage> <Opcode : 'read' 'write' 'nbread' 'nbwrite'> <Ports = 0> <Width = 16> <Depth = 2> <FIFO>
ST_5 : Operation 197 [1/1] (1.76ns)   --->   "br label %_ZrsILi32ELb0EEN11ap_int_baseIXT_EXT0_EE5RTypeIXT_EXT0_EE4arg1ERKS1_i.exit2.i.i.i.i.3" [yolo_conv_fp_2019_64_rec/src/yolo_conv.cpp:335]   --->   Operation 197 'br' <Predicate = (!tmp_84 & tmp_37 & tmp_1_7)> <Delay = 1.76>
ST_5 : Operation 198 [1/1] (0.00ns)   --->   "%empty_54 = phi i16 [ %tmp_V_94, %branch399 ], [ 0, %branch524 ]"   --->   Operation 198 'phi' 'empty_54' <Predicate = (!tmp_84 & tmp_37)> <Delay = 0.00>
ST_5 : Operation 199 [1/1] (0.00ns)   --->   "%tmp_data_3 = call i64 @_ssdm_op_BitConcatenate.i64.i16.i16.i16.i16(i16 %empty_54, i16 %tmp_V_93, i16 %tmp_V_92, i16 %tmp_V_91)" [yolo_conv_fp_2019_64_rec/src/yolo_conv.cpp:351]   --->   Operation 199 'bitconcatenate' 'tmp_data_3' <Predicate = (!tmp_84 & tmp_37)> <Delay = 0.00>
ST_5 : Operation 200 [1/1] (0.00ns)   --->   "call void @_ssdm_op_Write.axis.volatile.i64P.i8P.i8P.i2P.i1P.i5P.i6P(i64* %outStream_V_data, i8* %outStream_V_keep_V, i8* %outStream_V_strb_V, i2* %outStream_V_user_V, i1* %outStream_V_last_V, i5* %outStream_V_id_V, i6* %outStream_V_dest_V, i64 %tmp_data_3, i8 %tmp_keep_V, i8 %tmp_strb_V, i2 %tmp_user_V, i1 %tmp_last_V_3, i5 %tmp_id_V, i6 %tmp_dest_V)" [yolo_conv_fp_2019_64_rec/src/yolo_conv.cpp:351]   --->   Operation 200 'write' <Predicate = (!tmp_84 & tmp_37)> <Delay = 0.00> <Core = "AXI4Stream">   --->   Core 5 'AXI4Stream' <Latency = 0> <II = 1> <Delay = 1.00> <Adapter> <Opcode : >
ST_5 : Operation 201 [1/1] (3.63ns)   --->   "%tmp_V_98 = call i16 @_ssdm_op_Read.ap_fifo.volatile.i16P(i16* %out_stream_group_19_V_V)" [yolo_conv_fp_2019_64_rec/src/yolo_conv.cpp:334]   --->   Operation 201 'read' 'tmp_V_98' <Predicate = (!tmp_85 & tmp_38 & tmp_1_8)> <Delay = 3.63> <Core = "FIFO">   --->   Core 32 'FIFO' <Latency = 0> <II = 1> <Delay = 3.63> <Storage> <Opcode : 'read' 'write' 'nbread' 'nbwrite'> <Ports = 0> <Width = 16> <Depth = 2> <FIFO>
ST_5 : Operation 202 [1/1] (1.76ns)   --->   "br label %_ZrsILi32ELb0EEN11ap_int_baseIXT_EXT0_EE5RTypeIXT_EXT0_EE4arg1ERKS1_i.exit2.i.i.i.i.4" [yolo_conv_fp_2019_64_rec/src/yolo_conv.cpp:335]   --->   Operation 202 'br' <Predicate = (!tmp_85 & tmp_38 & tmp_1_8)> <Delay = 1.76>

State 6 <SV = 5> <Delay = 3.63>
ST_6 : Operation 203 [1/1] (3.63ns)   --->   "%tmp_V_95 = call i16 @_ssdm_op_Read.ap_fifo.volatile.i16P(i16* %out_stream_group_16_V_V)" [yolo_conv_fp_2019_64_rec/src/yolo_conv.cpp:307]   --->   Operation 203 'read' 'tmp_V_95' <Predicate = (!tmp_85 & tmp_38)> <Delay = 3.63> <Core = "FIFO">   --->   Core 32 'FIFO' <Latency = 0> <II = 1> <Delay = 3.63> <Storage> <Opcode : 'read' 'write' 'nbread' 'nbwrite'> <Ports = 0> <Width = 16> <Depth = 2> <FIFO>
ST_6 : Operation 204 [1/1] (3.63ns)   --->   "%tmp_V_96 = call i16 @_ssdm_op_Read.ap_fifo.volatile.i16P(i16* %out_stream_group_17_V_V)" [yolo_conv_fp_2019_64_rec/src/yolo_conv.cpp:312]   --->   Operation 204 'read' 'tmp_V_96' <Predicate = (!tmp_85 & tmp_38)> <Delay = 3.63> <Core = "FIFO">   --->   Core 32 'FIFO' <Latency = 0> <II = 1> <Delay = 3.63> <Storage> <Opcode : 'read' 'write' 'nbread' 'nbwrite'> <Ports = 0> <Width = 16> <Depth = 2> <FIFO>
ST_6 : Operation 205 [1/1] (3.63ns)   --->   "%tmp_V_97 = call i16 @_ssdm_op_Read.ap_fifo.volatile.i16P(i16* %out_stream_group_18_V_V)" [yolo_conv_fp_2019_64_rec/src/yolo_conv.cpp:323]   --->   Operation 205 'read' 'tmp_V_97' <Predicate = (!tmp_85 & tmp_38)> <Delay = 3.63> <Core = "FIFO">   --->   Core 32 'FIFO' <Latency = 0> <II = 1> <Delay = 3.63> <Storage> <Opcode : 'read' 'write' 'nbread' 'nbwrite'> <Ports = 0> <Width = 16> <Depth = 2> <FIFO>
ST_6 : Operation 206 [1/1] (0.00ns)   --->   "%empty_55 = phi i16 [ %tmp_V_98, %branch211 ], [ 0, %branch336 ]"   --->   Operation 206 'phi' 'empty_55' <Predicate = (!tmp_85 & tmp_38)> <Delay = 0.00>
ST_6 : Operation 207 [1/1] (0.00ns)   --->   "%tmp_data_4 = call i64 @_ssdm_op_BitConcatenate.i64.i16.i16.i16.i16(i16 %empty_55, i16 %tmp_V_97, i16 %tmp_V_96, i16 %tmp_V_95)" [yolo_conv_fp_2019_64_rec/src/yolo_conv.cpp:351]   --->   Operation 207 'bitconcatenate' 'tmp_data_4' <Predicate = (!tmp_85 & tmp_38)> <Delay = 0.00>
ST_6 : Operation 208 [1/1] (0.00ns)   --->   "call void @_ssdm_op_Write.axis.volatile.i64P.i8P.i8P.i2P.i1P.i5P.i6P(i64* %outStream_V_data, i8* %outStream_V_keep_V, i8* %outStream_V_strb_V, i2* %outStream_V_user_V, i1* %outStream_V_last_V, i5* %outStream_V_id_V, i6* %outStream_V_dest_V, i64 %tmp_data_4, i8 %tmp_keep_V, i8 %tmp_strb_V, i2 %tmp_user_V, i1 %tmp_last_V_4, i5 %tmp_id_V, i6 %tmp_dest_V)" [yolo_conv_fp_2019_64_rec/src/yolo_conv.cpp:351]   --->   Operation 208 'write' <Predicate = (!tmp_85 & tmp_38)> <Delay = 0.00> <Core = "AXI4Stream">   --->   Core 5 'AXI4Stream' <Latency = 0> <II = 1> <Delay = 1.00> <Adapter> <Opcode : >
ST_6 : Operation 209 [1/1] (3.63ns)   --->   "%tmp_V_99 = call i16 @_ssdm_op_Read.ap_fifo.volatile.i16P(i16* %out_stream_group_20_V_V)" [yolo_conv_fp_2019_64_rec/src/yolo_conv.cpp:307]   --->   Operation 209 'read' 'tmp_V_99' <Predicate = (!tmp_86 & tmp_39)> <Delay = 3.63> <Core = "FIFO">   --->   Core 32 'FIFO' <Latency = 0> <II = 1> <Delay = 3.63> <Storage> <Opcode : 'read' 'write' 'nbread' 'nbwrite'> <Ports = 0> <Width = 16> <Depth = 2> <FIFO>
ST_6 : Operation 210 [1/1] (3.63ns)   --->   "%tmp_V_100 = call i16 @_ssdm_op_Read.ap_fifo.volatile.i16P(i16* %out_stream_group_21_V_V)" [yolo_conv_fp_2019_64_rec/src/yolo_conv.cpp:312]   --->   Operation 210 'read' 'tmp_V_100' <Predicate = (!tmp_86 & tmp_39)> <Delay = 3.63> <Core = "FIFO">   --->   Core 32 'FIFO' <Latency = 0> <II = 1> <Delay = 3.63> <Storage> <Opcode : 'read' 'write' 'nbread' 'nbwrite'> <Ports = 0> <Width = 16> <Depth = 2> <FIFO>
ST_6 : Operation 211 [1/1] (3.63ns)   --->   "%tmp_V_101 = call i16 @_ssdm_op_Read.ap_fifo.volatile.i16P(i16* %out_stream_group_22_V_V)" [yolo_conv_fp_2019_64_rec/src/yolo_conv.cpp:323]   --->   Operation 211 'read' 'tmp_V_101' <Predicate = (!tmp_86 & tmp_39)> <Delay = 3.63> <Core = "FIFO">   --->   Core 32 'FIFO' <Latency = 0> <II = 1> <Delay = 3.63> <Storage> <Opcode : 'read' 'write' 'nbread' 'nbwrite'> <Ports = 0> <Width = 16> <Depth = 2> <FIFO>
ST_6 : Operation 212 [1/1] (1.76ns)   --->   "br i1 %tmp_1_9, label %branch23, label %_ZrsILi32ELb0EEN11ap_int_baseIXT_EXT0_EE5RTypeIXT_EXT0_EE4arg1ERKS1_i.exit2.i.i.i.i.5" [yolo_conv_fp_2019_64_rec/src/yolo_conv.cpp:332]   --->   Operation 212 'br' <Predicate = (!tmp_86 & tmp_39)> <Delay = 1.76>
ST_6 : Operation 213 [1/1] (3.63ns)   --->   "%tmp_V_102 = call i16 @_ssdm_op_Read.ap_fifo.volatile.i16P(i16* %out_stream_group_23_V_V)" [yolo_conv_fp_2019_64_rec/src/yolo_conv.cpp:334]   --->   Operation 213 'read' 'tmp_V_102' <Predicate = (!tmp_86 & tmp_39 & tmp_1_9)> <Delay = 3.63> <Core = "FIFO">   --->   Core 32 'FIFO' <Latency = 0> <II = 1> <Delay = 3.63> <Storage> <Opcode : 'read' 'write' 'nbread' 'nbwrite'> <Ports = 0> <Width = 16> <Depth = 2> <FIFO>
ST_6 : Operation 214 [1/1] (1.76ns)   --->   "br label %_ZrsILi32ELb0EEN11ap_int_baseIXT_EXT0_EE5RTypeIXT_EXT0_EE4arg1ERKS1_i.exit2.i.i.i.i.5" [yolo_conv_fp_2019_64_rec/src/yolo_conv.cpp:335]   --->   Operation 214 'br' <Predicate = (!tmp_86 & tmp_39 & tmp_1_9)> <Delay = 1.76>

State 7 <SV = 6> <Delay = 0.00>
ST_7 : Operation 215 [1/1] (0.00ns)   --->   "call void (...)* @_ssdm_op_SpecInterface(i16* %out_stream_group_31_V_V, [8 x i8]* @ap_fifo_str, i32 0, i32 0, [1 x i8]* @p_str826, i32 0, i32 0, [1 x i8]* @p_str827, [1 x i8]* @p_str828, [1 x i8]* @p_str829, i32 2, i32 2, i32 16, i32 16, [1 x i8]* @p_str830, [1 x i8]* @p_str831)"   --->   Operation 215 'specinterface' <Predicate = true> <Delay = 0.00>
ST_7 : Operation 216 [1/1] (0.00ns)   --->   "call void (...)* @_ssdm_op_SpecInterface(i16* %out_stream_group_30_V_V, [8 x i8]* @ap_fifo_str, i32 0, i32 0, [1 x i8]* @p_str819, i32 0, i32 0, [1 x i8]* @p_str820, [1 x i8]* @p_str821, [1 x i8]* @p_str822, i32 2, i32 2, i32 16, i32 16, [1 x i8]* @p_str823, [1 x i8]* @p_str824)"   --->   Operation 216 'specinterface' <Predicate = true> <Delay = 0.00>
ST_7 : Operation 217 [1/1] (0.00ns)   --->   "call void (...)* @_ssdm_op_SpecInterface(i16* %out_stream_group_29_V_V, [8 x i8]* @ap_fifo_str, i32 0, i32 0, [1 x i8]* @p_str812, i32 0, i32 0, [1 x i8]* @p_str813, [1 x i8]* @p_str814, [1 x i8]* @p_str815, i32 2, i32 2, i32 16, i32 16, [1 x i8]* @p_str816, [1 x i8]* @p_str817)"   --->   Operation 217 'specinterface' <Predicate = true> <Delay = 0.00>
ST_7 : Operation 218 [1/1] (0.00ns)   --->   "call void (...)* @_ssdm_op_SpecInterface(i16* %out_stream_group_28_V_V, [8 x i8]* @ap_fifo_str, i32 0, i32 0, [1 x i8]* @p_str805, i32 0, i32 0, [1 x i8]* @p_str806, [1 x i8]* @p_str807, [1 x i8]* @p_str808, i32 2, i32 2, i32 16, i32 16, [1 x i8]* @p_str809, [1 x i8]* @p_str810)"   --->   Operation 218 'specinterface' <Predicate = true> <Delay = 0.00>
ST_7 : Operation 219 [1/1] (0.00ns)   --->   "call void (...)* @_ssdm_op_SpecInterface(i16* %out_stream_group_27_V_V, [8 x i8]* @ap_fifo_str, i32 0, i32 0, [1 x i8]* @p_str798, i32 0, i32 0, [1 x i8]* @p_str799, [1 x i8]* @p_str800, [1 x i8]* @p_str801, i32 2, i32 2, i32 16, i32 16, [1 x i8]* @p_str802, [1 x i8]* @p_str803)"   --->   Operation 219 'specinterface' <Predicate = true> <Delay = 0.00>
ST_7 : Operation 220 [1/1] (0.00ns)   --->   "call void (...)* @_ssdm_op_SpecInterface(i16* %out_stream_group_26_V_V, [8 x i8]* @ap_fifo_str, i32 0, i32 0, [1 x i8]* @p_str791, i32 0, i32 0, [1 x i8]* @p_str792, [1 x i8]* @p_str793, [1 x i8]* @p_str794, i32 2, i32 2, i32 16, i32 16, [1 x i8]* @p_str795, [1 x i8]* @p_str796)"   --->   Operation 220 'specinterface' <Predicate = true> <Delay = 0.00>
ST_7 : Operation 221 [1/1] (0.00ns)   --->   "call void (...)* @_ssdm_op_SpecInterface(i16* %out_stream_group_25_V_V, [8 x i8]* @ap_fifo_str, i32 0, i32 0, [1 x i8]* @p_str784, i32 0, i32 0, [1 x i8]* @p_str785, [1 x i8]* @p_str786, [1 x i8]* @p_str787, i32 2, i32 2, i32 16, i32 16, [1 x i8]* @p_str788, [1 x i8]* @p_str789)"   --->   Operation 221 'specinterface' <Predicate = true> <Delay = 0.00>
ST_7 : Operation 222 [1/1] (0.00ns)   --->   "call void (...)* @_ssdm_op_SpecInterface(i16* %out_stream_group_24_V_V, [8 x i8]* @ap_fifo_str, i32 0, i32 0, [1 x i8]* @p_str777, i32 0, i32 0, [1 x i8]* @p_str778, [1 x i8]* @p_str779, [1 x i8]* @p_str780, i32 2, i32 2, i32 16, i32 16, [1 x i8]* @p_str781, [1 x i8]* @p_str782)"   --->   Operation 222 'specinterface' <Predicate = true> <Delay = 0.00>
ST_7 : Operation 223 [1/1] (0.00ns)   --->   "call void (...)* @_ssdm_op_SpecInterface(i16* %out_stream_group_23_V_V, [8 x i8]* @ap_fifo_str, i32 0, i32 0, [1 x i8]* @p_str770, i32 0, i32 0, [1 x i8]* @p_str771, [1 x i8]* @p_str772, [1 x i8]* @p_str773, i32 2, i32 2, i32 16, i32 16, [1 x i8]* @p_str774, [1 x i8]* @p_str775)"   --->   Operation 223 'specinterface' <Predicate = true> <Delay = 0.00>
ST_7 : Operation 224 [1/1] (0.00ns)   --->   "call void (...)* @_ssdm_op_SpecInterface(i16* %out_stream_group_22_V_V, [8 x i8]* @ap_fifo_str, i32 0, i32 0, [1 x i8]* @p_str763, i32 0, i32 0, [1 x i8]* @p_str764, [1 x i8]* @p_str765, [1 x i8]* @p_str766, i32 2, i32 2, i32 16, i32 16, [1 x i8]* @p_str767, [1 x i8]* @p_str768)"   --->   Operation 224 'specinterface' <Predicate = true> <Delay = 0.00>
ST_7 : Operation 225 [1/1] (0.00ns)   --->   "call void (...)* @_ssdm_op_SpecInterface(i16* %out_stream_group_21_V_V, [8 x i8]* @ap_fifo_str, i32 0, i32 0, [1 x i8]* @p_str756, i32 0, i32 0, [1 x i8]* @p_str757, [1 x i8]* @p_str758, [1 x i8]* @p_str759, i32 2, i32 2, i32 16, i32 16, [1 x i8]* @p_str760, [1 x i8]* @p_str761)"   --->   Operation 225 'specinterface' <Predicate = true> <Delay = 0.00>
ST_7 : Operation 226 [1/1] (0.00ns)   --->   "call void (...)* @_ssdm_op_SpecInterface(i16* %out_stream_group_20_V_V, [8 x i8]* @ap_fifo_str, i32 0, i32 0, [1 x i8]* @p_str749, i32 0, i32 0, [1 x i8]* @p_str750, [1 x i8]* @p_str751, [1 x i8]* @p_str752, i32 2, i32 2, i32 16, i32 16, [1 x i8]* @p_str753, [1 x i8]* @p_str754)"   --->   Operation 226 'specinterface' <Predicate = true> <Delay = 0.00>
ST_7 : Operation 227 [1/1] (0.00ns)   --->   "call void (...)* @_ssdm_op_SpecInterface(i16* %out_stream_group_19_V_V, [8 x i8]* @ap_fifo_str, i32 0, i32 0, [1 x i8]* @p_str742, i32 0, i32 0, [1 x i8]* @p_str743, [1 x i8]* @p_str744, [1 x i8]* @p_str745, i32 2, i32 2, i32 16, i32 16, [1 x i8]* @p_str746, [1 x i8]* @p_str747)"   --->   Operation 227 'specinterface' <Predicate = true> <Delay = 0.00>
ST_7 : Operation 228 [1/1] (0.00ns)   --->   "call void (...)* @_ssdm_op_SpecInterface(i16* %out_stream_group_18_V_V, [8 x i8]* @ap_fifo_str, i32 0, i32 0, [1 x i8]* @p_str735, i32 0, i32 0, [1 x i8]* @p_str736, [1 x i8]* @p_str737, [1 x i8]* @p_str738, i32 2, i32 2, i32 16, i32 16, [1 x i8]* @p_str739, [1 x i8]* @p_str740)"   --->   Operation 228 'specinterface' <Predicate = true> <Delay = 0.00>
ST_7 : Operation 229 [1/1] (0.00ns)   --->   "call void (...)* @_ssdm_op_SpecInterface(i16* %out_stream_group_17_V_V, [8 x i8]* @ap_fifo_str, i32 0, i32 0, [1 x i8]* @p_str728, i32 0, i32 0, [1 x i8]* @p_str729, [1 x i8]* @p_str730, [1 x i8]* @p_str731, i32 2, i32 2, i32 16, i32 16, [1 x i8]* @p_str732, [1 x i8]* @p_str733)"   --->   Operation 229 'specinterface' <Predicate = true> <Delay = 0.00>
ST_7 : Operation 230 [1/1] (0.00ns)   --->   "call void (...)* @_ssdm_op_SpecInterface(i16* %out_stream_group_16_V_V, [8 x i8]* @ap_fifo_str, i32 0, i32 0, [1 x i8]* @p_str721, i32 0, i32 0, [1 x i8]* @p_str722, [1 x i8]* @p_str723, [1 x i8]* @p_str724, i32 2, i32 2, i32 16, i32 16, [1 x i8]* @p_str725, [1 x i8]* @p_str726)"   --->   Operation 230 'specinterface' <Predicate = true> <Delay = 0.00>
ST_7 : Operation 231 [1/1] (0.00ns)   --->   "call void (...)* @_ssdm_op_SpecInterface(i16* %out_stream_group_15_V_V, [8 x i8]* @ap_fifo_str, i32 0, i32 0, [1 x i8]* @p_str714, i32 0, i32 0, [1 x i8]* @p_str715, [1 x i8]* @p_str716, [1 x i8]* @p_str717, i32 2, i32 2, i32 16, i32 16, [1 x i8]* @p_str718, [1 x i8]* @p_str719)"   --->   Operation 231 'specinterface' <Predicate = true> <Delay = 0.00>
ST_7 : Operation 232 [1/1] (0.00ns)   --->   "call void (...)* @_ssdm_op_SpecInterface(i16* %out_stream_group_14_V_V, [8 x i8]* @ap_fifo_str, i32 0, i32 0, [1 x i8]* @p_str707, i32 0, i32 0, [1 x i8]* @p_str708, [1 x i8]* @p_str709, [1 x i8]* @p_str710, i32 2, i32 2, i32 16, i32 16, [1 x i8]* @p_str711, [1 x i8]* @p_str712)"   --->   Operation 232 'specinterface' <Predicate = true> <Delay = 0.00>
ST_7 : Operation 233 [1/1] (0.00ns)   --->   "call void (...)* @_ssdm_op_SpecInterface(i16* %out_stream_group_13_V_V, [8 x i8]* @ap_fifo_str, i32 0, i32 0, [1 x i8]* @p_str700, i32 0, i32 0, [1 x i8]* @p_str701, [1 x i8]* @p_str702, [1 x i8]* @p_str703, i32 2, i32 2, i32 16, i32 16, [1 x i8]* @p_str704, [1 x i8]* @p_str705)"   --->   Operation 233 'specinterface' <Predicate = true> <Delay = 0.00>
ST_7 : Operation 234 [1/1] (0.00ns)   --->   "call void (...)* @_ssdm_op_SpecInterface(i16* %out_stream_group_12_V_V, [8 x i8]* @ap_fifo_str, i32 0, i32 0, [1 x i8]* @p_str693, i32 0, i32 0, [1 x i8]* @p_str694, [1 x i8]* @p_str695, [1 x i8]* @p_str696, i32 2, i32 2, i32 16, i32 16, [1 x i8]* @p_str697, [1 x i8]* @p_str698)"   --->   Operation 234 'specinterface' <Predicate = true> <Delay = 0.00>
ST_7 : Operation 235 [1/1] (0.00ns)   --->   "call void (...)* @_ssdm_op_SpecInterface(i16* %out_stream_group_11_V_V, [8 x i8]* @ap_fifo_str, i32 0, i32 0, [1 x i8]* @p_str686, i32 0, i32 0, [1 x i8]* @p_str687, [1 x i8]* @p_str688, [1 x i8]* @p_str689, i32 2, i32 2, i32 16, i32 16, [1 x i8]* @p_str690, [1 x i8]* @p_str691)"   --->   Operation 235 'specinterface' <Predicate = true> <Delay = 0.00>
ST_7 : Operation 236 [1/1] (0.00ns)   --->   "call void (...)* @_ssdm_op_SpecInterface(i16* %out_stream_group_10_V_V, [8 x i8]* @ap_fifo_str, i32 0, i32 0, [1 x i8]* @p_str679, i32 0, i32 0, [1 x i8]* @p_str680, [1 x i8]* @p_str681, [1 x i8]* @p_str682, i32 2, i32 2, i32 16, i32 16, [1 x i8]* @p_str683, [1 x i8]* @p_str684)"   --->   Operation 236 'specinterface' <Predicate = true> <Delay = 0.00>
ST_7 : Operation 237 [1/1] (0.00ns)   --->   "call void (...)* @_ssdm_op_SpecInterface(i16* %out_stream_group_9_V_V, [8 x i8]* @ap_fifo_str, i32 0, i32 0, [1 x i8]* @p_str672, i32 0, i32 0, [1 x i8]* @p_str673, [1 x i8]* @p_str674, [1 x i8]* @p_str675, i32 2, i32 2, i32 16, i32 16, [1 x i8]* @p_str676, [1 x i8]* @p_str677)"   --->   Operation 237 'specinterface' <Predicate = true> <Delay = 0.00>
ST_7 : Operation 238 [1/1] (0.00ns)   --->   "call void (...)* @_ssdm_op_SpecInterface(i16* %out_stream_group_8_V_V, [8 x i8]* @ap_fifo_str, i32 0, i32 0, [1 x i8]* @p_str665, i32 0, i32 0, [1 x i8]* @p_str666, [1 x i8]* @p_str667, [1 x i8]* @p_str668, i32 2, i32 2, i32 16, i32 16, [1 x i8]* @p_str669, [1 x i8]* @p_str670)"   --->   Operation 238 'specinterface' <Predicate = true> <Delay = 0.00>
ST_7 : Operation 239 [1/1] (0.00ns)   --->   "call void (...)* @_ssdm_op_SpecInterface(i16* %out_stream_group_7_V_V, [8 x i8]* @ap_fifo_str, i32 0, i32 0, [1 x i8]* @p_str658, i32 0, i32 0, [1 x i8]* @p_str659, [1 x i8]* @p_str660, [1 x i8]* @p_str661, i32 2, i32 2, i32 16, i32 16, [1 x i8]* @p_str662, [1 x i8]* @p_str663)"   --->   Operation 239 'specinterface' <Predicate = true> <Delay = 0.00>
ST_7 : Operation 240 [1/1] (0.00ns)   --->   "call void (...)* @_ssdm_op_SpecInterface(i16* %out_stream_group_6_V_V, [8 x i8]* @ap_fifo_str, i32 0, i32 0, [1 x i8]* @p_str651, i32 0, i32 0, [1 x i8]* @p_str652, [1 x i8]* @p_str653, [1 x i8]* @p_str654, i32 2, i32 2, i32 16, i32 16, [1 x i8]* @p_str655, [1 x i8]* @p_str656)"   --->   Operation 240 'specinterface' <Predicate = true> <Delay = 0.00>
ST_7 : Operation 241 [1/1] (0.00ns)   --->   "call void (...)* @_ssdm_op_SpecInterface(i16* %out_stream_group_5_V_V, [8 x i8]* @ap_fifo_str, i32 0, i32 0, [1 x i8]* @p_str644, i32 0, i32 0, [1 x i8]* @p_str645, [1 x i8]* @p_str646, [1 x i8]* @p_str647, i32 2, i32 2, i32 16, i32 16, [1 x i8]* @p_str648, [1 x i8]* @p_str649)"   --->   Operation 241 'specinterface' <Predicate = true> <Delay = 0.00>
ST_7 : Operation 242 [1/1] (0.00ns)   --->   "call void (...)* @_ssdm_op_SpecInterface(i16* %out_stream_group_4_V_V, [8 x i8]* @ap_fifo_str, i32 0, i32 0, [1 x i8]* @p_str637, i32 0, i32 0, [1 x i8]* @p_str638, [1 x i8]* @p_str639, [1 x i8]* @p_str640, i32 2, i32 2, i32 16, i32 16, [1 x i8]* @p_str641, [1 x i8]* @p_str642)"   --->   Operation 242 'specinterface' <Predicate = true> <Delay = 0.00>
ST_7 : Operation 243 [1/1] (0.00ns)   --->   "call void (...)* @_ssdm_op_SpecInterface(i16* %out_stream_group_3_V_V, [8 x i8]* @ap_fifo_str, i32 0, i32 0, [1 x i8]* @p_str630, i32 0, i32 0, [1 x i8]* @p_str631, [1 x i8]* @p_str632, [1 x i8]* @p_str633, i32 2, i32 2, i32 16, i32 16, [1 x i8]* @p_str634, [1 x i8]* @p_str635)"   --->   Operation 243 'specinterface' <Predicate = true> <Delay = 0.00>
ST_7 : Operation 244 [1/1] (0.00ns)   --->   "call void (...)* @_ssdm_op_SpecInterface(i16* %out_stream_group_2_V_V, [8 x i8]* @ap_fifo_str, i32 0, i32 0, [1 x i8]* @p_str623, i32 0, i32 0, [1 x i8]* @p_str624, [1 x i8]* @p_str625, [1 x i8]* @p_str626, i32 2, i32 2, i32 16, i32 16, [1 x i8]* @p_str627, [1 x i8]* @p_str628)"   --->   Operation 244 'specinterface' <Predicate = true> <Delay = 0.00>
ST_7 : Operation 245 [1/1] (0.00ns)   --->   "call void (...)* @_ssdm_op_SpecInterface(i16* %out_stream_group_1_V_V, [8 x i8]* @ap_fifo_str, i32 0, i32 0, [1 x i8]* @p_str616, i32 0, i32 0, [1 x i8]* @p_str617, [1 x i8]* @p_str618, [1 x i8]* @p_str619, i32 2, i32 2, i32 16, i32 16, [1 x i8]* @p_str620, [1 x i8]* @p_str621)"   --->   Operation 245 'specinterface' <Predicate = true> <Delay = 0.00>
ST_7 : Operation 246 [1/1] (0.00ns)   --->   "call void (...)* @_ssdm_op_SpecInterface(i16* %out_stream_group_0_V_V, [8 x i8]* @ap_fifo_str, i32 0, i32 0, [1 x i8]* @p_str609, i32 0, i32 0, [1 x i8]* @p_str610, [1 x i8]* @p_str611, [1 x i8]* @p_str612, i32 2, i32 2, i32 16, i32 16, [1 x i8]* @p_str613, [1 x i8]* @p_str614)"   --->   Operation 246 'specinterface' <Predicate = true> <Delay = 0.00>
ST_7 : Operation 247 [1/1] (0.00ns)   --->   "call void (...)* @_ssdm_op_SpecInterface(i64* %outStream_V_data, i8* %outStream_V_keep_V, i8* %outStream_V_strb_V, i2* %outStream_V_user_V, i1* %outStream_V_last_V, i5* %outStream_V_id_V, i6* %outStream_V_dest_V, [5 x i8]* @p_str3, i32 0, i32 0, [5 x i8]* @p_str4, i32 0, i32 0, [1 x i8]* @p_str1, [1 x i8]* @p_str1, [1 x i8]* @p_str1, i32 0, i32 0, i32 0, i32 0, [1 x i8]* @p_str1, [1 x i8]* @p_str1) nounwind"   --->   Operation 247 'specinterface' <Predicate = true> <Delay = 0.00>
ST_7 : Operation 248 [1/1] (0.00ns)   --->   "br label %._crit_edge2.0" [yolo_conv_fp_2019_64_rec/src/yolo_conv.cpp:353]   --->   Operation 248 'br' <Predicate = (!tmp & phi_ln114)> <Delay = 0.00>
ST_7 : Operation 249 [1/1] (0.00ns)   --->   "br label %._crit_edge.0" [yolo_conv_fp_2019_64_rec/src/yolo_conv.cpp:353]   --->   Operation 249 'br' <Predicate = (!tmp)> <Delay = 0.00>
ST_7 : Operation 250 [1/1] (0.00ns)   --->   "br label %._crit_edge2.1" [yolo_conv_fp_2019_64_rec/src/yolo_conv.cpp:353]   --->   Operation 250 'br' <Predicate = (!tmp_82 & phi_ln114_2)> <Delay = 0.00>
ST_7 : Operation 251 [1/1] (0.00ns)   --->   "br label %._crit_edge.1" [yolo_conv_fp_2019_64_rec/src/yolo_conv.cpp:353]   --->   Operation 251 'br' <Predicate = (!tmp_82)> <Delay = 0.00>
ST_7 : Operation 252 [1/1] (0.00ns)   --->   "br label %._crit_edge2.2" [yolo_conv_fp_2019_64_rec/src/yolo_conv.cpp:353]   --->   Operation 252 'br' <Predicate = (!tmp_83 & tmp_36)> <Delay = 0.00>
ST_7 : Operation 253 [1/1] (0.00ns)   --->   "br label %._crit_edge.2" [yolo_conv_fp_2019_64_rec/src/yolo_conv.cpp:353]   --->   Operation 253 'br' <Predicate = (!tmp_83)> <Delay = 0.00>
ST_7 : Operation 254 [1/1] (0.00ns)   --->   "br i1 %tmp_37, label %branch524, label %._crit_edge2.3" [yolo_conv_fp_2019_64_rec/src/yolo_conv.cpp:303]   --->   Operation 254 'br' <Predicate = (!tmp_84)> <Delay = 0.00>
ST_7 : Operation 255 [1/1] (0.00ns)   --->   "br label %._crit_edge2.3" [yolo_conv_fp_2019_64_rec/src/yolo_conv.cpp:353]   --->   Operation 255 'br' <Predicate = (!tmp_84 & tmp_37)> <Delay = 0.00>
ST_7 : Operation 256 [1/1] (0.00ns)   --->   "br label %._crit_edge.3" [yolo_conv_fp_2019_64_rec/src/yolo_conv.cpp:353]   --->   Operation 256 'br' <Predicate = (!tmp_84)> <Delay = 0.00>
ST_7 : Operation 257 [1/1] (0.00ns)   --->   "br label %._crit_edge2.4" [yolo_conv_fp_2019_64_rec/src/yolo_conv.cpp:353]   --->   Operation 257 'br' <Predicate = (!tmp_85 & tmp_38)> <Delay = 0.00>
ST_7 : Operation 258 [1/1] (0.00ns)   --->   "br label %._crit_edge.4" [yolo_conv_fp_2019_64_rec/src/yolo_conv.cpp:353]   --->   Operation 258 'br' <Predicate = (!tmp_85)> <Delay = 0.00>
ST_7 : Operation 259 [1/1] (0.00ns)   --->   "br i1 %tmp_39, label %branch148, label %._crit_edge2.5" [yolo_conv_fp_2019_64_rec/src/yolo_conv.cpp:303]   --->   Operation 259 'br' <Predicate = (!tmp_86)> <Delay = 0.00>
ST_7 : Operation 260 [1/1] (0.00ns)   --->   "%empty_56 = phi i16 [ %tmp_V_102, %branch23 ], [ 0, %branch148 ]"   --->   Operation 260 'phi' 'empty_56' <Predicate = (!tmp_86 & tmp_39)> <Delay = 0.00>
ST_7 : Operation 261 [1/1] (0.00ns)   --->   "%tmp_data_5 = call i64 @_ssdm_op_BitConcatenate.i64.i16.i16.i16.i16(i16 %empty_56, i16 %tmp_V_101, i16 %tmp_V_100, i16 %tmp_V_99)" [yolo_conv_fp_2019_64_rec/src/yolo_conv.cpp:351]   --->   Operation 261 'bitconcatenate' 'tmp_data_5' <Predicate = (!tmp_86 & tmp_39)> <Delay = 0.00>
ST_7 : Operation 262 [1/1] (0.00ns)   --->   "call void @_ssdm_op_Write.axis.volatile.i64P.i8P.i8P.i2P.i1P.i5P.i6P(i64* %outStream_V_data, i8* %outStream_V_keep_V, i8* %outStream_V_strb_V, i2* %outStream_V_user_V, i1* %outStream_V_last_V, i5* %outStream_V_id_V, i6* %outStream_V_dest_V, i64 %tmp_data_5, i8 %tmp_keep_V, i8 %tmp_strb_V, i2 %tmp_user_V, i1 %tmp_last_V_5, i5 %tmp_id_V, i6 %tmp_dest_V)" [yolo_conv_fp_2019_64_rec/src/yolo_conv.cpp:351]   --->   Operation 262 'write' <Predicate = (!tmp_86 & tmp_39)> <Delay = 0.00> <Core = "AXI4Stream">   --->   Core 5 'AXI4Stream' <Latency = 0> <II = 1> <Delay = 1.00> <Adapter> <Opcode : >
ST_7 : Operation 263 [1/1] (0.00ns)   --->   "br label %._crit_edge2.5" [yolo_conv_fp_2019_64_rec/src/yolo_conv.cpp:353]   --->   Operation 263 'br' <Predicate = (!tmp_86 & tmp_39)> <Delay = 0.00>
ST_7 : Operation 264 [1/1] (0.00ns)   --->   "br label %._crit_edge.5" [yolo_conv_fp_2019_64_rec/src/yolo_conv.cpp:353]   --->   Operation 264 'br' <Predicate = (!tmp_86)> <Delay = 0.00>
ST_7 : Operation 265 [1/1] (0.00ns)   --->   "ret void" [yolo_conv_fp_2019_64_rec/src/yolo_conv.cpp:356]   --->   Operation 265 'ret' <Predicate = true> <Delay = 0.00>


============================================================
+ Verbose Summary: Timing violations
============================================================
Target clock period: 10ns, clock uncertainty: 2ns.

 <State 1>: 4.83ns
The critical path consists of the following:
	wire read on port 'input_ch_idx_V' [87]  (0 ns)
	'shl' operation ('shl_ln214', yolo_conv_fp_2019_64_rec/src/yolo_conv.cpp:301) [89]  (0 ns)
	'sub' operation ('sub_ln214', yolo_conv_fp_2019_64_rec/src/yolo_conv.cpp:301) [91]  (1.74 ns)
	'add' operation ('add_ln214', yolo_conv_fp_2019_64_rec/src/yolo_conv.cpp:301) [283]  (1.74 ns)
	'icmp' operation ('icmp_ln879_2', yolo_conv_fp_2019_64_rec/src/yolo_conv.cpp:344) [301]  (1.36 ns)

 <State 2>: 5.45ns
The critical path consists of the following:
	fifo read on port 'out_stream_group_27_V_V' (yolo_conv_fp_2019_64_rec/src/yolo_conv.cpp:334) [157]  (3.63 ns)
	multiplexor before 'phi' operation ('tmp.V') with incoming values : ('tmp.V', yolo_conv_fp_2019_64_rec/src/yolo_conv.cpp:334) [163]  (1.81 ns)
	'phi' operation ('tmp.V') with incoming values : ('tmp.V', yolo_conv_fp_2019_64_rec/src/yolo_conv.cpp:334) [163]  (0 ns)

 <State 3>: 5.54ns
The critical path consists of the following:
	fifo read on port 'out_stream_group_23_V_V' (yolo_conv_fp_2019_64_rec/src/yolo_conv.cpp:334) [261]  (3.63 ns)
	multiplexor before 'phi' operation ('tmp.V') with incoming values : ('tmp.V', yolo_conv_fp_2019_64_rec/src/yolo_conv.cpp:334) [273]  (1.91 ns)
	'phi' operation ('tmp.V') with incoming values : ('tmp.V', yolo_conv_fp_2019_64_rec/src/yolo_conv.cpp:334) [273]  (0 ns)

 <State 4>: 4.08ns
The critical path consists of the following:
	'add' operation ('add_ln214_1', yolo_conv_fp_2019_64_rec/src/yolo_conv.cpp:301) [309]  (1.74 ns)
	'icmp' operation ('icmp_ln879_3', yolo_conv_fp_2019_64_rec/src/yolo_conv.cpp:344) [327]  (1.36 ns)
	'and' operation ('op2.V', yolo_conv_fp_2019_64_rec/src/yolo_conv.cpp:344) [328]  (0.978 ns)

 <State 5>: 5.4ns
The critical path consists of the following:
	fifo read on port 'out_stream_group_15_V_V' (yolo_conv_fp_2019_64_rec/src/yolo_conv.cpp:334) [322]  (3.63 ns)
	multiplexor before 'phi' operation ('tmp.V') with incoming values : ('tmp.V', yolo_conv_fp_2019_64_rec/src/yolo_conv.cpp:334) [325]  (1.77 ns)
	'phi' operation ('tmp.V') with incoming values : ('tmp.V', yolo_conv_fp_2019_64_rec/src/yolo_conv.cpp:334) [325]  (0 ns)

 <State 6>: 3.63ns
The critical path consists of the following:
	fifo read on port 'out_stream_group_16_V_V' (yolo_conv_fp_2019_64_rec/src/yolo_conv.cpp:307) [342]  (3.63 ns)

 <State 7>: 0ns
The critical path consists of the following:


============================================================
+ Verbose Summary: Binding
============================================================
N/A
* FSMD analyzer results:
  - Output states:
 - Input state : 
  - Chain level:
	State 1
	State 2
	State 3
	State 4
	State 5
	State 6
	State 7


============================================================
+ Verbose Summary: Datapath Resource usage 
============================================================
N/A
