

================================================================
== Vivado HLS Report for 'slide_window'
================================================================
* Date:           Fri Jul 26 19:40:03 2019

* Version:        2019.1 (Build 2552052 on Fri May 24 15:28:33 MDT 2019)
* Project:        yolo_conv_fp_2019_64
* Solution:       solution1
* Product family: zynq
* Target device:  xc7z020-clg484-1


================================================================
== Performance Estimates
================================================================
+ Timing (ns): 
    * Summary: 
    +--------+-------+----------+------------+
    |  Clock | Target| Estimated| Uncertainty|
    +--------+-------+----------+------------+
    |ap_clk  |   8.00|     4.934|        1.60|
    +--------+-------+----------+------------+

+ Latency (clock cycles): 
    * Summary: 
    +-----+-----+-----+-----+----------+
    |  Latency  |  Interval | Pipeline |
    | min | max | min | max |   Type   |
    +-----+-----+-----+-----+----------+
    |    3|    3|    3|    3| function |
    +-----+-----+-----+-----+----------+

    + Detail: 
        * Instance: 
        N/A

        * Loop: 
        N/A

============================================================
+ Verbose Summary: Synthesis Manager
============================================================
InlineROM: 1
ExposeGlobal: 0
============================================================
+ Verbose Summary: CDFG Model
============================================================
IsTopModel: 0
ResetActiveHigh: 1
IsCombinational: 0
IsDatapathOnly: 0
HasWiredReturn: 1
HasMFsm: 2
HasVarLatency: 0
IsPipeline: 1
IsRtlPipelined: 1
IsInstanceOverlapped: 0
IsDontTouch: 0
HasImplIP: 0
IsGatedGlobalClock: 0

+ Individual pipeline summary: 
  * Pipeline-0: initiation interval (II) = 3, depth = 4


============================================================
+ Verbose Summary: Schedule
============================================================
* Number of FSM states : 4
* Pipeline : 1
  Pipeline-0 : II = 3, D = 4, States = { 1 2 3 4 }
* Dataflow Pipeline: 0

* FSM state transitions: 
1 --> 2 
2 --> 3 
3 --> 4 
4 --> 

* FSM state operations: 

State 1 <SV = 0> <Delay = 4.52>
ST_1 : Operation 5 [1/1] (0.00ns)   --->   "%line_buff_val_V_offs = call i4 @_ssdm_op_Read.ap_auto.i4(i4 %line_buff_val_V_offset)"   --->   Operation 5 'read' 'line_buff_val_V_offs' <Predicate = true> <Delay = 0.00>
ST_1 : Operation 6 [1/1] (0.00ns)   --->   "%conv_count_read = call i9 @_ssdm_op_Read.ap_auto.i9(i9 %conv_count)"   --->   Operation 6 'read' 'conv_count_read' <Predicate = true> <Delay = 0.00>
ST_1 : Operation 7 [1/1] (0.00ns)   --->   "%zext_ln259 = zext i4 %line_buff_val_V_offs to i13" [yolo_conv_fp_2019_64/src/yolo_conv.cpp:259]   --->   Operation 7 'zext' 'zext_ln259' <Predicate = true> <Delay = 0.00>
ST_1 : Operation 8 [1/1] (4.52ns)   --->   "%mul_ln259 = mul i13 %zext_ln259, 418" [yolo_conv_fp_2019_64/src/yolo_conv.cpp:259]   --->   Operation 8 'mul' 'mul_ln259' <Predicate = true> <Delay = 4.52> <Core = "Mul">   --->   Core 16 'Mul' <Latency = 0> <II = 1> <Delay = 4.52> <FuncUnit> <Opcode : 'mul'> <InPorts = 2> <OutPorts = 1>
ST_1 : Operation 9 [1/1] (1.82ns)   --->   "%add_ln259 = add i9 %conv_count_read, 1" [yolo_conv_fp_2019_64/src/yolo_conv.cpp:259]   --->   Operation 9 'add' 'add_ln259' <Predicate = true> <Delay = 1.82> <Core = "AddSub">   --->   Core 14 'AddSub' <Latency = 0> <II = 1> <Delay = 1.67> <FuncUnit> <Opcode : 'add' 'sub'> <InPorts = 2> <OutPorts = 1>

State 2 <SV = 1> <Delay = 4.93>
ST_2 : Operation 10 [1/1] (0.00ns)   --->   "%zext_ln259_1 = zext i9 %conv_count_read to i13" [yolo_conv_fp_2019_64/src/yolo_conv.cpp:259]   --->   Operation 10 'zext' 'zext_ln259_1' <Predicate = true> <Delay = 0.00>
ST_2 : Operation 11 [1/1] (1.67ns)   --->   "%add_ln259_2 = add i13 %zext_ln259_1, %mul_ln259" [yolo_conv_fp_2019_64/src/yolo_conv.cpp:259]   --->   Operation 11 'add' 'add_ln259_2' <Predicate = true> <Delay = 1.67> <Core = "AddSub">   --->   Core 14 'AddSub' <Latency = 0> <II = 1> <Delay = 1.67> <FuncUnit> <Opcode : 'add' 'sub'> <InPorts = 2> <OutPorts = 1>
ST_2 : Operation 12 [1/1] (0.00ns)   --->   "%sext_ln259 = sext i13 %add_ln259_2 to i64" [yolo_conv_fp_2019_64/src/yolo_conv.cpp:259]   --->   Operation 12 'sext' 'sext_ln259' <Predicate = true> <Delay = 0.00>
ST_2 : Operation 13 [1/1] (0.00ns)   --->   "%line_buff_val_0_V_a = getelementptr [3344 x i16]* %line_buff_val_0_V, i64 0, i64 %sext_ln259" [yolo_conv_fp_2019_64/src/yolo_conv.cpp:259]   --->   Operation 13 'getelementptr' 'line_buff_val_0_V_a' <Predicate = true> <Delay = 0.00>
ST_2 : Operation 14 [1/1] (0.00ns)   --->   "%line_buff_val_1_V_a = getelementptr [3344 x i16]* %line_buff_val_1_V, i64 0, i64 %sext_ln259" [yolo_conv_fp_2019_64/src/yolo_conv.cpp:259]   --->   Operation 14 'getelementptr' 'line_buff_val_1_V_a' <Predicate = true> <Delay = 0.00>
ST_2 : Operation 15 [1/1] (0.00ns)   --->   "%line_buff_val_2_V_a = getelementptr [3344 x i16]* %line_buff_val_2_V, i64 0, i64 %sext_ln259" [yolo_conv_fp_2019_64/src/yolo_conv.cpp:259]   --->   Operation 15 'getelementptr' 'line_buff_val_2_V_a' <Predicate = true> <Delay = 0.00>
ST_2 : Operation 16 [2/2] (3.25ns)   --->   "%line_buff_val_0_V_l = load i16* %line_buff_val_0_V_a, align 2" [yolo_conv_fp_2019_64/src/yolo_conv.cpp:259]   --->   Operation 16 'load' 'line_buff_val_0_V_l' <Predicate = true> <Delay = 3.25> <Core = "RAM">   --->   Core 37 'RAM' <Latency = 1> <II = 1> <Delay = 3.25> <Storage> <Opcode : 'load' 'store'> <Ports = 2> <Width = 16> <Depth = 3344> <RAM>
ST_2 : Operation 17 [1/1] (0.00ns)   --->   "%zext_ln259_2 = zext i9 %add_ln259 to i13" [yolo_conv_fp_2019_64/src/yolo_conv.cpp:259]   --->   Operation 17 'zext' 'zext_ln259_2' <Predicate = true> <Delay = 0.00>
ST_2 : Operation 18 [1/1] (1.67ns)   --->   "%add_ln259_3 = add i13 %zext_ln259_2, %mul_ln259" [yolo_conv_fp_2019_64/src/yolo_conv.cpp:259]   --->   Operation 18 'add' 'add_ln259_3' <Predicate = true> <Delay = 1.67> <Core = "AddSub">   --->   Core 14 'AddSub' <Latency = 0> <II = 1> <Delay = 1.67> <FuncUnit> <Opcode : 'add' 'sub'> <InPorts = 2> <OutPorts = 1>
ST_2 : Operation 19 [1/1] (0.00ns)   --->   "%sext_ln259_1 = sext i13 %add_ln259_3 to i64" [yolo_conv_fp_2019_64/src/yolo_conv.cpp:259]   --->   Operation 19 'sext' 'sext_ln259_1' <Predicate = true> <Delay = 0.00>
ST_2 : Operation 20 [1/1] (0.00ns)   --->   "%line_buff_val_0_V_a_1 = getelementptr [3344 x i16]* %line_buff_val_0_V, i64 0, i64 %sext_ln259_1" [yolo_conv_fp_2019_64/src/yolo_conv.cpp:259]   --->   Operation 20 'getelementptr' 'line_buff_val_0_V_a_1' <Predicate = true> <Delay = 0.00>
ST_2 : Operation 21 [1/1] (0.00ns)   --->   "%line_buff_val_1_V_a_1 = getelementptr [3344 x i16]* %line_buff_val_1_V, i64 0, i64 %sext_ln259_1" [yolo_conv_fp_2019_64/src/yolo_conv.cpp:259]   --->   Operation 21 'getelementptr' 'line_buff_val_1_V_a_1' <Predicate = true> <Delay = 0.00>
ST_2 : Operation 22 [1/1] (0.00ns)   --->   "%line_buff_val_2_V_a_1 = getelementptr [3344 x i16]* %line_buff_val_2_V, i64 0, i64 %sext_ln259_1" [yolo_conv_fp_2019_64/src/yolo_conv.cpp:259]   --->   Operation 22 'getelementptr' 'line_buff_val_2_V_a_1' <Predicate = true> <Delay = 0.00>
ST_2 : Operation 23 [2/2] (3.25ns)   --->   "%line_buff_val_0_V_l_1 = load i16* %line_buff_val_0_V_a_1, align 2" [yolo_conv_fp_2019_64/src/yolo_conv.cpp:259]   --->   Operation 23 'load' 'line_buff_val_0_V_l_1' <Predicate = true> <Delay = 3.25> <Core = "RAM">   --->   Core 37 'RAM' <Latency = 1> <II = 1> <Delay = 3.25> <Storage> <Opcode : 'load' 'store'> <Ports = 2> <Width = 16> <Depth = 3344> <RAM>
ST_2 : Operation 24 [1/1] (1.82ns)   --->   "%add_ln259_1 = add i9 %conv_count_read, 2" [yolo_conv_fp_2019_64/src/yolo_conv.cpp:259]   --->   Operation 24 'add' 'add_ln259_1' <Predicate = true> <Delay = 1.82> <Core = "AddSub">   --->   Core 14 'AddSub' <Latency = 0> <II = 1> <Delay = 1.67> <FuncUnit> <Opcode : 'add' 'sub'> <InPorts = 2> <OutPorts = 1>
ST_2 : Operation 25 [1/1] (0.00ns)   --->   "%zext_ln259_3 = zext i9 %add_ln259_1 to i13" [yolo_conv_fp_2019_64/src/yolo_conv.cpp:259]   --->   Operation 25 'zext' 'zext_ln259_3' <Predicate = true> <Delay = 0.00>
ST_2 : Operation 26 [1/1] (1.67ns)   --->   "%add_ln259_4 = add i13 %zext_ln259_3, %mul_ln259" [yolo_conv_fp_2019_64/src/yolo_conv.cpp:259]   --->   Operation 26 'add' 'add_ln259_4' <Predicate = true> <Delay = 1.67> <Core = "AddSub">   --->   Core 14 'AddSub' <Latency = 0> <II = 1> <Delay = 1.67> <FuncUnit> <Opcode : 'add' 'sub'> <InPorts = 2> <OutPorts = 1>
ST_2 : Operation 27 [2/2] (3.25ns)   --->   "%line_buff_val_1_V_l = load i16* %line_buff_val_1_V_a, align 2" [yolo_conv_fp_2019_64/src/yolo_conv.cpp:259]   --->   Operation 27 'load' 'line_buff_val_1_V_l' <Predicate = true> <Delay = 3.25> <Core = "RAM">   --->   Core 37 'RAM' <Latency = 1> <II = 1> <Delay = 3.25> <Storage> <Opcode : 'load' 'store'> <Ports = 2> <Width = 16> <Depth = 3344> <RAM>
ST_2 : Operation 28 [2/2] (3.25ns)   --->   "%line_buff_val_1_V_l_1 = load i16* %line_buff_val_1_V_a_1, align 2" [yolo_conv_fp_2019_64/src/yolo_conv.cpp:259]   --->   Operation 28 'load' 'line_buff_val_1_V_l_1' <Predicate = true> <Delay = 3.25> <Core = "RAM">   --->   Core 37 'RAM' <Latency = 1> <II = 1> <Delay = 3.25> <Storage> <Opcode : 'load' 'store'> <Ports = 2> <Width = 16> <Depth = 3344> <RAM>
ST_2 : Operation 29 [2/2] (3.25ns)   --->   "%line_buff_val_2_V_l = load i16* %line_buff_val_2_V_a, align 2" [yolo_conv_fp_2019_64/src/yolo_conv.cpp:259]   --->   Operation 29 'load' 'line_buff_val_2_V_l' <Predicate = true> <Delay = 3.25> <Core = "RAM">   --->   Core 37 'RAM' <Latency = 1> <II = 1> <Delay = 3.25> <Storage> <Opcode : 'load' 'store'> <Ports = 2> <Width = 16> <Depth = 3344> <RAM>
ST_2 : Operation 30 [2/2] (3.25ns)   --->   "%line_buff_val_2_V_l_1 = load i16* %line_buff_val_2_V_a_1, align 2" [yolo_conv_fp_2019_64/src/yolo_conv.cpp:259]   --->   Operation 30 'load' 'line_buff_val_2_V_l_1' <Predicate = true> <Delay = 3.25> <Core = "RAM">   --->   Core 37 'RAM' <Latency = 1> <II = 1> <Delay = 3.25> <Storage> <Opcode : 'load' 'store'> <Ports = 2> <Width = 16> <Depth = 3344> <RAM>

State 3 <SV = 2> <Delay = 3.25>
ST_3 : Operation 31 [1/2] (3.25ns)   --->   "%line_buff_val_0_V_l = load i16* %line_buff_val_0_V_a, align 2" [yolo_conv_fp_2019_64/src/yolo_conv.cpp:259]   --->   Operation 31 'load' 'line_buff_val_0_V_l' <Predicate = true> <Delay = 3.25> <Core = "RAM">   --->   Core 37 'RAM' <Latency = 1> <II = 1> <Delay = 3.25> <Storage> <Opcode : 'load' 'store'> <Ports = 2> <Width = 16> <Depth = 3344> <RAM>
ST_3 : Operation 32 [1/2] (3.25ns)   --->   "%line_buff_val_0_V_l_1 = load i16* %line_buff_val_0_V_a_1, align 2" [yolo_conv_fp_2019_64/src/yolo_conv.cpp:259]   --->   Operation 32 'load' 'line_buff_val_0_V_l_1' <Predicate = true> <Delay = 3.25> <Core = "RAM">   --->   Core 37 'RAM' <Latency = 1> <II = 1> <Delay = 3.25> <Storage> <Opcode : 'load' 'store'> <Ports = 2> <Width = 16> <Depth = 3344> <RAM>
ST_3 : Operation 33 [1/1] (0.00ns)   --->   "%sext_ln259_2 = sext i13 %add_ln259_4 to i64" [yolo_conv_fp_2019_64/src/yolo_conv.cpp:259]   --->   Operation 33 'sext' 'sext_ln259_2' <Predicate = true> <Delay = 0.00>
ST_3 : Operation 34 [1/1] (0.00ns)   --->   "%line_buff_val_0_V_a_2 = getelementptr [3344 x i16]* %line_buff_val_0_V, i64 0, i64 %sext_ln259_2" [yolo_conv_fp_2019_64/src/yolo_conv.cpp:259]   --->   Operation 34 'getelementptr' 'line_buff_val_0_V_a_2' <Predicate = true> <Delay = 0.00>
ST_3 : Operation 35 [1/1] (0.00ns)   --->   "%line_buff_val_1_V_a_2 = getelementptr [3344 x i16]* %line_buff_val_1_V, i64 0, i64 %sext_ln259_2" [yolo_conv_fp_2019_64/src/yolo_conv.cpp:259]   --->   Operation 35 'getelementptr' 'line_buff_val_1_V_a_2' <Predicate = true> <Delay = 0.00>
ST_3 : Operation 36 [1/1] (0.00ns)   --->   "%line_buff_val_2_V_a_2 = getelementptr [3344 x i16]* %line_buff_val_2_V, i64 0, i64 %sext_ln259_2" [yolo_conv_fp_2019_64/src/yolo_conv.cpp:259]   --->   Operation 36 'getelementptr' 'line_buff_val_2_V_a_2' <Predicate = true> <Delay = 0.00>
ST_3 : Operation 37 [2/2] (3.25ns)   --->   "%line_buff_val_0_V_l_2 = load i16* %line_buff_val_0_V_a_2, align 2" [yolo_conv_fp_2019_64/src/yolo_conv.cpp:259]   --->   Operation 37 'load' 'line_buff_val_0_V_l_2' <Predicate = true> <Delay = 3.25> <Core = "RAM">   --->   Core 37 'RAM' <Latency = 1> <II = 1> <Delay = 3.25> <Storage> <Opcode : 'load' 'store'> <Ports = 2> <Width = 16> <Depth = 3344> <RAM>
ST_3 : Operation 38 [1/2] (3.25ns)   --->   "%line_buff_val_1_V_l = load i16* %line_buff_val_1_V_a, align 2" [yolo_conv_fp_2019_64/src/yolo_conv.cpp:259]   --->   Operation 38 'load' 'line_buff_val_1_V_l' <Predicate = true> <Delay = 3.25> <Core = "RAM">   --->   Core 37 'RAM' <Latency = 1> <II = 1> <Delay = 3.25> <Storage> <Opcode : 'load' 'store'> <Ports = 2> <Width = 16> <Depth = 3344> <RAM>
ST_3 : Operation 39 [1/2] (3.25ns)   --->   "%line_buff_val_1_V_l_1 = load i16* %line_buff_val_1_V_a_1, align 2" [yolo_conv_fp_2019_64/src/yolo_conv.cpp:259]   --->   Operation 39 'load' 'line_buff_val_1_V_l_1' <Predicate = true> <Delay = 3.25> <Core = "RAM">   --->   Core 37 'RAM' <Latency = 1> <II = 1> <Delay = 3.25> <Storage> <Opcode : 'load' 'store'> <Ports = 2> <Width = 16> <Depth = 3344> <RAM>
ST_3 : Operation 40 [2/2] (3.25ns)   --->   "%line_buff_val_1_V_l_2 = load i16* %line_buff_val_1_V_a_2, align 2" [yolo_conv_fp_2019_64/src/yolo_conv.cpp:259]   --->   Operation 40 'load' 'line_buff_val_1_V_l_2' <Predicate = true> <Delay = 3.25> <Core = "RAM">   --->   Core 37 'RAM' <Latency = 1> <II = 1> <Delay = 3.25> <Storage> <Opcode : 'load' 'store'> <Ports = 2> <Width = 16> <Depth = 3344> <RAM>
ST_3 : Operation 41 [1/2] (3.25ns)   --->   "%line_buff_val_2_V_l = load i16* %line_buff_val_2_V_a, align 2" [yolo_conv_fp_2019_64/src/yolo_conv.cpp:259]   --->   Operation 41 'load' 'line_buff_val_2_V_l' <Predicate = true> <Delay = 3.25> <Core = "RAM">   --->   Core 37 'RAM' <Latency = 1> <II = 1> <Delay = 3.25> <Storage> <Opcode : 'load' 'store'> <Ports = 2> <Width = 16> <Depth = 3344> <RAM>
ST_3 : Operation 42 [1/2] (3.25ns)   --->   "%line_buff_val_2_V_l_1 = load i16* %line_buff_val_2_V_a_1, align 2" [yolo_conv_fp_2019_64/src/yolo_conv.cpp:259]   --->   Operation 42 'load' 'line_buff_val_2_V_l_1' <Predicate = true> <Delay = 3.25> <Core = "RAM">   --->   Core 37 'RAM' <Latency = 1> <II = 1> <Delay = 3.25> <Storage> <Opcode : 'load' 'store'> <Ports = 2> <Width = 16> <Depth = 3344> <RAM>
ST_3 : Operation 43 [2/2] (3.25ns)   --->   "%line_buff_val_2_V_l_2 = load i16* %line_buff_val_2_V_a_2, align 2" [yolo_conv_fp_2019_64/src/yolo_conv.cpp:259]   --->   Operation 43 'load' 'line_buff_val_2_V_l_2' <Predicate = true> <Delay = 3.25> <Core = "RAM">   --->   Core 37 'RAM' <Latency = 1> <II = 1> <Delay = 3.25> <Storage> <Opcode : 'load' 'store'> <Ports = 2> <Width = 16> <Depth = 3344> <RAM>

State 4 <SV = 3> <Delay = 3.25>
ST_4 : Operation 44 [1/2] (3.25ns)   --->   "%line_buff_val_0_V_l_2 = load i16* %line_buff_val_0_V_a_2, align 2" [yolo_conv_fp_2019_64/src/yolo_conv.cpp:259]   --->   Operation 44 'load' 'line_buff_val_0_V_l_2' <Predicate = true> <Delay = 3.25> <Core = "RAM">   --->   Core 37 'RAM' <Latency = 1> <II = 1> <Delay = 3.25> <Storage> <Opcode : 'load' 'store'> <Ports = 2> <Width = 16> <Depth = 3344> <RAM>
ST_4 : Operation 45 [1/2] (3.25ns)   --->   "%line_buff_val_1_V_l_2 = load i16* %line_buff_val_1_V_a_2, align 2" [yolo_conv_fp_2019_64/src/yolo_conv.cpp:259]   --->   Operation 45 'load' 'line_buff_val_1_V_l_2' <Predicate = true> <Delay = 3.25> <Core = "RAM">   --->   Core 37 'RAM' <Latency = 1> <II = 1> <Delay = 3.25> <Storage> <Opcode : 'load' 'store'> <Ports = 2> <Width = 16> <Depth = 3344> <RAM>
ST_4 : Operation 46 [1/2] (3.25ns)   --->   "%line_buff_val_2_V_l_2 = load i16* %line_buff_val_2_V_a_2, align 2" [yolo_conv_fp_2019_64/src/yolo_conv.cpp:259]   --->   Operation 46 'load' 'line_buff_val_2_V_l_2' <Predicate = true> <Delay = 3.25> <Core = "RAM">   --->   Core 37 'RAM' <Latency = 1> <II = 1> <Delay = 3.25> <Storage> <Opcode : 'load' 'store'> <Ports = 2> <Width = 16> <Depth = 3344> <RAM>
ST_4 : Operation 47 [1/1] (0.00ns)   --->   "%mrv = insertvalue { i16, i16, i16, i16, i16, i16, i16, i16, i16 } undef, i16 %line_buff_val_0_V_l, 0" [yolo_conv_fp_2019_64/src/yolo_conv.cpp:264]   --->   Operation 47 'insertvalue' 'mrv' <Predicate = true> <Delay = 0.00>
ST_4 : Operation 48 [1/1] (0.00ns)   --->   "%mrv_1 = insertvalue { i16, i16, i16, i16, i16, i16, i16, i16, i16 } %mrv, i16 %line_buff_val_0_V_l_1, 1" [yolo_conv_fp_2019_64/src/yolo_conv.cpp:264]   --->   Operation 48 'insertvalue' 'mrv_1' <Predicate = true> <Delay = 0.00>
ST_4 : Operation 49 [1/1] (0.00ns)   --->   "%mrv_2 = insertvalue { i16, i16, i16, i16, i16, i16, i16, i16, i16 } %mrv_1, i16 %line_buff_val_0_V_l_2, 2" [yolo_conv_fp_2019_64/src/yolo_conv.cpp:264]   --->   Operation 49 'insertvalue' 'mrv_2' <Predicate = true> <Delay = 0.00>
ST_4 : Operation 50 [1/1] (0.00ns)   --->   "%mrv_3 = insertvalue { i16, i16, i16, i16, i16, i16, i16, i16, i16 } %mrv_2, i16 %line_buff_val_1_V_l, 3" [yolo_conv_fp_2019_64/src/yolo_conv.cpp:264]   --->   Operation 50 'insertvalue' 'mrv_3' <Predicate = true> <Delay = 0.00>
ST_4 : Operation 51 [1/1] (0.00ns)   --->   "%mrv_4 = insertvalue { i16, i16, i16, i16, i16, i16, i16, i16, i16 } %mrv_3, i16 %line_buff_val_1_V_l_1, 4" [yolo_conv_fp_2019_64/src/yolo_conv.cpp:264]   --->   Operation 51 'insertvalue' 'mrv_4' <Predicate = true> <Delay = 0.00>
ST_4 : Operation 52 [1/1] (0.00ns)   --->   "%mrv_5 = insertvalue { i16, i16, i16, i16, i16, i16, i16, i16, i16 } %mrv_4, i16 %line_buff_val_1_V_l_2, 5" [yolo_conv_fp_2019_64/src/yolo_conv.cpp:264]   --->   Operation 52 'insertvalue' 'mrv_5' <Predicate = true> <Delay = 0.00>
ST_4 : Operation 53 [1/1] (0.00ns)   --->   "%mrv_6 = insertvalue { i16, i16, i16, i16, i16, i16, i16, i16, i16 } %mrv_5, i16 %line_buff_val_2_V_l, 6" [yolo_conv_fp_2019_64/src/yolo_conv.cpp:264]   --->   Operation 53 'insertvalue' 'mrv_6' <Predicate = true> <Delay = 0.00>
ST_4 : Operation 54 [1/1] (0.00ns)   --->   "%mrv_7 = insertvalue { i16, i16, i16, i16, i16, i16, i16, i16, i16 } %mrv_6, i16 %line_buff_val_2_V_l_1, 7" [yolo_conv_fp_2019_64/src/yolo_conv.cpp:264]   --->   Operation 54 'insertvalue' 'mrv_7' <Predicate = true> <Delay = 0.00>
ST_4 : Operation 55 [1/1] (0.00ns)   --->   "%mrv_8 = insertvalue { i16, i16, i16, i16, i16, i16, i16, i16, i16 } %mrv_7, i16 %line_buff_val_2_V_l_2, 8" [yolo_conv_fp_2019_64/src/yolo_conv.cpp:264]   --->   Operation 55 'insertvalue' 'mrv_8' <Predicate = true> <Delay = 0.00>
ST_4 : Operation 56 [1/1] (0.00ns)   --->   "ret { i16, i16, i16, i16, i16, i16, i16, i16, i16 } %mrv_8" [yolo_conv_fp_2019_64/src/yolo_conv.cpp:264]   --->   Operation 56 'ret' <Predicate = true> <Delay = 0.00>


============================================================
+ Verbose Summary: Binding
============================================================
STG Binding: 
---------------- STG Properties BEGIN ----------------
- Is combinational: 0
- Is one-state seq: 0
- Is datapath-only: 0
- Is pipelined: 1
- Is top level: 0
Port [ Return ] is wired: 1; IO mode=ap_ctrl_hs:ce=0
Port [ conv_count]:  wired=1; compound=0; hidden=0; nouse=0; global=0; static=0; extern=0; dir=0; type=0; pingpong=0; private_global=0; IO mode=ap_none:ce=0
Port [ line_buff_val_0_V]:  wired=1; compound=1; hidden=0; nouse=0; global=0; static=0; extern=0; dir=0; type=1; pingpong=0; private_global=0; MemPort=[11]; IO mode=ap_memory:ce=0
Port [ line_buff_val_1_V]:  wired=1; compound=1; hidden=0; nouse=0; global=0; static=0; extern=0; dir=0; type=1; pingpong=0; private_global=0; MemPort=[11]; IO mode=ap_memory:ce=0
Port [ line_buff_val_2_V]:  wired=1; compound=1; hidden=0; nouse=0; global=0; static=0; extern=0; dir=0; type=1; pingpong=0; private_global=0; MemPort=[11]; IO mode=ap_memory:ce=0
Port [ line_buff_val_V_offset]:  wired=1; compound=0; hidden=0; nouse=0; global=0; static=0; extern=0; dir=0; type=0; pingpong=0; private_global=0; IO mode=ap_none:ce=0
---------------- STG Properties END ------------------

---------------- Datapath Model BEGIN ----------------

<LifeTime>
<method=bitvector/>
line_buff_val_V_offs  (read         ) [ 00000]
conv_count_read       (read         ) [ 00100]
zext_ln259            (zext         ) [ 00000]
mul_ln259             (mul          ) [ 00100]
add_ln259             (add          ) [ 00100]
zext_ln259_1          (zext         ) [ 00000]
add_ln259_2           (add          ) [ 00000]
sext_ln259            (sext         ) [ 00000]
line_buff_val_0_V_a   (getelementptr) [ 00010]
line_buff_val_1_V_a   (getelementptr) [ 00010]
line_buff_val_2_V_a   (getelementptr) [ 00010]
zext_ln259_2          (zext         ) [ 00000]
add_ln259_3           (add          ) [ 00000]
sext_ln259_1          (sext         ) [ 00000]
line_buff_val_0_V_a_1 (getelementptr) [ 00010]
line_buff_val_1_V_a_1 (getelementptr) [ 00010]
line_buff_val_2_V_a_1 (getelementptr) [ 00010]
add_ln259_1           (add          ) [ 00000]
zext_ln259_3          (zext         ) [ 00000]
add_ln259_4           (add          ) [ 00010]
line_buff_val_0_V_l   (load         ) [ 01001]
line_buff_val_0_V_l_1 (load         ) [ 01001]
sext_ln259_2          (sext         ) [ 00000]
line_buff_val_0_V_a_2 (getelementptr) [ 01001]
line_buff_val_1_V_a_2 (getelementptr) [ 01001]
line_buff_val_2_V_a_2 (getelementptr) [ 01001]
line_buff_val_1_V_l   (load         ) [ 01001]
line_buff_val_1_V_l_1 (load         ) [ 01001]
line_buff_val_2_V_l   (load         ) [ 01001]
line_buff_val_2_V_l_1 (load         ) [ 01001]
line_buff_val_0_V_l_2 (load         ) [ 00000]
line_buff_val_1_V_l_2 (load         ) [ 00000]
line_buff_val_2_V_l_2 (load         ) [ 00000]
mrv                   (insertvalue  ) [ 00000]
mrv_1                 (insertvalue  ) [ 00000]
mrv_2                 (insertvalue  ) [ 00000]
mrv_3                 (insertvalue  ) [ 00000]
mrv_4                 (insertvalue  ) [ 00000]
mrv_5                 (insertvalue  ) [ 00000]
mrv_6                 (insertvalue  ) [ 00000]
mrv_7                 (insertvalue  ) [ 00000]
mrv_8                 (insertvalue  ) [ 00000]
ret_ln264             (ret          ) [ 00000]
</LifeTime>

<model>

<comp_list>
<comp id="0" class="1000" name="conv_count">
<pin_list>
<pin id="1" dir="1" index="0" bw="1" slack="0"/>
</pin_list>
<bind>
<StgValue><ssdm name="conv_count"/></StgValue>
</bind>
</comp>

<comp id="2" class="1000" name="line_buff_val_0_V">
<pin_list>
<pin id="3" dir="1" index="0" bw="1" slack="0"/>
</pin_list>
<bind>
<StgValue><ssdm name="line_buff_val_0_V"/><MemPortTyVec>1 1 </MemPortTyVec>
</StgValue>
</bind>
</comp>

<comp id="4" class="1000" name="line_buff_val_1_V">
<pin_list>
<pin id="5" dir="1" index="0" bw="1" slack="0"/>
</pin_list>
<bind>
<StgValue><ssdm name="line_buff_val_1_V"/><MemPortTyVec>1 1 </MemPortTyVec>
</StgValue>
</bind>
</comp>

<comp id="6" class="1000" name="line_buff_val_2_V">
<pin_list>
<pin id="7" dir="1" index="0" bw="1" slack="0"/>
</pin_list>
<bind>
<StgValue><ssdm name="line_buff_val_2_V"/><MemPortTyVec>1 1 </MemPortTyVec>
</StgValue>
</bind>
</comp>

<comp id="8" class="1000" name="line_buff_val_V_offset">
<pin_list>
<pin id="9" dir="1" index="0" bw="1" slack="0"/>
</pin_list>
<bind>
<StgValue><ssdm name="line_buff_val_V_offset"/></StgValue>
</bind>
</comp>

<comp id="10" class="1001" name="const_10">
<pin_list>
<pin id="11" dir="1" index="0" bw="1" slack="0"/>
</pin_list>
<bind>
<StgValue><ssdm name="_ssdm_op_Read.ap_auto.i4"/></StgValue>
</bind>
</comp>

<comp id="12" class="1001" name="const_12">
<pin_list>
<pin id="13" dir="1" index="0" bw="1" slack="0"/>
</pin_list>
<bind>
<StgValue><ssdm name="_ssdm_op_Read.ap_auto.i9"/></StgValue>
</bind>
</comp>

<comp id="14" class="1001" name="const_14">
<pin_list>
<pin id="15" dir="1" index="0" bw="1" slack="0"/>
</pin_list>
<bind>
<StgValue><ssdm name=""/></StgValue>
</bind>
</comp>

<comp id="16" class="1001" name="const_16">
<pin_list>
<pin id="17" dir="1" index="0" bw="1" slack="0"/>
</pin_list>
<bind>
<StgValue><ssdm name=""/></StgValue>
</bind>
</comp>

<comp id="18" class="1001" name="const_18">
<pin_list>
<pin id="19" dir="1" index="0" bw="1" slack="0"/>
</pin_list>
<bind>
<StgValue><ssdm name=""/></StgValue>
</bind>
</comp>

<comp id="20" class="1001" name="const_20">
<pin_list>
<pin id="21" dir="1" index="0" bw="1" slack="0"/>
</pin_list>
<bind>
<StgValue><ssdm name=""/></StgValue>
</bind>
</comp>

<comp id="22" class="1001" name="const_22">
<pin_list>
<pin id="23" dir="1" index="0" bw="1" slack="0"/>
</pin_list>
<bind>
<StgValue><ssdm name=""/></StgValue>
</bind>
</comp>

<comp id="24" class="1004" name="line_buff_val_V_offs_read_fu_24">
<pin_list>
<pin id="25" dir="0" index="0" bw="4" slack="0"/>
<pin id="26" dir="0" index="1" bw="4" slack="0"/>
<pin id="27" dir="1" index="2" bw="4" slack="0"/>
</pin_list>
<bind>
<opcode="read(1150) " fcode="read"/>
<opset="line_buff_val_V_offs/1 "/>
</bind>
</comp>

<comp id="30" class="1004" name="conv_count_read_read_fu_30">
<pin_list>
<pin id="31" dir="0" index="0" bw="9" slack="0"/>
<pin id="32" dir="0" index="1" bw="9" slack="0"/>
<pin id="33" dir="1" index="2" bw="9" slack="0"/>
</pin_list>
<bind>
<opcode="read(1150) " fcode="read"/>
<opset="conv_count_read/1 "/>
</bind>
</comp>

<comp id="36" class="1004" name="line_buff_val_0_V_a_gep_fu_36">
<pin_list>
<pin id="37" dir="0" index="0" bw="16" slack="0"/>
<pin id="38" dir="0" index="1" bw="1" slack="0"/>
<pin id="39" dir="0" index="2" bw="13" slack="0"/>
<pin id="40" dir="1" index="3" bw="12" slack="0"/>
</pin_list>
<bind>
<opcode="getelementptr(29) " fcode="getelementptr"/>
<opset="line_buff_val_0_V_a/2 "/>
</bind>
</comp>

<comp id="43" class="1004" name="line_buff_val_1_V_a_gep_fu_43">
<pin_list>
<pin id="44" dir="0" index="0" bw="16" slack="0"/>
<pin id="45" dir="0" index="1" bw="1" slack="0"/>
<pin id="46" dir="0" index="2" bw="13" slack="0"/>
<pin id="47" dir="1" index="3" bw="12" slack="0"/>
</pin_list>
<bind>
<opcode="getelementptr(29) " fcode="getelementptr"/>
<opset="line_buff_val_1_V_a/2 "/>
</bind>
</comp>

<comp id="50" class="1004" name="line_buff_val_2_V_a_gep_fu_50">
<pin_list>
<pin id="51" dir="0" index="0" bw="16" slack="0"/>
<pin id="52" dir="0" index="1" bw="1" slack="0"/>
<pin id="53" dir="0" index="2" bw="13" slack="0"/>
<pin id="54" dir="1" index="3" bw="12" slack="0"/>
</pin_list>
<bind>
<opcode="getelementptr(29) " fcode="getelementptr"/>
<opset="line_buff_val_2_V_a/2 "/>
</bind>
</comp>

<comp id="57" class="1004" name="grp_access_fu_57">
<pin_list>
<pin id="58" dir="0" index="0" bw="12" slack="0"/>
<pin id="59" dir="0" index="1" bw="16" slack="2147483647"/>
<pin id="60" dir="0" index="2" bw="0" slack="0"/>
<pin id="84" dir="0" index="4" bw="12" slack="2147483647"/>
<pin id="85" dir="0" index="5" bw="16" slack="2147483647"/>
<pin id="86" dir="0" index="6" bw="0" slack="2147483647"/>
<pin id="61" dir="1" index="3" bw="16" slack="0"/>
<pin id="87" dir="1" index="7" bw="16" slack="1"/>
</pin_list>
<bind>
<opcode="load(27) " fcode="load"/>
<opset="line_buff_val_0_V_l/2 line_buff_val_0_V_l_1/2 line_buff_val_0_V_l_2/3 "/>
</bind>
</comp>

<comp id="63" class="1004" name="line_buff_val_0_V_a_1_gep_fu_63">
<pin_list>
<pin id="64" dir="0" index="0" bw="16" slack="0"/>
<pin id="65" dir="0" index="1" bw="1" slack="0"/>
<pin id="66" dir="0" index="2" bw="13" slack="0"/>
<pin id="67" dir="1" index="3" bw="12" slack="0"/>
</pin_list>
<bind>
<opcode="getelementptr(29) " fcode="getelementptr"/>
<opset="line_buff_val_0_V_a_1/2 "/>
</bind>
</comp>

<comp id="70" class="1004" name="line_buff_val_1_V_a_1_gep_fu_70">
<pin_list>
<pin id="71" dir="0" index="0" bw="16" slack="0"/>
<pin id="72" dir="0" index="1" bw="1" slack="0"/>
<pin id="73" dir="0" index="2" bw="13" slack="0"/>
<pin id="74" dir="1" index="3" bw="12" slack="0"/>
</pin_list>
<bind>
<opcode="getelementptr(29) " fcode="getelementptr"/>
<opset="line_buff_val_1_V_a_1/2 "/>
</bind>
</comp>

<comp id="77" class="1004" name="line_buff_val_2_V_a_1_gep_fu_77">
<pin_list>
<pin id="78" dir="0" index="0" bw="16" slack="0"/>
<pin id="79" dir="0" index="1" bw="1" slack="0"/>
<pin id="80" dir="0" index="2" bw="13" slack="0"/>
<pin id="81" dir="1" index="3" bw="12" slack="0"/>
</pin_list>
<bind>
<opcode="getelementptr(29) " fcode="getelementptr"/>
<opset="line_buff_val_2_V_a_1/2 "/>
</bind>
</comp>

<comp id="89" class="1004" name="grp_access_fu_89">
<pin_list>
<pin id="90" dir="0" index="0" bw="12" slack="0"/>
<pin id="91" dir="0" index="1" bw="16" slack="2147483647"/>
<pin id="92" dir="0" index="2" bw="0" slack="0"/>
<pin id="95" dir="0" index="4" bw="12" slack="2147483647"/>
<pin id="96" dir="0" index="5" bw="16" slack="2147483647"/>
<pin id="97" dir="0" index="6" bw="0" slack="2147483647"/>
<pin id="93" dir="1" index="3" bw="16" slack="0"/>
<pin id="98" dir="1" index="7" bw="16" slack="1"/>
</pin_list>
<bind>
<opcode="load(27) " fcode="load"/>
<opset="line_buff_val_1_V_l/2 line_buff_val_1_V_l_1/2 line_buff_val_1_V_l_2/3 "/>
</bind>
</comp>

<comp id="100" class="1004" name="grp_access_fu_100">
<pin_list>
<pin id="101" dir="0" index="0" bw="12" slack="0"/>
<pin id="102" dir="0" index="1" bw="16" slack="2147483647"/>
<pin id="103" dir="0" index="2" bw="0" slack="0"/>
<pin id="106" dir="0" index="4" bw="12" slack="2147483647"/>
<pin id="107" dir="0" index="5" bw="16" slack="2147483647"/>
<pin id="108" dir="0" index="6" bw="0" slack="2147483647"/>
<pin id="104" dir="1" index="3" bw="16" slack="0"/>
<pin id="109" dir="1" index="7" bw="16" slack="1"/>
</pin_list>
<bind>
<opcode="load(27) " fcode="load"/>
<opset="line_buff_val_2_V_l/2 line_buff_val_2_V_l_1/2 line_buff_val_2_V_l_2/3 "/>
</bind>
</comp>

<comp id="111" class="1004" name="line_buff_val_0_V_a_2_gep_fu_111">
<pin_list>
<pin id="112" dir="0" index="0" bw="16" slack="0"/>
<pin id="113" dir="0" index="1" bw="1" slack="0"/>
<pin id="114" dir="0" index="2" bw="13" slack="0"/>
<pin id="115" dir="1" index="3" bw="12" slack="0"/>
</pin_list>
<bind>
<opcode="getelementptr(29) " fcode="getelementptr"/>
<opset="line_buff_val_0_V_a_2/3 "/>
</bind>
</comp>

<comp id="118" class="1004" name="line_buff_val_1_V_a_2_gep_fu_118">
<pin_list>
<pin id="119" dir="0" index="0" bw="16" slack="0"/>
<pin id="120" dir="0" index="1" bw="1" slack="0"/>
<pin id="121" dir="0" index="2" bw="13" slack="0"/>
<pin id="122" dir="1" index="3" bw="12" slack="0"/>
</pin_list>
<bind>
<opcode="getelementptr(29) " fcode="getelementptr"/>
<opset="line_buff_val_1_V_a_2/3 "/>
</bind>
</comp>

<comp id="125" class="1004" name="line_buff_val_2_V_a_2_gep_fu_125">
<pin_list>
<pin id="126" dir="0" index="0" bw="16" slack="0"/>
<pin id="127" dir="0" index="1" bw="1" slack="0"/>
<pin id="128" dir="0" index="2" bw="13" slack="0"/>
<pin id="129" dir="1" index="3" bw="12" slack="0"/>
</pin_list>
<bind>
<opcode="getelementptr(29) " fcode="getelementptr"/>
<opset="line_buff_val_2_V_a_2/3 "/>
</bind>
</comp>

<comp id="135" class="1004" name="zext_ln259_fu_135">
<pin_list>
<pin id="136" dir="0" index="0" bw="4" slack="0"/>
<pin id="137" dir="1" index="1" bw="13" slack="0"/>
</pin_list>
<bind>
<opcode="zext(34) " fcode="zext"/>
<opset="zext_ln259/1 "/>
</bind>
</comp>

<comp id="139" class="1004" name="mul_ln259_fu_139">
<pin_list>
<pin id="140" dir="0" index="0" bw="4" slack="0"/>
<pin id="141" dir="0" index="1" bw="10" slack="0"/>
<pin id="142" dir="1" index="2" bw="13" slack="1"/>
</pin_list>
<bind>
<opcode="mul(12) " fcode="mul"/>
<opset="mul_ln259/1 "/>
</bind>
</comp>

<comp id="145" class="1004" name="add_ln259_fu_145">
<pin_list>
<pin id="146" dir="0" index="0" bw="9" slack="0"/>
<pin id="147" dir="0" index="1" bw="1" slack="0"/>
<pin id="148" dir="1" index="2" bw="9" slack="1"/>
</pin_list>
<bind>
<opcode="add(8) " fcode="add"/>
<opset="add_ln259/1 "/>
</bind>
</comp>

<comp id="151" class="1004" name="zext_ln259_1_fu_151">
<pin_list>
<pin id="152" dir="0" index="0" bw="9" slack="1"/>
<pin id="153" dir="1" index="1" bw="13" slack="0"/>
</pin_list>
<bind>
<opcode="zext(34) " fcode="zext"/>
<opset="zext_ln259_1/2 "/>
</bind>
</comp>

<comp id="154" class="1004" name="add_ln259_2_fu_154">
<pin_list>
<pin id="155" dir="0" index="0" bw="9" slack="0"/>
<pin id="156" dir="0" index="1" bw="13" slack="1"/>
<pin id="157" dir="1" index="2" bw="13" slack="0"/>
</pin_list>
<bind>
<opcode="add(8) " fcode="add"/>
<opset="add_ln259_2/2 "/>
</bind>
</comp>

<comp id="159" class="1004" name="sext_ln259_fu_159">
<pin_list>
<pin id="160" dir="0" index="0" bw="13" slack="0"/>
<pin id="161" dir="1" index="1" bw="64" slack="0"/>
</pin_list>
<bind>
<opcode="sext(35) " fcode="sext"/>
<opset="sext_ln259/2 "/>
</bind>
</comp>

<comp id="166" class="1004" name="zext_ln259_2_fu_166">
<pin_list>
<pin id="167" dir="0" index="0" bw="9" slack="1"/>
<pin id="168" dir="1" index="1" bw="13" slack="0"/>
</pin_list>
<bind>
<opcode="zext(34) " fcode="zext"/>
<opset="zext_ln259_2/2 "/>
</bind>
</comp>

<comp id="169" class="1004" name="add_ln259_3_fu_169">
<pin_list>
<pin id="170" dir="0" index="0" bw="9" slack="0"/>
<pin id="171" dir="0" index="1" bw="13" slack="1"/>
<pin id="172" dir="1" index="2" bw="13" slack="0"/>
</pin_list>
<bind>
<opcode="add(8) " fcode="add"/>
<opset="add_ln259_3/2 "/>
</bind>
</comp>

<comp id="174" class="1004" name="sext_ln259_1_fu_174">
<pin_list>
<pin id="175" dir="0" index="0" bw="13" slack="0"/>
<pin id="176" dir="1" index="1" bw="64" slack="0"/>
</pin_list>
<bind>
<opcode="sext(35) " fcode="sext"/>
<opset="sext_ln259_1/2 "/>
</bind>
</comp>

<comp id="181" class="1004" name="add_ln259_1_fu_181">
<pin_list>
<pin id="182" dir="0" index="0" bw="9" slack="1"/>
<pin id="183" dir="0" index="1" bw="3" slack="0"/>
<pin id="184" dir="1" index="2" bw="9" slack="0"/>
</pin_list>
<bind>
<opcode="add(8) " fcode="add"/>
<opset="add_ln259_1/2 "/>
</bind>
</comp>

<comp id="186" class="1004" name="zext_ln259_3_fu_186">
<pin_list>
<pin id="187" dir="0" index="0" bw="9" slack="0"/>
<pin id="188" dir="1" index="1" bw="13" slack="0"/>
</pin_list>
<bind>
<opcode="zext(34) " fcode="zext"/>
<opset="zext_ln259_3/2 "/>
</bind>
</comp>

<comp id="190" class="1004" name="add_ln259_4_fu_190">
<pin_list>
<pin id="191" dir="0" index="0" bw="9" slack="0"/>
<pin id="192" dir="0" index="1" bw="13" slack="1"/>
<pin id="193" dir="1" index="2" bw="13" slack="1"/>
</pin_list>
<bind>
<opcode="add(8) " fcode="add"/>
<opset="add_ln259_4/2 "/>
</bind>
</comp>

<comp id="195" class="1004" name="sext_ln259_2_fu_195">
<pin_list>
<pin id="196" dir="0" index="0" bw="13" slack="1"/>
<pin id="197" dir="1" index="1" bw="64" slack="0"/>
</pin_list>
<bind>
<opcode="sext(35) " fcode="sext"/>
<opset="sext_ln259_2/3 "/>
</bind>
</comp>

<comp id="201" class="1004" name="mrv_fu_201">
<pin_list>
<pin id="202" dir="0" index="0" bw="144" slack="0"/>
<pin id="203" dir="0" index="1" bw="16" slack="1"/>
<pin id="204" dir="1" index="2" bw="144" slack="0"/>
</pin_list>
<bind>
<opcode="insertvalue(57) " fcode="insertvalue"/>
<opset="mrv/4 "/>
</bind>
</comp>

<comp id="206" class="1004" name="mrv_1_fu_206">
<pin_list>
<pin id="207" dir="0" index="0" bw="144" slack="0"/>
<pin id="208" dir="0" index="1" bw="16" slack="1"/>
<pin id="209" dir="1" index="2" bw="144" slack="0"/>
</pin_list>
<bind>
<opcode="insertvalue(57) " fcode="insertvalue"/>
<opset="mrv_1/4 "/>
</bind>
</comp>

<comp id="211" class="1004" name="mrv_2_fu_211">
<pin_list>
<pin id="212" dir="0" index="0" bw="144" slack="0"/>
<pin id="213" dir="0" index="1" bw="16" slack="0"/>
<pin id="214" dir="1" index="2" bw="144" slack="0"/>
</pin_list>
<bind>
<opcode="insertvalue(57) " fcode="insertvalue"/>
<opset="mrv_2/4 "/>
</bind>
</comp>

<comp id="217" class="1004" name="mrv_3_fu_217">
<pin_list>
<pin id="218" dir="0" index="0" bw="144" slack="0"/>
<pin id="219" dir="0" index="1" bw="16" slack="1"/>
<pin id="220" dir="1" index="2" bw="144" slack="0"/>
</pin_list>
<bind>
<opcode="insertvalue(57) " fcode="insertvalue"/>
<opset="mrv_3/4 "/>
</bind>
</comp>

<comp id="222" class="1004" name="mrv_4_fu_222">
<pin_list>
<pin id="223" dir="0" index="0" bw="144" slack="0"/>
<pin id="224" dir="0" index="1" bw="16" slack="1"/>
<pin id="225" dir="1" index="2" bw="144" slack="0"/>
</pin_list>
<bind>
<opcode="insertvalue(57) " fcode="insertvalue"/>
<opset="mrv_4/4 "/>
</bind>
</comp>

<comp id="227" class="1004" name="mrv_5_fu_227">
<pin_list>
<pin id="228" dir="0" index="0" bw="144" slack="0"/>
<pin id="229" dir="0" index="1" bw="16" slack="0"/>
<pin id="230" dir="1" index="2" bw="144" slack="0"/>
</pin_list>
<bind>
<opcode="insertvalue(57) " fcode="insertvalue"/>
<opset="mrv_5/4 "/>
</bind>
</comp>

<comp id="233" class="1004" name="mrv_6_fu_233">
<pin_list>
<pin id="234" dir="0" index="0" bw="144" slack="0"/>
<pin id="235" dir="0" index="1" bw="16" slack="1"/>
<pin id="236" dir="1" index="2" bw="144" slack="0"/>
</pin_list>
<bind>
<opcode="insertvalue(57) " fcode="insertvalue"/>
<opset="mrv_6/4 "/>
</bind>
</comp>

<comp id="238" class="1004" name="mrv_7_fu_238">
<pin_list>
<pin id="239" dir="0" index="0" bw="144" slack="0"/>
<pin id="240" dir="0" index="1" bw="16" slack="1"/>
<pin id="241" dir="1" index="2" bw="144" slack="0"/>
</pin_list>
<bind>
<opcode="insertvalue(57) " fcode="insertvalue"/>
<opset="mrv_7/4 "/>
</bind>
</comp>

<comp id="243" class="1004" name="mrv_8_fu_243">
<pin_list>
<pin id="244" dir="0" index="0" bw="144" slack="0"/>
<pin id="245" dir="0" index="1" bw="16" slack="0"/>
<pin id="246" dir="1" index="2" bw="144" slack="2147483647"/>
</pin_list>
<bind>
<opcode="insertvalue(57) " fcode="insertvalue"/>
<opset="mrv_8/4 "/>
</bind>
</comp>

<comp id="249" class="1005" name="conv_count_read_reg_249">
<pin_list>
<pin id="250" dir="0" index="0" bw="9" slack="1"/>
<pin id="251" dir="1" index="1" bw="9" slack="1"/>
</pin_list>
<bind>
<opset="conv_count_read "/>
</bind>
</comp>

<comp id="255" class="1005" name="mul_ln259_reg_255">
<pin_list>
<pin id="256" dir="0" index="0" bw="13" slack="1"/>
<pin id="257" dir="1" index="1" bw="13" slack="1"/>
</pin_list>
<bind>
<opset="mul_ln259 "/>
</bind>
</comp>

<comp id="262" class="1005" name="add_ln259_reg_262">
<pin_list>
<pin id="263" dir="0" index="0" bw="9" slack="1"/>
<pin id="264" dir="1" index="1" bw="9" slack="1"/>
</pin_list>
<bind>
<opset="add_ln259 "/>
</bind>
</comp>

<comp id="267" class="1005" name="line_buff_val_0_V_a_reg_267">
<pin_list>
<pin id="268" dir="0" index="0" bw="12" slack="1"/>
<pin id="269" dir="1" index="1" bw="12" slack="1"/>
</pin_list>
<bind>
<opset="line_buff_val_0_V_a "/>
</bind>
</comp>

<comp id="272" class="1005" name="line_buff_val_1_V_a_reg_272">
<pin_list>
<pin id="273" dir="0" index="0" bw="12" slack="1"/>
<pin id="274" dir="1" index="1" bw="12" slack="1"/>
</pin_list>
<bind>
<opset="line_buff_val_1_V_a "/>
</bind>
</comp>

<comp id="277" class="1005" name="line_buff_val_2_V_a_reg_277">
<pin_list>
<pin id="278" dir="0" index="0" bw="12" slack="1"/>
<pin id="279" dir="1" index="1" bw="12" slack="1"/>
</pin_list>
<bind>
<opset="line_buff_val_2_V_a "/>
</bind>
</comp>

<comp id="282" class="1005" name="line_buff_val_0_V_a_1_reg_282">
<pin_list>
<pin id="283" dir="0" index="0" bw="12" slack="1"/>
<pin id="284" dir="1" index="1" bw="12" slack="1"/>
</pin_list>
<bind>
<opset="line_buff_val_0_V_a_1 "/>
</bind>
</comp>

<comp id="287" class="1005" name="line_buff_val_1_V_a_1_reg_287">
<pin_list>
<pin id="288" dir="0" index="0" bw="12" slack="1"/>
<pin id="289" dir="1" index="1" bw="12" slack="1"/>
</pin_list>
<bind>
<opset="line_buff_val_1_V_a_1 "/>
</bind>
</comp>

<comp id="292" class="1005" name="line_buff_val_2_V_a_1_reg_292">
<pin_list>
<pin id="293" dir="0" index="0" bw="12" slack="1"/>
<pin id="294" dir="1" index="1" bw="12" slack="1"/>
</pin_list>
<bind>
<opset="line_buff_val_2_V_a_1 "/>
</bind>
</comp>

<comp id="297" class="1005" name="add_ln259_4_reg_297">
<pin_list>
<pin id="298" dir="0" index="0" bw="13" slack="1"/>
<pin id="299" dir="1" index="1" bw="13" slack="1"/>
</pin_list>
<bind>
<opset="add_ln259_4 "/>
</bind>
</comp>

<comp id="302" class="1005" name="line_buff_val_0_V_l_reg_302">
<pin_list>
<pin id="303" dir="0" index="0" bw="16" slack="1"/>
<pin id="304" dir="1" index="1" bw="16" slack="1"/>
</pin_list>
<bind>
<opset="line_buff_val_0_V_l "/>
</bind>
</comp>

<comp id="307" class="1005" name="line_buff_val_0_V_l_1_reg_307">
<pin_list>
<pin id="308" dir="0" index="0" bw="16" slack="1"/>
<pin id="309" dir="1" index="1" bw="16" slack="1"/>
</pin_list>
<bind>
<opset="line_buff_val_0_V_l_1 "/>
</bind>
</comp>

<comp id="312" class="1005" name="line_buff_val_0_V_a_2_reg_312">
<pin_list>
<pin id="313" dir="0" index="0" bw="12" slack="1"/>
<pin id="314" dir="1" index="1" bw="12" slack="1"/>
</pin_list>
<bind>
<opset="line_buff_val_0_V_a_2 "/>
</bind>
</comp>

<comp id="317" class="1005" name="line_buff_val_1_V_a_2_reg_317">
<pin_list>
<pin id="318" dir="0" index="0" bw="12" slack="1"/>
<pin id="319" dir="1" index="1" bw="12" slack="1"/>
</pin_list>
<bind>
<opset="line_buff_val_1_V_a_2 "/>
</bind>
</comp>

<comp id="322" class="1005" name="line_buff_val_2_V_a_2_reg_322">
<pin_list>
<pin id="323" dir="0" index="0" bw="12" slack="1"/>
<pin id="324" dir="1" index="1" bw="12" slack="1"/>
</pin_list>
<bind>
<opset="line_buff_val_2_V_a_2 "/>
</bind>
</comp>

<comp id="327" class="1005" name="line_buff_val_1_V_l_reg_327">
<pin_list>
<pin id="328" dir="0" index="0" bw="16" slack="1"/>
<pin id="329" dir="1" index="1" bw="16" slack="1"/>
</pin_list>
<bind>
<opset="line_buff_val_1_V_l "/>
</bind>
</comp>

<comp id="332" class="1005" name="line_buff_val_1_V_l_1_reg_332">
<pin_list>
<pin id="333" dir="0" index="0" bw="16" slack="1"/>
<pin id="334" dir="1" index="1" bw="16" slack="1"/>
</pin_list>
<bind>
<opset="line_buff_val_1_V_l_1 "/>
</bind>
</comp>

<comp id="337" class="1005" name="line_buff_val_2_V_l_reg_337">
<pin_list>
<pin id="338" dir="0" index="0" bw="16" slack="1"/>
<pin id="339" dir="1" index="1" bw="16" slack="1"/>
</pin_list>
<bind>
<opset="line_buff_val_2_V_l "/>
</bind>
</comp>

<comp id="342" class="1005" name="line_buff_val_2_V_l_1_reg_342">
<pin_list>
<pin id="343" dir="0" index="0" bw="16" slack="1"/>
<pin id="344" dir="1" index="1" bw="16" slack="1"/>
</pin_list>
<bind>
<opset="line_buff_val_2_V_l_1 "/>
</bind>
</comp>

</comp_list>

<net_list>
<net id="28"><net_src comp="10" pin="0"/><net_sink comp="24" pin=0"/></net>

<net id="29"><net_src comp="8" pin="0"/><net_sink comp="24" pin=1"/></net>

<net id="34"><net_src comp="12" pin="0"/><net_sink comp="30" pin=0"/></net>

<net id="35"><net_src comp="0" pin="0"/><net_sink comp="30" pin=1"/></net>

<net id="41"><net_src comp="2" pin="0"/><net_sink comp="36" pin=0"/></net>

<net id="42"><net_src comp="18" pin="0"/><net_sink comp="36" pin=1"/></net>

<net id="48"><net_src comp="4" pin="0"/><net_sink comp="43" pin=0"/></net>

<net id="49"><net_src comp="18" pin="0"/><net_sink comp="43" pin=1"/></net>

<net id="55"><net_src comp="6" pin="0"/><net_sink comp="50" pin=0"/></net>

<net id="56"><net_src comp="18" pin="0"/><net_sink comp="50" pin=1"/></net>

<net id="62"><net_src comp="36" pin="3"/><net_sink comp="57" pin=0"/></net>

<net id="68"><net_src comp="2" pin="0"/><net_sink comp="63" pin=0"/></net>

<net id="69"><net_src comp="18" pin="0"/><net_sink comp="63" pin=1"/></net>

<net id="75"><net_src comp="4" pin="0"/><net_sink comp="70" pin=0"/></net>

<net id="76"><net_src comp="18" pin="0"/><net_sink comp="70" pin=1"/></net>

<net id="82"><net_src comp="6" pin="0"/><net_sink comp="77" pin=0"/></net>

<net id="83"><net_src comp="18" pin="0"/><net_sink comp="77" pin=1"/></net>

<net id="88"><net_src comp="63" pin="3"/><net_sink comp="57" pin=2"/></net>

<net id="94"><net_src comp="43" pin="3"/><net_sink comp="89" pin=0"/></net>

<net id="99"><net_src comp="70" pin="3"/><net_sink comp="89" pin=2"/></net>

<net id="105"><net_src comp="50" pin="3"/><net_sink comp="100" pin=0"/></net>

<net id="110"><net_src comp="77" pin="3"/><net_sink comp="100" pin=2"/></net>

<net id="116"><net_src comp="2" pin="0"/><net_sink comp="111" pin=0"/></net>

<net id="117"><net_src comp="18" pin="0"/><net_sink comp="111" pin=1"/></net>

<net id="123"><net_src comp="4" pin="0"/><net_sink comp="118" pin=0"/></net>

<net id="124"><net_src comp="18" pin="0"/><net_sink comp="118" pin=1"/></net>

<net id="130"><net_src comp="6" pin="0"/><net_sink comp="125" pin=0"/></net>

<net id="131"><net_src comp="18" pin="0"/><net_sink comp="125" pin=1"/></net>

<net id="132"><net_src comp="111" pin="3"/><net_sink comp="57" pin=0"/></net>

<net id="133"><net_src comp="118" pin="3"/><net_sink comp="89" pin=0"/></net>

<net id="134"><net_src comp="125" pin="3"/><net_sink comp="100" pin=0"/></net>

<net id="138"><net_src comp="24" pin="2"/><net_sink comp="135" pin=0"/></net>

<net id="143"><net_src comp="135" pin="1"/><net_sink comp="139" pin=0"/></net>

<net id="144"><net_src comp="14" pin="0"/><net_sink comp="139" pin=1"/></net>

<net id="149"><net_src comp="30" pin="2"/><net_sink comp="145" pin=0"/></net>

<net id="150"><net_src comp="16" pin="0"/><net_sink comp="145" pin=1"/></net>

<net id="158"><net_src comp="151" pin="1"/><net_sink comp="154" pin=0"/></net>

<net id="162"><net_src comp="154" pin="2"/><net_sink comp="159" pin=0"/></net>

<net id="163"><net_src comp="159" pin="1"/><net_sink comp="36" pin=2"/></net>

<net id="164"><net_src comp="159" pin="1"/><net_sink comp="43" pin=2"/></net>

<net id="165"><net_src comp="159" pin="1"/><net_sink comp="50" pin=2"/></net>

<net id="173"><net_src comp="166" pin="1"/><net_sink comp="169" pin=0"/></net>

<net id="177"><net_src comp="169" pin="2"/><net_sink comp="174" pin=0"/></net>

<net id="178"><net_src comp="174" pin="1"/><net_sink comp="63" pin=2"/></net>

<net id="179"><net_src comp="174" pin="1"/><net_sink comp="70" pin=2"/></net>

<net id="180"><net_src comp="174" pin="1"/><net_sink comp="77" pin=2"/></net>

<net id="185"><net_src comp="20" pin="0"/><net_sink comp="181" pin=1"/></net>

<net id="189"><net_src comp="181" pin="2"/><net_sink comp="186" pin=0"/></net>

<net id="194"><net_src comp="186" pin="1"/><net_sink comp="190" pin=0"/></net>

<net id="198"><net_src comp="195" pin="1"/><net_sink comp="111" pin=2"/></net>

<net id="199"><net_src comp="195" pin="1"/><net_sink comp="118" pin=2"/></net>

<net id="200"><net_src comp="195" pin="1"/><net_sink comp="125" pin=2"/></net>

<net id="205"><net_src comp="22" pin="0"/><net_sink comp="201" pin=0"/></net>

<net id="210"><net_src comp="201" pin="2"/><net_sink comp="206" pin=0"/></net>

<net id="215"><net_src comp="206" pin="2"/><net_sink comp="211" pin=0"/></net>

<net id="216"><net_src comp="57" pin="3"/><net_sink comp="211" pin=1"/></net>

<net id="221"><net_src comp="211" pin="2"/><net_sink comp="217" pin=0"/></net>

<net id="226"><net_src comp="217" pin="2"/><net_sink comp="222" pin=0"/></net>

<net id="231"><net_src comp="222" pin="2"/><net_sink comp="227" pin=0"/></net>

<net id="232"><net_src comp="89" pin="3"/><net_sink comp="227" pin=1"/></net>

<net id="237"><net_src comp="227" pin="2"/><net_sink comp="233" pin=0"/></net>

<net id="242"><net_src comp="233" pin="2"/><net_sink comp="238" pin=0"/></net>

<net id="247"><net_src comp="238" pin="2"/><net_sink comp="243" pin=0"/></net>

<net id="248"><net_src comp="100" pin="3"/><net_sink comp="243" pin=1"/></net>

<net id="252"><net_src comp="30" pin="2"/><net_sink comp="249" pin=0"/></net>

<net id="253"><net_src comp="249" pin="1"/><net_sink comp="151" pin=0"/></net>

<net id="254"><net_src comp="249" pin="1"/><net_sink comp="181" pin=0"/></net>

<net id="258"><net_src comp="139" pin="2"/><net_sink comp="255" pin=0"/></net>

<net id="259"><net_src comp="255" pin="1"/><net_sink comp="154" pin=1"/></net>

<net id="260"><net_src comp="255" pin="1"/><net_sink comp="169" pin=1"/></net>

<net id="261"><net_src comp="255" pin="1"/><net_sink comp="190" pin=1"/></net>

<net id="265"><net_src comp="145" pin="2"/><net_sink comp="262" pin=0"/></net>

<net id="266"><net_src comp="262" pin="1"/><net_sink comp="166" pin=0"/></net>

<net id="270"><net_src comp="36" pin="3"/><net_sink comp="267" pin=0"/></net>

<net id="271"><net_src comp="267" pin="1"/><net_sink comp="57" pin=0"/></net>

<net id="275"><net_src comp="43" pin="3"/><net_sink comp="272" pin=0"/></net>

<net id="276"><net_src comp="272" pin="1"/><net_sink comp="89" pin=0"/></net>

<net id="280"><net_src comp="50" pin="3"/><net_sink comp="277" pin=0"/></net>

<net id="281"><net_src comp="277" pin="1"/><net_sink comp="100" pin=0"/></net>

<net id="285"><net_src comp="63" pin="3"/><net_sink comp="282" pin=0"/></net>

<net id="286"><net_src comp="282" pin="1"/><net_sink comp="57" pin=2"/></net>

<net id="290"><net_src comp="70" pin="3"/><net_sink comp="287" pin=0"/></net>

<net id="291"><net_src comp="287" pin="1"/><net_sink comp="89" pin=2"/></net>

<net id="295"><net_src comp="77" pin="3"/><net_sink comp="292" pin=0"/></net>

<net id="296"><net_src comp="292" pin="1"/><net_sink comp="100" pin=2"/></net>

<net id="300"><net_src comp="190" pin="2"/><net_sink comp="297" pin=0"/></net>

<net id="301"><net_src comp="297" pin="1"/><net_sink comp="195" pin=0"/></net>

<net id="305"><net_src comp="57" pin="3"/><net_sink comp="302" pin=0"/></net>

<net id="306"><net_src comp="302" pin="1"/><net_sink comp="201" pin=1"/></net>

<net id="310"><net_src comp="57" pin="7"/><net_sink comp="307" pin=0"/></net>

<net id="311"><net_src comp="307" pin="1"/><net_sink comp="206" pin=1"/></net>

<net id="315"><net_src comp="111" pin="3"/><net_sink comp="312" pin=0"/></net>

<net id="316"><net_src comp="312" pin="1"/><net_sink comp="57" pin=0"/></net>

<net id="320"><net_src comp="118" pin="3"/><net_sink comp="317" pin=0"/></net>

<net id="321"><net_src comp="317" pin="1"/><net_sink comp="89" pin=0"/></net>

<net id="325"><net_src comp="125" pin="3"/><net_sink comp="322" pin=0"/></net>

<net id="326"><net_src comp="322" pin="1"/><net_sink comp="100" pin=0"/></net>

<net id="330"><net_src comp="89" pin="3"/><net_sink comp="327" pin=0"/></net>

<net id="331"><net_src comp="327" pin="1"/><net_sink comp="217" pin=1"/></net>

<net id="335"><net_src comp="89" pin="7"/><net_sink comp="332" pin=0"/></net>

<net id="336"><net_src comp="332" pin="1"/><net_sink comp="222" pin=1"/></net>

<net id="340"><net_src comp="100" pin="3"/><net_sink comp="337" pin=0"/></net>

<net id="341"><net_src comp="337" pin="1"/><net_sink comp="233" pin=1"/></net>

<net id="345"><net_src comp="100" pin="7"/><net_sink comp="342" pin=0"/></net>

<net id="346"><net_src comp="342" pin="1"/><net_sink comp="238" pin=1"/></net>

</net_list>

</model> 
---------------- Datapath Model END ------------------

* FSMD analyzer results:
  - Output states:
 - Input state : 
	Port: slide_window : conv_count | {1 }
	Port: slide_window : line_buff_val_0_V | {2 3 4 }
	Port: slide_window : line_buff_val_1_V | {2 3 4 }
	Port: slide_window : line_buff_val_2_V | {2 3 4 }
	Port: slide_window : line_buff_val_V_offset | {1 }
  - Chain level:
	State 1
		mul_ln259 : 1
	State 2
		add_ln259_2 : 1
		sext_ln259 : 2
		line_buff_val_0_V_a : 3
		line_buff_val_1_V_a : 3
		line_buff_val_2_V_a : 3
		line_buff_val_0_V_l : 4
		add_ln259_3 : 1
		sext_ln259_1 : 2
		line_buff_val_0_V_a_1 : 3
		line_buff_val_1_V_a_1 : 3
		line_buff_val_2_V_a_1 : 3
		line_buff_val_0_V_l_1 : 4
		zext_ln259_3 : 1
		add_ln259_4 : 2
		line_buff_val_1_V_l : 4
		line_buff_val_1_V_l_1 : 4
		line_buff_val_2_V_l : 4
		line_buff_val_2_V_l_1 : 4
	State 3
		line_buff_val_0_V_a_2 : 1
		line_buff_val_1_V_a_2 : 1
		line_buff_val_2_V_a_2 : 1
		line_buff_val_0_V_l_2 : 2
		line_buff_val_1_V_l_2 : 2
		line_buff_val_2_V_l_2 : 2
	State 4
		mrv_1 : 1
		mrv_2 : 2
		mrv_3 : 3
		mrv_4 : 4
		mrv_5 : 5
		mrv_6 : 6
		mrv_7 : 7
		mrv_8 : 8
		ret_ln264 : 9


============================================================
+ Verbose Summary: Datapath Resource usage 
============================================================

* Functional unit list:
|----------|---------------------------------|---------|---------|---------|
| Operation|         Functional Unit         |  DSP48E |    FF   |   LUT   |
|----------|---------------------------------|---------|---------|---------|
|          |         add_ln259_fu_145        |    0    |    0    |    15   |
|          |        add_ln259_2_fu_154       |    0    |    0    |    17   |
|    add   |        add_ln259_3_fu_169       |    0    |    0    |    17   |
|          |        add_ln259_1_fu_181       |    0    |    0    |    15   |
|          |        add_ln259_4_fu_190       |    0    |    0    |    17   |
|----------|---------------------------------|---------|---------|---------|
|    mul   |         mul_ln259_fu_139        |    0    |    0    |    63   |
|----------|---------------------------------|---------|---------|---------|
|   read   | line_buff_val_V_offs_read_fu_24 |    0    |    0    |    0    |
|          |    conv_count_read_read_fu_30   |    0    |    0    |    0    |
|----------|---------------------------------|---------|---------|---------|
|          |        zext_ln259_fu_135        |    0    |    0    |    0    |
|   zext   |       zext_ln259_1_fu_151       |    0    |    0    |    0    |
|          |       zext_ln259_2_fu_166       |    0    |    0    |    0    |
|          |       zext_ln259_3_fu_186       |    0    |    0    |    0    |
|----------|---------------------------------|---------|---------|---------|
|          |        sext_ln259_fu_159        |    0    |    0    |    0    |
|   sext   |       sext_ln259_1_fu_174       |    0    |    0    |    0    |
|          |       sext_ln259_2_fu_195       |    0    |    0    |    0    |
|----------|---------------------------------|---------|---------|---------|
|          |            mrv_fu_201           |    0    |    0    |    0    |
|          |           mrv_1_fu_206          |    0    |    0    |    0    |
|          |           mrv_2_fu_211          |    0    |    0    |    0    |
|          |           mrv_3_fu_217          |    0    |    0    |    0    |
|insertvalue|           mrv_4_fu_222          |    0    |    0    |    0    |
|          |           mrv_5_fu_227          |    0    |    0    |    0    |
|          |           mrv_6_fu_233          |    0    |    0    |    0    |
|          |           mrv_7_fu_238          |    0    |    0    |    0    |
|          |           mrv_8_fu_243          |    0    |    0    |    0    |
|----------|---------------------------------|---------|---------|---------|
|   Total  |                                 |    0    |    0    |   144   |
|----------|---------------------------------|---------|---------|---------|

Memories:
N/A

* Register list:
+-----------------------------+--------+
|                             |   FF   |
+-----------------------------+--------+
|     add_ln259_4_reg_297     |   13   |
|      add_ln259_reg_262      |    9   |
|   conv_count_read_reg_249   |    9   |
|line_buff_val_0_V_a_1_reg_282|   12   |
|line_buff_val_0_V_a_2_reg_312|   12   |
| line_buff_val_0_V_a_reg_267 |   12   |
|line_buff_val_0_V_l_1_reg_307|   16   |
| line_buff_val_0_V_l_reg_302 |   16   |
|line_buff_val_1_V_a_1_reg_287|   12   |
|line_buff_val_1_V_a_2_reg_317|   12   |
| line_buff_val_1_V_a_reg_272 |   12   |
|line_buff_val_1_V_l_1_reg_332|   16   |
| line_buff_val_1_V_l_reg_327 |   16   |
|line_buff_val_2_V_a_1_reg_292|   12   |
|line_buff_val_2_V_a_2_reg_322|   12   |
| line_buff_val_2_V_a_reg_277 |   12   |
|line_buff_val_2_V_l_1_reg_342|   16   |
| line_buff_val_2_V_l_reg_337 |   16   |
|      mul_ln259_reg_255      |   13   |
+-----------------------------+--------+
|            Total            |   248  |
+-----------------------------+--------+

* Multiplexer (MUX) list: 
|-------------------|------|------|------|--------||---------||---------|
|        Comp       |  Pin | Size |  BW  | S x BW ||  Delay  ||   LUT   |
|-------------------|------|------|------|--------||---------||---------|
|  grp_access_fu_57 |  p0  |   4  |  12  |   48   ||    21   |
|  grp_access_fu_57 |  p2  |   2  |   0  |    0   ||    9    |
|  grp_access_fu_89 |  p0  |   4  |  12  |   48   ||    21   |
|  grp_access_fu_89 |  p2  |   2  |   0  |    0   ||    9    |
| grp_access_fu_100 |  p0  |   4  |  12  |   48   ||    21   |
| grp_access_fu_100 |  p2  |   2  |   0  |    0   ||    9    |
|-------------------|------|------|------|--------||---------||---------|
|       Total       |      |      |      |   144  || 10.8885 ||    90   |
|-------------------|------|------|------|--------||---------||---------|



* Summary:
+-----------+--------+--------+--------+--------+
|           | DSP48E |  Delay |   FF   |   LUT  |
+-----------+--------+--------+--------+--------+
|  Function |    0   |    -   |    0   |   144  |
|   Memory  |    -   |    -   |    -   |    -   |
|Multiplexer|    -   |   10   |    -   |   90   |
|  Register |    -   |    -   |   248  |    -   |
+-----------+--------+--------+--------+--------+
|   Total   |    0   |   10   |   248  |   234  |
+-----------+--------+--------+--------+--------+
