10:37:05 INFO  : Registering command handlers for SDK TCF services
10:37:07 INFO  : Launching XSCT server: xsct -n -interactive /home/xavier/MSc_Project/git_v/Tiny_YOLO_v3_ZYNQ/sw/Tiny_Yolo_v3/Tiny_Yolo_v3.sdk/temp_xsdb_launch_script.tcl
10:37:16 INFO  : XSCT server has started successfully.
10:37:16 INFO  : Successfully done setting XSCT server connection channel  
10:37:29 INFO  : Successfully done setting SDK workspace  
10:37:29 INFO  : Processing command line option -hwspec /home/xavier/MSc_Project/git_v/Tiny_YOLO_v3_ZYNQ/sw/Tiny_Yolo_v3/Tiny_Yolo_v3.sdk/yolo_sys_wrapper.hdf.
10:49:40 INFO  : Invoking Bootgen: bootgen -image yolo.bif -arch zynq -o /home/xavier/MSc_Project/git_v/Tiny_YOLO_v3_ZYNQ/sw/Tiny_Yolo_v3/Tiny_Yolo_v3.sdk/yolo/bootimage/BOOT.bin
10:49:40 INFO  : Creating new bif file /home/xavier/MSc_Project/git_v/Tiny_YOLO_v3_ZYNQ/sw/Tiny_Yolo_v3/Tiny_Yolo_v3.sdk/yolo/bootimage/yolo.bif
10:49:43 INFO  : Bootgen command execution is done.
08:58:28 INFO  : Registering command handlers for SDK TCF services
08:58:31 INFO  : Launching XSCT server: xsct -n -interactive /home/xavier/MSc_Project/git_v/Tiny_YOLO_v3_ZYNQ/sw/Tiny_Yolo_v3/Tiny_Yolo_v3.sdk/temp_xsdb_launch_script.tcl
08:58:39 INFO  : XSCT server has started successfully.
08:58:39 INFO  : Successfully done setting XSCT server connection channel  
08:58:54 INFO  : Successfully done setting SDK workspace  
08:58:54 INFO  : Processing command line option -hwspec /home/xavier/MSc_Project/git_v/Tiny_YOLO_v3_ZYNQ/sw/Tiny_Yolo_v3/Tiny_Yolo_v3.sdk/yolo_sys_wrapper.hdf.
08:58:54 INFO  : Checking for hwspec changes in the project yolo_sys_wrapper_hw_platform_0.
09:01:24 INFO  : Registering command handlers for SDK TCF services
09:01:26 INFO  : Launching XSCT server: xsct -n -interactive /home/xavier/MSc_Project/git_v/Tiny_YOLO_v3_ZYNQ/sw/Tiny_Yolo_v3/Tiny_Yolo_v3.sdk/temp_xsdb_launch_script.tcl
09:01:31 INFO  : XSCT server has started successfully.
09:01:59 INFO  : Processing command line option -hwspec /home/xavier/MSc_Project/git_v/Tiny_YOLO_v3_ZYNQ/sw/Tiny_Yolo_v3/Tiny_Yolo_v3.sdk/yolo_sys_wrapper.hdf.
09:01:59 INFO  : Successfully done setting XSCT server connection channel  
09:01:59 INFO  : Successfully done setting SDK workspace  
09:02:03 INFO  : Checking for hwspec changes in the project yolo_sys_wrapper_hw_platform_0.
09:52:52 INFO  : Invoking Bootgen: bootgen -image yolo_fp.bif -arch zynq -o /home/xavier/MSc_Project/git_v/Tiny_YOLO_v3_ZYNQ/sw/Tiny_Yolo_v3/Tiny_Yolo_v3.sdk/yolo_fp/bootimage/BOOT.bin
09:52:52 INFO  : Creating new bif file /home/xavier/MSc_Project/git_v/Tiny_YOLO_v3_ZYNQ/sw/Tiny_Yolo_v3/Tiny_Yolo_v3.sdk/yolo_fp/bootimage/yolo_fp.bif
09:52:56 INFO  : Bootgen command execution is done.
09:53:34 INFO  : Invoking Bootgen: bootgen -image yolo_fp.bif -arch zynq -o /home/xavier/MSc_Project/git_v/Tiny_YOLO_v3_ZYNQ/sw/Tiny_Yolo_v3/Tiny_Yolo_v3.sdk/yolo_fp/bootimage/BOOT.bin -w on
09:53:36 INFO  : Bootgen command execution is done.
13:33:15 INFO  : Registering command handlers for SDK TCF services
13:33:17 INFO  : Launching XSCT server: xsct -n -interactive /home/xavier/MSc_Project/git_v/Tiny_YOLO_v3_ZYNQ/sw/Tiny_Yolo_v3/Tiny_Yolo_v3.sdk/temp_xsdb_launch_script.tcl
13:33:26 INFO  : XSCT server has started successfully.
13:34:13 INFO  : Successfully done setting XSCT server connection channel  
13:34:13 INFO  : Successfully done setting SDK workspace  
13:34:13 INFO  : Processing command line option -hwspec /home/xavier/MSc_Project/git_v/Tiny_YOLO_v3_ZYNQ/sw/Tiny_Yolo_v3/Tiny_Yolo_v3.sdk/yolo_sys_wrapper.hdf.
13:34:13 INFO  : Checking for hwspec changes in the project yolo_sys_wrapper_hw_platform_0.
13:36:26 INFO  : Invoking Bootgen: bootgen -image yolo.bif -arch zynq -o /home/xavier/MSc_Project/git_v/Tiny_YOLO_v3_ZYNQ/sw/Tiny_Yolo_v3/Tiny_Yolo_v3.sdk/yolo/bootimage/BOOT.bin -w on
13:36:28 INFO  : Bootgen command execution is done.
20:06:13 INFO  : Registering command handlers for SDK TCF services
20:06:15 INFO  : Launching XSCT server: xsct -n -interactive /home/xavier/MSc_Project/git_v/Tiny_YOLO_v3_ZYNQ/sw/Tiny_Yolo_v3/Tiny_Yolo_v3.sdk/temp_xsdb_launch_script.tcl
20:06:25 INFO  : XSCT server has started successfully.
20:06:57 INFO  : Successfully done setting XSCT server connection channel  
20:06:57 INFO  : Successfully done setting SDK workspace  
20:06:57 INFO  : Processing command line option -hwspec /home/xavier/MSc_Project/git_v/Tiny_YOLO_v3_ZYNQ/sw/Tiny_Yolo_v3/Tiny_Yolo_v3.sdk/yolo_sys_wrapper.hdf.
20:06:57 INFO  : Checking for hwspec changes in the project yolo_sys_wrapper_hw_platform_0.
20:12:22 INFO  : Invoking Bootgen: bootgen -image yolo.bif -arch zynq -o /home/xavier/MSc_Project/git_v/Tiny_YOLO_v3_ZYNQ/sw/Tiny_Yolo_v3/Tiny_Yolo_v3.sdk/yolo/bootimage/BOOT.bin -w on
20:12:24 INFO  : Bootgen command execution is done.
