#-----------------------------------------------------------
# xsim v2019.1 (64-bit)
# SW Build 2552052 on Fri May 24 14:47:09 MDT 2019
# IP Build 2548770 on Fri May 24 18:01:18 MDT 2019
# Start of session at: Sun Jun  9 10:03:05 2019
# Process ID: 5186
# Current directory: /home/xavier/MSc_Project/hls/yolo_conv_hls_2019/yolo_conv_2019/solution1/sim/verilog
# Command line: xsim -mode tcl -source {xsim.dir/yolo_conv_top/xsim_script.tcl}
# Log file: /home/xavier/MSc_Project/hls/yolo_conv_hls_2019/yolo_conv_2019/solution1/sim/verilog/xsim.log
# Journal file: /home/xavier/MSc_Project/hls/yolo_conv_hls_2019/yolo_conv_2019/solution1/sim/verilog/xsim.jou
#-----------------------------------------------------------
source xsim.dir/yolo_conv_top/xsim_script.tcl
# xsim {yolo_conv_top} -autoloadwcfg -tclbatch {yolo_conv_top.tcl}
Vivado Simulator 2019.1
Time resolution is 1 ps
source yolo_conv_top.tcl
## run all
////////////////////////////////////////////////////////////////////////////////////
// Inter-Transaction Progress: Completed Transaction / Total Transaction
// Intra-Transaction Progress: Measured Latency / Latency Estimation * 100%
//
// RTL Simulation : "Inter-Transaction Progress" ["Intra-Transaction Progress"] @ "Simulation Time"
////////////////////////////////////////////////////////////////////////////////////
// RTL Simulation : 0 / 1 [0.00%] @ "125000"
Warning: OPMODE Input Warning : The OPMODE 0110X0X with CARRYINSEL  000 to DSP48E1 instance is invalid.
Time: 265 ns  Iteration: 11  Process: /apatb_yolo_conv_top_top/AESL_inst_yolo_conv_top/grp_window_macc_fu_877/yolo_conv_top_fadd_32ns_32ns_32_5_full_dsp_1_U10/yolo_conv_top_ap_fadd_3_full_dsp_32_u/U0/i_synth/addsub_op/ADDSUB/dsp/OP/dsp48e1_body/ALIGN_ADD/DSP2/DSP/prcs_opmode_drc  File: /opt/Xilinx_2019_1/Vivado/2019.1/data/vhdl/src/unisims/primitive/DSP48E1.vhd
Warning: OPMODE Input Warning : The OPMODE 0110X0X with CARRYINSEL  000 to DSP48E1 instance is invalid.
Time: 265 ns  Iteration: 11  Process: /apatb_yolo_conv_top_top/AESL_inst_yolo_conv_top/grp_window_macc_fu_877/yolo_conv_top_fadd_32ns_32ns_32_5_full_dsp_1_U11/yolo_conv_top_ap_fadd_3_full_dsp_32_u/U0/i_synth/addsub_op/ADDSUB/dsp/OP/dsp48e1_body/ALIGN_ADD/DSP2/DSP/prcs_opmode_drc  File: /opt/Xilinx_2019_1/Vivado/2019.1/data/vhdl/src/unisims/primitive/DSP48E1.vhd
Warning: OPMODE Input Warning : The OPMODE 0110X0X with CARRYINSEL  000 to DSP48E1 instance is invalid.
Time: 265 ns  Iteration: 11  Process: /apatb_yolo_conv_top_top/AESL_inst_yolo_conv_top/grp_window_macc_fu_877/yolo_conv_top_fadd_32ns_32ns_32_5_full_dsp_1_U12/yolo_conv_top_ap_fadd_3_full_dsp_32_u/U0/i_synth/addsub_op/ADDSUB/dsp/OP/dsp48e1_body/ALIGN_ADD/DSP2/DSP/prcs_opmode_drc  File: /opt/Xilinx_2019_1/Vivado/2019.1/data/vhdl/src/unisims/primitive/DSP48E1.vhd
Warning: OPMODE Input Warning : The OPMODE 0110X0X with CARRYINSEL  000 to DSP48E1 instance is invalid.
Time: 265 ns  Iteration: 11  Process: /apatb_yolo_conv_top_top/AESL_inst_yolo_conv_top/grp_window_macc_fu_877/yolo_conv_top_fadd_32ns_32ns_32_5_full_dsp_1_U13/yolo_conv_top_ap_fadd_3_full_dsp_32_u/U0/i_synth/addsub_op/ADDSUB/dsp/OP/dsp48e1_body/ALIGN_ADD/DSP2/DSP/prcs_opmode_drc  File: /opt/Xilinx_2019_1/Vivado/2019.1/data/vhdl/src/unisims/primitive/DSP48E1.vhd
Warning: OPMODE Input Warning : The OPMODE 0110X0X with CARRYINSEL  000 to DSP48E1 instance is invalid.
Time: 265 ns  Iteration: 11  Process: /apatb_yolo_conv_top_top/AESL_inst_yolo_conv_top/grp_window_macc_fu_877/yolo_conv_top_fadd_32ns_32ns_32_5_full_dsp_1_U14/yolo_conv_top_ap_fadd_3_full_dsp_32_u/U0/i_synth/addsub_op/ADDSUB/dsp/OP/dsp48e1_body/ALIGN_ADD/DSP2/DSP/prcs_opmode_drc  File: /opt/Xilinx_2019_1/Vivado/2019.1/data/vhdl/src/unisims/primitive/DSP48E1.vhd
Warning: OPMODE Input Warning : The OPMODE 0110X0X with CARRYINSEL  000 to DSP48E1 instance is invalid.
Time: 265 ns  Iteration: 11  Process: /apatb_yolo_conv_top_top/AESL_inst_yolo_conv_top/grp_window_macc_fu_877/yolo_conv_top_fadd_32ns_32ns_32_5_full_dsp_1_U15/yolo_conv_top_ap_fadd_3_full_dsp_32_u/U0/i_synth/addsub_op/ADDSUB/dsp/OP/dsp48e1_body/ALIGN_ADD/DSP2/DSP/prcs_opmode_drc  File: /opt/Xilinx_2019_1/Vivado/2019.1/data/vhdl/src/unisims/primitive/DSP48E1.vhd
Warning: OPMODE Input Warning : The OPMODE 0110X0X with CARRYINSEL  000 to DSP48E1 instance is invalid.
Time: 265 ns  Iteration: 11  Process: /apatb_yolo_conv_top_top/AESL_inst_yolo_conv_top/grp_window_macc_fu_877/yolo_conv_top_fadd_32ns_32ns_32_5_full_dsp_1_U16/yolo_conv_top_ap_fadd_3_full_dsp_32_u/U0/i_synth/addsub_op/ADDSUB/dsp/OP/dsp48e1_body/ALIGN_ADD/DSP2/DSP/prcs_opmode_drc  File: /opt/Xilinx_2019_1/Vivado/2019.1/data/vhdl/src/unisims/primitive/DSP48E1.vhd
Warning: OPMODE Input Warning : The OPMODE 0110X0X with CARRYINSEL  000 to DSP48E1 instance is invalid.
Time: 265 ns  Iteration: 11  Process: /apatb_yolo_conv_top_top/AESL_inst_yolo_conv_top/grp_window_macc_fu_877/yolo_conv_top_fadd_32ns_32ns_32_5_full_dsp_1_U17/yolo_conv_top_ap_fadd_3_full_dsp_32_u/U0/i_synth/addsub_op/ADDSUB/dsp/OP/dsp48e1_body/ALIGN_ADD/DSP2/DSP/prcs_opmode_drc  File: /opt/Xilinx_2019_1/Vivado/2019.1/data/vhdl/src/unisims/primitive/DSP48E1.vhd
Warning: OPMODE Input Warning : The OPMODE 0110X0X with CARRYINSEL  000 to DSP48E1 instance is invalid.
Time: 265 ns  Iteration: 11  Process: /apatb_yolo_conv_top_top/AESL_inst_yolo_conv_top/grp_window_macc_fu_877/yolo_conv_top_fadd_32ns_32ns_32_5_full_dsp_1_U18/yolo_conv_top_ap_fadd_3_full_dsp_32_u/U0/i_synth/addsub_op/ADDSUB/dsp/OP/dsp48e1_body/ALIGN_ADD/DSP2/DSP/prcs_opmode_drc  File: /opt/Xilinx_2019_1/Vivado/2019.1/data/vhdl/src/unisims/primitive/DSP48E1.vhd
Warning: OPMODE Input Warning : The OPMODE 0110X0X with CARRYINSEL  000 to DSP48E1 instance is invalid.
Time: 265 ns  Iteration: 11  Process: /apatb_yolo_conv_top_top/AESL_inst_yolo_conv_top/grp_window_macc_fu_923/yolo_conv_top_fadd_32ns_32ns_32_5_full_dsp_1_U10/yolo_conv_top_ap_fadd_3_full_dsp_32_u/U0/i_synth/addsub_op/ADDSUB/dsp/OP/dsp48e1_body/ALIGN_ADD/DSP2/DSP/prcs_opmode_drc  File: /opt/Xilinx_2019_1/Vivado/2019.1/data/vhdl/src/unisims/primitive/DSP48E1.vhd
Warning: OPMODE Input Warning : The OPMODE 0110X0X with CARRYINSEL  000 to DSP48E1 instance is invalid.
Time: 265 ns  Iteration: 11  Process: /apatb_yolo_conv_top_top/AESL_inst_yolo_conv_top/grp_window_macc_fu_923/yolo_conv_top_fadd_32ns_32ns_32_5_full_dsp_1_U11/yolo_conv_top_ap_fadd_3_full_dsp_32_u/U0/i_synth/addsub_op/ADDSUB/dsp/OP/dsp48e1_body/ALIGN_ADD/DSP2/DSP/prcs_opmode_drc  File: /opt/Xilinx_2019_1/Vivado/2019.1/data/vhdl/src/unisims/primitive/DSP48E1.vhd
Warning: OPMODE Input Warning : The OPMODE 0110X0X with CARRYINSEL  000 to DSP48E1 instance is invalid.
Time: 265 ns  Iteration: 11  Process: /apatb_yolo_conv_top_top/AESL_inst_yolo_conv_top/grp_window_macc_fu_923/yolo_conv_top_fadd_32ns_32ns_32_5_full_dsp_1_U12/yolo_conv_top_ap_fadd_3_full_dsp_32_u/U0/i_synth/addsub_op/ADDSUB/dsp/OP/dsp48e1_body/ALIGN_ADD/DSP2/DSP/prcs_opmode_drc  File: /opt/Xilinx_2019_1/Vivado/2019.1/data/vhdl/src/unisims/primitive/DSP48E1.vhd
Warning: OPMODE Input Warning : The OPMODE 0110X0X with CARRYINSEL  000 to DSP48E1 instance is invalid.
Time: 265 ns  Iteration: 11  Process: /apatb_yolo_conv_top_top/AESL_inst_yolo_conv_top/grp_window_macc_fu_923/yolo_conv_top_fadd_32ns_32ns_32_5_full_dsp_1_U13/yolo_conv_top_ap_fadd_3_full_dsp_32_u/U0/i_synth/addsub_op/ADDSUB/dsp/OP/dsp48e1_body/ALIGN_ADD/DSP2/DSP/prcs_opmode_drc  File: /opt/Xilinx_2019_1/Vivado/2019.1/data/vhdl/src/unisims/primitive/DSP48E1.vhd
Warning: OPMODE Input Warning : The OPMODE 0110X0X with CARRYINSEL  000 to DSP48E1 instance is invalid.
Time: 265 ns  Iteration: 11  Process: /apatb_yolo_conv_top_top/AESL_inst_yolo_conv_top/grp_window_macc_fu_923/yolo_conv_top_fadd_32ns_32ns_32_5_full_dsp_1_U14/yolo_conv_top_ap_fadd_3_full_dsp_32_u/U0/i_synth/addsub_op/ADDSUB/dsp/OP/dsp48e1_body/ALIGN_ADD/DSP2/DSP/prcs_opmode_drc  File: /opt/Xilinx_2019_1/Vivado/2019.1/data/vhdl/src/unisims/primitive/DSP48E1.vhd
Warning: OPMODE Input Warning : The OPMODE 0110X0X with CARRYINSEL  000 to DSP48E1 instance is invalid.
Time: 265 ns  Iteration: 11  Process: /apatb_yolo_conv_top_top/AESL_inst_yolo_conv_top/grp_window_macc_fu_923/yolo_conv_top_fadd_32ns_32ns_32_5_full_dsp_1_U15/yolo_conv_top_ap_fadd_3_full_dsp_32_u/U0/i_synth/addsub_op/ADDSUB/dsp/OP/dsp48e1_body/ALIGN_ADD/DSP2/DSP/prcs_opmode_drc  File: /opt/Xilinx_2019_1/Vivado/2019.1/data/vhdl/src/unisims/primitive/DSP48E1.vhd
Warning: OPMODE Input Warning : The OPMODE 0110X0X with CARRYINSEL  000 to DSP48E1 instance is invalid.
Time: 265 ns  Iteration: 11  Process: /apatb_yolo_conv_top_top/AESL_inst_yolo_conv_top/grp_window_macc_fu_923/yolo_conv_top_fadd_32ns_32ns_32_5_full_dsp_1_U16/yolo_conv_top_ap_fadd_3_full_dsp_32_u/U0/i_synth/addsub_op/ADDSUB/dsp/OP/dsp48e1_body/ALIGN_ADD/DSP2/DSP/prcs_opmode_drc  File: /opt/Xilinx_2019_1/Vivado/2019.1/data/vhdl/src/unisims/primitive/DSP48E1.vhd
Warning: OPMODE Input Warning : The OPMODE 0110X0X with CARRYINSEL  000 to DSP48E1 instance is invalid.
Time: 265 ns  Iteration: 11  Process: /apatb_yolo_conv_top_top/AESL_inst_yolo_conv_top/grp_window_macc_fu_923/yolo_conv_top_fadd_32ns_32ns_32_5_full_dsp_1_U17/yolo_conv_top_ap_fadd_3_full_dsp_32_u/U0/i_synth/addsub_op/ADDSUB/dsp/OP/dsp48e1_body/ALIGN_ADD/DSP2/DSP/prcs_opmode_drc  File: /opt/Xilinx_2019_1/Vivado/2019.1/data/vhdl/src/unisims/primitive/DSP48E1.vhd
Warning: OPMODE Input Warning : The OPMODE 0110X0X with CARRYINSEL  000 to DSP48E1 instance is invalid.
Time: 265 ns  Iteration: 11  Process: /apatb_yolo_conv_top_top/AESL_inst_yolo_conv_top/grp_window_macc_fu_923/yolo_conv_top_fadd_32ns_32ns_32_5_full_dsp_1_U18/yolo_conv_top_ap_fadd_3_full_dsp_32_u/U0/i_synth/addsub_op/ADDSUB/dsp/OP/dsp48e1_body/ALIGN_ADD/DSP2/DSP/prcs_opmode_drc  File: /opt/Xilinx_2019_1/Vivado/2019.1/data/vhdl/src/unisims/primitive/DSP48E1.vhd
Warning: OPMODE Input Warning : The OPMODE 0110X0X with CARRYINSEL  000 to DSP48E1 instance is invalid.
Time: 265 ns  Iteration: 11  Process: /apatb_yolo_conv_top_top/AESL_inst_yolo_conv_top/yolo_conv_top_fadd_32ns_32ns_32_5_full_dsp_1_U106/yolo_conv_top_ap_fadd_3_full_dsp_32_u/U0/i_synth/addsub_op/ADDSUB/dsp/OP/dsp48e1_body/ALIGN_ADD/DSP2/DSP/prcs_opmode_drc  File: /opt/Xilinx_2019_1/Vivado/2019.1/data/vhdl/src/unisims/primitive/DSP48E1.vhd
Warning: OPMODE Input Warning : The OPMODE 0110X0X with CARRYINSEL  000 to DSP48E1 instance is invalid.
Time: 265 ns  Iteration: 11  Process: /apatb_yolo_conv_top_top/AESL_inst_yolo_conv_top/yolo_conv_top_fadd_32ns_32ns_32_5_full_dsp_1_U107/yolo_conv_top_ap_fadd_3_full_dsp_32_u/U0/i_synth/addsub_op/ADDSUB/dsp/OP/dsp48e1_body/ALIGN_ADD/DSP2/DSP/prcs_opmode_drc  File: /opt/Xilinx_2019_1/Vivado/2019.1/data/vhdl/src/unisims/primitive/DSP48E1.vhd
Warning: OPMODE Input Warning : The OPMODE 0110X0X with CARRYINSEL  000 to DSP48E1 instance is invalid.
Time: 265 ns  Iteration: 11  Process: /apatb_yolo_conv_top_top/AESL_inst_yolo_conv_top/yolo_conv_top_fadd_32ns_32ns_32_5_full_dsp_1_U108/yolo_conv_top_ap_fadd_3_full_dsp_32_u/U0/i_synth/addsub_op/ADDSUB/dsp/OP/dsp48e1_body/ALIGN_ADD/DSP2/DSP/prcs_opmode_drc  File: /opt/Xilinx_2019_1/Vivado/2019.1/data/vhdl/src/unisims/primitive/DSP48E1.vhd
Warning: OPMODE Input Warning : The OPMODE 0110X0X with CARRYINSEL  000 to DSP48E1 instance is invalid.
Time: 265 ns  Iteration: 11  Process: /apatb_yolo_conv_top_top/AESL_inst_yolo_conv_top/yolo_conv_top_fadd_32ns_32ns_32_5_full_dsp_1_U109/yolo_conv_top_ap_fadd_3_full_dsp_32_u/U0/i_synth/addsub_op/ADDSUB/dsp/OP/dsp48e1_body/ALIGN_ADD/DSP2/DSP/prcs_opmode_drc  File: /opt/Xilinx_2019_1/Vivado/2019.1/data/vhdl/src/unisims/primitive/DSP48E1.vhd
Warning: OPMODE Input Warning : The OPMODE 011XX11 with CARRYINSEL  000 to DSP48E1 instance is invalid.
Time: 285100 ps  Iteration: 10  Process: /apatb_yolo_conv_top_top/AESL_inst_yolo_conv_top/yolo_conv_top_dmul_64ns_64ns_64_6_max_dsp_1_U116/yolo_conv_top_ap_dmul_4_max_dsp_64_u/U0/i_synth/mult/OP/i_non_prim/R_AND_R/logic/R_AND_R/dsp48_e1/dsp48e1_add/DSP48E1_ADD/DSP/prcs_opmode_drc  File: /opt/Xilinx_2019_1/Vivado/2019.1/data/vhdl/src/unisims/primitive/DSP48E1.vhd
Warning: OPMODE Input Warning : The OPMODE 011XX11 with CARRYINSEL  000 to DSP48E1 instance is invalid.
Time: 285100 ps  Iteration: 10  Process: /apatb_yolo_conv_top_top/AESL_inst_yolo_conv_top/yolo_conv_top_dmul_64ns_64ns_64_6_max_dsp_1_U117/yolo_conv_top_ap_dmul_4_max_dsp_64_u/U0/i_synth/mult/OP/i_non_prim/R_AND_R/logic/R_AND_R/dsp48_e1/dsp48e1_add/DSP48E1_ADD/DSP/prcs_opmode_drc  File: /opt/Xilinx_2019_1/Vivado/2019.1/data/vhdl/src/unisims/primitive/DSP48E1.vhd
Warning: OPMODE Input Warning : The OPMODE 0110X0X with CARRYINSEL  000 to DSP48E1 instance is invalid.
Time: 305 ns  Iteration: 12  Process: /apatb_yolo_conv_top_top/AESL_inst_yolo_conv_top/grp_window_macc_fu_877/yolo_conv_top_fadd_32ns_32ns_32_5_full_dsp_1_U11/yolo_conv_top_ap_fadd_3_full_dsp_32_u/U0/i_synth/addsub_op/ADDSUB/dsp/OP/dsp48e1_body/ALIGN_ADD/DSP2/DSP/prcs_opmode_drc  File: /opt/Xilinx_2019_1/Vivado/2019.1/data/vhdl/src/unisims/primitive/DSP48E1.vhd
Warning: OPMODE Input Warning : The OPMODE 0110X0X with CARRYINSEL  000 to DSP48E1 instance is invalid.
Time: 305 ns  Iteration: 12  Process: /apatb_yolo_conv_top_top/AESL_inst_yolo_conv_top/grp_window_macc_fu_877/yolo_conv_top_fadd_32ns_32ns_32_5_full_dsp_1_U12/yolo_conv_top_ap_fadd_3_full_dsp_32_u/U0/i_synth/addsub_op/ADDSUB/dsp/OP/dsp48e1_body/ALIGN_ADD/DSP2/DSP/prcs_opmode_drc  File: /opt/Xilinx_2019_1/Vivado/2019.1/data/vhdl/src/unisims/primitive/DSP48E1.vhd
Warning: OPMODE Input Warning : The OPMODE 0110X0X with CARRYINSEL  000 to DSP48E1 instance is invalid.
Time: 305 ns  Iteration: 12  Process: /apatb_yolo_conv_top_top/AESL_inst_yolo_conv_top/grp_window_macc_fu_877/yolo_conv_top_fadd_32ns_32ns_32_5_full_dsp_1_U13/yolo_conv_top_ap_fadd_3_full_dsp_32_u/U0/i_synth/addsub_op/ADDSUB/dsp/OP/dsp48e1_body/ALIGN_ADD/DSP2/DSP/prcs_opmode_drc  File: /opt/Xilinx_2019_1/Vivado/2019.1/data/vhdl/src/unisims/primitive/DSP48E1.vhd
Warning: OPMODE Input Warning : The OPMODE 0110X0X with CARRYINSEL  000 to DSP48E1 instance is invalid.
Time: 305 ns  Iteration: 12  Process: /apatb_yolo_conv_top_top/AESL_inst_yolo_conv_top/grp_window_macc_fu_877/yolo_conv_top_fadd_32ns_32ns_32_5_full_dsp_1_U14/yolo_conv_top_ap_fadd_3_full_dsp_32_u/U0/i_synth/addsub_op/ADDSUB/dsp/OP/dsp48e1_body/ALIGN_ADD/DSP2/DSP/prcs_opmode_drc  File: /opt/Xilinx_2019_1/Vivado/2019.1/data/vhdl/src/unisims/primitive/DSP48E1.vhd
Warning: OPMODE Input Warning : The OPMODE 0110X0X with CARRYINSEL  000 to DSP48E1 instance is invalid.
Time: 305 ns  Iteration: 12  Process: /apatb_yolo_conv_top_top/AESL_inst_yolo_conv_top/grp_window_macc_fu_877/yolo_conv_top_fadd_32ns_32ns_32_5_full_dsp_1_U15/yolo_conv_top_ap_fadd_3_full_dsp_32_u/U0/i_synth/addsub_op/ADDSUB/dsp/OP/dsp48e1_body/ALIGN_ADD/DSP2/DSP/prcs_opmode_drc  File: /opt/Xilinx_2019_1/Vivado/2019.1/data/vhdl/src/unisims/primitive/DSP48E1.vhd
Warning: OPMODE Input Warning : The OPMODE 0110X0X with CARRYINSEL  000 to DSP48E1 instance is invalid.
Time: 305 ns  Iteration: 12  Process: /apatb_yolo_conv_top_top/AESL_inst_yolo_conv_top/grp_window_macc_fu_877/yolo_conv_top_fadd_32ns_32ns_32_5_full_dsp_1_U17/yolo_conv_top_ap_fadd_3_full_dsp_32_u/U0/i_synth/addsub_op/ADDSUB/dsp/OP/dsp48e1_body/ALIGN_ADD/DSP2/DSP/prcs_opmode_drc  File: /opt/Xilinx_2019_1/Vivado/2019.1/data/vhdl/src/unisims/primitive/DSP48E1.vhd
Warning: OPMODE Input Warning : The OPMODE 0110X0X with CARRYINSEL  000 to DSP48E1 instance is invalid.
Time: 305 ns  Iteration: 12  Process: /apatb_yolo_conv_top_top/AESL_inst_yolo_conv_top/grp_window_macc_fu_877/yolo_conv_top_fadd_32ns_32ns_32_5_full_dsp_1_U18/yolo_conv_top_ap_fadd_3_full_dsp_32_u/U0/i_synth/addsub_op/ADDSUB/dsp/OP/dsp48e1_body/ALIGN_ADD/DSP2/DSP/prcs_opmode_drc  File: /opt/Xilinx_2019_1/Vivado/2019.1/data/vhdl/src/unisims/primitive/DSP48E1.vhd
Warning: OPMODE Input Warning : The OPMODE 0110X0X with CARRYINSEL  000 to DSP48E1 instance is invalid.
Time: 305 ns  Iteration: 12  Process: /apatb_yolo_conv_top_top/AESL_inst_yolo_conv_top/grp_window_macc_fu_923/yolo_conv_top_fadd_32ns_32ns_32_5_full_dsp_1_U11/yolo_conv_top_ap_fadd_3_full_dsp_32_u/U0/i_synth/addsub_op/ADDSUB/dsp/OP/dsp48e1_body/ALIGN_ADD/DSP2/DSP/prcs_opmode_drc  File: /opt/Xilinx_2019_1/Vivado/2019.1/data/vhdl/src/unisims/primitive/DSP48E1.vhd
Warning: OPMODE Input Warning : The OPMODE 0110X0X with CARRYINSEL  000 to DSP48E1 instance is invalid.
Time: 305 ns  Iteration: 12  Process: /apatb_yolo_conv_top_top/AESL_inst_yolo_conv_top/grp_window_macc_fu_923/yolo_conv_top_fadd_32ns_32ns_32_5_full_dsp_1_U12/yolo_conv_top_ap_fadd_3_full_dsp_32_u/U0/i_synth/addsub_op/ADDSUB/dsp/OP/dsp48e1_body/ALIGN_ADD/DSP2/DSP/prcs_opmode_drc  File: /opt/Xilinx_2019_1/Vivado/2019.1/data/vhdl/src/unisims/primitive/DSP48E1.vhd
Warning: OPMODE Input Warning : The OPMODE 0110X0X with CARRYINSEL  000 to DSP48E1 instance is invalid.
Time: 305 ns  Iteration: 12  Process: /apatb_yolo_conv_top_top/AESL_inst_yolo_conv_top/grp_window_macc_fu_923/yolo_conv_top_fadd_32ns_32ns_32_5_full_dsp_1_U13/yolo_conv_top_ap_fadd_3_full_dsp_32_u/U0/i_synth/addsub_op/ADDSUB/dsp/OP/dsp48e1_body/ALIGN_ADD/DSP2/DSP/prcs_opmode_drc  File: /opt/Xilinx_2019_1/Vivado/2019.1/data/vhdl/src/unisims/primitive/DSP48E1.vhd
Warning: OPMODE Input Warning : The OPMODE 0110X0X with CARRYINSEL  000 to DSP48E1 instance is invalid.
Time: 305 ns  Iteration: 12  Process: /apatb_yolo_conv_top_top/AESL_inst_yolo_conv_top/grp_window_macc_fu_923/yolo_conv_top_fadd_32ns_32ns_32_5_full_dsp_1_U14/yolo_conv_top_ap_fadd_3_full_dsp_32_u/U0/i_synth/addsub_op/ADDSUB/dsp/OP/dsp48e1_body/ALIGN_ADD/DSP2/DSP/prcs_opmode_drc  File: /opt/Xilinx_2019_1/Vivado/2019.1/data/vhdl/src/unisims/primitive/DSP48E1.vhd
Warning: OPMODE Input Warning : The OPMODE 0110X0X with CARRYINSEL  000 to DSP48E1 instance is invalid.
Time: 305 ns  Iteration: 12  Process: /apatb_yolo_conv_top_top/AESL_inst_yolo_conv_top/grp_window_macc_fu_923/yolo_conv_top_fadd_32ns_32ns_32_5_full_dsp_1_U15/yolo_conv_top_ap_fadd_3_full_dsp_32_u/U0/i_synth/addsub_op/ADDSUB/dsp/OP/dsp48e1_body/ALIGN_ADD/DSP2/DSP/prcs_opmode_drc  File: /opt/Xilinx_2019_1/Vivado/2019.1/data/vhdl/src/unisims/primitive/DSP48E1.vhd
Warning: OPMODE Input Warning : The OPMODE 0110X0X with CARRYINSEL  000 to DSP48E1 instance is invalid.
Time: 305 ns  Iteration: 12  Process: /apatb_yolo_conv_top_top/AESL_inst_yolo_conv_top/grp_window_macc_fu_923/yolo_conv_top_fadd_32ns_32ns_32_5_full_dsp_1_U17/yolo_conv_top_ap_fadd_3_full_dsp_32_u/U0/i_synth/addsub_op/ADDSUB/dsp/OP/dsp48e1_body/ALIGN_ADD/DSP2/DSP/prcs_opmode_drc  File: /opt/Xilinx_2019_1/Vivado/2019.1/data/vhdl/src/unisims/primitive/DSP48E1.vhd
Warning: OPMODE Input Warning : The OPMODE 0110X0X with CARRYINSEL  000 to DSP48E1 instance is invalid.
Time: 305 ns  Iteration: 12  Process: /apatb_yolo_conv_top_top/AESL_inst_yolo_conv_top/grp_window_macc_fu_923/yolo_conv_top_fadd_32ns_32ns_32_5_full_dsp_1_U18/yolo_conv_top_ap_fadd_3_full_dsp_32_u/U0/i_synth/addsub_op/ADDSUB/dsp/OP/dsp48e1_body/ALIGN_ADD/DSP2/DSP/prcs_opmode_drc  File: /opt/Xilinx_2019_1/Vivado/2019.1/data/vhdl/src/unisims/primitive/DSP48E1.vhd
Warning: OPMODE Input Warning : The OPMODE 0110X0X with CARRYINSEL  000 to DSP48E1 instance is invalid.
Time: 345 ns  Iteration: 12  Process: /apatb_yolo_conv_top_top/AESL_inst_yolo_conv_top/grp_window_macc_fu_877/yolo_conv_top_fadd_32ns_32ns_32_5_full_dsp_1_U11/yolo_conv_top_ap_fadd_3_full_dsp_32_u/U0/i_synth/addsub_op/ADDSUB/dsp/OP/dsp48e1_body/ALIGN_ADD/DSP2/DSP/prcs_opmode_drc  File: /opt/Xilinx_2019_1/Vivado/2019.1/data/vhdl/src/unisims/primitive/DSP48E1.vhd
Warning: OPMODE Input Warning : The OPMODE 0110X0X with CARRYINSEL  000 to DSP48E1 instance is invalid.
Time: 345 ns  Iteration: 12  Process: /apatb_yolo_conv_top_top/AESL_inst_yolo_conv_top/grp_window_macc_fu_877/yolo_conv_top_fadd_32ns_32ns_32_5_full_dsp_1_U12/yolo_conv_top_ap_fadd_3_full_dsp_32_u/U0/i_synth/addsub_op/ADDSUB/dsp/OP/dsp48e1_body/ALIGN_ADD/DSP2/DSP/prcs_opmode_drc  File: /opt/Xilinx_2019_1/Vivado/2019.1/data/vhdl/src/unisims/primitive/DSP48E1.vhd
Warning: OPMODE Input Warning : The OPMODE 0110X0X with CARRYINSEL  000 to DSP48E1 instance is invalid.
Time: 345 ns  Iteration: 12  Process: /apatb_yolo_conv_top_top/AESL_inst_yolo_conv_top/grp_window_macc_fu_877/yolo_conv_top_fadd_32ns_32ns_32_5_full_dsp_1_U14/yolo_conv_top_ap_fadd_3_full_dsp_32_u/U0/i_synth/addsub_op/ADDSUB/dsp/OP/dsp48e1_body/ALIGN_ADD/DSP2/DSP/prcs_opmode_drc  File: /opt/Xilinx_2019_1/Vivado/2019.1/data/vhdl/src/unisims/primitive/DSP48E1.vhd
Warning: OPMODE Input Warning : The OPMODE 0110X0X with CARRYINSEL  000 to DSP48E1 instance is invalid.
Time: 345 ns  Iteration: 12  Process: /apatb_yolo_conv_top_top/AESL_inst_yolo_conv_top/grp_window_macc_fu_923/yolo_conv_top_fadd_32ns_32ns_32_5_full_dsp_1_U11/yolo_conv_top_ap_fadd_3_full_dsp_32_u/U0/i_synth/addsub_op/ADDSUB/dsp/OP/dsp48e1_body/ALIGN_ADD/DSP2/DSP/prcs_opmode_drc  File: /opt/Xilinx_2019_1/Vivado/2019.1/data/vhdl/src/unisims/primitive/DSP48E1.vhd
Warning: OPMODE Input Warning : The OPMODE 0110X0X with CARRYINSEL  000 to DSP48E1 instance is invalid.
Time: 345 ns  Iteration: 12  Process: /apatb_yolo_conv_top_top/AESL_inst_yolo_conv_top/grp_window_macc_fu_923/yolo_conv_top_fadd_32ns_32ns_32_5_full_dsp_1_U12/yolo_conv_top_ap_fadd_3_full_dsp_32_u/U0/i_synth/addsub_op/ADDSUB/dsp/OP/dsp48e1_body/ALIGN_ADD/DSP2/DSP/prcs_opmode_drc  File: /opt/Xilinx_2019_1/Vivado/2019.1/data/vhdl/src/unisims/primitive/DSP48E1.vhd
Warning: OPMODE Input Warning : The OPMODE 0110X0X with CARRYINSEL  000 to DSP48E1 instance is invalid.
Time: 345 ns  Iteration: 12  Process: /apatb_yolo_conv_top_top/AESL_inst_yolo_conv_top/grp_window_macc_fu_923/yolo_conv_top_fadd_32ns_32ns_32_5_full_dsp_1_U14/yolo_conv_top_ap_fadd_3_full_dsp_32_u/U0/i_synth/addsub_op/ADDSUB/dsp/OP/dsp48e1_body/ALIGN_ADD/DSP2/DSP/prcs_opmode_drc  File: /opt/Xilinx_2019_1/Vivado/2019.1/data/vhdl/src/unisims/primitive/DSP48E1.vhd
Warning: OPMODE Input Warning : The OPMODE 0110X0X with CARRYINSEL  000 to DSP48E1 instance is invalid.
Time: 355 ns  Iteration: 12  Process: /apatb_yolo_conv_top_top/AESL_inst_yolo_conv_top/grp_window_macc_fu_877/yolo_conv_top_fadd_32ns_32ns_32_5_full_dsp_1_U17/yolo_conv_top_ap_fadd_3_full_dsp_32_u/U0/i_synth/addsub_op/ADDSUB/dsp/OP/dsp48e1_body/ALIGN_ADD/DSP2/DSP/prcs_opmode_drc  File: /opt/Xilinx_2019_1/Vivado/2019.1/data/vhdl/src/unisims/primitive/DSP48E1.vhd
Warning: OPMODE Input Warning : The OPMODE 0110X0X with CARRYINSEL  000 to DSP48E1 instance is invalid.
Time: 355 ns  Iteration: 12  Process: /apatb_yolo_conv_top_top/AESL_inst_yolo_conv_top/grp_window_macc_fu_923/yolo_conv_top_fadd_32ns_32ns_32_5_full_dsp_1_U17/yolo_conv_top_ap_fadd_3_full_dsp_32_u/U0/i_synth/addsub_op/ADDSUB/dsp/OP/dsp48e1_body/ALIGN_ADD/DSP2/DSP/prcs_opmode_drc  File: /opt/Xilinx_2019_1/Vivado/2019.1/data/vhdl/src/unisims/primitive/DSP48E1.vhd
Warning: OPMODE Input Warning : The OPMODE 0110X0X with CARRYINSEL  000 to DSP48E1 instance is invalid.
Time: 435 ns  Iteration: 12  Process: /apatb_yolo_conv_top_top/AESL_inst_yolo_conv_top/grp_window_macc_fu_877/yolo_conv_top_fadd_32ns_32ns_32_5_full_dsp_1_U13/yolo_conv_top_ap_fadd_3_full_dsp_32_u/U0/i_synth/addsub_op/ADDSUB/dsp/OP/dsp48e1_body/ALIGN_ADD/DSP2/DSP/prcs_opmode_drc  File: /opt/Xilinx_2019_1/Vivado/2019.1/data/vhdl/src/unisims/primitive/DSP48E1.vhd
Warning: OPMODE Input Warning : The OPMODE 0110X0X with CARRYINSEL  000 to DSP48E1 instance is invalid.
Time: 435 ns  Iteration: 12  Process: /apatb_yolo_conv_top_top/AESL_inst_yolo_conv_top/grp_window_macc_fu_923/yolo_conv_top_fadd_32ns_32ns_32_5_full_dsp_1_U13/yolo_conv_top_ap_fadd_3_full_dsp_32_u/U0/i_synth/addsub_op/ADDSUB/dsp/OP/dsp48e1_body/ALIGN_ADD/DSP2/DSP/prcs_opmode_drc  File: /opt/Xilinx_2019_1/Vivado/2019.1/data/vhdl/src/unisims/primitive/DSP48E1.vhd
Warning: OPMODE Input Warning : The OPMODE 0110X0X with CARRYINSEL  000 to DSP48E1 instance is invalid.
Time: 455 ns  Iteration: 12  Process: /apatb_yolo_conv_top_top/AESL_inst_yolo_conv_top/grp_window_macc_fu_877/yolo_conv_top_fadd_32ns_32ns_32_5_full_dsp_1_U16/yolo_conv_top_ap_fadd_3_full_dsp_32_u/U0/i_synth/addsub_op/ADDSUB/dsp/OP/dsp48e1_body/ALIGN_ADD/DSP2/DSP/prcs_opmode_drc  File: /opt/Xilinx_2019_1/Vivado/2019.1/data/vhdl/src/unisims/primitive/DSP48E1.vhd
Warning: OPMODE Input Warning : The OPMODE 0110X0X with CARRYINSEL  000 to DSP48E1 instance is invalid.
Time: 455 ns  Iteration: 12  Process: /apatb_yolo_conv_top_top/AESL_inst_yolo_conv_top/grp_window_macc_fu_923/yolo_conv_top_fadd_32ns_32ns_32_5_full_dsp_1_U16/yolo_conv_top_ap_fadd_3_full_dsp_32_u/U0/i_synth/addsub_op/ADDSUB/dsp/OP/dsp48e1_body/ALIGN_ADD/DSP2/DSP/prcs_opmode_drc  File: /opt/Xilinx_2019_1/Vivado/2019.1/data/vhdl/src/unisims/primitive/DSP48E1.vhd
Warning: OPMODE Input Warning : The OPMODE 0110X0X with CARRYINSEL  000 to DSP48E1 instance is invalid.
Time: 545 ns  Iteration: 12  Process: /apatb_yolo_conv_top_top/AESL_inst_yolo_conv_top/grp_window_macc_fu_877/yolo_conv_top_fadd_32ns_32ns_32_5_full_dsp_1_U15/yolo_conv_top_ap_fadd_3_full_dsp_32_u/U0/i_synth/addsub_op/ADDSUB/dsp/OP/dsp48e1_body/ALIGN_ADD/DSP2/DSP/prcs_opmode_drc  File: /opt/Xilinx_2019_1/Vivado/2019.1/data/vhdl/src/unisims/primitive/DSP48E1.vhd
Warning: OPMODE Input Warning : The OPMODE 0110X0X with CARRYINSEL  000 to DSP48E1 instance is invalid.
Time: 545 ns  Iteration: 12  Process: /apatb_yolo_conv_top_top/AESL_inst_yolo_conv_top/grp_window_macc_fu_923/yolo_conv_top_fadd_32ns_32ns_32_5_full_dsp_1_U15/yolo_conv_top_ap_fadd_3_full_dsp_32_u/U0/i_synth/addsub_op/ADDSUB/dsp/OP/dsp48e1_body/ALIGN_ADD/DSP2/DSP/prcs_opmode_drc  File: /opt/Xilinx_2019_1/Vivado/2019.1/data/vhdl/src/unisims/primitive/DSP48E1.vhd
Warning: OPMODE Input Warning : The OPMODE 0110X0X with CARRYINSEL  000 to DSP48E1 instance is invalid.
Time: 555 ns  Iteration: 12  Process: /apatb_yolo_conv_top_top/AESL_inst_yolo_conv_top/grp_window_macc_fu_877/yolo_conv_top_fadd_32ns_32ns_32_5_full_dsp_1_U18/yolo_conv_top_ap_fadd_3_full_dsp_32_u/U0/i_synth/addsub_op/ADDSUB/dsp/OP/dsp48e1_body/ALIGN_ADD/DSP2/DSP/prcs_opmode_drc  File: /opt/Xilinx_2019_1/Vivado/2019.1/data/vhdl/src/unisims/primitive/DSP48E1.vhd
Warning: OPMODE Input Warning : The OPMODE 0110X0X with CARRYINSEL  000 to DSP48E1 instance is invalid.
Time: 555 ns  Iteration: 12  Process: /apatb_yolo_conv_top_top/AESL_inst_yolo_conv_top/grp_window_macc_fu_923/yolo_conv_top_fadd_32ns_32ns_32_5_full_dsp_1_U18/yolo_conv_top_ap_fadd_3_full_dsp_32_u/U0/i_synth/addsub_op/ADDSUB/dsp/OP/dsp48e1_body/ALIGN_ADD/DSP2/DSP/prcs_opmode_drc  File: /opt/Xilinx_2019_1/Vivado/2019.1/data/vhdl/src/unisims/primitive/DSP48E1.vhd
Warning: OPMODE Input Warning : The OPMODE 0110X0X with CARRYINSEL  000 to DSP48E1 instance is invalid.
Time: 301675 ns  Iteration: 11  Process: /apatb_yolo_conv_top_top/AESL_inst_yolo_conv_top/grp_window_macc_fu_877/yolo_conv_top_fadd_32ns_32ns_32_5_full_dsp_1_U14/yolo_conv_top_ap_fadd_3_full_dsp_32_u/U0/i_synth/addsub_op/ADDSUB/dsp/OP/dsp48e1_body/ALIGN_ADD/DSP2/DSP/prcs_opmode_drc  File: /opt/Xilinx_2019_1/Vivado/2019.1/data/vhdl/src/unisims/primitive/DSP48E1.vhd
Warning: OPMODE Input Warning : The OPMODE 0110X0X with CARRYINSEL  000 to DSP48E1 instance is invalid.
Time: 301675 ns  Iteration: 11  Process: /apatb_yolo_conv_top_top/AESL_inst_yolo_conv_top/grp_window_macc_fu_923/yolo_conv_top_fadd_32ns_32ns_32_5_full_dsp_1_U14/yolo_conv_top_ap_fadd_3_full_dsp_32_u/U0/i_synth/addsub_op/ADDSUB/dsp/OP/dsp48e1_body/ALIGN_ADD/DSP2/DSP/prcs_opmode_drc  File: /opt/Xilinx_2019_1/Vivado/2019.1/data/vhdl/src/unisims/primitive/DSP48E1.vhd
Warning: OPMODE Input Warning : The OPMODE 0110X0X with CARRYINSEL  000 to DSP48E1 instance is invalid.
Time: 301775 ns  Iteration: 11  Process: /apatb_yolo_conv_top_top/AESL_inst_yolo_conv_top/grp_window_macc_fu_877/yolo_conv_top_fadd_32ns_32ns_32_5_full_dsp_1_U16/yolo_conv_top_ap_fadd_3_full_dsp_32_u/U0/i_synth/addsub_op/ADDSUB/dsp/OP/dsp48e1_body/ALIGN_ADD/DSP2/DSP/prcs_opmode_drc  File: /opt/Xilinx_2019_1/Vivado/2019.1/data/vhdl/src/unisims/primitive/DSP48E1.vhd
Warning: OPMODE Input Warning : The OPMODE 0110X0X with CARRYINSEL  000 to DSP48E1 instance is invalid.
Time: 301775 ns  Iteration: 11  Process: /apatb_yolo_conv_top_top/AESL_inst_yolo_conv_top/grp_window_macc_fu_923/yolo_conv_top_fadd_32ns_32ns_32_5_full_dsp_1_U16/yolo_conv_top_ap_fadd_3_full_dsp_32_u/U0/i_synth/addsub_op/ADDSUB/dsp/OP/dsp48e1_body/ALIGN_ADD/DSP2/DSP/prcs_opmode_drc  File: /opt/Xilinx_2019_1/Vivado/2019.1/data/vhdl/src/unisims/primitive/DSP48E1.vhd
Warning: OPMODE Input Warning : The OPMODE 0110X0X with CARRYINSEL  000 to DSP48E1 instance is invalid.
Time: 301825 ns  Iteration: 11  Process: /apatb_yolo_conv_top_top/AESL_inst_yolo_conv_top/grp_window_macc_fu_877/yolo_conv_top_fadd_32ns_32ns_32_5_full_dsp_1_U17/yolo_conv_top_ap_fadd_3_full_dsp_32_u/U0/i_synth/addsub_op/ADDSUB/dsp/OP/dsp48e1_body/ALIGN_ADD/DSP2/DSP/prcs_opmode_drc  File: /opt/Xilinx_2019_1/Vivado/2019.1/data/vhdl/src/unisims/primitive/DSP48E1.vhd
Warning: OPMODE Input Warning : The OPMODE 0110X0X with CARRYINSEL  000 to DSP48E1 instance is invalid.
Time: 301825 ns  Iteration: 11  Process: /apatb_yolo_conv_top_top/AESL_inst_yolo_conv_top/grp_window_macc_fu_923/yolo_conv_top_fadd_32ns_32ns_32_5_full_dsp_1_U17/yolo_conv_top_ap_fadd_3_full_dsp_32_u/U0/i_synth/addsub_op/ADDSUB/dsp/OP/dsp48e1_body/ALIGN_ADD/DSP2/DSP/prcs_opmode_drc  File: /opt/Xilinx_2019_1/Vivado/2019.1/data/vhdl/src/unisims/primitive/DSP48E1.vhd
Warning: OPMODE Input Warning : The OPMODE 0110X0X with CARRYINSEL  000 to DSP48E1 instance is invalid.
Time: 401845 ns  Iteration: 11  Process: /apatb_yolo_conv_top_top/AESL_inst_yolo_conv_top/grp_window_macc_fu_877/yolo_conv_top_fadd_32ns_32ns_32_5_full_dsp_1_U11/yolo_conv_top_ap_fadd_3_full_dsp_32_u/U0/i_synth/addsub_op/ADDSUB/dsp/OP/dsp48e1_body/ALIGN_ADD/DSP2/DSP/prcs_opmode_drc  File: /opt/Xilinx_2019_1/Vivado/2019.1/data/vhdl/src/unisims/primitive/DSP48E1.vhd
Warning: OPMODE Input Warning : The OPMODE 0110X0X with CARRYINSEL  000 to DSP48E1 instance is invalid.
Time: 401845 ns  Iteration: 11  Process: /apatb_yolo_conv_top_top/AESL_inst_yolo_conv_top/grp_window_macc_fu_923/yolo_conv_top_fadd_32ns_32ns_32_5_full_dsp_1_U11/yolo_conv_top_ap_fadd_3_full_dsp_32_u/U0/i_synth/addsub_op/ADDSUB/dsp/OP/dsp48e1_body/ALIGN_ADD/DSP2/DSP/prcs_opmode_drc  File: /opt/Xilinx_2019_1/Vivado/2019.1/data/vhdl/src/unisims/primitive/DSP48E1.vhd
Warning: OPMODE Input Warning : The OPMODE 0110X0X with CARRYINSEL  000 to DSP48E1 instance is invalid.
Time: 401945 ns  Iteration: 11  Process: /apatb_yolo_conv_top_top/AESL_inst_yolo_conv_top/grp_window_macc_fu_877/yolo_conv_top_fadd_32ns_32ns_32_5_full_dsp_1_U13/yolo_conv_top_ap_fadd_3_full_dsp_32_u/U0/i_synth/addsub_op/ADDSUB/dsp/OP/dsp48e1_body/ALIGN_ADD/DSP2/DSP/prcs_opmode_drc  File: /opt/Xilinx_2019_1/Vivado/2019.1/data/vhdl/src/unisims/primitive/DSP48E1.vhd
Warning: OPMODE Input Warning : The OPMODE 0110X0X with CARRYINSEL  000 to DSP48E1 instance is invalid.
Time: 401945 ns  Iteration: 11  Process: /apatb_yolo_conv_top_top/AESL_inst_yolo_conv_top/grp_window_macc_fu_923/yolo_conv_top_fadd_32ns_32ns_32_5_full_dsp_1_U13/yolo_conv_top_ap_fadd_3_full_dsp_32_u/U0/i_synth/addsub_op/ADDSUB/dsp/OP/dsp48e1_body/ALIGN_ADD/DSP2/DSP/prcs_opmode_drc  File: /opt/Xilinx_2019_1/Vivado/2019.1/data/vhdl/src/unisims/primitive/DSP48E1.vhd
Warning: OPMODE Input Warning : The OPMODE 0110X0X with CARRYINSEL  000 to DSP48E1 instance is invalid.
Time: 401995 ns  Iteration: 11  Process: /apatb_yolo_conv_top_top/AESL_inst_yolo_conv_top/grp_window_macc_fu_877/yolo_conv_top_fadd_32ns_32ns_32_5_full_dsp_1_U14/yolo_conv_top_ap_fadd_3_full_dsp_32_u/U0/i_synth/addsub_op/ADDSUB/dsp/OP/dsp48e1_body/ALIGN_ADD/DSP2/DSP/prcs_opmode_drc  File: /opt/Xilinx_2019_1/Vivado/2019.1/data/vhdl/src/unisims/primitive/DSP48E1.vhd
Warning: OPMODE Input Warning : The OPMODE 0110X0X with CARRYINSEL  000 to DSP48E1 instance is invalid.
Time: 401995 ns  Iteration: 11  Process: /apatb_yolo_conv_top_top/AESL_inst_yolo_conv_top/grp_window_macc_fu_923/yolo_conv_top_fadd_32ns_32ns_32_5_full_dsp_1_U14/yolo_conv_top_ap_fadd_3_full_dsp_32_u/U0/i_synth/addsub_op/ADDSUB/dsp/OP/dsp48e1_body/ALIGN_ADD/DSP2/DSP/prcs_opmode_drc  File: /opt/Xilinx_2019_1/Vivado/2019.1/data/vhdl/src/unisims/primitive/DSP48E1.vhd
Warning: OPMODE Input Warning : The OPMODE 0110X0X with CARRYINSEL  000 to DSP48E1 instance is invalid.
Time: 402095 ns  Iteration: 11  Process: /apatb_yolo_conv_top_top/AESL_inst_yolo_conv_top/grp_window_macc_fu_877/yolo_conv_top_fadd_32ns_32ns_32_5_full_dsp_1_U16/yolo_conv_top_ap_fadd_3_full_dsp_32_u/U0/i_synth/addsub_op/ADDSUB/dsp/OP/dsp48e1_body/ALIGN_ADD/DSP2/DSP/prcs_opmode_drc  File: /opt/Xilinx_2019_1/Vivado/2019.1/data/vhdl/src/unisims/primitive/DSP48E1.vhd
Warning: OPMODE Input Warning : The OPMODE 0110X0X with CARRYINSEL  000 to DSP48E1 instance is invalid.
Time: 402095 ns  Iteration: 11  Process: /apatb_yolo_conv_top_top/AESL_inst_yolo_conv_top/grp_window_macc_fu_923/yolo_conv_top_fadd_32ns_32ns_32_5_full_dsp_1_U16/yolo_conv_top_ap_fadd_3_full_dsp_32_u/U0/i_synth/addsub_op/ADDSUB/dsp/OP/dsp48e1_body/ALIGN_ADD/DSP2/DSP/prcs_opmode_drc  File: /opt/Xilinx_2019_1/Vivado/2019.1/data/vhdl/src/unisims/primitive/DSP48E1.vhd
Warning: OPMODE Input Warning : The OPMODE 0110X0X with CARRYINSEL  000 to DSP48E1 instance is invalid.
Time: 402145 ns  Iteration: 11  Process: /apatb_yolo_conv_top_top/AESL_inst_yolo_conv_top/grp_window_macc_fu_877/yolo_conv_top_fadd_32ns_32ns_32_5_full_dsp_1_U17/yolo_conv_top_ap_fadd_3_full_dsp_32_u/U0/i_synth/addsub_op/ADDSUB/dsp/OP/dsp48e1_body/ALIGN_ADD/DSP2/DSP/prcs_opmode_drc  File: /opt/Xilinx_2019_1/Vivado/2019.1/data/vhdl/src/unisims/primitive/DSP48E1.vhd
Warning: OPMODE Input Warning : The OPMODE 0110X0X with CARRYINSEL  000 to DSP48E1 instance is invalid.
Time: 402145 ns  Iteration: 11  Process: /apatb_yolo_conv_top_top/AESL_inst_yolo_conv_top/grp_window_macc_fu_923/yolo_conv_top_fadd_32ns_32ns_32_5_full_dsp_1_U17/yolo_conv_top_ap_fadd_3_full_dsp_32_u/U0/i_synth/addsub_op/ADDSUB/dsp/OP/dsp48e1_body/ALIGN_ADD/DSP2/DSP/prcs_opmode_drc  File: /opt/Xilinx_2019_1/Vivado/2019.1/data/vhdl/src/unisims/primitive/DSP48E1.vhd
Warning: OPMODE Input Warning : The OPMODE 0110X0X with CARRYINSEL  000 to DSP48E1 instance is invalid.
Time: 502165 ns  Iteration: 11  Process: /apatb_yolo_conv_top_top/AESL_inst_yolo_conv_top/grp_window_macc_fu_877/yolo_conv_top_fadd_32ns_32ns_32_5_full_dsp_1_U11/yolo_conv_top_ap_fadd_3_full_dsp_32_u/U0/i_synth/addsub_op/ADDSUB/dsp/OP/dsp48e1_body/ALIGN_ADD/DSP2/DSP/prcs_opmode_drc  File: /opt/Xilinx_2019_1/Vivado/2019.1/data/vhdl/src/unisims/primitive/DSP48E1.vhd
Warning: OPMODE Input Warning : The OPMODE 0110X0X with CARRYINSEL  000 to DSP48E1 instance is invalid.
Time: 502165 ns  Iteration: 11  Process: /apatb_yolo_conv_top_top/AESL_inst_yolo_conv_top/grp_window_macc_fu_923/yolo_conv_top_fadd_32ns_32ns_32_5_full_dsp_1_U11/yolo_conv_top_ap_fadd_3_full_dsp_32_u/U0/i_synth/addsub_op/ADDSUB/dsp/OP/dsp48e1_body/ALIGN_ADD/DSP2/DSP/prcs_opmode_drc  File: /opt/Xilinx_2019_1/Vivado/2019.1/data/vhdl/src/unisims/primitive/DSP48E1.vhd
Warning: OPMODE Input Warning : The OPMODE 0110X0X with CARRYINSEL  000 to DSP48E1 instance is invalid.
Time: 502265 ns  Iteration: 11  Process: /apatb_yolo_conv_top_top/AESL_inst_yolo_conv_top/grp_window_macc_fu_877/yolo_conv_top_fadd_32ns_32ns_32_5_full_dsp_1_U13/yolo_conv_top_ap_fadd_3_full_dsp_32_u/U0/i_synth/addsub_op/ADDSUB/dsp/OP/dsp48e1_body/ALIGN_ADD/DSP2/DSP/prcs_opmode_drc  File: /opt/Xilinx_2019_1/Vivado/2019.1/data/vhdl/src/unisims/primitive/DSP48E1.vhd
Warning: OPMODE Input Warning : The OPMODE 0110X0X with CARRYINSEL  000 to DSP48E1 instance is invalid.
Time: 502265 ns  Iteration: 11  Process: /apatb_yolo_conv_top_top/AESL_inst_yolo_conv_top/grp_window_macc_fu_923/yolo_conv_top_fadd_32ns_32ns_32_5_full_dsp_1_U13/yolo_conv_top_ap_fadd_3_full_dsp_32_u/U0/i_synth/addsub_op/ADDSUB/dsp/OP/dsp48e1_body/ALIGN_ADD/DSP2/DSP/prcs_opmode_drc  File: /opt/Xilinx_2019_1/Vivado/2019.1/data/vhdl/src/unisims/primitive/DSP48E1.vhd
Warning: OPMODE Input Warning : The OPMODE 0110X0X with CARRYINSEL  000 to DSP48E1 instance is invalid.
Time: 502315 ns  Iteration: 11  Process: /apatb_yolo_conv_top_top/AESL_inst_yolo_conv_top/grp_window_macc_fu_877/yolo_conv_top_fadd_32ns_32ns_32_5_full_dsp_1_U14/yolo_conv_top_ap_fadd_3_full_dsp_32_u/U0/i_synth/addsub_op/ADDSUB/dsp/OP/dsp48e1_body/ALIGN_ADD/DSP2/DSP/prcs_opmode_drc  File: /opt/Xilinx_2019_1/Vivado/2019.1/data/vhdl/src/unisims/primitive/DSP48E1.vhd
Warning: OPMODE Input Warning : The OPMODE 0110X0X with CARRYINSEL  000 to DSP48E1 instance is invalid.
Time: 502315 ns  Iteration: 11  Process: /apatb_yolo_conv_top_top/AESL_inst_yolo_conv_top/grp_window_macc_fu_923/yolo_conv_top_fadd_32ns_32ns_32_5_full_dsp_1_U14/yolo_conv_top_ap_fadd_3_full_dsp_32_u/U0/i_synth/addsub_op/ADDSUB/dsp/OP/dsp48e1_body/ALIGN_ADD/DSP2/DSP/prcs_opmode_drc  File: /opt/Xilinx_2019_1/Vivado/2019.1/data/vhdl/src/unisims/primitive/DSP48E1.vhd
Warning: OPMODE Input Warning : The OPMODE 0110X0X with CARRYINSEL  000 to DSP48E1 instance is invalid.
Time: 502415 ns  Iteration: 11  Process: /apatb_yolo_conv_top_top/AESL_inst_yolo_conv_top/grp_window_macc_fu_877/yolo_conv_top_fadd_32ns_32ns_32_5_full_dsp_1_U16/yolo_conv_top_ap_fadd_3_full_dsp_32_u/U0/i_synth/addsub_op/ADDSUB/dsp/OP/dsp48e1_body/ALIGN_ADD/DSP2/DSP/prcs_opmode_drc  File: /opt/Xilinx_2019_1/Vivado/2019.1/data/vhdl/src/unisims/primitive/DSP48E1.vhd
Warning: OPMODE Input Warning : The OPMODE 0110X0X with CARRYINSEL  000 to DSP48E1 instance is invalid.
Time: 502415 ns  Iteration: 11  Process: /apatb_yolo_conv_top_top/AESL_inst_yolo_conv_top/grp_window_macc_fu_923/yolo_conv_top_fadd_32ns_32ns_32_5_full_dsp_1_U16/yolo_conv_top_ap_fadd_3_full_dsp_32_u/U0/i_synth/addsub_op/ADDSUB/dsp/OP/dsp48e1_body/ALIGN_ADD/DSP2/DSP/prcs_opmode_drc  File: /opt/Xilinx_2019_1/Vivado/2019.1/data/vhdl/src/unisims/primitive/DSP48E1.vhd
Warning: OPMODE Input Warning : The OPMODE 0110X0X with CARRYINSEL  000 to DSP48E1 instance is invalid.
Time: 502465 ns  Iteration: 11  Process: /apatb_yolo_conv_top_top/AESL_inst_yolo_conv_top/grp_window_macc_fu_877/yolo_conv_top_fadd_32ns_32ns_32_5_full_dsp_1_U17/yolo_conv_top_ap_fadd_3_full_dsp_32_u/U0/i_synth/addsub_op/ADDSUB/dsp/OP/dsp48e1_body/ALIGN_ADD/DSP2/DSP/prcs_opmode_drc  File: /opt/Xilinx_2019_1/Vivado/2019.1/data/vhdl/src/unisims/primitive/DSP48E1.vhd
Warning: OPMODE Input Warning : The OPMODE 0110X0X with CARRYINSEL  000 to DSP48E1 instance is invalid.
Time: 502465 ns  Iteration: 11  Process: /apatb_yolo_conv_top_top/AESL_inst_yolo_conv_top/grp_window_macc_fu_923/yolo_conv_top_fadd_32ns_32ns_32_5_full_dsp_1_U17/yolo_conv_top_ap_fadd_3_full_dsp_32_u/U0/i_synth/addsub_op/ADDSUB/dsp/OP/dsp48e1_body/ALIGN_ADD/DSP2/DSP/prcs_opmode_drc  File: /opt/Xilinx_2019_1/Vivado/2019.1/data/vhdl/src/unisims/primitive/DSP48E1.vhd
Warning: OPMODE Input Warning : The OPMODE 0110X0X with CARRYINSEL  000 to DSP48E1 instance is invalid.
Time: 602485 ns  Iteration: 11  Process: /apatb_yolo_conv_top_top/AESL_inst_yolo_conv_top/grp_window_macc_fu_877/yolo_conv_top_fadd_32ns_32ns_32_5_full_dsp_1_U11/yolo_conv_top_ap_fadd_3_full_dsp_32_u/U0/i_synth/addsub_op/ADDSUB/dsp/OP/dsp48e1_body/ALIGN_ADD/DSP2/DSP/prcs_opmode_drc  File: /opt/Xilinx_2019_1/Vivado/2019.1/data/vhdl/src/unisims/primitive/DSP48E1.vhd
Warning: OPMODE Input Warning : The OPMODE 0110X0X with CARRYINSEL  000 to DSP48E1 instance is invalid.
Time: 602485 ns  Iteration: 11  Process: /apatb_yolo_conv_top_top/AESL_inst_yolo_conv_top/grp_window_macc_fu_923/yolo_conv_top_fadd_32ns_32ns_32_5_full_dsp_1_U11/yolo_conv_top_ap_fadd_3_full_dsp_32_u/U0/i_synth/addsub_op/ADDSUB/dsp/OP/dsp48e1_body/ALIGN_ADD/DSP2/DSP/prcs_opmode_drc  File: /opt/Xilinx_2019_1/Vivado/2019.1/data/vhdl/src/unisims/primitive/DSP48E1.vhd
Warning: OPMODE Input Warning : The OPMODE 0110X0X with CARRYINSEL  000 to DSP48E1 instance is invalid.
Time: 602585 ns  Iteration: 11  Process: /apatb_yolo_conv_top_top/AESL_inst_yolo_conv_top/grp_window_macc_fu_877/yolo_conv_top_fadd_32ns_32ns_32_5_full_dsp_1_U13/yolo_conv_top_ap_fadd_3_full_dsp_32_u/U0/i_synth/addsub_op/ADDSUB/dsp/OP/dsp48e1_body/ALIGN_ADD/DSP2/DSP/prcs_opmode_drc  File: /opt/Xilinx_2019_1/Vivado/2019.1/data/vhdl/src/unisims/primitive/DSP48E1.vhd
Warning: OPMODE Input Warning : The OPMODE 0110X0X with CARRYINSEL  000 to DSP48E1 instance is invalid.
Time: 602585 ns  Iteration: 11  Process: /apatb_yolo_conv_top_top/AESL_inst_yolo_conv_top/grp_window_macc_fu_923/yolo_conv_top_fadd_32ns_32ns_32_5_full_dsp_1_U13/yolo_conv_top_ap_fadd_3_full_dsp_32_u/U0/i_synth/addsub_op/ADDSUB/dsp/OP/dsp48e1_body/ALIGN_ADD/DSP2/DSP/prcs_opmode_drc  File: /opt/Xilinx_2019_1/Vivado/2019.1/data/vhdl/src/unisims/primitive/DSP48E1.vhd
Warning: OPMODE Input Warning : The OPMODE 0110X0X with CARRYINSEL  000 to DSP48E1 instance is invalid.
Time: 602635 ns  Iteration: 11  Process: /apatb_yolo_conv_top_top/AESL_inst_yolo_conv_top/grp_window_macc_fu_877/yolo_conv_top_fadd_32ns_32ns_32_5_full_dsp_1_U14/yolo_conv_top_ap_fadd_3_full_dsp_32_u/U0/i_synth/addsub_op/ADDSUB/dsp/OP/dsp48e1_body/ALIGN_ADD/DSP2/DSP/prcs_opmode_drc  File: /opt/Xilinx_2019_1/Vivado/2019.1/data/vhdl/src/unisims/primitive/DSP48E1.vhd
Warning: OPMODE Input Warning : The OPMODE 0110X0X with CARRYINSEL  000 to DSP48E1 instance is invalid.
Time: 602635 ns  Iteration: 11  Process: /apatb_yolo_conv_top_top/AESL_inst_yolo_conv_top/grp_window_macc_fu_923/yolo_conv_top_fadd_32ns_32ns_32_5_full_dsp_1_U14/yolo_conv_top_ap_fadd_3_full_dsp_32_u/U0/i_synth/addsub_op/ADDSUB/dsp/OP/dsp48e1_body/ALIGN_ADD/DSP2/DSP/prcs_opmode_drc  File: /opt/Xilinx_2019_1/Vivado/2019.1/data/vhdl/src/unisims/primitive/DSP48E1.vhd
Warning: OPMODE Input Warning : The OPMODE 0110X0X with CARRYINSEL  000 to DSP48E1 instance is invalid.
Time: 602735 ns  Iteration: 11  Process: /apatb_yolo_conv_top_top/AESL_inst_yolo_conv_top/grp_window_macc_fu_877/yolo_conv_top_fadd_32ns_32ns_32_5_full_dsp_1_U16/yolo_conv_top_ap_fadd_3_full_dsp_32_u/U0/i_synth/addsub_op/ADDSUB/dsp/OP/dsp48e1_body/ALIGN_ADD/DSP2/DSP/prcs_opmode_drc  File: /opt/Xilinx_2019_1/Vivado/2019.1/data/vhdl/src/unisims/primitive/DSP48E1.vhd
Warning: OPMODE Input Warning : The OPMODE 0110X0X with CARRYINSEL  000 to DSP48E1 instance is invalid.
Time: 602735 ns  Iteration: 11  Process: /apatb_yolo_conv_top_top/AESL_inst_yolo_conv_top/grp_window_macc_fu_923/yolo_conv_top_fadd_32ns_32ns_32_5_full_dsp_1_U16/yolo_conv_top_ap_fadd_3_full_dsp_32_u/U0/i_synth/addsub_op/ADDSUB/dsp/OP/dsp48e1_body/ALIGN_ADD/DSP2/DSP/prcs_opmode_drc  File: /opt/Xilinx_2019_1/Vivado/2019.1/data/vhdl/src/unisims/primitive/DSP48E1.vhd
Warning: OPMODE Input Warning : The OPMODE 0110X0X with CARRYINSEL  000 to DSP48E1 instance is invalid.
Time: 602785 ns  Iteration: 11  Process: /apatb_yolo_conv_top_top/AESL_inst_yolo_conv_top/grp_window_macc_fu_877/yolo_conv_top_fadd_32ns_32ns_32_5_full_dsp_1_U17/yolo_conv_top_ap_fadd_3_full_dsp_32_u/U0/i_synth/addsub_op/ADDSUB/dsp/OP/dsp48e1_body/ALIGN_ADD/DSP2/DSP/prcs_opmode_drc  File: /opt/Xilinx_2019_1/Vivado/2019.1/data/vhdl/src/unisims/primitive/DSP48E1.vhd
Warning: OPMODE Input Warning : The OPMODE 0110X0X with CARRYINSEL  000 to DSP48E1 instance is invalid.
Time: 602785 ns  Iteration: 11  Process: /apatb_yolo_conv_top_top/AESL_inst_yolo_conv_top/grp_window_macc_fu_923/yolo_conv_top_fadd_32ns_32ns_32_5_full_dsp_1_U17/yolo_conv_top_ap_fadd_3_full_dsp_32_u/U0/i_synth/addsub_op/ADDSUB/dsp/OP/dsp48e1_body/ALIGN_ADD/DSP2/DSP/prcs_opmode_drc  File: /opt/Xilinx_2019_1/Vivado/2019.1/data/vhdl/src/unisims/primitive/DSP48E1.vhd
Warning: OPMODE Input Warning : The OPMODE 0110X0X with CARRYINSEL  000 to DSP48E1 instance is invalid.
Time: 702805 ns  Iteration: 11  Process: /apatb_yolo_conv_top_top/AESL_inst_yolo_conv_top/grp_window_macc_fu_877/yolo_conv_top_fadd_32ns_32ns_32_5_full_dsp_1_U11/yolo_conv_top_ap_fadd_3_full_dsp_32_u/U0/i_synth/addsub_op/ADDSUB/dsp/OP/dsp48e1_body/ALIGN_ADD/DSP2/DSP/prcs_opmode_drc  File: /opt/Xilinx_2019_1/Vivado/2019.1/data/vhdl/src/unisims/primitive/DSP48E1.vhd
Warning: OPMODE Input Warning : The OPMODE 0110X0X with CARRYINSEL  000 to DSP48E1 instance is invalid.
Time: 702805 ns  Iteration: 11  Process: /apatb_yolo_conv_top_top/AESL_inst_yolo_conv_top/grp_window_macc_fu_923/yolo_conv_top_fadd_32ns_32ns_32_5_full_dsp_1_U11/yolo_conv_top_ap_fadd_3_full_dsp_32_u/U0/i_synth/addsub_op/ADDSUB/dsp/OP/dsp48e1_body/ALIGN_ADD/DSP2/DSP/prcs_opmode_drc  File: /opt/Xilinx_2019_1/Vivado/2019.1/data/vhdl/src/unisims/primitive/DSP48E1.vhd
Warning: OPMODE Input Warning : The OPMODE 0110X0X with CARRYINSEL  000 to DSP48E1 instance is invalid.
Time: 702905 ns  Iteration: 11  Process: /apatb_yolo_conv_top_top/AESL_inst_yolo_conv_top/grp_window_macc_fu_877/yolo_conv_top_fadd_32ns_32ns_32_5_full_dsp_1_U13/yolo_conv_top_ap_fadd_3_full_dsp_32_u/U0/i_synth/addsub_op/ADDSUB/dsp/OP/dsp48e1_body/ALIGN_ADD/DSP2/DSP/prcs_opmode_drc  File: /opt/Xilinx_2019_1/Vivado/2019.1/data/vhdl/src/unisims/primitive/DSP48E1.vhd
Warning: OPMODE Input Warning : The OPMODE 0110X0X with CARRYINSEL  000 to DSP48E1 instance is invalid.
Time: 702905 ns  Iteration: 11  Process: /apatb_yolo_conv_top_top/AESL_inst_yolo_conv_top/grp_window_macc_fu_923/yolo_conv_top_fadd_32ns_32ns_32_5_full_dsp_1_U13/yolo_conv_top_ap_fadd_3_full_dsp_32_u/U0/i_synth/addsub_op/ADDSUB/dsp/OP/dsp48e1_body/ALIGN_ADD/DSP2/DSP/prcs_opmode_drc  File: /opt/Xilinx_2019_1/Vivado/2019.1/data/vhdl/src/unisims/primitive/DSP48E1.vhd
Warning: OPMODE Input Warning : The OPMODE 0110X0X with CARRYINSEL  000 to DSP48E1 instance is invalid.
Time: 702955 ns  Iteration: 11  Process: /apatb_yolo_conv_top_top/AESL_inst_yolo_conv_top/grp_window_macc_fu_877/yolo_conv_top_fadd_32ns_32ns_32_5_full_dsp_1_U14/yolo_conv_top_ap_fadd_3_full_dsp_32_u/U0/i_synth/addsub_op/ADDSUB/dsp/OP/dsp48e1_body/ALIGN_ADD/DSP2/DSP/prcs_opmode_drc  File: /opt/Xilinx_2019_1/Vivado/2019.1/data/vhdl/src/unisims/primitive/DSP48E1.vhd
Warning: OPMODE Input Warning : The OPMODE 0110X0X with CARRYINSEL  000 to DSP48E1 instance is invalid.
Time: 702955 ns  Iteration: 11  Process: /apatb_yolo_conv_top_top/AESL_inst_yolo_conv_top/grp_window_macc_fu_923/yolo_conv_top_fadd_32ns_32ns_32_5_full_dsp_1_U14/yolo_conv_top_ap_fadd_3_full_dsp_32_u/U0/i_synth/addsub_op/ADDSUB/dsp/OP/dsp48e1_body/ALIGN_ADD/DSP2/DSP/prcs_opmode_drc  File: /opt/Xilinx_2019_1/Vivado/2019.1/data/vhdl/src/unisims/primitive/DSP48E1.vhd
Warning: OPMODE Input Warning : The OPMODE 0110X0X with CARRYINSEL  000 to DSP48E1 instance is invalid.
Time: 703055 ns  Iteration: 11  Process: /apatb_yolo_conv_top_top/AESL_inst_yolo_conv_top/grp_window_macc_fu_877/yolo_conv_top_fadd_32ns_32ns_32_5_full_dsp_1_U16/yolo_conv_top_ap_fadd_3_full_dsp_32_u/U0/i_synth/addsub_op/ADDSUB/dsp/OP/dsp48e1_body/ALIGN_ADD/DSP2/DSP/prcs_opmode_drc  File: /opt/Xilinx_2019_1/Vivado/2019.1/data/vhdl/src/unisims/primitive/DSP48E1.vhd
Warning: OPMODE Input Warning : The OPMODE 0110X0X with CARRYINSEL  000 to DSP48E1 instance is invalid.
Time: 703055 ns  Iteration: 11  Process: /apatb_yolo_conv_top_top/AESL_inst_yolo_conv_top/grp_window_macc_fu_923/yolo_conv_top_fadd_32ns_32ns_32_5_full_dsp_1_U16/yolo_conv_top_ap_fadd_3_full_dsp_32_u/U0/i_synth/addsub_op/ADDSUB/dsp/OP/dsp48e1_body/ALIGN_ADD/DSP2/DSP/prcs_opmode_drc  File: /opt/Xilinx_2019_1/Vivado/2019.1/data/vhdl/src/unisims/primitive/DSP48E1.vhd
Warning: OPMODE Input Warning : The OPMODE 0110X0X with CARRYINSEL  000 to DSP48E1 instance is invalid.
Time: 703105 ns  Iteration: 11  Process: /apatb_yolo_conv_top_top/AESL_inst_yolo_conv_top/grp_window_macc_fu_877/yolo_conv_top_fadd_32ns_32ns_32_5_full_dsp_1_U17/yolo_conv_top_ap_fadd_3_full_dsp_32_u/U0/i_synth/addsub_op/ADDSUB/dsp/OP/dsp48e1_body/ALIGN_ADD/DSP2/DSP/prcs_opmode_drc  File: /opt/Xilinx_2019_1/Vivado/2019.1/data/vhdl/src/unisims/primitive/DSP48E1.vhd
Warning: OPMODE Input Warning : The OPMODE 0110X0X with CARRYINSEL  000 to DSP48E1 instance is invalid.
Time: 703105 ns  Iteration: 11  Process: /apatb_yolo_conv_top_top/AESL_inst_yolo_conv_top/grp_window_macc_fu_923/yolo_conv_top_fadd_32ns_32ns_32_5_full_dsp_1_U17/yolo_conv_top_ap_fadd_3_full_dsp_32_u/U0/i_synth/addsub_op/ADDSUB/dsp/OP/dsp48e1_body/ALIGN_ADD/DSP2/DSP/prcs_opmode_drc  File: /opt/Xilinx_2019_1/Vivado/2019.1/data/vhdl/src/unisims/primitive/DSP48E1.vhd
Warning: OPMODE Input Warning : The OPMODE 0110X0X with CARRYINSEL  000 to DSP48E1 instance is invalid.
Time: 803525 ns  Iteration: 11  Process: /apatb_yolo_conv_top_top/AESL_inst_yolo_conv_top/yolo_conv_top_fadd_32ns_32ns_32_5_full_dsp_1_U106/yolo_conv_top_ap_fadd_3_full_dsp_32_u/U0/i_synth/addsub_op/ADDSUB/dsp/OP/dsp48e1_body/ALIGN_ADD/DSP2/DSP/prcs_opmode_drc  File: /opt/Xilinx_2019_1/Vivado/2019.1/data/vhdl/src/unisims/primitive/DSP48E1.vhd
Warning: OPMODE Input Warning : The OPMODE 0110X0X with CARRYINSEL  000 to DSP48E1 instance is invalid.
Time: 803525 ns  Iteration: 11  Process: /apatb_yolo_conv_top_top/AESL_inst_yolo_conv_top/yolo_conv_top_fadd_32ns_32ns_32_5_full_dsp_1_U107/yolo_conv_top_ap_fadd_3_full_dsp_32_u/U0/i_synth/addsub_op/ADDSUB/dsp/OP/dsp48e1_body/ALIGN_ADD/DSP2/DSP/prcs_opmode_drc  File: /opt/Xilinx_2019_1/Vivado/2019.1/data/vhdl/src/unisims/primitive/DSP48E1.vhd
Warning: OPMODE Input Warning : The OPMODE 0110X0X with CARRYINSEL  000 to DSP48E1 instance is invalid.
Time: 803575 ns  Iteration: 11  Process: /apatb_yolo_conv_top_top/AESL_inst_yolo_conv_top/yolo_conv_top_fadd_32ns_32ns_32_5_full_dsp_1_U108/yolo_conv_top_ap_fadd_3_full_dsp_32_u/U0/i_synth/addsub_op/ADDSUB/dsp/OP/dsp48e1_body/ALIGN_ADD/DSP2/DSP/prcs_opmode_drc  File: /opt/Xilinx_2019_1/Vivado/2019.1/data/vhdl/src/unisims/primitive/DSP48E1.vhd
Warning: OPMODE Input Warning : The OPMODE 0110X0X with CARRYINSEL  000 to DSP48E1 instance is invalid.
Time: 803575 ns  Iteration: 11  Process: /apatb_yolo_conv_top_top/AESL_inst_yolo_conv_top/yolo_conv_top_fadd_32ns_32ns_32_5_full_dsp_1_U109/yolo_conv_top_ap_fadd_3_full_dsp_32_u/U0/i_synth/addsub_op/ADDSUB/dsp/OP/dsp48e1_body/ALIGN_ADD/DSP2/DSP/prcs_opmode_drc  File: /opt/Xilinx_2019_1/Vivado/2019.1/data/vhdl/src/unisims/primitive/DSP48E1.vhd
Warning: OPMODE Input Warning : The OPMODE 011XX11 with CARRYINSEL  000 to DSP48E1 instance is invalid.
Time: 803665100 ps  Iteration: 10  Process: /apatb_yolo_conv_top_top/AESL_inst_yolo_conv_top/yolo_conv_top_dmul_64ns_64ns_64_6_max_dsp_1_U116/yolo_conv_top_ap_dmul_4_max_dsp_64_u/U0/i_synth/mult/OP/i_non_prim/R_AND_R/logic/R_AND_R/dsp48_e1/dsp48e1_add/DSP48E1_ADD/DSP/prcs_opmode_drc  File: /opt/Xilinx_2019_1/Vivado/2019.1/data/vhdl/src/unisims/primitive/DSP48E1.vhd
Warning: OPMODE Input Warning : The OPMODE 011XX11 with CARRYINSEL  000 to DSP48E1 instance is invalid.
Time: 803665100 ps  Iteration: 10  Process: /apatb_yolo_conv_top_top/AESL_inst_yolo_conv_top/yolo_conv_top_dmul_64ns_64ns_64_6_max_dsp_1_U117/yolo_conv_top_ap_dmul_4_max_dsp_64_u/U0/i_synth/mult/OP/i_non_prim/R_AND_R/logic/R_AND_R/dsp48_e1/dsp48e1_add/DSP48E1_ADD/DSP/prcs_opmode_drc  File: /opt/Xilinx_2019_1/Vivado/2019.1/data/vhdl/src/unisims/primitive/DSP48E1.vhd
// RTL Simulation : 1 / 1 [100.00%] @ "803885000"
////////////////////////////////////////////////////////////////////////////////////
$finish called at time : 803925 ns : File "/home/xavier/MSc_Project/hls/yolo_conv_hls_2019/yolo_conv_2019/solution1/sim/verilog/yolo_conv_top.autotb.v" Line 460
run: Time (s): cpu = 00:00:00.14 ; elapsed = 00:15:16 . Memory (MB): peak = 1441.523 ; gain = 0.000 ; free physical = 564 ; free virtual = 10537
## quit
INFO: [Common 17-206] Exiting xsim at Sun Jun  9 10:18:40 2019...
