Copyright 1986-2019 Xilinx, Inc. All Rights Reserved.
------------------------------------------------------------------------------------
| Tool Version : Vivado v.2019.1 (lin64) Build 2552052 Fri May 24 14:47:09 MDT 2019
| Date         : Fri Jul 26 19:50:09 2019
| Host         : Lenovo-XiaoXin-CHAO7000 running 64-bit Ubuntu 16.04.6 LTS
| Command      : upgrade_ip
| Device       : xc7z020clg484-1
------------------------------------------------------------------------------------

Upgrade Log for IP 'design_1_yolo_conv_top_0_2'

1. Summary
----------

SUCCESS in the upgrade of design_1_yolo_conv_top_0_2 (xilinx.com:hls:yolo_conv_top:1.0) from (Rev. 1907261758) to (Rev. 1907261946)






Copyright 1986-2019 Xilinx, Inc. All Rights Reserved.
------------------------------------------------------------------------------------
| Tool Version : Vivado v.2019.1 (lin64) Build 2552052 Fri May 24 14:47:09 MDT 2019
| Date         : Fri Jul 26 18:00:07 2019
| Host         : Lenovo-XiaoXin-CHAO7000 running 64-bit Ubuntu 16.04.6 LTS
| Command      : upgrade_ip
| Device       : xc7z020clg484-1
------------------------------------------------------------------------------------

Upgrade Log for IP 'design_1_yolo_conv_top_0_2'

1. Summary
----------

SUCCESS in the upgrade of design_1_yolo_conv_top_0_2 (xilinx.com:hls:yolo_conv_top:1.0) from (Rev. 1907261720) to (Rev. 1907261758)






Copyright 1986-2019 Xilinx, Inc. All Rights Reserved.
------------------------------------------------------------------------------------
| Tool Version : Vivado v.2019.1 (lin64) Build 2552052 Fri May 24 14:47:09 MDT 2019
| Date         : Fri Jul 26 17:29:24 2019
| Host         : Lenovo-XiaoXin-CHAO7000 running 64-bit Ubuntu 16.04.6 LTS
| Command      : upgrade_ip
| Device       : xc7z020clg484-1
------------------------------------------------------------------------------------

Upgrade Log for IP 'design_1_yolo_yolo_top_0_0'

1. Summary
----------

SUCCESS in the upgrade of design_1_yolo_yolo_top_0_0 (xilinx.com:hls:yolo_yolo_top:1.0) from (Rev. 1907171038) to (Rev. 1907261726)






Copyright 1986-2019 Xilinx, Inc. All Rights Reserved.
------------------------------------------------------------------------------------
| Tool Version : Vivado v.2019.1 (lin64) Build 2552052 Fri May 24 14:47:09 MDT 2019
| Date         : Fri Jul 26 17:29:24 2019
| Host         : Lenovo-XiaoXin-CHAO7000 running 64-bit Ubuntu 16.04.6 LTS
| Command      : upgrade_ip
| Device       : xc7z020clg484-1
------------------------------------------------------------------------------------

Upgrade Log for IP 'design_1_yolo_conv_top_0_2'

1. Summary
----------

SUCCESS in the upgrade of design_1_yolo_conv_top_0_2 (xilinx.com:hls:yolo_conv_top:1.0) from (Rev. 1907201908) to (Rev. 1907261720)

