#-----------------------------------------------------------
# Vivado v2019.1 (64-bit)
# SW Build 2552052 on Fri May 24 14:47:09 MDT 2019
# IP Build 2548770 on Fri May 24 18:01:18 MDT 2019
# Start of session at: Mon Jul 22 09:25:18 2019
# Process ID: 14807
# Current directory: /home/xavier/MSc_Project/hls/yolo_conv_hls_2019/yolo_sys_fp_prj_2019_64
# Command line: vivado yolo_sys_fp_prj_2019_64.xpr
# Log file: /home/xavier/MSc_Project/hls/yolo_conv_hls_2019/yolo_sys_fp_prj_2019_64/vivado.log
# Journal file: /home/xavier/MSc_Project/hls/yolo_conv_hls_2019/yolo_sys_fp_prj_2019_64/vivado.jou
#-----------------------------------------------------------
start_gui
open_project yolo_sys_fp_prj_2019_64.xpr
Scanning sources...
Finished scanning sources
INFO: [IP_Flow 19-234] Refreshing IP repositories
INFO: [IP_Flow 19-1700] Loaded user IP repository '/home/xavier/MSc_Project/hls/ip_fp64'.
INFO: [IP_Flow 19-2313] Loaded Vivado IP repository '/opt/Xilinx_2019_1/Vivado/2019.1/data/ip'.
open_project: Time (s): cpu = 00:00:21 ; elapsed = 00:00:11 . Memory (MB): peak = 6470.680 ; gain = 129.820 ; free physical = 4069 ; free virtual = 14031
launch_sdk -workspace /home/xavier/MSc_Project/hls/yolo_conv_hls_2019/yolo_sys_fp_prj_2019_64/yolo_sys_fp_prj_2019_64.sdk -hwspec /home/xavier/MSc_Project/hls/yolo_conv_hls_2019/yolo_sys_fp_prj_2019_64/yolo_sys_fp_prj_2019_64.sdk/design_1_wrapper.hdf
INFO: [Vivado 12-393] Launching SDK...
INFO: [Vivado 12-417] Running xsdk -workspace /home/xavier/MSc_Project/hls/yolo_conv_hls_2019/yolo_sys_fp_prj_2019_64/yolo_sys_fp_prj_2019_64.sdk -hwspec /home/xavier/MSc_Project/hls/yolo_conv_hls_2019/yolo_sys_fp_prj_2019_64/yolo_sys_fp_prj_2019_64.sdk/design_1_wrapper.hdf
INFO: [Vivado 12-3157] SDK launch initiated. Please check console for any further messages.
update_compile_order -fileset sources_1
open_bd_design {/home/xavier/MSc_Project/hls/yolo_conv_hls_2019/yolo_sys_fp_prj_2019_64/yolo_sys_fp_prj_2019_64.srcs/sources_1/bd/design_1/design_1.bd}
Adding component instance block -- xilinx.com:hls:yolo_yolo_top:1.0 - yolo_yolo_top_0
Adding component instance block -- xilinx.com:ip:processing_system7:5.5 - processing_system7_0
Adding component instance block -- xilinx.com:hls:yolo_max_pool_top:1.0 - yolo_max_pool_top_0
Adding component instance block -- xilinx.com:hls:yolo_conv_top:1.0 - yolo_conv_top_0
Adding component instance block -- xilinx.com:hls:yolo_acc_top:1.0 - yolo_acc_top_0
Adding component instance block -- xilinx.com:hls:yolo_upsamp_top:1.0 - yolo_upsamp_top_0
Adding component instance block -- xilinx.com:ip:axis_switch:1.1 - axis_switch_0
Adding component instance block -- xilinx.com:ip:axis_switch:1.1 - axis_switch_1
Adding component instance block -- xilinx.com:ip:axis_switch:1.1 - axis_switch_2
Adding component instance block -- xilinx.com:ip:axi_dma:7.1 - axi_dma
Adding component instance block -- xilinx.com:ip:axi_interconnect:2.1 - axi_mem_intercon
Adding component instance block -- xilinx.com:ip:axi_crossbar:2.1 - xbar
Adding component instance block -- xilinx.com:ip:axi_protocol_converter:2.1 - auto_pc
Adding component instance block -- xilinx.com:ip:proc_sys_reset:5.0 - rst_ps7_0_100M
Adding component instance block -- xilinx.com:ip:axi_dma:7.1 - axi_dma_1
Adding component instance block -- xilinx.com:ip:axi_interconnect:2.1 - axi_mem_intercon_1
Adding component instance block -- xilinx.com:ip:axi_protocol_converter:2.1 - auto_pc
Adding component instance block -- xilinx.com:ip:axi_interconnect:2.1 - ps7_0_axi_periph
Adding component instance block -- xilinx.com:ip:axi_crossbar:2.1 - xbar
Adding component instance block -- xilinx.com:ip:axi_protocol_converter:2.1 - auto_pc
Successfully read diagram <design_1> from BD file </home/xavier/MSc_Project/hls/yolo_conv_hls_2019/yolo_sys_fp_prj_2019_64/yolo_sys_fp_prj_2019_64.srcs/sources_1/bd/design_1/design_1.bd>
open_bd_design: Time (s): cpu = 00:00:12 ; elapsed = 00:00:06 . Memory (MB): peak = 6803.398 ; gain = 0.000 ; free physical = 2483 ; free virtual = 12759
exit
INFO: [Common 17-206] Exiting Vivado at Mon Jul 22 10:41:31 2019...
