#-----------------------------------------------------------
# Vivado v2019.1 (64-bit)
# SW Build 2552052 on Fri May 24 14:47:09 MDT 2019
# IP Build 2548770 on Fri May 24 18:01:18 MDT 2019
# Start of session at: Fri Jul 26 17:27:43 2019
# Process ID: 12939
# Current directory: /home/xavier/MSc_Project/hls/yolo_conv_hls_2019/yolo_sys_fp_prj_2019_64
# Command line: vivado yolo_sys_fp_prj_2019_64.xpr
# Log file: /home/xavier/MSc_Project/hls/yolo_conv_hls_2019/yolo_sys_fp_prj_2019_64/vivado.log
# Journal file: /home/xavier/MSc_Project/hls/yolo_conv_hls_2019/yolo_sys_fp_prj_2019_64/vivado.jou
#-----------------------------------------------------------
start_gui
open_project yolo_sys_fp_prj_2019_64.xpr
Scanning sources...
Finished scanning sources
INFO: [IP_Flow 19-234] Refreshing IP repositories
INFO: [IP_Flow 19-1700] Loaded user IP repository '/home/xavier/MSc_Project/hls/ip_fp64'.
INFO: [IP_Flow 19-2313] Loaded Vivado IP repository '/opt/Xilinx_2019_1/Vivado/2019.1/data/ip'.
WARNING: [BD 41-1661] One or more IPs have been locked in the design 'design_1.bd'. Please run report_ip_status for more details and recommendations on how to fix this issue.
List of locked IPs:
design_1_yolo_conv_top_0_2
design_1_yolo_yolo_top_0_0

open_project: Time (s): cpu = 00:00:20 ; elapsed = 00:00:10 . Memory (MB): peak = 6451.480 ; gain = 134.395 ; free physical = 3021 ; free virtual = 14153
update_compile_order -fileset sources_1
open_bd_design {/home/xavier/MSc_Project/hls/yolo_conv_hls_2019/yolo_sys_fp_prj_2019_64/yolo_sys_fp_prj_2019_64.srcs/sources_1/bd/design_1/design_1.bd}
Adding component instance block -- xilinx.com:hls:yolo_yolo_top:1.0 - yolo_yolo_top_0
Adding component instance block -- xilinx.com:ip:processing_system7:5.5 - processing_system7_0
Adding component instance block -- xilinx.com:hls:yolo_max_pool_top:1.0 - yolo_max_pool_top_0
Adding component instance block -- xilinx.com:hls:yolo_conv_top:1.0 - yolo_conv_top_0
Adding component instance block -- xilinx.com:hls:yolo_acc_top:1.0 - yolo_acc_top_0
Adding component instance block -- xilinx.com:hls:yolo_upsamp_top:1.0 - yolo_upsamp_top_0
Adding component instance block -- xilinx.com:ip:axis_switch:1.1 - axis_switch_0
Adding component instance block -- xilinx.com:ip:axis_switch:1.1 - axis_switch_1
Adding component instance block -- xilinx.com:ip:axis_switch:1.1 - axis_switch_2
Adding component instance block -- xilinx.com:ip:axi_dma:7.1 - axi_dma
Adding component instance block -- xilinx.com:ip:axi_interconnect:2.1 - axi_mem_intercon
Adding component instance block -- xilinx.com:ip:axi_crossbar:2.1 - xbar
Adding component instance block -- xilinx.com:ip:axi_protocol_converter:2.1 - auto_pc
Adding component instance block -- xilinx.com:ip:proc_sys_reset:5.0 - rst_ps7_0_100M
Adding component instance block -- xilinx.com:ip:axi_dma:7.1 - axi_dma_1
Adding component instance block -- xilinx.com:ip:axi_interconnect:2.1 - axi_mem_intercon_1
Adding component instance block -- xilinx.com:ip:axi_protocol_converter:2.1 - auto_pc
Adding component instance block -- xilinx.com:ip:axi_interconnect:2.1 - ps7_0_axi_periph
Adding component instance block -- xilinx.com:ip:axi_crossbar:2.1 - xbar
Adding component instance block -- xilinx.com:ip:axi_protocol_converter:2.1 - auto_pc
Successfully read diagram <design_1> from BD file </home/xavier/MSc_Project/hls/yolo_conv_hls_2019/yolo_sys_fp_prj_2019_64/yolo_sys_fp_prj_2019_64.srcs/sources_1/bd/design_1/design_1.bd>
open_bd_design: Time (s): cpu = 00:00:16 ; elapsed = 00:00:10 . Memory (MB): peak = 6621.547 ; gain = 0.000 ; free physical = 2791 ; free virtual = 13978
report_ip_status -name ip_status 
upgrade_ip [get_ips  {design_1_yolo_conv_top_0_2 design_1_yolo_yolo_top_0_0}] -log ip_upgrade.log
Upgrading '/home/xavier/MSc_Project/hls/yolo_conv_hls_2019/yolo_sys_fp_prj_2019_64/yolo_sys_fp_prj_2019_64.srcs/sources_1/bd/design_1/design_1.bd'
INFO: [IP_Flow 19-3422] Upgraded design_1_yolo_conv_top_0_2 (Yolo_conv_top 1.0) from revision 1907201908 to revision 1907261720
INFO: [IP_Flow 19-3422] Upgraded design_1_yolo_yolo_top_0_0 (Yolo_yolo_top 1.0) from revision 1907171038 to revision 1907261726
Wrote  : </home/xavier/MSc_Project/hls/yolo_conv_hls_2019/yolo_sys_fp_prj_2019_64/yolo_sys_fp_prj_2019_64.srcs/sources_1/bd/design_1/design_1.bd> 
Wrote  : </home/xavier/MSc_Project/hls/yolo_conv_hls_2019/yolo_sys_fp_prj_2019_64/yolo_sys_fp_prj_2019_64.srcs/sources_1/bd/design_1/ui/bd_1f5defd0.ui> 
INFO: [Coretcl 2-1525] Wrote upgrade log to '/home/xavier/MSc_Project/hls/yolo_conv_hls_2019/yolo_sys_fp_prj_2019_64/ip_upgrade.log'.
export_ip_user_files -of_objects [get_ips {design_1_yolo_conv_top_0_2 design_1_yolo_yolo_top_0_0}] -no_script -sync -force -quiet
regenerate_bd_layout
regenerate_bd_layout -routing
regenerate_bd_layout
validate_bd_design
reset_run synth_1
save_bd_design
Wrote  : </home/xavier/MSc_Project/hls/yolo_conv_hls_2019/yolo_sys_fp_prj_2019_64/yolo_sys_fp_prj_2019_64.srcs/sources_1/bd/design_1/design_1.bd> 
Wrote  : </home/xavier/MSc_Project/hls/yolo_conv_hls_2019/yolo_sys_fp_prj_2019_64/yolo_sys_fp_prj_2019_64.srcs/sources_1/bd/design_1/ui/bd_1f5defd0.ui> 
launch_runs impl_1 -jobs 3
INFO: [BD 41-1662] The design 'design_1.bd' is already validated. Therefore parameter propagation will not be re-run.
WARNING: [BD 41-235] Width mismatch when connecting pin: '/axi_mem_intercon/m00_couplers/auto_pc/m_axi_bid'(1) to net 'auto_pc_to_m00_couplers_BID'(6) - Only lower order bits will be connected.
WARNING: [BD 41-235] Width mismatch when connecting pin: '/axi_mem_intercon/m00_couplers/auto_pc/m_axi_rid'(1) to net 'auto_pc_to_m00_couplers_RID'(6) - Only lower order bits will be connected.
WARNING: [BD 41-235] Width mismatch when connecting pin: '/processing_system7_0/S_AXI_HP0_AWID'(6) to net 'axi_mem_intercon_M00_AXI_AWID'(1) - Only lower order bits will be connected.
WARNING: [BD 41-235] Width mismatch when connecting pin: '/processing_system7_0/S_AXI_HP0_WID'(6) to net 'axi_mem_intercon_M00_AXI_WID'(1) - Only lower order bits will be connected.
WARNING: [BD 41-235] Width mismatch when connecting pin: '/processing_system7_0/S_AXI_HP0_ARID'(6) to net 'axi_mem_intercon_M00_AXI_ARID'(1) - Only lower order bits will be connected.
VHDL Output written to : /home/xavier/MSc_Project/hls/yolo_conv_hls_2019/yolo_sys_fp_prj_2019_64/yolo_sys_fp_prj_2019_64.srcs/sources_1/bd/design_1/synth/design_1.v
WARNING: [BD 41-235] Width mismatch when connecting pin: '/axi_mem_intercon/m00_couplers/auto_pc/m_axi_bid'(1) to net 'auto_pc_to_m00_couplers_BID'(6) - Only lower order bits will be connected.
WARNING: [BD 41-235] Width mismatch when connecting pin: '/axi_mem_intercon/m00_couplers/auto_pc/m_axi_rid'(1) to net 'auto_pc_to_m00_couplers_RID'(6) - Only lower order bits will be connected.
WARNING: [BD 41-235] Width mismatch when connecting pin: '/processing_system7_0/S_AXI_HP0_AWID'(6) to net 'axi_mem_intercon_M00_AXI_AWID'(1) - Only lower order bits will be connected.
WARNING: [BD 41-235] Width mismatch when connecting pin: '/processing_system7_0/S_AXI_HP0_WID'(6) to net 'axi_mem_intercon_M00_AXI_WID'(1) - Only lower order bits will be connected.
WARNING: [BD 41-235] Width mismatch when connecting pin: '/processing_system7_0/S_AXI_HP0_ARID'(6) to net 'axi_mem_intercon_M00_AXI_ARID'(1) - Only lower order bits will be connected.
VHDL Output written to : /home/xavier/MSc_Project/hls/yolo_conv_hls_2019/yolo_sys_fp_prj_2019_64/yolo_sys_fp_prj_2019_64.srcs/sources_1/bd/design_1/sim/design_1.v
VHDL Output written to : /home/xavier/MSc_Project/hls/yolo_conv_hls_2019/yolo_sys_fp_prj_2019_64/yolo_sys_fp_prj_2019_64.srcs/sources_1/bd/design_1/hdl/design_1_wrapper.v
INFO: [BD 41-1029] Generation completed for the IP Integrator block yolo_yolo_top_0 .
INFO: [BD 41-1029] Generation completed for the IP Integrator block processing_system7_0 .
INFO: [BD 41-1029] Generation completed for the IP Integrator block yolo_max_pool_top_0 .
INFO: [BD 41-1029] Generation completed for the IP Integrator block yolo_conv_top_0 .
INFO: [BD 41-1029] Generation completed for the IP Integrator block yolo_acc_top_0 .
INFO: [BD 41-1029] Generation completed for the IP Integrator block yolo_upsamp_top_0 .
INFO: [BD 41-1029] Generation completed for the IP Integrator block axis_switch_0 .
INFO: [BD 41-1029] Generation completed for the IP Integrator block axis_switch_1 .
INFO: [BD 41-1029] Generation completed for the IP Integrator block axis_switch_2 .
INFO: [BD 41-1029] Generation completed for the IP Integrator block axi_dma .
INFO: [BD 41-1029] Generation completed for the IP Integrator block axi_mem_intercon/xbar .
INFO: [BD 41-1029] Generation completed for the IP Integrator block rst_ps7_0_100M .
INFO: [BD 41-1029] Generation completed for the IP Integrator block axi_dma_1 .
INFO: [BD 41-1029] Generation completed for the IP Integrator block ps7_0_axi_periph/xbar .
WARNING: [IP_Flow 19-3452] Invalid long/float value '1e+08' specified for parameter 'FREQ_HZ(CLK)' for design_1_auto_pc_0.
INFO: [BD 41-1029] Generation completed for the IP Integrator block axi_mem_intercon/m00_couplers/auto_pc .
WARNING: [IP_Flow 19-3452] Invalid long/float value '1e+08' specified for parameter 'FREQ_HZ(CLK)' for design_1_auto_pc_1.
INFO: [BD 41-1029] Generation completed for the IP Integrator block axi_mem_intercon_1/s00_couplers/auto_pc .
WARNING: [IP_Flow 19-3452] Invalid long/float value '1e+08' specified for parameter 'FREQ_HZ(CLK)' for design_1_auto_pc_2.
INFO: [BD 41-1029] Generation completed for the IP Integrator block ps7_0_axi_periph/s00_couplers/auto_pc .
Exporting to file /home/xavier/MSc_Project/hls/yolo_conv_hls_2019/yolo_sys_fp_prj_2019_64/yolo_sys_fp_prj_2019_64.srcs/sources_1/bd/design_1/hw_handoff/design_1.hwh
Generated Block Design Tcl file /home/xavier/MSc_Project/hls/yolo_conv_hls_2019/yolo_sys_fp_prj_2019_64/yolo_sys_fp_prj_2019_64.srcs/sources_1/bd/design_1/hw_handoff/design_1_bd.tcl
Generated Hardware Definition File /home/xavier/MSc_Project/hls/yolo_conv_hls_2019/yolo_sys_fp_prj_2019_64/yolo_sys_fp_prj_2019_64.srcs/sources_1/bd/design_1/synth/design_1.hwdef
INFO: [IP_Flow 19-4993] Using cached IP synthesis design for IP design_1_auto_pc_0, cache-ID = c7058870abce771d; cache size = 203.305 MB.
INFO: [IP_Flow 19-4993] Using cached IP synthesis design for IP design_1_auto_pc_1, cache-ID = cd190adeff930318; cache size = 203.305 MB.
INFO: [IP_Flow 19-4993] Using cached IP synthesis design for IP design_1_auto_pc_2, cache-ID = 15f300fe928ad4df; cache size = 203.305 MB.
[Fri Jul 26 17:30:04 2019] Launched design_1_yolo_yolo_top_0_0_synth_1, design_1_yolo_conv_top_0_2_synth_1, synth_1...
Run output will be captured here:
design_1_yolo_yolo_top_0_0_synth_1: /home/xavier/MSc_Project/hls/yolo_conv_hls_2019/yolo_sys_fp_prj_2019_64/yolo_sys_fp_prj_2019_64.runs/design_1_yolo_yolo_top_0_0_synth_1/runme.log
design_1_yolo_conv_top_0_2_synth_1: /home/xavier/MSc_Project/hls/yolo_conv_hls_2019/yolo_sys_fp_prj_2019_64/yolo_sys_fp_prj_2019_64.runs/design_1_yolo_conv_top_0_2_synth_1/runme.log
synth_1: /home/xavier/MSc_Project/hls/yolo_conv_hls_2019/yolo_sys_fp_prj_2019_64/yolo_sys_fp_prj_2019_64.runs/synth_1/runme.log
[Fri Jul 26 17:30:04 2019] Launched impl_1...
Run output will be captured here: /home/xavier/MSc_Project/hls/yolo_conv_hls_2019/yolo_sys_fp_prj_2019_64/yolo_sys_fp_prj_2019_64.runs/impl_1/runme.log
launch_runs: Time (s): cpu = 00:00:16 ; elapsed = 00:00:13 . Memory (MB): peak = 6875.582 ; gain = 147.707 ; free physical = 2550 ; free virtual = 13787
report_ip_status -name ip_status 
open_run impl_1
INFO: [Device 21-403] Loading part xc7z020clg484-1
INFO: [Netlist 29-17] Analyzing 1746 Unisim elements for replacement
INFO: [Netlist 29-28] Unisim Transformation completed in 0 CPU seconds
INFO: [Project 1-479] Netlist was created with Vivado 2019.1
INFO: [Project 1-570] Preparing netlist for logic optimization
INFO: [Timing 38-478] Restoring timing data from binary archive.
INFO: [Timing 38-479] Binary timing data restore complete.
INFO: [Project 1-856] Restoring constraints from binary archive.
INFO: [Constraints 18-5170] The checkpoint was created with non-default parameter values which do not match the current Vivado settings.  Mismatching parameters are:
  general.maxThreads
INFO: [Project 1-853] Binary constraint restore complete.
Reading XDEF placement.
Reading placer database...
Reading XDEF routing.
Read XDEF File: Time (s): cpu = 00:00:06 ; elapsed = 00:00:05 . Memory (MB): peak = 7963.414 ; gain = 85.180 ; free physical = 3098 ; free virtual = 12751
Restored from archive | CPU: 5.640000 secs | Memory: 92.209496 MB |
Finished XDEF File Restore: Time (s): cpu = 00:00:06 ; elapsed = 00:00:05 . Memory (MB): peak = 7963.414 ; gain = 85.180 ; free physical = 3098 ; free virtual = 12751
Netlist sorting complete. Time (s): cpu = 00:00:00.01 ; elapsed = 00:00:00.01 . Memory (MB): peak = 7963.414 ; gain = 0.000 ; free physical = 3124 ; free virtual = 12777
INFO: [Project 1-111] Unisim Transformation Summary:
  A total of 8 instances were transformed.
  RAM32M => RAM32M (RAMD32, RAMD32, RAMD32, RAMD32, RAMD32, RAMD32, RAMS32, RAMS32): 5 instances
  RAM32X1D => RAM32X1D (RAMD32, RAMD32): 2 instances
  SRLC32E => SRL16E: 1 instances

open_run: Time (s): cpu = 00:00:42 ; elapsed = 00:00:36 . Memory (MB): peak = 8050.016 ; gain = 1074.207 ; free physical = 3057 ; free virtual = 12713
open_report: Time (s): cpu = 00:00:27 ; elapsed = 00:00:10 . Memory (MB): peak = 8208.238 ; gain = 51.797 ; free physical = 2741 ; free virtual = 12398
CRITICAL WARNING: [Timing 38-282] The design failed to meet the timing requirements. Please see the timing summary report for details on the timing violations.
WARNING: [IP_Flow 19-4318] IP-XACT file does not exist: /home/xavier/MSc_Project/hls/ip_fp64/xilinx_com_hls_yolo_conv_top_1_0/component.xml. It will be created.
open_bd_design {/home/xavier/MSc_Project/hls/yolo_conv_hls_2019/yolo_sys_fp_prj_2019_64/yolo_sys_fp_prj_2019_64.srcs/sources_1/bd/design_1/design_1.bd}
update_ip_catalog -rebuild -scan_changes
INFO: [IP_Flow 19-234] Refreshing IP repositories
INFO: [IP_Flow 19-1700] Loaded user IP repository '/home/xavier/MSc_Project/hls/ip_fp64'.
report_ip_status -name ip_status
upgrade_ip -vlnv xilinx.com:hls:yolo_conv_top:1.0 [get_ips  design_1_yolo_conv_top_0_2] -log ip_upgrade.log
Upgrading '/home/xavier/MSc_Project/hls/yolo_conv_hls_2019/yolo_sys_fp_prj_2019_64/yolo_sys_fp_prj_2019_64.srcs/sources_1/bd/design_1/design_1.bd'
INFO: [IP_Flow 19-3422] Upgraded design_1_yolo_conv_top_0_2 (Yolo_conv_top 1.0) from revision 1907261720 to revision 1907261758
Wrote  : </home/xavier/MSc_Project/hls/yolo_conv_hls_2019/yolo_sys_fp_prj_2019_64/yolo_sys_fp_prj_2019_64.srcs/sources_1/bd/design_1/design_1.bd> 
Wrote  : </home/xavier/MSc_Project/hls/yolo_conv_hls_2019/yolo_sys_fp_prj_2019_64/yolo_sys_fp_prj_2019_64.srcs/sources_1/bd/design_1/ui/bd_1f5defd0.ui> 
INFO: [Coretcl 2-1525] Wrote upgrade log to '/home/xavier/MSc_Project/hls/yolo_conv_hls_2019/yolo_sys_fp_prj_2019_64/ip_upgrade.log'.
export_ip_user_files -of_objects [get_ips design_1_yolo_conv_top_0_2] -no_script -sync -force -quiet
report_ip_status -name ip_status 
regenerate_bd_layout
regenerate_bd_layout -routing
validate_bd_design
reset_run synth_1
save_bd_design
Wrote  : </home/xavier/MSc_Project/hls/yolo_conv_hls_2019/yolo_sys_fp_prj_2019_64/yolo_sys_fp_prj_2019_64.srcs/sources_1/bd/design_1/design_1.bd> 
launch_runs impl_1 -jobs 2
INFO: [BD 41-1662] The design 'design_1.bd' is already validated. Therefore parameter propagation will not be re-run.
WARNING: [BD 41-235] Width mismatch when connecting pin: '/axi_mem_intercon/m00_couplers/auto_pc/m_axi_bid'(1) to net 'auto_pc_to_m00_couplers_BID'(6) - Only lower order bits will be connected.
WARNING: [BD 41-235] Width mismatch when connecting pin: '/axi_mem_intercon/m00_couplers/auto_pc/m_axi_rid'(1) to net 'auto_pc_to_m00_couplers_RID'(6) - Only lower order bits will be connected.
WARNING: [BD 41-235] Width mismatch when connecting pin: '/processing_system7_0/S_AXI_HP0_AWID'(6) to net 'axi_mem_intercon_M00_AXI_AWID'(1) - Only lower order bits will be connected.
WARNING: [BD 41-235] Width mismatch when connecting pin: '/processing_system7_0/S_AXI_HP0_WID'(6) to net 'axi_mem_intercon_M00_AXI_WID'(1) - Only lower order bits will be connected.
WARNING: [BD 41-235] Width mismatch when connecting pin: '/processing_system7_0/S_AXI_HP0_ARID'(6) to net 'axi_mem_intercon_M00_AXI_ARID'(1) - Only lower order bits will be connected.
VHDL Output written to : /home/xavier/MSc_Project/hls/yolo_conv_hls_2019/yolo_sys_fp_prj_2019_64/yolo_sys_fp_prj_2019_64.srcs/sources_1/bd/design_1/synth/design_1.v
WARNING: [BD 41-235] Width mismatch when connecting pin: '/axi_mem_intercon/m00_couplers/auto_pc/m_axi_bid'(1) to net 'auto_pc_to_m00_couplers_BID'(6) - Only lower order bits will be connected.
WARNING: [BD 41-235] Width mismatch when connecting pin: '/axi_mem_intercon/m00_couplers/auto_pc/m_axi_rid'(1) to net 'auto_pc_to_m00_couplers_RID'(6) - Only lower order bits will be connected.
WARNING: [BD 41-235] Width mismatch when connecting pin: '/processing_system7_0/S_AXI_HP0_AWID'(6) to net 'axi_mem_intercon_M00_AXI_AWID'(1) - Only lower order bits will be connected.
WARNING: [BD 41-235] Width mismatch when connecting pin: '/processing_system7_0/S_AXI_HP0_WID'(6) to net 'axi_mem_intercon_M00_AXI_WID'(1) - Only lower order bits will be connected.
WARNING: [BD 41-235] Width mismatch when connecting pin: '/processing_system7_0/S_AXI_HP0_ARID'(6) to net 'axi_mem_intercon_M00_AXI_ARID'(1) - Only lower order bits will be connected.
VHDL Output written to : /home/xavier/MSc_Project/hls/yolo_conv_hls_2019/yolo_sys_fp_prj_2019_64/yolo_sys_fp_prj_2019_64.srcs/sources_1/bd/design_1/sim/design_1.v
VHDL Output written to : /home/xavier/MSc_Project/hls/yolo_conv_hls_2019/yolo_sys_fp_prj_2019_64/yolo_sys_fp_prj_2019_64.srcs/sources_1/bd/design_1/hdl/design_1_wrapper.v
INFO: [BD 41-1029] Generation completed for the IP Integrator block yolo_yolo_top_0 .
INFO: [BD 41-1029] Generation completed for the IP Integrator block processing_system7_0 .
INFO: [BD 41-1029] Generation completed for the IP Integrator block yolo_max_pool_top_0 .
INFO: [BD 41-1029] Generation completed for the IP Integrator block yolo_conv_top_0 .
INFO: [BD 41-1029] Generation completed for the IP Integrator block yolo_acc_top_0 .
INFO: [BD 41-1029] Generation completed for the IP Integrator block yolo_upsamp_top_0 .
INFO: [BD 41-1029] Generation completed for the IP Integrator block axis_switch_0 .
INFO: [BD 41-1029] Generation completed for the IP Integrator block axis_switch_1 .
INFO: [BD 41-1029] Generation completed for the IP Integrator block axis_switch_2 .
INFO: [BD 41-1029] Generation completed for the IP Integrator block axi_dma .
INFO: [BD 41-1029] Generation completed for the IP Integrator block axi_mem_intercon/xbar .
INFO: [BD 41-1029] Generation completed for the IP Integrator block rst_ps7_0_100M .
INFO: [BD 41-1029] Generation completed for the IP Integrator block axi_dma_1 .
INFO: [BD 41-1029] Generation completed for the IP Integrator block ps7_0_axi_periph/xbar .
WARNING: [IP_Flow 19-3452] Invalid long/float value '1e+08' specified for parameter 'FREQ_HZ(CLK)' for design_1_auto_pc_0.
INFO: [BD 41-1029] Generation completed for the IP Integrator block axi_mem_intercon/m00_couplers/auto_pc .
WARNING: [IP_Flow 19-3452] Invalid long/float value '1e+08' specified for parameter 'FREQ_HZ(CLK)' for design_1_auto_pc_1.
INFO: [BD 41-1029] Generation completed for the IP Integrator block axi_mem_intercon_1/s00_couplers/auto_pc .
WARNING: [IP_Flow 19-3452] Invalid long/float value '1e+08' specified for parameter 'FREQ_HZ(CLK)' for design_1_auto_pc_2.
INFO: [BD 41-1029] Generation completed for the IP Integrator block ps7_0_axi_periph/s00_couplers/auto_pc .
Exporting to file /home/xavier/MSc_Project/hls/yolo_conv_hls_2019/yolo_sys_fp_prj_2019_64/yolo_sys_fp_prj_2019_64.srcs/sources_1/bd/design_1/hw_handoff/design_1.hwh
Generated Block Design Tcl file /home/xavier/MSc_Project/hls/yolo_conv_hls_2019/yolo_sys_fp_prj_2019_64/yolo_sys_fp_prj_2019_64.srcs/sources_1/bd/design_1/hw_handoff/design_1_bd.tcl
Generated Hardware Definition File /home/xavier/MSc_Project/hls/yolo_conv_hls_2019/yolo_sys_fp_prj_2019_64/yolo_sys_fp_prj_2019_64.srcs/sources_1/bd/design_1/synth/design_1.hwdef
INFO: [IP_Flow 19-4993] Using cached IP synthesis design for IP design_1_auto_pc_0, cache-ID = c7058870abce771d; cache size = 249.576 MB.
INFO: [IP_Flow 19-4993] Using cached IP synthesis design for IP design_1_auto_pc_1, cache-ID = cd190adeff930318; cache size = 249.576 MB.
INFO: [IP_Flow 19-4993] Using cached IP synthesis design for IP design_1_auto_pc_2, cache-ID = 15f300fe928ad4df; cache size = 249.576 MB.
[Fri Jul 26 18:00:56 2019] Launched design_1_yolo_conv_top_0_2_synth_1, synth_1...
Run output will be captured here:
design_1_yolo_conv_top_0_2_synth_1: /home/xavier/MSc_Project/hls/yolo_conv_hls_2019/yolo_sys_fp_prj_2019_64/yolo_sys_fp_prj_2019_64.runs/design_1_yolo_conv_top_0_2_synth_1/runme.log
synth_1: /home/xavier/MSc_Project/hls/yolo_conv_hls_2019/yolo_sys_fp_prj_2019_64/yolo_sys_fp_prj_2019_64.runs/synth_1/runme.log
[Fri Jul 26 18:00:56 2019] Launched impl_1...
Run output will be captured here: /home/xavier/MSc_Project/hls/yolo_conv_hls_2019/yolo_sys_fp_prj_2019_64/yolo_sys_fp_prj_2019_64.runs/impl_1/runme.log
launch_runs: Time (s): cpu = 00:00:10 ; elapsed = 00:00:09 . Memory (MB): peak = 8506.273 ; gain = 189.949 ; free physical = 2724 ; free virtual = 12208
create_ip_run [get_files -of_objects [get_fileset sources_1] /home/xavier/MSc_Project/hls/yolo_conv_hls_2019/yolo_sys_fp_prj_2019_64/yolo_sys_fp_prj_2019_64.srcs/sources_1/bd/design_1/design_1.bd]
refresh_design
INFO: [Netlist 29-17] Analyzing 1728 Unisim elements for replacement
INFO: [Netlist 29-28] Unisim Transformation completed in 0 CPU seconds
INFO: [Project 1-479] Netlist was created with Vivado 2019.1
INFO: [Project 1-570] Preparing netlist for logic optimization
INFO: [Timing 38-478] Restoring timing data from binary archive.
INFO: [Timing 38-479] Binary timing data restore complete.
INFO: [Project 1-856] Restoring constraints from binary archive.
INFO: [Constraints 18-5170] The checkpoint was created with non-default parameter values which do not match the current Vivado settings.  Mismatching parameters are:
  general.maxThreads
INFO: [Project 1-853] Binary constraint restore complete.
Reading XDEF placement.
Reading placer database...
Reading XDEF routing.
Read XDEF File: Time (s): cpu = 00:00:06 ; elapsed = 00:00:06 . Memory (MB): peak = 8506.273 ; gain = 0.000 ; free physical = 2497 ; free virtual = 11898
Restored from archive | CPU: 5.900000 secs | Memory: 68.622581 MB |
Finished XDEF File Restore: Time (s): cpu = 00:00:06 ; elapsed = 00:00:06 . Memory (MB): peak = 8506.273 ; gain = 0.000 ; free physical = 2497 ; free virtual = 11898
refresh_design: Time (s): cpu = 00:00:29 ; elapsed = 00:00:26 . Memory (MB): peak = 8506.273 ; gain = 0.000 ; free physical = 2453 ; free virtual = 11849
open_report: Time (s): cpu = 00:00:21 ; elapsed = 00:00:09 . Memory (MB): peak = 8506.273 ; gain = 0.000 ; free physical = 2047 ; free virtual = 11429
launch_runs impl_1 -to_step write_bitstream
[Fri Jul 26 18:28:57 2019] Launched impl_1...
Run output will be captured here: /home/xavier/MSc_Project/hls/yolo_conv_hls_2019/yolo_sys_fp_prj_2019_64/yolo_sys_fp_prj_2019_64.runs/impl_1/runme.log
file mkdir /home/xavier/MSc_Project/hls/yolo_conv_hls_2019/yolo_sys_fp_prj_2019_64/yolo_sys_fp_prj_2019_64.sdk
file copy -force /home/xavier/MSc_Project/hls/yolo_conv_hls_2019/yolo_sys_fp_prj_2019_64/yolo_sys_fp_prj_2019_64.runs/impl_1/design_1_wrapper.sysdef /home/xavier/MSc_Project/hls/yolo_conv_hls_2019/yolo_sys_fp_prj_2019_64/yolo_sys_fp_prj_2019_64.sdk/design_1_wrapper.hdf

launch_sdk -workspace /home/xavier/MSc_Project/hls/yolo_conv_hls_2019/yolo_sys_fp_prj_2019_64/yolo_sys_fp_prj_2019_64.sdk -hwspec /home/xavier/MSc_Project/hls/yolo_conv_hls_2019/yolo_sys_fp_prj_2019_64/yolo_sys_fp_prj_2019_64.sdk/design_1_wrapper.hdf
INFO: [Vivado 12-393] Launching SDK...
INFO: [Vivado 12-417] Running xsdk -workspace /home/xavier/MSc_Project/hls/yolo_conv_hls_2019/yolo_sys_fp_prj_2019_64/yolo_sys_fp_prj_2019_64.sdk -hwspec /home/xavier/MSc_Project/hls/yolo_conv_hls_2019/yolo_sys_fp_prj_2019_64/yolo_sys_fp_prj_2019_64.sdk/design_1_wrapper.hdf
INFO: [Vivado 12-3157] SDK launch initiated. Please check console for any further messages.
exit
INFO: [Common 17-206] Exiting Vivado at Fri Jul 26 18:35:59 2019...
