#-----------------------------------------------------------
# xsim v2019.1 (64-bit)
# SW Build 2552052 on Fri May 24 14:47:09 MDT 2019
# IP Build 2548770 on Fri May 24 18:01:18 MDT 2019
# Start of session at: Sun Jul 21 21:09:05 2019
# Process ID: 10435
# Current directory: /home/xavier/MSc_Project/hls/yolo_conv_hls_2019/yolo_upsamp_fp_2019_64/solution1/sim/verilog
# Command line: xsim -mode tcl -source {xsim.dir/yolo_upsamp_top/xsim_script.tcl}
# Log file: /home/xavier/MSc_Project/hls/yolo_conv_hls_2019/yolo_upsamp_fp_2019_64/solution1/sim/verilog/xsim.log
# Journal file: /home/xavier/MSc_Project/hls/yolo_conv_hls_2019/yolo_upsamp_fp_2019_64/solution1/sim/verilog/xsim.jou
#-----------------------------------------------------------
source xsim.dir/yolo_upsamp_top/xsim_script.tcl
# xsim {yolo_upsamp_top} -autoloadwcfg -tclbatch {yolo_upsamp_top.tcl}
Vivado Simulator 2019.1
Time resolution is 1 ps
source yolo_upsamp_top.tcl
## run all
////////////////////////////////////////////////////////////////////////////////////
// Inter-Transaction Progress: Completed Transaction / Total Transaction
// Intra-Transaction Progress: Measured Latency / Latency Estimation * 100%
//
// RTL Simulation : "Inter-Transaction Progress" ["Intra-Transaction Progress"] @ "Simulation Time"
////////////////////////////////////////////////////////////////////////////////////
// RTL Simulation : 0 / 1 [0.00%] @ "125000"
// RTL Simulation : 1 / 1 [100.00%] @ "54725000"
////////////////////////////////////////////////////////////////////////////////////
$finish called at time : 54765 ns : File "/home/xavier/MSc_Project/hls/yolo_conv_hls_2019/yolo_upsamp_fp_2019_64/solution1/sim/verilog/yolo_upsamp_top.autotb.v" Line 460
## quit
INFO: [Common 17-206] Exiting xsim at Sun Jul 21 21:09:36 2019...
