11:02:34 INFO  : Registering command handlers for SDK TCF services
11:02:35 INFO  : Launching XSCT server: xsct -n -interactive /home/xavier/MSc_Project/hls/yolo_conv_hls_2019/yolo_conv_fp_prj_2019/yolo_conv_fp_prj_2019.sdk/temp_xsdb_launch_script.tcl
11:02:40 INFO  : XSCT server has started successfully.
11:02:40 INFO  : Successfully done setting XSCT server connection channel  
11:02:40 INFO  : Successfully done setting SDK workspace  
11:02:40 INFO  : Processing command line option -hwspec /home/xavier/MSc_Project/hls/yolo_conv_hls_2019/yolo_conv_fp_prj_2019/yolo_conv_fp_prj_2019.sdk/design_1_wrapper.hdf.
11:05:48 INFO  : Connected to target on host '127.0.0.1' and port '3121'.
11:05:48 INFO  : 'targets -set -filter {jtag_cable_name =~ "Digilent Zed 210248586321" && level==0} -index 1' command is executed.
11:05:50 INFO  : FPGA configured successfully with bitstream "/home/xavier/MSc_Project/hls/yolo_conv_hls_2019/yolo_conv_fp_prj_2019/yolo_conv_fp_prj_2019.sdk/design_1_wrapper_hw_platform_0/design_1_wrapper.bit"
11:05:55 INFO  : 'targets -set -filter {jtag_cable_name =~ "Digilent Zed 210248586321" && level==0} -index 1' command is executed.
11:05:55 INFO  : 'fpga -state' command is executed.
11:05:55 INFO  : Connected to target on host '127.0.0.1' and port '3121'.
11:05:55 INFO  : Jtag cable 'Digilent Zed 210248586321' is selected.
11:05:55 INFO  : 'jtag frequency' command is executed.
11:05:55 INFO  : Sourcing of '/home/xavier/MSc_Project/hls/yolo_conv_hls_2019/yolo_conv_fp_prj_2019/yolo_conv_fp_prj_2019.sdk/design_1_wrapper_hw_platform_0/ps7_init.tcl' is done.
11:05:56 INFO  : Context for 'APU' is selected.
11:05:56 INFO  : Hardware design information is loaded from '/home/xavier/MSc_Project/hls/yolo_conv_hls_2019/yolo_conv_fp_prj_2019/yolo_conv_fp_prj_2019.sdk/design_1_wrapper_hw_platform_0/system.hdf'.
11:05:56 INFO  : 'configparams force-mem-access 1' command is executed.
11:05:56 INFO  : Context for 'APU' is selected.
11:05:56 INFO  : 'stop' command is executed.
11:05:56 INFO  : 'ps7_init' command is executed.
11:05:56 INFO  : 'ps7_post_config' command is executed.
11:05:56 INFO  : Context for processor 'ps7_cortexa9_0' is selected.
11:05:56 INFO  : Processor reset is completed for 'ps7_cortexa9_0'.
11:05:56 INFO  : Context for processor 'ps7_cortexa9_0' is selected.
11:06:10 INFO  : The application '/home/xavier/MSc_Project/hls/yolo_conv_hls_2019/yolo_conv_fp_prj_2019/yolo_conv_fp_prj_2019.sdk/yolo_conv_fp_ps/Debug/yolo_conv_fp_ps.elf' is downloaded to processor 'ps7_cortexa9_0'.
11:06:10 INFO  : 'configparams force-mem-access 0' command is executed.
11:06:10 INFO  : ----------------XSDB Script----------------
connect -url tcp:127.0.0.1:3121
source /home/xavier/MSc_Project/hls/yolo_conv_hls_2019/yolo_conv_fp_prj_2019/yolo_conv_fp_prj_2019.sdk/design_1_wrapper_hw_platform_0/ps7_init.tcl
targets -set -nocase -filter {name =~"APU*" && jtag_cable_name =~ "Digilent Zed 210248586321"} -index 0
loadhw -hw /home/xavier/MSc_Project/hls/yolo_conv_hls_2019/yolo_conv_fp_prj_2019/yolo_conv_fp_prj_2019.sdk/design_1_wrapper_hw_platform_0/system.hdf -mem-ranges [list {0x40000000 0xbfffffff}]
configparams force-mem-access 1
targets -set -nocase -filter {name =~"APU*" && jtag_cable_name =~ "Digilent Zed 210248586321"} -index 0
stop
ps7_init
ps7_post_config
targets -set -nocase -filter {name =~ "ARM*#0" && jtag_cable_name =~ "Digilent Zed 210248586321"} -index 0
rst -processor
targets -set -nocase -filter {name =~ "ARM*#0" && jtag_cable_name =~ "Digilent Zed 210248586321"} -index 0
dow /home/xavier/MSc_Project/hls/yolo_conv_hls_2019/yolo_conv_fp_prj_2019/yolo_conv_fp_prj_2019.sdk/yolo_conv_fp_ps/Debug/yolo_conv_fp_ps.elf
configparams force-mem-access 0
----------------End of Script----------------

11:06:10 INFO  : Context for processor 'ps7_cortexa9_0' is selected.
11:06:10 INFO  : 'con' command is executed.
11:06:10 INFO  : ----------------XSDB Script (After Launch)----------------
targets -set -nocase -filter {name =~ "ARM*#0" && jtag_cable_name =~ "Digilent Zed 210248586321"} -index 0
con
----------------End of Script----------------

11:06:10 INFO  : Disconnected from the channel tcfchan#1.
