conv_0:
bias:8	3	1	3	1	0	0	0	0	
weight:355	65	12	0	0	0	0	0	0	
conv_1:
bias:14	18	0	0	0	0	0	0	0	
weight:4569	38	1	0	0	0	0	0	0	
conv_2:
bias:36	21	6	1	0	0	0	0	0	
weight:18416	15	1	0	0	0	0	0	0	
conv_3:
bias:48	55	22	3	0	0	0	0	0	
weight:73720	8	0	0	0	0	0	0	0	
conv_4:
bias:47	124	79	6	0	0	0	0	0	
weight:294907	5	0	0	0	0	0	0	0	
conv_5:
bias:67	217	217	11	0	0	0	0	0	
weight:1179648	0	0	0	0	0	0	0	0	
conv_6:
bias:0	21	880	123	0	0	0	0	0	
weight:4718592	0	0	0	0	0	0	0	0	
conv_7:
bias:251	5	0	0	0	0	0	0	0	
weight:262144	0	0	0	0	0	0	0	0	
conv_8:
bias:512	0	0	0	0	0	0	0	0	
weight:1179648	0	0	0	0	0	0	0	0	
conv_9:
bias:252	0	3	0	0	0	0	0	0	
weight:130559	1	0	0	0	0	0	0	0	
conv_10:
bias:127	1	0	0	0	0	0	0	0	
weight:32768	0	0	0	0	0	0	0	0	
conv_11:
bias:256	0	0	0	0	0	0	0	0	
weight:884736	0	0	0	0	0	0	0	0	
conv_12:
bias:252	0	0	3	0	0	0	0	0	
weight:65280	0	0	0	0	0	0	0	0	
