#-----------------------------------------------------------
# xsim v2019.1 (64-bit)
# SW Build 2552052 on Fri May 24 14:47:09 MDT 2019
# IP Build 2548770 on Fri May 24 18:01:18 MDT 2019
# Start of session at: Sat Jul 20 20:19:31 2019
# Process ID: 9948
# Current directory: /home/xavier/MSc_Project/hls/yolo_conv_hls_2019/yolo_acc_fp_2019_64/solution1/sim/verilog
# Command line: xsim -mode tcl -source {xsim.dir/yolo_acc_top/xsim_script.tcl}
# Log file: /home/xavier/MSc_Project/hls/yolo_conv_hls_2019/yolo_acc_fp_2019_64/solution1/sim/verilog/xsim.log
# Journal file: /home/xavier/MSc_Project/hls/yolo_conv_hls_2019/yolo_acc_fp_2019_64/solution1/sim/verilog/xsim.jou
#-----------------------------------------------------------
source xsim.dir/yolo_acc_top/xsim_script.tcl
# xsim {yolo_acc_top} -autoloadwcfg -tclbatch {yolo_acc_top.tcl}
Vivado Simulator 2019.1
Time resolution is 1 ps
source yolo_acc_top.tcl
## run all
////////////////////////////////////////////////////////////////////////////////////
// Inter-Transaction Progress: Completed Transaction / Total Transaction
// Intra-Transaction Progress: Measured Latency / Latency Estimation * 100%
//
// RTL Simulation : "Inter-Transaction Progress" ["Intra-Transaction Progress"] @ "Simulation Time"
////////////////////////////////////////////////////////////////////////////////////
// RTL Simulation : 0 / 1 [0.00%] @ "125000"
// RTL Simulation : 1 / 1 [100.00%] @ "6923125000"
////////////////////////////////////////////////////////////////////////////////////
$finish called at time : 6923165 ns : File "/home/xavier/MSc_Project/hls/yolo_conv_hls_2019/yolo_acc_fp_2019_64/solution1/sim/verilog/yolo_acc_top.autotb.v" Line 572
run: Time (s): cpu = 00:00:00.02 ; elapsed = 00:02:03 . Memory (MB): peak = 1377.332 ; gain = 0.000 ; free physical = 221 ; free virtual = 8857
## quit
INFO: [Common 17-206] Exiting xsim at Sat Jul 20 20:22:04 2019...
