conv_0:
bias:7	4	2	2	1	0	0	0	0	
weight:114	69	94	101	51	3	0	0	0	
conv_1:
bias:15	9	7	1	0	0	0	0	0	
weight:4608	0	0	0	0	0	0	0	0	
conv_2:
bias:27	15	13	7	2	0	0	0	0	
weight:18428	4	0	0	0	0	0	0	0	
conv_3:
bias:57	34	29	8	0	0	0	0	0	
weight:73728	0	0	0	0	0	0	0	0	
conv_4:
bias:175	65	12	4	0	0	0	0	0	
weight:294912	0	0	0	0	0	0	0	0	
conv_5:
bias:259	211	41	1	0	0	0	0	0	
weight:1179648	0	0	0	0	0	0	0	0	
conv_6:
bias:63	259	588	114	0	0	0	0	0	
weight:4718565	27	0	0	0	0	0	0	0	
conv_7:
bias:255	1	0	0	0	0	0	0	0	
weight:262144	0	0	0	0	0	0	0	0	
conv_8:
bias:307	175	30	0	0	0	0	0	0	
weight:1179648	0	0	0	0	0	0	0	0	
conv_9:
bias:252	0	3	0	0	0	0	0	0	
weight:130559	1	0	0	0	0	0	0	0	
conv_10:
bias:99	28	1	0	0	0	0	0	0	
weight:32767	1	0	0	0	0	0	0	0	
conv_11:
bias:182	73	1	0	0	0	0	0	0	
weight:884736	0	0	0	0	0	0	0	0	
conv_12:
bias:252	0	0	3	0	0	0	0	0	
weight:65280	0	0	0	0	0	0	0	0	
