#-----------------------------------------------------------
# Vivado v2019.1 (64-bit)
# SW Build 2552052 on Fri May 24 14:47:09 MDT 2019
# IP Build 2548770 on Fri May 24 18:01:18 MDT 2019
# Start of session at: Fri Jun  7 09:45:25 2019
# Process ID: 9924
# Current directory: /home/xavier/MSc_Project/hls/yolo_conv_prj_2019/project_1
# Command line: vivado project_1.xpr
# Log file: /home/xavier/MSc_Project/hls/yolo_conv_prj_2019/project_1/vivado.log
# Journal file: /home/xavier/MSc_Project/hls/yolo_conv_prj_2019/project_1/vivado.jou
#-----------------------------------------------------------
start_gui
open_project project_1.xpr
Scanning sources...
Finished scanning sources
INFO: [IP_Flow 19-234] Refreshing IP repositories
INFO: [IP_Flow 19-1700] Loaded user IP repository '/home/xavier/MSc_Project/hls/ip'.
INFO: [IP_Flow 19-2313] Loaded Vivado IP repository '/opt/Xilinx_2019_1/Vivado/2019.1/data/ip'.
open_project: Time (s): cpu = 00:00:17 ; elapsed = 00:00:08 . Memory (MB): peak = 6441.262 ; gain = 109.789 ; free physical = 2419 ; free virtual = 14111
update_compile_order -fileset sources_1
open_bd_design {/home/xavier/MSc_Project/hls/yolo_conv_prj_2019/project_1/project_1.srcs/sources_1/bd/design_1/design_1.bd}
Adding component instance block -- xilinx.com:ip:processing_system7:5.5 - processing_system7_0
Adding component instance block -- xilinx.com:ip:axi_dma:7.1 - axi_dma_0
WARNING: [BD 41-1282] Ignoring parameter HAS_BURST
WARNING: [BD 41-1281] Parameter HAS_BURST is not defined on /axi_dma_0/M_AXIS_MM2S. Setting parameter on /axi_dma_0/M_AXIS_MM2S failed
Adding component instance block -- xilinx.com:ip:smartconnect:1.0 - axi_smc
Adding component instance block -- xilinx.com:ip:proc_sys_reset:5.0 - rst_ps7_0_100M
Adding component instance block -- xilinx.com:ip:axi_interconnect:2.1 - ps7_0_axi_periph
Adding component instance block -- xilinx.com:ip:axi_crossbar:2.1 - xbar
Adding component instance block -- xilinx.com:ip:axi_protocol_converter:2.1 - auto_pc
Successfully read diagram <design_1> from BD file </home/xavier/MSc_Project/hls/yolo_conv_prj_2019/project_1/project_1.srcs/sources_1/bd/design_1/design_1.bd>
open_bd_design: Time (s): cpu = 00:00:19 ; elapsed = 00:00:08 . Memory (MB): peak = 6611.309 ; gain = 36.594 ; free physical = 2268 ; free virtual = 13962
startgroup
create_bd_cell -type ip -vlnv xilinx.com:hls:yolo_conv_top:1.0 yolo_conv_top_0
endgroup
apply_bd_automation -rule xilinx.com:bd_rule:axi4 -config { Clk_master {/processing_system7_0/FCLK_CLK0 (100 MHz)} Clk_slave {Auto} Clk_xbar {/processing_system7_0/FCLK_CLK0 (100 MHz)} Master {/processing_system7_0/M_AXI_GP0} Slave {/yolo_conv_top_0/s_axi_AXILiteS} intc_ip {/ps7_0_axi_periph} master_apm {0}}  [get_bd_intf_pins yolo_conv_top_0/s_axi_AXILiteS]
Slave segment </yolo_conv_top_0/s_axi_AXILiteS/Reg> is being mapped into address space </processing_system7_0/Data> at <0x43C0_0000 [ 64K ]>
connect_bd_intf_net [get_bd_intf_pins yolo_conv_top_0/inStream] [get_bd_intf_pins axi_dma_0/M_AXIS_MM2S]
connect_bd_intf_net [get_bd_intf_pins yolo_conv_top_0/outStream] [get_bd_intf_pins axi_dma_0/S_AXIS_S2MM]
regenerate_bd_layout
regenerate_bd_layout -routing
validate_bd_design
INFO: [Ipptcl 7-1463] No Compatible Board Interface found. Board Tab not created in customize GUI
validate_bd_design: Time (s): cpu = 00:00:11 ; elapsed = 00:00:06 . Memory (MB): peak = 6801.039 ; gain = 49.566 ; free physical = 2230 ; free virtual = 13914
save_bd_design
Wrote  : </home/xavier/MSc_Project/hls/yolo_conv_prj_2019/project_1/project_1.srcs/sources_1/bd/design_1/design_1.bd> 
Wrote  : </home/xavier/MSc_Project/hls/yolo_conv_prj_2019/project_1/project_1.srcs/sources_1/bd/design_1/ui/bd_1f5defd0.ui> 
reset_run synth_1
launch_runs impl_1 -to_step write_bitstream -jobs 2
INFO: [BD 41-1662] The design 'design_1.bd' is already validated. Therefore parameter propagation will not be re-run.
VHDL Output written to : /home/xavier/MSc_Project/hls/yolo_conv_prj_2019/project_1/project_1.srcs/sources_1/bd/design_1/synth/design_1.v
VHDL Output written to : /home/xavier/MSc_Project/hls/yolo_conv_prj_2019/project_1/project_1.srcs/sources_1/bd/design_1/sim/design_1.v
VHDL Output written to : /home/xavier/MSc_Project/hls/yolo_conv_prj_2019/project_1/project_1.srcs/sources_1/bd/design_1/hdl/design_1_wrapper.v
INFO: [BD 41-1029] Generation completed for the IP Integrator block processing_system7_0 .
INFO: [BD 41-1029] Generation completed for the IP Integrator block axi_dma_0 .
Exporting to file /home/xavier/MSc_Project/hls/yolo_conv_prj_2019/project_1/project_1.srcs/sources_1/bd/design_1/ip/design_1_axi_smc_0/bd_0/hw_handoff/design_1_axi_smc_0.hwh
Generated Block Design Tcl file /home/xavier/MSc_Project/hls/yolo_conv_prj_2019/project_1/project_1.srcs/sources_1/bd/design_1/ip/design_1_axi_smc_0/bd_0/hw_handoff/design_1_axi_smc_0_bd.tcl
Generated Hardware Definition File /home/xavier/MSc_Project/hls/yolo_conv_prj_2019/project_1/project_1.srcs/sources_1/bd/design_1/ip/design_1_axi_smc_0/bd_0/synth/design_1_axi_smc_0.hwdef
INFO: [BD 41-1029] Generation completed for the IP Integrator block axi_smc .
INFO: [BD 41-1029] Generation completed for the IP Integrator block rst_ps7_0_100M .
INFO: [BD 41-1029] Generation completed for the IP Integrator block ps7_0_axi_periph/xbar .
WARNING: [IP_Flow 19-4994] Overwriting existing constraint file '/home/xavier/MSc_Project/hls/yolo_conv_prj_2019/project_1/project_1.srcs/sources_1/bd/design_1/ip/design_1_auto_pc_0/design_1_auto_pc_0_ooc.xdc'
INFO: [BD 41-1029] Generation completed for the IP Integrator block ps7_0_axi_periph/s00_couplers/auto_pc .
WARNING: [IP_Flow 19-519] IP 'design_1_yolo_conv_top_0_0' detected a language mismatch between 'VHDL Simulation Wrapper' and 'Verilog Simulation' output products. Please check with the IP provider to see if this is expected.
INFO: [BD 41-1029] Generation completed for the IP Integrator block yolo_conv_top_0 .
Exporting to file /home/xavier/MSc_Project/hls/yolo_conv_prj_2019/project_1/project_1.srcs/sources_1/bd/design_1/hw_handoff/design_1.hwh
Generated Block Design Tcl file /home/xavier/MSc_Project/hls/yolo_conv_prj_2019/project_1/project_1.srcs/sources_1/bd/design_1/hw_handoff/design_1_bd.tcl
Generated Hardware Definition File /home/xavier/MSc_Project/hls/yolo_conv_prj_2019/project_1/project_1.srcs/sources_1/bd/design_1/synth/design_1.hwdef
INFO: [IP_Flow 19-4993] Using cached IP synthesis design for IP design_1_auto_pc_0, cache-ID = c7981aa4510def98; cache size = 54.232 MB.
[Fri Jun  7 09:47:11 2019] Launched design_1_yolo_conv_top_0_0_synth_1, synth_1...
Run output will be captured here:
design_1_yolo_conv_top_0_0_synth_1: /home/xavier/MSc_Project/hls/yolo_conv_prj_2019/project_1/project_1.runs/design_1_yolo_conv_top_0_0_synth_1/runme.log
synth_1: /home/xavier/MSc_Project/hls/yolo_conv_prj_2019/project_1/project_1.runs/synth_1/runme.log
[Fri Jun  7 09:47:11 2019] Launched impl_1...
Run output will be captured here: /home/xavier/MSc_Project/hls/yolo_conv_prj_2019/project_1/project_1.runs/impl_1/runme.log
launch_runs: Time (s): cpu = 00:00:14 ; elapsed = 00:00:12 . Memory (MB): peak = 7162.816 ; gain = 238.719 ; free physical = 2002 ; free virtual = 13711
file mkdir /home/xavier/MSc_Project/hls/yolo_conv_prj_2019/project_1/project_1.sdk
file copy -force /home/xavier/MSc_Project/hls/yolo_conv_prj_2019/project_1/project_1.runs/impl_1/design_1_wrapper.sysdef /home/xavier/MSc_Project/hls/yolo_conv_prj_2019/project_1/project_1.sdk/design_1_wrapper.hdf

launch_sdk -workspace /home/xavier/MSc_Project/hls/yolo_conv_prj_2019/project_1/project_1.sdk -hwspec /home/xavier/MSc_Project/hls/yolo_conv_prj_2019/project_1/project_1.sdk/design_1_wrapper.hdf
INFO: [Vivado 12-393] Launching SDK...
INFO: [Vivado 12-417] Running xsdk -workspace /home/xavier/MSc_Project/hls/yolo_conv_prj_2019/project_1/project_1.sdk -hwspec /home/xavier/MSc_Project/hls/yolo_conv_prj_2019/project_1/project_1.sdk/design_1_wrapper.hdf
INFO: [Vivado 12-3157] SDK launch initiated. Please check console for any further messages.
launch_sdk -workspace /home/xavier/MSc_Project/hls/yolo_conv_prj_2019/project_1/project_1.sdk -hwspec /home/xavier/MSc_Project/hls/yolo_conv_prj_2019/project_1/project_1.sdk/design_1_wrapper.hdf
INFO: [Vivado 12-393] Launching SDK...
INFO: [Vivado 12-417] Running xsdk -workspace /home/xavier/MSc_Project/hls/yolo_conv_prj_2019/project_1/project_1.sdk -hwspec /home/xavier/MSc_Project/hls/yolo_conv_prj_2019/project_1/project_1.sdk/design_1_wrapper.hdf
INFO: [Vivado 12-3157] SDK launch initiated. Please check console for any further messages.
launch_sdk -workspace /home/xavier/MSc_Project/hls/yolo_conv_prj_2019/project_1/project_1.sdk -hwspec /home/xavier/MSc_Project/hls/yolo_conv_prj_2019/project_1/project_1.sdk/design_1_wrapper.hdf
INFO: [Vivado 12-393] Launching SDK...
INFO: [Vivado 12-417] Running xsdk -workspace /home/xavier/MSc_Project/hls/yolo_conv_prj_2019/project_1/project_1.sdk -hwspec /home/xavier/MSc_Project/hls/yolo_conv_prj_2019/project_1/project_1.sdk/design_1_wrapper.hdf
INFO: [Vivado 12-3157] SDK launch initiated. Please check console for any further messages.
exit
INFO: [Common 17-206] Exiting Vivado at Fri Jun  7 10:43:03 2019...
