20:18:10 INFO  : Registering command handlers for SDK TCF services
20:18:12 INFO  : Launching XSCT server: xsct -n -interactive /home/xavier/MSc_Project/hls/yolo_conv_hls_2019/yolo_sys_fp_prj_2019_64/yolo_sys_fp_prj_2019_64.sdk/temp_xsdb_launch_script.tcl
20:18:21 INFO  : XSCT server has started successfully.
20:18:45 INFO  : Successfully done setting XSCT server connection channel  
20:18:45 INFO  : Successfully done setting SDK workspace  
20:18:45 INFO  : Processing command line option -hwspec /home/xavier/MSc_Project/hls/yolo_conv_hls_2019/yolo_sys_fp_prj_2019_64/yolo_sys_fp_prj_2019_64.sdk/design_1_wrapper.hdf.
20:22:22 INFO  : Connected to target on host '127.0.0.1' and port '3121'.
20:22:23 INFO  : 'targets -set -filter {jtag_cable_name =~ "Digilent Zed 210248586321" && level==0} -index 1' command is executed.
20:22:25 INFO  : FPGA configured successfully with bitstream "/home/xavier/MSc_Project/hls/yolo_conv_hls_2019/yolo_sys_fp_prj_2019_64/yolo_sys_fp_prj_2019_64.sdk/design_1_wrapper_hw_platform_0/design_1_wrapper.bit"
20:22:30 INFO  : 'targets -set -filter {jtag_cable_name =~ "Digilent Zed 210248586321" && level==0} -index 1' command is executed.
20:22:30 INFO  : 'fpga -state' command is executed.
20:22:30 INFO  : Connected to target on host '127.0.0.1' and port '3121'.
20:22:30 INFO  : Jtag cable 'Digilent Zed 210248586321' is selected.
20:22:30 INFO  : 'jtag frequency' command is executed.
20:22:30 INFO  : Sourcing of '/home/xavier/MSc_Project/hls/yolo_conv_hls_2019/yolo_sys_fp_prj_2019_64/yolo_sys_fp_prj_2019_64.sdk/design_1_wrapper_hw_platform_0/ps7_init.tcl' is done.
20:22:30 INFO  : Context for 'APU' is selected.
20:22:30 INFO  : Hardware design information is loaded from '/home/xavier/MSc_Project/hls/yolo_conv_hls_2019/yolo_sys_fp_prj_2019_64/yolo_sys_fp_prj_2019_64.sdk/design_1_wrapper_hw_platform_0/system.hdf'.
20:22:30 INFO  : 'configparams force-mem-access 1' command is executed.
20:22:30 INFO  : Context for 'APU' is selected.
20:22:30 INFO  : 'stop' command is executed.
20:22:31 INFO  : 'ps7_init' command is executed.
20:22:31 INFO  : 'ps7_post_config' command is executed.
20:22:31 INFO  : Context for processor 'ps7_cortexa9_0' is selected.
20:22:31 INFO  : Processor reset is completed for 'ps7_cortexa9_0'.
20:22:31 INFO  : Context for processor 'ps7_cortexa9_0' is selected.
20:23:39 INFO  : The application '/home/xavier/MSc_Project/hls/yolo_conv_hls_2019/yolo_sys_fp_prj_2019_64/yolo_sys_fp_prj_2019_64.sdk/yolo_sys_ps/Debug/yolo_sys_ps.elf' is downloaded to processor 'ps7_cortexa9_0'.
20:23:39 INFO  : 'configparams force-mem-access 0' command is executed.
20:23:39 INFO  : ----------------XSDB Script----------------
connect -url tcp:127.0.0.1:3121
source /home/xavier/MSc_Project/hls/yolo_conv_hls_2019/yolo_sys_fp_prj_2019_64/yolo_sys_fp_prj_2019_64.sdk/design_1_wrapper_hw_platform_0/ps7_init.tcl
targets -set -nocase -filter {name =~"APU*" && jtag_cable_name =~ "Digilent Zed 210248586321"} -index 0
loadhw -hw /home/xavier/MSc_Project/hls/yolo_conv_hls_2019/yolo_sys_fp_prj_2019_64/yolo_sys_fp_prj_2019_64.sdk/design_1_wrapper_hw_platform_0/system.hdf -mem-ranges [list {0x40000000 0xbfffffff}]
configparams force-mem-access 1
targets -set -nocase -filter {name =~"APU*" && jtag_cable_name =~ "Digilent Zed 210248586321"} -index 0
stop
ps7_init
ps7_post_config
targets -set -nocase -filter {name =~ "ARM*#0" && jtag_cable_name =~ "Digilent Zed 210248586321"} -index 0
rst -processor
targets -set -nocase -filter {name =~ "ARM*#0" && jtag_cable_name =~ "Digilent Zed 210248586321"} -index 0
dow /home/xavier/MSc_Project/hls/yolo_conv_hls_2019/yolo_sys_fp_prj_2019_64/yolo_sys_fp_prj_2019_64.sdk/yolo_sys_ps/Debug/yolo_sys_ps.elf
configparams force-mem-access 0
----------------End of Script----------------

20:23:39 INFO  : Context for processor 'ps7_cortexa9_0' is selected.
20:23:39 INFO  : 'con' command is executed.
20:23:39 INFO  : ----------------XSDB Script (After Launch)----------------
targets -set -nocase -filter {name =~ "ARM*#0" && jtag_cable_name =~ "Digilent Zed 210248586321"} -index 0
con
----------------End of Script----------------

20:23:39 INFO  : Disconnected from the channel tcfchan#1.
12:23:36 INFO  : Launching XSCT server: xsct -n -interactive /home/xavier/MSc_Project/git_v/Tiny_YOLO_v3_ZYNQ/hw/yolo_sys_fp_prj_2019_64/yolo_sys_fp_prj_2019_64.sdk/temp_xsdb_launch_script.tcl
12:25:52 INFO  : Launching XSCT server: xsct -n -interactive /home/xavier/MSc_Project/git_v/Tiny_YOLO_v3_ZYNQ/hw/yolo_sys_fp_prj_2019_64/yolo_sys_fp_prj_2019_64.sdk/temp_xsdb_launch_script.tcl
12:25:55 INFO  : XSCT server has started successfully.
12:27:44 INFO  : Launching XSCT server: xsct -n -interactive /home/xavier/MSc_Project/git_v/Tiny_YOLO_v3_ZYNQ/hw/yolo_sys_fp_prj_2019_64/yolo_sys_fp_prj_2019_64.sdk/temp_xsdb_launch_script.tcl
12:27:47 INFO  : XSCT server has started successfully.
12:28:07 INFO  : Successfully done setting XSCT server connection channel  
12:28:07 INFO  : Successfully done setting SDK workspace  
12:28:19 INFO  : Registering command handlers for SDK TCF services
12:28:19 INFO  : Processing command line option -hwspec /home/xavier/MSc_Project/git_v/Tiny_YOLO_v3_ZYNQ/hw/yolo_sys_fp_prj_2019_64/yolo_sys_fp_prj_2019_64.sdk/design_1_wrapper.hdf.
12:28:28 INFO  : SDK has detected change in the last modified timestamps for source hardware specification file Source:1565769854000,  Project:1564168605000
12:28:28 INFO  : Project design_1_wrapper_hw_platform_0's source hardware specification located at /home/xavier/MSc_Project/hls/yolo_conv_hls_2019/yolo_sys_fp_prj_2019_64/yolo_sys_fp_prj_2019_64.sdk/design_1_wrapper.hdf is now different from the local copy.
		 The local copy will be replaced with the source specification and your workspace will be updated.
12:28:39 INFO  : Project design_1_wrapper_hw_platform_0's source hardware specification location will not be monitored anymore.
12:29:11 INFO  : Connected to target on host '127.0.0.1' and port '3121'.
12:29:12 INFO  : 'targets -set -filter {jtag_cable_name =~ "Digilent Zed 210248586321" && level==0} -index 1' command is executed.
12:29:14 INFO  : FPGA configured successfully with bitstream "/home/xavier/MSc_Project/git_v/Tiny_YOLO_v3_ZYNQ/hw/yolo_sys_fp_prj_2019_64/yolo_sys_fp_prj_2019_64.sdk/design_1_wrapper_hw_platform_0/design_1_wrapper.bit"
12:30:01 INFO  : 'targets -set -filter {jtag_cable_name =~ "Digilent Zed 210248586321" && level==0} -index 1' command is executed.
12:30:01 INFO  : 'fpga -state' command is executed.
12:30:01 INFO  : Connected to target on host '127.0.0.1' and port '3121'.
12:30:01 INFO  : Jtag cable 'Digilent Zed 210248586321' is selected.
12:30:01 INFO  : 'jtag frequency' command is executed.
12:30:01 INFO  : Sourcing of '/home/xavier/MSc_Project/git_v/Tiny_YOLO_v3_ZYNQ/hw/yolo_sys_fp_prj_2019_64/yolo_sys_fp_prj_2019_64.sdk/design_1_wrapper_hw_platform_0/ps7_init.tcl' is done.
12:30:01 INFO  : Context for 'APU' is selected.
12:30:01 INFO  : Hardware design information is loaded from '/home/xavier/MSc_Project/git_v/Tiny_YOLO_v3_ZYNQ/hw/yolo_sys_fp_prj_2019_64/yolo_sys_fp_prj_2019_64.sdk/design_1_wrapper_hw_platform_0/system.hdf'.
12:30:01 INFO  : 'configparams force-mem-access 1' command is executed.
12:30:01 INFO  : Context for 'APU' is selected.
12:30:01 INFO  : 'stop' command is executed.
12:30:02 INFO  : 'ps7_init' command is executed.
12:30:02 INFO  : 'ps7_post_config' command is executed.
12:30:02 INFO  : Context for processor 'ps7_cortexa9_0' is selected.
12:30:02 INFO  : Processor reset is completed for 'ps7_cortexa9_0'.
12:30:02 INFO  : Context for processor 'ps7_cortexa9_0' is selected.
12:31:09 INFO  : The application '/home/xavier/MSc_Project/git_v/Tiny_YOLO_v3_ZYNQ/hw/yolo_sys_fp_prj_2019_64/yolo_sys_fp_prj_2019_64.sdk/yolo_sys_ps/Debug/yolo_sys_ps.elf' is downloaded to processor 'ps7_cortexa9_0'.
12:31:09 INFO  : 'configparams force-mem-access 0' command is executed.
12:31:09 INFO  : ----------------XSDB Script----------------
connect -url tcp:127.0.0.1:3121
source /home/xavier/MSc_Project/git_v/Tiny_YOLO_v3_ZYNQ/hw/yolo_sys_fp_prj_2019_64/yolo_sys_fp_prj_2019_64.sdk/design_1_wrapper_hw_platform_0/ps7_init.tcl
targets -set -nocase -filter {name =~"APU*" && jtag_cable_name =~ "Digilent Zed 210248586321"} -index 0
loadhw -hw /home/xavier/MSc_Project/git_v/Tiny_YOLO_v3_ZYNQ/hw/yolo_sys_fp_prj_2019_64/yolo_sys_fp_prj_2019_64.sdk/design_1_wrapper_hw_platform_0/system.hdf -mem-ranges [list {0x40000000 0xbfffffff}]
configparams force-mem-access 1
targets -set -nocase -filter {name =~"APU*" && jtag_cable_name =~ "Digilent Zed 210248586321"} -index 0
stop
ps7_init
ps7_post_config
targets -set -nocase -filter {name =~ "ARM*#0" && jtag_cable_name =~ "Digilent Zed 210248586321"} -index 0
rst -processor
targets -set -nocase -filter {name =~ "ARM*#0" && jtag_cable_name =~ "Digilent Zed 210248586321"} -index 0
dow /home/xavier/MSc_Project/git_v/Tiny_YOLO_v3_ZYNQ/hw/yolo_sys_fp_prj_2019_64/yolo_sys_fp_prj_2019_64.sdk/yolo_sys_ps/Debug/yolo_sys_ps.elf
configparams force-mem-access 0
----------------End of Script----------------

12:31:09 INFO  : Context for processor 'ps7_cortexa9_0' is selected.
12:31:09 INFO  : 'con' command is executed.
12:31:09 INFO  : ----------------XSDB Script (After Launch)----------------
targets -set -nocase -filter {name =~ "ARM*#0" && jtag_cable_name =~ "Digilent Zed 210248586321"} -index 0
con
----------------End of Script----------------

12:31:09 INFO  : Disconnected from the channel tcfchan#1.
