#-----------------------------------------------------------
# xsim v2019.1 (64-bit)
# SW Build 2552052 on Fri May 24 14:47:09 MDT 2019
# IP Build 2548770 on Fri May 24 18:01:18 MDT 2019
# Start of session at: Fri Jul 19 15:54:57 2019
# Process ID: 31874
# Current directory: /home/xavier/MSc_Project/hls/yolo_conv_hls_2019/yolo_max_pool_fp_2019_64/solution1/sim/verilog
# Command line: xsim -mode tcl -source {xsim.dir/yolo_max_pool_top/xsim_script.tcl}
# Log file: /home/xavier/MSc_Project/hls/yolo_conv_hls_2019/yolo_max_pool_fp_2019_64/solution1/sim/verilog/xsim.log
# Journal file: /home/xavier/MSc_Project/hls/yolo_conv_hls_2019/yolo_max_pool_fp_2019_64/solution1/sim/verilog/xsim.jou
#-----------------------------------------------------------
source xsim.dir/yolo_max_pool_top/xsim_script.tcl
# xsim {yolo_max_pool_top} -autoloadwcfg -tclbatch {yolo_max_pool_top.tcl}
Vivado Simulator 2019.1
Time resolution is 1 ps
source yolo_max_pool_top.tcl
## run all
////////////////////////////////////////////////////////////////////////////////////
// Inter-Transaction Progress: Completed Transaction / Total Transaction
// Intra-Transaction Progress: Measured Latency / Latency Estimation * 100%
//
// RTL Simulation : "Inter-Transaction Progress" ["Intra-Transaction Progress"] @ "Simulation Time"
////////////////////////////////////////////////////////////////////////////////////
// RTL Simulation : 0 / 1 [0.00%] @ "125000"
// RTL Simulation : 1 / 1 [100.00%] @ "13845665000"
////////////////////////////////////////////////////////////////////////////////////
$finish called at time : 13845705 ns : File "/home/xavier/MSc_Project/hls/yolo_conv_hls_2019/yolo_max_pool_fp_2019_64/solution1/sim/verilog/yolo_max_pool_top.autotb.v" Line 492
run: Time (s): cpu = 00:00:00.02 ; elapsed = 00:02:08 . Memory (MB): peak = 1392.805 ; gain = 0.000 ; free physical = 2150 ; free virtual = 11961
## quit
INFO: [Common 17-206] Exiting xsim at Fri Jul 19 15:57:17 2019...
