

================================================================
== Vivado HLS Report for 'write_output'
================================================================
* Date:           Sat Jun 22 15:51:55 2019

* Version:        2019.1 (Build 2552052 on Fri May 24 15:28:33 MDT 2019)
* Project:        yolo_max_pool_2019
* Solution:       solution1
* Product family: zynq
* Target device:  xc7z020-clg484-1


================================================================
== Performance Estimates
================================================================
+ Timing (ns): 
    * Summary: 
    +--------+-------+----------+------------+
    |  Clock | Target| Estimated| Uncertainty|
    +--------+-------+----------+------------+
    |ap_clk  |  10.00|     0.000|        1.25|
    +--------+-------+----------+------------+

+ Latency (clock cycles): 
    * Summary: 
    +-----+-----+-----+-----+----------+
    |  Latency  |  Interval | Pipeline |
    | min | max | min | max |   Type   |
    +-----+-----+-----+-----+----------+
    |    0|    0|    1|    1| function |
    +-----+-----+-----+-----+----------+

    + Detail: 
        * Instance: 
        N/A

        * Loop: 
        N/A

============================================================
+ Verbose Summary: Synthesis Manager
============================================================
InlineROM: 1
ExposeGlobal: 0
============================================================
+ Verbose Summary: CDFG Model
============================================================
IsTopModel: 0
ResetActiveHigh: 1
IsCombinational: 0
IsDatapathOnly: 0
HasWiredReturn: 1
HasMFsm: 2
HasVarLatency: 0
IsPipeline: 1
IsRtlPipelined: 0
IsInstanceOverlapped: 0
IsDontTouch: 0
HasImplIP: 0
IsGatedGlobalClock: 0

+ Individual pipeline summary: 
  * Pipeline-0: initiation interval (II) = 1, depth = 1


============================================================
+ Verbose Summary: Schedule
============================================================
* Number of FSM states : 1
* Pipeline : 1
  Pipeline-0 : II = 1, D = 1, States = { 1 }
* Dataflow Pipeline: 0

* FSM state transitions: 
1 --> 

* FSM state operations: 

State 1 <SV = 0> <Delay = 0.00>
ST_1 : Operation 2 [1/1] (0.00ns)   --->   "call void (...)* @_ssdm_op_SpecInterface(float* %out_stream_V_data, i4* %out_stream_V_keep_V, i4* %out_stream_V_strb_V, i2* %out_stream_V_user_V, i1* %out_stream_V_last_V, i5* %out_stream_V_id_V, i6* %out_stream_V_dest_V, [5 x i8]* @p_str2, i32 0, i32 0, [5 x i8]* @p_str3, i32 0, i32 0, [1 x i8]* @p_str1, [1 x i8]* @p_str1, [1 x i8]* @p_str1, i32 0, i32 0, i32 0, i32 0, [1 x i8]* @p_str1, [1 x i8]* @p_str1) nounwind"   --->   Operation 2 'specinterface' <Predicate = true> <Delay = 0.00>
ST_1 : Operation 3 [1/1] (0.00ns)   --->   "%tmp_last_V = call i1 @_ssdm_op_Read.ap_auto.i1(i1 %last_V)"   --->   Operation 3 'read' 'tmp_last_V' <Predicate = true> <Delay = 0.00>
ST_1 : Operation 4 [1/1] (0.00ns)   --->   "%tmp_dest_V = call i6 @_ssdm_op_Read.ap_auto.i6(i6 %curr_input_dest_V)"   --->   Operation 4 'read' 'tmp_dest_V' <Predicate = true> <Delay = 0.00>
ST_1 : Operation 5 [1/1] (0.00ns)   --->   "%tmp_id_V = call i5 @_ssdm_op_Read.ap_auto.i5(i5 %curr_input_id_V)"   --->   Operation 5 'read' 'tmp_id_V' <Predicate = true> <Delay = 0.00>
ST_1 : Operation 6 [1/1] (0.00ns)   --->   "%tmp_user_V = call i2 @_ssdm_op_Read.ap_auto.i2(i2 %curr_input_user_V)"   --->   Operation 6 'read' 'tmp_user_V' <Predicate = true> <Delay = 0.00>
ST_1 : Operation 7 [1/1] (0.00ns)   --->   "%tmp_strb_V = call i4 @_ssdm_op_Read.ap_auto.i4(i4 %curr_input_strb_V)"   --->   Operation 7 'read' 'tmp_strb_V' <Predicate = true> <Delay = 0.00>
ST_1 : Operation 8 [1/1] (0.00ns)   --->   "%tmp_keep_V = call i4 @_ssdm_op_Read.ap_auto.i4(i4 %curr_input_keep_V)"   --->   Operation 8 'read' 'tmp_keep_V' <Predicate = true> <Delay = 0.00>
ST_1 : Operation 9 [1/1] (0.00ns)   --->   "%tmp_data = call float @_ssdm_op_Read.ap_auto.float(float %val_output)"   --->   Operation 9 'read' 'tmp_data' <Predicate = true> <Delay = 0.00>
ST_1 : Operation 10 [1/1] (0.00ns)   --->   "call void @_ssdm_op_Write.axis.volatile.floatP.i4P.i4P.i2P.i1P.i5P.i6P(float* %out_stream_V_data, i4* %out_stream_V_keep_V, i4* %out_stream_V_strb_V, i2* %out_stream_V_user_V, i1* %out_stream_V_last_V, i5* %out_stream_V_id_V, i6* %out_stream_V_dest_V, float %tmp_data, i4 %tmp_keep_V, i4 %tmp_strb_V, i2 %tmp_user_V, i1 %tmp_last_V, i5 %tmp_id_V, i6 %tmp_dest_V)" [yolo_max_pool_2019/src/yolo_max_pool.cpp:136]   --->   Operation 10 'write' <Predicate = true> <Delay = 0.00> <Core = "AXI4Stream">   --->   Core 5 'AXI4Stream' <Latency = 0> <II = 1> <Delay = 1.00> <Adapter> <Opcode : >
ST_1 : Operation 11 [1/1] (0.00ns)   --->   "ret void" [yolo_max_pool_2019/src/yolo_max_pool.cpp:137]   --->   Operation 11 'ret' <Predicate = true> <Delay = 0.00>


============================================================
+ Verbose Summary: Binding
============================================================
STG Binding: 
---------------- STG Properties BEGIN ----------------
- Is combinational: 0
- Is one-state seq: 1
- Is datapath-only: 0
- Is pipelined: 1
- Is top level: 0
Port [ Return ] is wired: 1; IO mode=ap_ctrl_hs:ce=0
Port [ val_output]:  wired=1; compound=0; hidden=0; nouse=0; global=0; static=0; extern=0; dir=0; type=0; pingpong=0; private_global=0; IO mode=ap_none:ce=0
Port [ curr_input_keep_V]:  wired=1; compound=0; hidden=0; nouse=0; global=0; static=0; extern=0; dir=0; type=0; pingpong=0; private_global=0; IO mode=ap_none:ce=0
Port [ curr_input_strb_V]:  wired=1; compound=0; hidden=0; nouse=0; global=0; static=0; extern=0; dir=0; type=0; pingpong=0; private_global=0; IO mode=ap_none:ce=0
Port [ curr_input_user_V]:  wired=1; compound=0; hidden=0; nouse=0; global=0; static=0; extern=0; dir=0; type=0; pingpong=0; private_global=0; IO mode=ap_none:ce=0
Port [ curr_input_id_V]:  wired=1; compound=0; hidden=0; nouse=0; global=0; static=0; extern=0; dir=0; type=0; pingpong=0; private_global=0; IO mode=ap_none:ce=0
Port [ curr_input_dest_V]:  wired=1; compound=0; hidden=0; nouse=0; global=0; static=0; extern=0; dir=0; type=0; pingpong=0; private_global=0; IO mode=ap_none:ce=0
Port [ out_stream_V_data]:  wired=1; compound=1; hidden=0; nouse=0; global=0; static=0; extern=0; dir=1; type=0; pingpong=0; private_global=0; IO mode=axis:ce=0
Port [ out_stream_V_keep_V]:  wired=1; compound=1; hidden=0; nouse=0; global=0; static=0; extern=0; dir=1; type=0; pingpong=0; private_global=0; IO mode=axis:ce=0
Port [ out_stream_V_strb_V]:  wired=1; compound=1; hidden=0; nouse=0; global=0; static=0; extern=0; dir=1; type=0; pingpong=0; private_global=0; IO mode=axis:ce=0
Port [ out_stream_V_user_V]:  wired=1; compound=1; hidden=0; nouse=0; global=0; static=0; extern=0; dir=1; type=0; pingpong=0; private_global=0; IO mode=axis:ce=0
Port [ out_stream_V_last_V]:  wired=1; compound=1; hidden=0; nouse=0; global=0; static=0; extern=0; dir=1; type=0; pingpong=0; private_global=0; IO mode=axis:ce=0
Port [ out_stream_V_id_V]:  wired=1; compound=1; hidden=0; nouse=0; global=0; static=0; extern=0; dir=1; type=0; pingpong=0; private_global=0; IO mode=axis:ce=0
Port [ out_stream_V_dest_V]:  wired=1; compound=1; hidden=0; nouse=0; global=0; static=0; extern=0; dir=1; type=0; pingpong=0; private_global=0; IO mode=axis:ce=0
Port [ last_V]:  wired=1; compound=0; hidden=0; nouse=0; global=0; static=0; extern=0; dir=0; type=0; pingpong=0; private_global=0; IO mode=ap_none:ce=0
---------------- STG Properties END ------------------

---------------- Datapath Model BEGIN ----------------

<LifeTime>
<method=bitvector/>
specinterface_ln0 (specinterface) [ 00]
tmp_last_V        (read         ) [ 00]
tmp_dest_V        (read         ) [ 00]
tmp_id_V          (read         ) [ 00]
tmp_user_V        (read         ) [ 00]
tmp_strb_V        (read         ) [ 00]
tmp_keep_V        (read         ) [ 00]
tmp_data          (read         ) [ 00]
write_ln136       (write        ) [ 00]
ret_ln137         (ret          ) [ 00]
</LifeTime>

<model>

<comp_list>
<comp id="0" class="1000" name="val_output">
<pin_list>
<pin id="1" dir="1" index="0" bw="1" slack="0"/>
</pin_list>
<bind>
<StgValue><ssdm name="val_output"/></StgValue>
</bind>
</comp>

<comp id="2" class="1000" name="curr_input_keep_V">
<pin_list>
<pin id="3" dir="1" index="0" bw="1" slack="0"/>
</pin_list>
<bind>
<StgValue><ssdm name="curr_input_keep_V"/></StgValue>
</bind>
</comp>

<comp id="4" class="1000" name="curr_input_strb_V">
<pin_list>
<pin id="5" dir="1" index="0" bw="1" slack="0"/>
</pin_list>
<bind>
<StgValue><ssdm name="curr_input_strb_V"/></StgValue>
</bind>
</comp>

<comp id="6" class="1000" name="curr_input_user_V">
<pin_list>
<pin id="7" dir="1" index="0" bw="1" slack="0"/>
</pin_list>
<bind>
<StgValue><ssdm name="curr_input_user_V"/></StgValue>
</bind>
</comp>

<comp id="8" class="1000" name="curr_input_id_V">
<pin_list>
<pin id="9" dir="1" index="0" bw="1" slack="0"/>
</pin_list>
<bind>
<StgValue><ssdm name="curr_input_id_V"/></StgValue>
</bind>
</comp>

<comp id="10" class="1000" name="curr_input_dest_V">
<pin_list>
<pin id="11" dir="1" index="0" bw="1" slack="0"/>
</pin_list>
<bind>
<StgValue><ssdm name="curr_input_dest_V"/></StgValue>
</bind>
</comp>

<comp id="12" class="1000" name="out_stream_V_data">
<pin_list>
<pin id="13" dir="1" index="0" bw="1" slack="0"/>
</pin_list>
<bind>
<StgValue><ssdm name="out_stream_V_data"/></StgValue>
</bind>
</comp>

<comp id="14" class="1000" name="out_stream_V_keep_V">
<pin_list>
<pin id="15" dir="1" index="0" bw="1" slack="0"/>
</pin_list>
<bind>
<StgValue><ssdm name="out_stream_V_keep_V"/></StgValue>
</bind>
</comp>

<comp id="16" class="1000" name="out_stream_V_strb_V">
<pin_list>
<pin id="17" dir="1" index="0" bw="1" slack="0"/>
</pin_list>
<bind>
<StgValue><ssdm name="out_stream_V_strb_V"/></StgValue>
</bind>
</comp>

<comp id="18" class="1000" name="out_stream_V_user_V">
<pin_list>
<pin id="19" dir="1" index="0" bw="1" slack="0"/>
</pin_list>
<bind>
<StgValue><ssdm name="out_stream_V_user_V"/></StgValue>
</bind>
</comp>

<comp id="20" class="1000" name="out_stream_V_last_V">
<pin_list>
<pin id="21" dir="1" index="0" bw="1" slack="0"/>
</pin_list>
<bind>
<StgValue><ssdm name="out_stream_V_last_V"/></StgValue>
</bind>
</comp>

<comp id="22" class="1000" name="out_stream_V_id_V">
<pin_list>
<pin id="23" dir="1" index="0" bw="1" slack="0"/>
</pin_list>
<bind>
<StgValue><ssdm name="out_stream_V_id_V"/></StgValue>
</bind>
</comp>

<comp id="24" class="1000" name="out_stream_V_dest_V">
<pin_list>
<pin id="25" dir="1" index="0" bw="1" slack="0"/>
</pin_list>
<bind>
<StgValue><ssdm name="out_stream_V_dest_V"/></StgValue>
</bind>
</comp>

<comp id="26" class="1000" name="last_V">
<pin_list>
<pin id="27" dir="1" index="0" bw="1" slack="0"/>
</pin_list>
<bind>
<StgValue><ssdm name="last_V"/></StgValue>
</bind>
</comp>

<comp id="28" class="1001" name="const_28">
<pin_list>
<pin id="29" dir="1" index="0" bw="1" slack="2147483647"/>
</pin_list>
<bind>
<StgValue><ssdm name="_ssdm_op_SpecInterface"/></StgValue>
</bind>
</comp>

<comp id="30" class="1001" name="const_30">
<pin_list>
<pin id="31" dir="1" index="0" bw="1" slack="2147483647"/>
</pin_list>
<bind>
<StgValue><ssdm name="p_str2"/></StgValue>
</bind>
</comp>

<comp id="32" class="1001" name="const_32">
<pin_list>
<pin id="33" dir="1" index="0" bw="1" slack="2147483647"/>
</pin_list>
<bind>
<StgValue><ssdm name=""/></StgValue>
</bind>
</comp>

<comp id="34" class="1001" name="const_34">
<pin_list>
<pin id="35" dir="1" index="0" bw="1" slack="2147483647"/>
</pin_list>
<bind>
<StgValue><ssdm name="p_str3"/></StgValue>
</bind>
</comp>

<comp id="36" class="1001" name="const_36">
<pin_list>
<pin id="37" dir="1" index="0" bw="1" slack="2147483647"/>
</pin_list>
<bind>
<StgValue><ssdm name="p_str1"/></StgValue>
</bind>
</comp>

<comp id="38" class="1001" name="const_38">
<pin_list>
<pin id="39" dir="1" index="0" bw="1" slack="0"/>
</pin_list>
<bind>
<StgValue><ssdm name="_ssdm_op_Read.ap_auto.i1"/></StgValue>
</bind>
</comp>

<comp id="40" class="1001" name="const_40">
<pin_list>
<pin id="41" dir="1" index="0" bw="1" slack="0"/>
</pin_list>
<bind>
<StgValue><ssdm name="_ssdm_op_Read.ap_auto.i6"/></StgValue>
</bind>
</comp>

<comp id="42" class="1001" name="const_42">
<pin_list>
<pin id="43" dir="1" index="0" bw="1" slack="0"/>
</pin_list>
<bind>
<StgValue><ssdm name="_ssdm_op_Read.ap_auto.i5"/></StgValue>
</bind>
</comp>

<comp id="44" class="1001" name="const_44">
<pin_list>
<pin id="45" dir="1" index="0" bw="1" slack="0"/>
</pin_list>
<bind>
<StgValue><ssdm name="_ssdm_op_Read.ap_auto.i2"/></StgValue>
</bind>
</comp>

<comp id="46" class="1001" name="const_46">
<pin_list>
<pin id="47" dir="1" index="0" bw="1" slack="0"/>
</pin_list>
<bind>
<StgValue><ssdm name="_ssdm_op_Read.ap_auto.i4"/></StgValue>
</bind>
</comp>

<comp id="48" class="1001" name="const_48">
<pin_list>
<pin id="49" dir="1" index="0" bw="1" slack="0"/>
</pin_list>
<bind>
<StgValue><ssdm name="_ssdm_op_Read.ap_auto.float"/></StgValue>
</bind>
</comp>

<comp id="50" class="1001" name="const_50">
<pin_list>
<pin id="51" dir="1" index="0" bw="1" slack="0"/>
</pin_list>
<bind>
<StgValue><ssdm name="_ssdm_op_Write.axis.volatile.floatP.i4P.i4P.i2P.i1P.i5P.i6P"/></StgValue>
</bind>
</comp>

<comp id="52" class="1004" name="tmp_last_V_read_fu_52">
<pin_list>
<pin id="53" dir="0" index="0" bw="1" slack="0"/>
<pin id="54" dir="0" index="1" bw="1" slack="0"/>
<pin id="55" dir="1" index="2" bw="1" slack="0"/>
</pin_list>
<bind>
<opcode="read(1150) " fcode="read"/>
<opset="tmp_last_V/1 "/>
</bind>
</comp>

<comp id="58" class="1004" name="tmp_dest_V_read_fu_58">
<pin_list>
<pin id="59" dir="0" index="0" bw="6" slack="0"/>
<pin id="60" dir="0" index="1" bw="6" slack="0"/>
<pin id="61" dir="1" index="2" bw="6" slack="0"/>
</pin_list>
<bind>
<opcode="read(1150) " fcode="read"/>
<opset="tmp_dest_V/1 "/>
</bind>
</comp>

<comp id="64" class="1004" name="tmp_id_V_read_fu_64">
<pin_list>
<pin id="65" dir="0" index="0" bw="5" slack="0"/>
<pin id="66" dir="0" index="1" bw="5" slack="0"/>
<pin id="67" dir="1" index="2" bw="5" slack="0"/>
</pin_list>
<bind>
<opcode="read(1150) " fcode="read"/>
<opset="tmp_id_V/1 "/>
</bind>
</comp>

<comp id="70" class="1004" name="tmp_user_V_read_fu_70">
<pin_list>
<pin id="71" dir="0" index="0" bw="2" slack="0"/>
<pin id="72" dir="0" index="1" bw="2" slack="0"/>
<pin id="73" dir="1" index="2" bw="2" slack="0"/>
</pin_list>
<bind>
<opcode="read(1150) " fcode="read"/>
<opset="tmp_user_V/1 "/>
</bind>
</comp>

<comp id="76" class="1004" name="tmp_strb_V_read_fu_76">
<pin_list>
<pin id="77" dir="0" index="0" bw="4" slack="0"/>
<pin id="78" dir="0" index="1" bw="4" slack="0"/>
<pin id="79" dir="1" index="2" bw="4" slack="0"/>
</pin_list>
<bind>
<opcode="read(1150) " fcode="read"/>
<opset="tmp_strb_V/1 "/>
</bind>
</comp>

<comp id="82" class="1004" name="tmp_keep_V_read_fu_82">
<pin_list>
<pin id="83" dir="0" index="0" bw="4" slack="0"/>
<pin id="84" dir="0" index="1" bw="4" slack="0"/>
<pin id="85" dir="1" index="2" bw="4" slack="0"/>
</pin_list>
<bind>
<opcode="read(1150) " fcode="read"/>
<opset="tmp_keep_V/1 "/>
</bind>
</comp>

<comp id="88" class="1004" name="tmp_data_read_fu_88">
<pin_list>
<pin id="89" dir="0" index="0" bw="32" slack="0"/>
<pin id="90" dir="0" index="1" bw="32" slack="0"/>
<pin id="91" dir="1" index="2" bw="32" slack="0"/>
</pin_list>
<bind>
<opcode="read(1150) " fcode="read"/>
<opset="tmp_data/1 "/>
</bind>
</comp>

<comp id="94" class="1004" name="write_ln136_write_fu_94">
<pin_list>
<pin id="95" dir="0" index="0" bw="0" slack="0"/>
<pin id="96" dir="0" index="1" bw="32" slack="0"/>
<pin id="97" dir="0" index="2" bw="4" slack="0"/>
<pin id="98" dir="0" index="3" bw="4" slack="0"/>
<pin id="99" dir="0" index="4" bw="2" slack="0"/>
<pin id="100" dir="0" index="5" bw="1" slack="0"/>
<pin id="101" dir="0" index="6" bw="5" slack="0"/>
<pin id="102" dir="0" index="7" bw="6" slack="0"/>
<pin id="103" dir="0" index="8" bw="32" slack="0"/>
<pin id="104" dir="0" index="9" bw="4" slack="0"/>
<pin id="105" dir="0" index="10" bw="4" slack="0"/>
<pin id="106" dir="0" index="11" bw="2" slack="0"/>
<pin id="107" dir="0" index="12" bw="1" slack="0"/>
<pin id="108" dir="0" index="13" bw="5" slack="0"/>
<pin id="109" dir="0" index="14" bw="6" slack="0"/>
<pin id="110" dir="1" index="15" bw="0" slack="2147483647"/>
</pin_list>
<bind>
<opcode="write(1151) " fcode="write"/>
<opset="write_ln136/1 "/>
</bind>
</comp>

</comp_list>

<net_list>
<net id="56"><net_src comp="38" pin="0"/><net_sink comp="52" pin=0"/></net>

<net id="57"><net_src comp="26" pin="0"/><net_sink comp="52" pin=1"/></net>

<net id="62"><net_src comp="40" pin="0"/><net_sink comp="58" pin=0"/></net>

<net id="63"><net_src comp="10" pin="0"/><net_sink comp="58" pin=1"/></net>

<net id="68"><net_src comp="42" pin="0"/><net_sink comp="64" pin=0"/></net>

<net id="69"><net_src comp="8" pin="0"/><net_sink comp="64" pin=1"/></net>

<net id="74"><net_src comp="44" pin="0"/><net_sink comp="70" pin=0"/></net>

<net id="75"><net_src comp="6" pin="0"/><net_sink comp="70" pin=1"/></net>

<net id="80"><net_src comp="46" pin="0"/><net_sink comp="76" pin=0"/></net>

<net id="81"><net_src comp="4" pin="0"/><net_sink comp="76" pin=1"/></net>

<net id="86"><net_src comp="46" pin="0"/><net_sink comp="82" pin=0"/></net>

<net id="87"><net_src comp="2" pin="0"/><net_sink comp="82" pin=1"/></net>

<net id="92"><net_src comp="48" pin="0"/><net_sink comp="88" pin=0"/></net>

<net id="93"><net_src comp="0" pin="0"/><net_sink comp="88" pin=1"/></net>

<net id="111"><net_src comp="50" pin="0"/><net_sink comp="94" pin=0"/></net>

<net id="112"><net_src comp="12" pin="0"/><net_sink comp="94" pin=1"/></net>

<net id="113"><net_src comp="14" pin="0"/><net_sink comp="94" pin=2"/></net>

<net id="114"><net_src comp="16" pin="0"/><net_sink comp="94" pin=3"/></net>

<net id="115"><net_src comp="18" pin="0"/><net_sink comp="94" pin=4"/></net>

<net id="116"><net_src comp="20" pin="0"/><net_sink comp="94" pin=5"/></net>

<net id="117"><net_src comp="22" pin="0"/><net_sink comp="94" pin=6"/></net>

<net id="118"><net_src comp="24" pin="0"/><net_sink comp="94" pin=7"/></net>

<net id="119"><net_src comp="88" pin="2"/><net_sink comp="94" pin=8"/></net>

<net id="120"><net_src comp="82" pin="2"/><net_sink comp="94" pin=9"/></net>

<net id="121"><net_src comp="76" pin="2"/><net_sink comp="94" pin=10"/></net>

<net id="122"><net_src comp="70" pin="2"/><net_sink comp="94" pin=11"/></net>

<net id="123"><net_src comp="52" pin="2"/><net_sink comp="94" pin=12"/></net>

<net id="124"><net_src comp="64" pin="2"/><net_sink comp="94" pin=13"/></net>

<net id="125"><net_src comp="58" pin="2"/><net_sink comp="94" pin=14"/></net>

</net_list>

</model> 
---------------- Datapath Model END ------------------

* FSMD analyzer results:
  - Output states:
	Port: out_stream_V_data | {1 }
	Port: out_stream_V_keep_V | {1 }
	Port: out_stream_V_strb_V | {1 }
	Port: out_stream_V_user_V | {1 }
	Port: out_stream_V_last_V | {1 }
	Port: out_stream_V_id_V | {1 }
	Port: out_stream_V_dest_V | {1 }
 - Input state : 
	Port: write_output : val_output | {1 }
	Port: write_output : curr_input_keep_V | {1 }
	Port: write_output : curr_input_strb_V | {1 }
	Port: write_output : curr_input_user_V | {1 }
	Port: write_output : curr_input_id_V | {1 }
	Port: write_output : curr_input_dest_V | {1 }
	Port: write_output : last_V | {1 }
  - Chain level:
	State 1


============================================================
+ Verbose Summary: Datapath Resource usage 
============================================================

* Functional unit list:
|----------|-------------------------|
| Operation|     Functional Unit     |
|----------|-------------------------|
|          |  tmp_last_V_read_fu_52  |
|          |  tmp_dest_V_read_fu_58  |
|          |   tmp_id_V_read_fu_64   |
|   read   |  tmp_user_V_read_fu_70  |
|          |  tmp_strb_V_read_fu_76  |
|          |  tmp_keep_V_read_fu_82  |
|          |   tmp_data_read_fu_88   |
|----------|-------------------------|
|   write  | write_ln136_write_fu_94 |
|----------|-------------------------|
|   Total  |                         |
|----------|-------------------------|

Memories:
N/A

* Register list:
N/A

* Multiplexer (MUX) list: 
|--------|------|------|------|--------|
|  Comp  |  Pin | Size |  BW  | S x BW |
|--------|------|------|------|--------|
|  Total |      |      |      |    0   |
|--------|------|------|------|--------|



* Summary:
+-----------+
|           |
+-----------+
|  Function |
|   Memory  |
|Multiplexer|
|  Register |
+-----------+
|   Total   |
+-----------+
