
*** Running vivado
    with args -log design_1_xbar_0.vds -m64 -product Vivado -mode batch -messageDb vivado.pb -notrace -source design_1_xbar_0.tcl


****** Vivado v2019.1 (64-bit)
  **** SW Build 2552052 on Fri May 24 14:47:09 MDT 2019
  **** IP Build 2548770 on Fri May 24 18:01:18 MDT 2019
    ** Copyright 1986-2019 Xilinx, Inc. All Rights Reserved.

source design_1_xbar_0.tcl -notrace
INFO: [IP_Flow 19-234] Refreshing IP repositories
INFO: [IP_Flow 19-1700] Loaded user IP repository '/home/xavier/MSc_Project/hls/ip_fp64'.
INFO: [IP_Flow 19-2313] Loaded Vivado IP repository '/opt/Xilinx_2019_1/Vivado/2019.1/data/ip'.
Command: synth_design -top design_1_xbar_0 -part xc7z020clg484-1 -mode out_of_context
Starting synth_design
Attempting to get a license for feature 'Synthesis' and/or device 'xc7z020'
INFO: [Common 17-349] Got license for feature 'Synthesis' and/or device 'xc7z020'
INFO: [Device 21-403] Loading part xc7z020clg484-1
INFO: Launching helper process for spawning children vivado processes
INFO: Helper process launched with PID 18252 
---------------------------------------------------------------------------------
Starting RTL Elaboration : Time (s): cpu = 00:00:09 ; elapsed = 00:00:19 . Memory (MB): peak = 1706.105 ; gain = 152.684 ; free physical = 1209 ; free virtual = 12182
---------------------------------------------------------------------------------
INFO: [Synth 8-6157] synthesizing module 'design_1_xbar_0' [/home/xavier/MSc_Project/hls/yolo_conv_hls_2019/yolo_max_pool_fp_prj_2019_64/yolo_max_pool_fp_prj_2019_64.srcs/sources_1/bd/design_1/ip/design_1_xbar_0/synth/design_1_xbar_0.v:59]
INFO: [Synth 8-6157] synthesizing module 'axi_crossbar_v2_1_20_axi_crossbar' [/home/xavier/MSc_Project/hls/yolo_conv_hls_2019/yolo_max_pool_fp_prj_2019_64/yolo_max_pool_fp_prj_2019_64.srcs/sources_1/bd/design_1/ipshared/ace7/hdl/axi_crossbar_v2_1_vl_rfs.v:4884]
	Parameter C_FAMILY bound to: zynq - type: string 
	Parameter C_NUM_SLAVE_SLOTS bound to: 1 - type: integer 
	Parameter C_NUM_MASTER_SLOTS bound to: 2 - type: integer 
	Parameter C_AXI_ID_WIDTH bound to: 1 - type: integer 
	Parameter C_AXI_ADDR_WIDTH bound to: 32 - type: integer 
	Parameter C_AXI_DATA_WIDTH bound to: 32 - type: integer 
	Parameter C_AXI_PROTOCOL bound to: 2 - type: integer 
	Parameter C_NUM_ADDR_RANGES bound to: 1 - type: integer 
	Parameter C_M_AXI_BASE_ADDR bound to: 128'b00000000000000000000000000000000010000111100000000000000000000000000000000000000000000000000000001000000010000000000000000000000 
	Parameter C_M_AXI_ADDR_WIDTH bound to: 64'b0000000000000000000000000001000000000000000000000000000000010000 
	Parameter C_S_AXI_BASE_ID bound to: 0 - type: integer 
	Parameter C_S_AXI_THREAD_ID_WIDTH bound to: 0 - type: integer 
	Parameter C_AXI_SUPPORTS_USER_SIGNALS bound to: 0 - type: integer 
	Parameter C_AXI_AWUSER_WIDTH bound to: 1 - type: integer 
	Parameter C_AXI_ARUSER_WIDTH bound to: 1 - type: integer 
	Parameter C_AXI_WUSER_WIDTH bound to: 1 - type: integer 
	Parameter C_AXI_RUSER_WIDTH bound to: 1 - type: integer 
	Parameter C_AXI_BUSER_WIDTH bound to: 1 - type: integer 
	Parameter C_M_AXI_WRITE_CONNECTIVITY bound to: 64'b1111111111111111111111111111111111111111111111111111111111111111 
	Parameter C_M_AXI_READ_CONNECTIVITY bound to: 64'b1111111111111111111111111111111111111111111111111111111111111111 
	Parameter C_R_REGISTER bound to: 1 - type: integer 
	Parameter C_S_AXI_SINGLE_THREAD bound to: 1 - type: integer 
	Parameter C_S_AXI_WRITE_ACCEPTANCE bound to: 1 - type: integer 
	Parameter C_S_AXI_READ_ACCEPTANCE bound to: 1 - type: integer 
	Parameter C_M_AXI_WRITE_ISSUING bound to: 64'b0000000000000000000000000000000100000000000000000000000000000001 
	Parameter C_M_AXI_READ_ISSUING bound to: 64'b0000000000000000000000000000000100000000000000000000000000000001 
	Parameter C_S_AXI_ARB_PRIORITY bound to: 0 - type: integer 
	Parameter C_M_AXI_SECURE bound to: 64'b0000000000000000000000000000000000000000000000000000000000000000 
	Parameter C_CONNECTIVITY_MODE bound to: 0 - type: integer 
	Parameter P_ONES bound to: 65'b11111111111111111111111111111111111111111111111111111111111111111 
	Parameter P_S_AXI_BASE_ID bound to: 64'b0000000000000000000000000000000000000000000000000000000000000000 
	Parameter P_S_AXI_HIGH_ID bound to: 64'b0000000000000000000000000000000000000000000000000000000000000000 
	Parameter P_AXI4 bound to: 0 - type: integer 
	Parameter P_AXI3 bound to: 1 - type: integer 
	Parameter P_AXILITE bound to: 2 - type: integer 
	Parameter P_AXILITE_SIZE bound to: 3'b010 
	Parameter P_INCR bound to: 2'b01 
	Parameter P_M_AXI_SUPPORTS_WRITE bound to: 2'b11 
	Parameter P_M_AXI_SUPPORTS_READ bound to: 2'b11 
	Parameter P_S_AXI_SUPPORTS_WRITE bound to: 1'b1 
	Parameter P_S_AXI_SUPPORTS_READ bound to: 1'b1 
	Parameter C_DEBUG bound to: 1 - type: integer 
	Parameter P_RANGE_CHECK bound to: 1 - type: integer 
	Parameter P_ADDR_DECODE bound to: 1 - type: integer 
	Parameter P_M_AXI_ERR_MODE bound to: 64'b0000000000000000000000000000000000000000000000000000000000000000 
	Parameter P_LEN bound to: 8 - type: integer 
	Parameter P_LOCK bound to: 1 - type: integer 
	Parameter P_FAMILY bound to: zynq - type: string 
INFO: [Synth 8-6157] synthesizing module 'axi_crossbar_v2_1_20_crossbar_sasd' [/home/xavier/MSc_Project/hls/yolo_conv_hls_2019/yolo_max_pool_fp_prj_2019_64/yolo_max_pool_fp_prj_2019_64.srcs/sources_1/bd/design_1/ipshared/ace7/hdl/axi_crossbar_v2_1_vl_rfs.v:1240]
	Parameter C_FAMILY bound to: zynq - type: string 
	Parameter C_NUM_SLAVE_SLOTS bound to: 1 - type: integer 
	Parameter C_NUM_MASTER_SLOTS bound to: 2 - type: integer 
	Parameter C_NUM_ADDR_RANGES bound to: 1 - type: integer 
	Parameter C_AXI_ID_WIDTH bound to: 1 - type: integer 
	Parameter C_AXI_ADDR_WIDTH bound to: 32 - type: integer 
	Parameter C_AXI_DATA_WIDTH bound to: 32 - type: integer 
	Parameter C_AXI_PROTOCOL bound to: 2 - type: integer 
	Parameter C_M_AXI_BASE_ADDR bound to: 128'b00000000000000000000000000000000010000111100000000000000000000000000000000000000000000000000000001000000010000000000000000000000 
	Parameter C_M_AXI_HIGH_ADDR bound to: 128'b00000000000000000000000000000000010000111100000011111111111111110000000000000000000000000000000001000000010000001111111111111111 
	Parameter C_S_AXI_BASE_ID bound to: 64'b0000000000000000000000000000000000000000000000000000000000000000 
	Parameter C_S_AXI_HIGH_ID bound to: 64'b0000000000000000000000000000000000000000000000000000000000000000 
	Parameter C_AXI_SUPPORTS_USER_SIGNALS bound to: 0 - type: integer 
	Parameter C_AXI_AWUSER_WIDTH bound to: 1 - type: integer 
	Parameter C_AXI_ARUSER_WIDTH bound to: 1 - type: integer 
	Parameter C_AXI_WUSER_WIDTH bound to: 1 - type: integer 
	Parameter C_AXI_RUSER_WIDTH bound to: 1 - type: integer 
	Parameter C_AXI_BUSER_WIDTH bound to: 1 - type: integer 
	Parameter C_S_AXI_SUPPORTS_WRITE bound to: 1'b1 
	Parameter C_S_AXI_SUPPORTS_READ bound to: 1'b1 
	Parameter C_M_AXI_SUPPORTS_WRITE bound to: 2'b11 
	Parameter C_M_AXI_SUPPORTS_READ bound to: 2'b11 
	Parameter C_S_AXI_ARB_PRIORITY bound to: 0 - type: integer 
	Parameter C_M_AXI_SECURE bound to: 64'b0000000000000000000000000000000000000000000000000000000000000000 
	Parameter C_M_AXI_ERR_MODE bound to: 64'b0000000000000000000000000000000000000000000000000000000000000000 
	Parameter C_R_REGISTER bound to: 1 - type: integer 
	Parameter C_RANGE_CHECK bound to: 1 - type: integer 
	Parameter C_ADDR_DECODE bound to: 1 - type: integer 
	Parameter C_DEBUG bound to: 1 - type: integer 
	Parameter P_AXI4 bound to: 0 - type: integer 
	Parameter P_AXI3 bound to: 1 - type: integer 
	Parameter P_AXILITE bound to: 2 - type: integer 
	Parameter P_NUM_MASTER_SLOTS_DE bound to: 3 - type: integer 
	Parameter P_NUM_MASTER_SLOTS_LOG bound to: 1 - type: integer 
	Parameter P_NUM_MASTER_SLOTS_DE_LOG bound to: 2 - type: integer 
	Parameter P_NUM_SLAVE_SLOTS_LOG bound to: 1 - type: integer 
	Parameter P_AXI_AUSER_WIDTH bound to: 1 - type: integer 
	Parameter P_AXI_WID_WIDTH bound to: 1 - type: integer 
	Parameter P_AMESG_WIDTH bound to: 64 - type: integer 
	Parameter P_BMESG_WIDTH bound to: 3 - type: integer 
	Parameter P_RMESG_WIDTH bound to: 36 - type: integer 
	Parameter P_WMESG_WIDTH bound to: 39 - type: integer 
	Parameter P_AXILITE_ERRMODE bound to: 1 - type: integer 
	Parameter P_NONSECURE_BIT bound to: 1 - type: integer 
	Parameter P_M_SECURE_MASK bound to: 2'b00 
	Parameter P_M_AXILITE_MASK bound to: 2'b00 
	Parameter P_FIXED bound to: 2'b00 
	Parameter P_BYPASS bound to: 0 - type: integer 
	Parameter P_LIGHTWT bound to: 7 - type: integer 
	Parameter P_FULLY_REG bound to: 1 - type: integer 
	Parameter P_R_REG_CONFIG bound to: 1 - type: integer 
	Parameter P_DECERR bound to: 2'b11 
INFO: [Synth 8-6157] synthesizing module 'axi_crossbar_v2_1_20_addr_decoder' [/home/xavier/MSc_Project/hls/yolo_conv_hls_2019/yolo_max_pool_fp_prj_2019_64/yolo_max_pool_fp_prj_2019_64.srcs/sources_1/bd/design_1/ipshared/ace7/hdl/axi_crossbar_v2_1_vl_rfs.v:794]
	Parameter C_FAMILY bound to: zynq - type: string 
	Parameter C_NUM_TARGETS bound to: 2 - type: integer 
	Parameter C_NUM_TARGETS_LOG bound to: 1 - type: integer 
	Parameter C_NUM_RANGES bound to: 1 - type: integer 
	Parameter C_ADDR_WIDTH bound to: 32 - type: integer 
	Parameter C_TARGET_ENC bound to: 1 - type: integer 
	Parameter C_TARGET_HOT bound to: 1 - type: integer 
	Parameter C_REGION_ENC bound to: 1 - type: integer 
	Parameter C_BASE_ADDR bound to: 128'b00000000000000000000000000000000010000111100000000000000000000000000000000000000000000000000000001000000010000000000000000000000 
	Parameter C_HIGH_ADDR bound to: 128'b00000000000000000000000000000000010000111100000011111111111111110000000000000000000000000000000001000000010000001111111111111111 
	Parameter C_TARGET_QUAL bound to: 3'b011 
	Parameter C_RESOLUTION bound to: 2 - type: integer 
	Parameter C_COMPARATOR_THRESHOLD bound to: 6 - type: integer 
INFO: [Synth 8-6157] synthesizing module 'generic_baseblocks_v2_1_0_comparator_static' [/home/xavier/MSc_Project/hls/yolo_conv_hls_2019/yolo_max_pool_fp_prj_2019_64/yolo_max_pool_fp_prj_2019_64.srcs/sources_1/bd/design_1/ipshared/b752/hdl/generic_baseblocks_v2_1_vl_rfs.v:2133]
	Parameter C_FAMILY bound to: rtl - type: string 
	Parameter C_VALUE bound to: 30'b010000000100000000000000000000 
	Parameter C_DATA_WIDTH bound to: 30 - type: integer 
	Parameter C_BITS_PER_LUT bound to: 6 - type: integer 
	Parameter C_NUM_LUT bound to: 5 - type: integer 
	Parameter C_FIX_DATA_WIDTH bound to: 30 - type: integer 
INFO: [Synth 8-6157] synthesizing module 'generic_baseblocks_v2_1_0_carry_and' [/home/xavier/MSc_Project/hls/yolo_conv_hls_2019/yolo_max_pool_fp_prj_2019_64/yolo_max_pool_fp_prj_2019_64.srcs/sources_1/bd/design_1/ipshared/b752/hdl/generic_baseblocks_v2_1_vl_rfs.v:62]
	Parameter C_FAMILY bound to: rtl - type: string 
INFO: [Synth 8-6155] done synthesizing module 'generic_baseblocks_v2_1_0_carry_and' (1#1) [/home/xavier/MSc_Project/hls/yolo_conv_hls_2019/yolo_max_pool_fp_prj_2019_64/yolo_max_pool_fp_prj_2019_64.srcs/sources_1/bd/design_1/ipshared/b752/hdl/generic_baseblocks_v2_1_vl_rfs.v:62]
INFO: [Synth 8-6155] done synthesizing module 'generic_baseblocks_v2_1_0_comparator_static' (2#1) [/home/xavier/MSc_Project/hls/yolo_conv_hls_2019/yolo_max_pool_fp_prj_2019_64/yolo_max_pool_fp_prj_2019_64.srcs/sources_1/bd/design_1/ipshared/b752/hdl/generic_baseblocks_v2_1_vl_rfs.v:2133]
INFO: [Synth 8-6157] synthesizing module 'generic_baseblocks_v2_1_0_comparator_static__parameterized0' [/home/xavier/MSc_Project/hls/yolo_conv_hls_2019/yolo_max_pool_fp_prj_2019_64/yolo_max_pool_fp_prj_2019_64.srcs/sources_1/bd/design_1/ipshared/b752/hdl/generic_baseblocks_v2_1_vl_rfs.v:2133]
	Parameter C_FAMILY bound to: rtl - type: string 
	Parameter C_VALUE bound to: 30'b010000111100000000000000000000 
	Parameter C_DATA_WIDTH bound to: 30 - type: integer 
	Parameter C_BITS_PER_LUT bound to: 6 - type: integer 
	Parameter C_NUM_LUT bound to: 5 - type: integer 
	Parameter C_FIX_DATA_WIDTH bound to: 30 - type: integer 
INFO: [Synth 8-6155] done synthesizing module 'generic_baseblocks_v2_1_0_comparator_static__parameterized0' (2#1) [/home/xavier/MSc_Project/hls/yolo_conv_hls_2019/yolo_max_pool_fp_prj_2019_64/yolo_max_pool_fp_prj_2019_64.srcs/sources_1/bd/design_1/ipshared/b752/hdl/generic_baseblocks_v2_1_vl_rfs.v:2133]
INFO: [Synth 8-6155] done synthesizing module 'axi_crossbar_v2_1_20_addr_decoder' (3#1) [/home/xavier/MSc_Project/hls/yolo_conv_hls_2019/yolo_max_pool_fp_prj_2019_64/yolo_max_pool_fp_prj_2019_64.srcs/sources_1/bd/design_1/ipshared/ace7/hdl/axi_crossbar_v2_1_vl_rfs.v:794]
INFO: [Synth 8-6157] synthesizing module 'axi_crossbar_v2_1_20_decerr_slave' [/home/xavier/MSc_Project/hls/yolo_conv_hls_2019/yolo_max_pool_fp_prj_2019_64/yolo_max_pool_fp_prj_2019_64.srcs/sources_1/bd/design_1/ipshared/ace7/hdl/axi_crossbar_v2_1_vl_rfs.v:3501]
	Parameter C_AXI_ID_WIDTH bound to: 1 - type: integer 
	Parameter C_AXI_DATA_WIDTH bound to: 32 - type: integer 
	Parameter C_AXI_BUSER_WIDTH bound to: 1 - type: integer 
	Parameter C_AXI_RUSER_WIDTH bound to: 1 - type: integer 
	Parameter C_AXI_PROTOCOL bound to: 2 - type: integer 
	Parameter C_RESP bound to: 3 - type: integer 
	Parameter P_WRITE_IDLE bound to: 2'b00 
	Parameter P_WRITE_DATA bound to: 2'b01 
	Parameter P_WRITE_RESP bound to: 2'b10 
	Parameter P_READ_IDLE bound to: 1'b0 
	Parameter P_READ_DATA bound to: 1'b1 
	Parameter P_AXI4 bound to: 0 - type: integer 
	Parameter P_AXI3 bound to: 1 - type: integer 
	Parameter P_AXILITE bound to: 2 - type: integer 
INFO: [Synth 8-6155] done synthesizing module 'axi_crossbar_v2_1_20_decerr_slave' (4#1) [/home/xavier/MSc_Project/hls/yolo_conv_hls_2019/yolo_max_pool_fp_prj_2019_64/yolo_max_pool_fp_prj_2019_64.srcs/sources_1/bd/design_1/ipshared/ace7/hdl/axi_crossbar_v2_1_vl_rfs.v:3501]
INFO: [Synth 8-6157] synthesizing module 'axi_crossbar_v2_1_20_addr_arbiter_sasd' [/home/xavier/MSc_Project/hls/yolo_conv_hls_2019/yolo_max_pool_fp_prj_2019_64/yolo_max_pool_fp_prj_2019_64.srcs/sources_1/bd/design_1/ipshared/ace7/hdl/axi_crossbar_v2_1_vl_rfs.v:65]
	Parameter C_FAMILY bound to: zynq - type: string 
	Parameter C_NUM_S bound to: 1 - type: integer 
	Parameter C_NUM_S_LOG bound to: 1 - type: integer 
	Parameter C_AMESG_WIDTH bound to: 64 - type: integer 
	Parameter C_GRANT_ENC bound to: 1 - type: integer 
	Parameter C_ARB_PRIORITY bound to: 0 - type: integer 
	Parameter P_PRIO_MASK bound to: 1'b0 
INFO: [Synth 8-6155] done synthesizing module 'axi_crossbar_v2_1_20_addr_arbiter_sasd' (5#1) [/home/xavier/MSc_Project/hls/yolo_conv_hls_2019/yolo_max_pool_fp_prj_2019_64/yolo_max_pool_fp_prj_2019_64.srcs/sources_1/bd/design_1/ipshared/ace7/hdl/axi_crossbar_v2_1_vl_rfs.v:65]
INFO: [Synth 8-6157] synthesizing module 'axi_crossbar_v2_1_20_splitter' [/home/xavier/MSc_Project/hls/yolo_conv_hls_2019/yolo_max_pool_fp_prj_2019_64/yolo_max_pool_fp_prj_2019_64.srcs/sources_1/bd/design_1/ipshared/ace7/hdl/axi_crossbar_v2_1_vl_rfs.v:4461]
	Parameter C_NUM_M bound to: 3 - type: integer 
INFO: [Synth 8-6155] done synthesizing module 'axi_crossbar_v2_1_20_splitter' (6#1) [/home/xavier/MSc_Project/hls/yolo_conv_hls_2019/yolo_max_pool_fp_prj_2019_64/yolo_max_pool_fp_prj_2019_64.srcs/sources_1/bd/design_1/ipshared/ace7/hdl/axi_crossbar_v2_1_vl_rfs.v:4461]
INFO: [Synth 8-6157] synthesizing module 'axi_crossbar_v2_1_20_splitter__parameterized0' [/home/xavier/MSc_Project/hls/yolo_conv_hls_2019/yolo_max_pool_fp_prj_2019_64/yolo_max_pool_fp_prj_2019_64.srcs/sources_1/bd/design_1/ipshared/ace7/hdl/axi_crossbar_v2_1_vl_rfs.v:4461]
	Parameter C_NUM_M bound to: 2 - type: integer 
INFO: [Synth 8-6155] done synthesizing module 'axi_crossbar_v2_1_20_splitter__parameterized0' (6#1) [/home/xavier/MSc_Project/hls/yolo_conv_hls_2019/yolo_max_pool_fp_prj_2019_64/yolo_max_pool_fp_prj_2019_64.srcs/sources_1/bd/design_1/ipshared/ace7/hdl/axi_crossbar_v2_1_vl_rfs.v:4461]
INFO: [Synth 8-6157] synthesizing module 'generic_baseblocks_v2_1_0_mux_enc' [/home/xavier/MSc_Project/hls/yolo_conv_hls_2019/yolo_max_pool_fp_prj_2019_64/yolo_max_pool_fp_prj_2019_64.srcs/sources_1/bd/design_1/ipshared/b752/hdl/generic_baseblocks_v2_1_vl_rfs.v:2452]
	Parameter C_FAMILY bound to: rtl - type: string 
	Parameter C_RATIO bound to: 3 - type: integer 
	Parameter C_SEL_WIDTH bound to: 2 - type: integer 
	Parameter C_DATA_WIDTH bound to: 1 - type: integer 
INFO: [Synth 8-6155] done synthesizing module 'generic_baseblocks_v2_1_0_mux_enc' (7#1) [/home/xavier/MSc_Project/hls/yolo_conv_hls_2019/yolo_max_pool_fp_prj_2019_64/yolo_max_pool_fp_prj_2019_64.srcs/sources_1/bd/design_1/ipshared/b752/hdl/generic_baseblocks_v2_1_vl_rfs.v:2452]
INFO: [Synth 8-6157] synthesizing module 'generic_baseblocks_v2_1_0_mux_enc__parameterized0' [/home/xavier/MSc_Project/hls/yolo_conv_hls_2019/yolo_max_pool_fp_prj_2019_64/yolo_max_pool_fp_prj_2019_64.srcs/sources_1/bd/design_1/ipshared/b752/hdl/generic_baseblocks_v2_1_vl_rfs.v:2452]
	Parameter C_FAMILY bound to: rtl - type: string 
	Parameter C_RATIO bound to: 1 - type: integer 
	Parameter C_SEL_WIDTH bound to: 1 - type: integer 
	Parameter C_DATA_WIDTH bound to: 1 - type: integer 
INFO: [Synth 8-6155] done synthesizing module 'generic_baseblocks_v2_1_0_mux_enc__parameterized0' (7#1) [/home/xavier/MSc_Project/hls/yolo_conv_hls_2019/yolo_max_pool_fp_prj_2019_64/yolo_max_pool_fp_prj_2019_64.srcs/sources_1/bd/design_1/ipshared/b752/hdl/generic_baseblocks_v2_1_vl_rfs.v:2452]
INFO: [Synth 8-6157] synthesizing module 'generic_baseblocks_v2_1_0_mux_enc__parameterized1' [/home/xavier/MSc_Project/hls/yolo_conv_hls_2019/yolo_max_pool_fp_prj_2019_64/yolo_max_pool_fp_prj_2019_64.srcs/sources_1/bd/design_1/ipshared/b752/hdl/generic_baseblocks_v2_1_vl_rfs.v:2452]
	Parameter C_FAMILY bound to: rtl - type: string 
	Parameter C_RATIO bound to: 3 - type: integer 
	Parameter C_SEL_WIDTH bound to: 2 - type: integer 
	Parameter C_DATA_WIDTH bound to: 36 - type: integer 
INFO: [Synth 8-6155] done synthesizing module 'generic_baseblocks_v2_1_0_mux_enc__parameterized1' (7#1) [/home/xavier/MSc_Project/hls/yolo_conv_hls_2019/yolo_max_pool_fp_prj_2019_64/yolo_max_pool_fp_prj_2019_64.srcs/sources_1/bd/design_1/ipshared/b752/hdl/generic_baseblocks_v2_1_vl_rfs.v:2452]
INFO: [Synth 8-6157] synthesizing module 'axi_register_slice_v2_1_19_axic_register_slice' [/home/xavier/MSc_Project/hls/yolo_conv_hls_2019/yolo_max_pool_fp_prj_2019_64/yolo_max_pool_fp_prj_2019_64.srcs/sources_1/bd/design_1/ipshared/4d88/hdl/axi_register_slice_v2_1_vl_rfs.v:488]
	Parameter C_FAMILY bound to: zynq - type: string 
	Parameter C_DATA_WIDTH bound to: 36 - type: integer 
	Parameter C_REG_CONFIG bound to: 1 - type: integer 
INFO: [Synth 8-6155] done synthesizing module 'axi_register_slice_v2_1_19_axic_register_slice' (8#1) [/home/xavier/MSc_Project/hls/yolo_conv_hls_2019/yolo_max_pool_fp_prj_2019_64/yolo_max_pool_fp_prj_2019_64.srcs/sources_1/bd/design_1/ipshared/4d88/hdl/axi_register_slice_v2_1_vl_rfs.v:488]
INFO: [Synth 8-6157] synthesizing module 'generic_baseblocks_v2_1_0_mux_enc__parameterized2' [/home/xavier/MSc_Project/hls/yolo_conv_hls_2019/yolo_max_pool_fp_prj_2019_64/yolo_max_pool_fp_prj_2019_64.srcs/sources_1/bd/design_1/ipshared/b752/hdl/generic_baseblocks_v2_1_vl_rfs.v:2452]
	Parameter C_FAMILY bound to: rtl - type: string 
	Parameter C_RATIO bound to: 3 - type: integer 
	Parameter C_SEL_WIDTH bound to: 2 - type: integer 
	Parameter C_DATA_WIDTH bound to: 3 - type: integer 
INFO: [Synth 8-6155] done synthesizing module 'generic_baseblocks_v2_1_0_mux_enc__parameterized2' (8#1) [/home/xavier/MSc_Project/hls/yolo_conv_hls_2019/yolo_max_pool_fp_prj_2019_64/yolo_max_pool_fp_prj_2019_64.srcs/sources_1/bd/design_1/ipshared/b752/hdl/generic_baseblocks_v2_1_vl_rfs.v:2452]
WARNING: [Synth 8-6014] Unused sequential element gen_debug_trans_seq.debug_aw_trans_seq_i_reg was removed.  [/home/xavier/MSc_Project/hls/yolo_conv_hls_2019/yolo_max_pool_fp_prj_2019_64/yolo_max_pool_fp_prj_2019_64.srcs/sources_1/bd/design_1/ipshared/ace7/hdl/axi_crossbar_v2_1_vl_rfs.v:2056]
WARNING: [Synth 8-6014] Unused sequential element gen_debug_trans_seq.debug_ar_trans_seq_i_reg was removed.  [/home/xavier/MSc_Project/hls/yolo_conv_hls_2019/yolo_max_pool_fp_prj_2019_64/yolo_max_pool_fp_prj_2019_64.srcs/sources_1/bd/design_1/ipshared/ace7/hdl/axi_crossbar_v2_1_vl_rfs.v:2067]
WARNING: [Synth 8-6014] Unused sequential element gen_debug_trans_seq.debug_w_beat_cnt_i_reg was removed.  [/home/xavier/MSc_Project/hls/yolo_conv_hls_2019/yolo_max_pool_fp_prj_2019_64/yolo_max_pool_fp_prj_2019_64.srcs/sources_1/bd/design_1/ipshared/ace7/hdl/axi_crossbar_v2_1_vl_rfs.v:2078]
WARNING: [Synth 8-6014] Unused sequential element gen_debug_trans_seq.debug_r_beat_cnt_i_reg was removed.  [/home/xavier/MSc_Project/hls/yolo_conv_hls_2019/yolo_max_pool_fp_prj_2019_64/yolo_max_pool_fp_prj_2019_64.srcs/sources_1/bd/design_1/ipshared/ace7/hdl/axi_crossbar_v2_1_vl_rfs.v:2091]
INFO: [Synth 8-6155] done synthesizing module 'axi_crossbar_v2_1_20_crossbar_sasd' (9#1) [/home/xavier/MSc_Project/hls/yolo_conv_hls_2019/yolo_max_pool_fp_prj_2019_64/yolo_max_pool_fp_prj_2019_64.srcs/sources_1/bd/design_1/ipshared/ace7/hdl/axi_crossbar_v2_1_vl_rfs.v:1240]
INFO: [Synth 8-6155] done synthesizing module 'axi_crossbar_v2_1_20_axi_crossbar' (10#1) [/home/xavier/MSc_Project/hls/yolo_conv_hls_2019/yolo_max_pool_fp_prj_2019_64/yolo_max_pool_fp_prj_2019_64.srcs/sources_1/bd/design_1/ipshared/ace7/hdl/axi_crossbar_v2_1_vl_rfs.v:4884]
INFO: [Synth 8-6155] done synthesizing module 'design_1_xbar_0' (11#1) [/home/xavier/MSc_Project/hls/yolo_conv_hls_2019/yolo_max_pool_fp_prj_2019_64/yolo_max_pool_fp_prj_2019_64.srcs/sources_1/bd/design_1/ip/design_1_xbar_0/synth/design_1_xbar_0.v:59]
WARNING: [Synth 8-3331] design generic_baseblocks_v2_1_0_mux_enc__parameterized0 has unconnected port S[0]
WARNING: [Synth 8-3331] design axi_crossbar_v2_1_20_decerr_slave has unconnected port S_AXI_AWID[0]
WARNING: [Synth 8-3331] design axi_crossbar_v2_1_20_decerr_slave has unconnected port S_AXI_WLAST
WARNING: [Synth 8-3331] design axi_crossbar_v2_1_20_decerr_slave has unconnected port S_AXI_ARID[0]
WARNING: [Synth 8-3331] design axi_crossbar_v2_1_20_decerr_slave has unconnected port S_AXI_ARLEN[7]
WARNING: [Synth 8-3331] design axi_crossbar_v2_1_20_decerr_slave has unconnected port S_AXI_ARLEN[6]
WARNING: [Synth 8-3331] design axi_crossbar_v2_1_20_decerr_slave has unconnected port S_AXI_ARLEN[5]
WARNING: [Synth 8-3331] design axi_crossbar_v2_1_20_decerr_slave has unconnected port S_AXI_ARLEN[4]
WARNING: [Synth 8-3331] design axi_crossbar_v2_1_20_decerr_slave has unconnected port S_AXI_ARLEN[3]
WARNING: [Synth 8-3331] design axi_crossbar_v2_1_20_decerr_slave has unconnected port S_AXI_ARLEN[2]
WARNING: [Synth 8-3331] design axi_crossbar_v2_1_20_decerr_slave has unconnected port S_AXI_ARLEN[1]
WARNING: [Synth 8-3331] design axi_crossbar_v2_1_20_decerr_slave has unconnected port S_AXI_ARLEN[0]
WARNING: [Synth 8-3331] design axi_crossbar_v2_1_20_addr_decoder has unconnected port ADDR[1]
WARNING: [Synth 8-3331] design axi_crossbar_v2_1_20_addr_decoder has unconnected port ADDR[0]
WARNING: [Synth 8-3331] design axi_crossbar_v2_1_20_crossbar_sasd has unconnected port S_AXI_AWID[0]
WARNING: [Synth 8-3331] design axi_crossbar_v2_1_20_crossbar_sasd has unconnected port S_AXI_ARID[0]
WARNING: [Synth 8-3331] design axi_crossbar_v2_1_20_crossbar_sasd has unconnected port M_AXI_BID[1]
WARNING: [Synth 8-3331] design axi_crossbar_v2_1_20_crossbar_sasd has unconnected port M_AXI_BID[0]
WARNING: [Synth 8-3331] design axi_crossbar_v2_1_20_crossbar_sasd has unconnected port M_AXI_RID[1]
WARNING: [Synth 8-3331] design axi_crossbar_v2_1_20_crossbar_sasd has unconnected port M_AXI_RID[0]
WARNING: [Synth 8-3331] design axi_crossbar_v2_1_20_axi_crossbar has unconnected port s_axi_awid[0]
WARNING: [Synth 8-3331] design axi_crossbar_v2_1_20_axi_crossbar has unconnected port s_axi_awlen[7]
WARNING: [Synth 8-3331] design axi_crossbar_v2_1_20_axi_crossbar has unconnected port s_axi_awlen[6]
WARNING: [Synth 8-3331] design axi_crossbar_v2_1_20_axi_crossbar has unconnected port s_axi_awlen[5]
WARNING: [Synth 8-3331] design axi_crossbar_v2_1_20_axi_crossbar has unconnected port s_axi_awlen[4]
WARNING: [Synth 8-3331] design axi_crossbar_v2_1_20_axi_crossbar has unconnected port s_axi_awlen[3]
WARNING: [Synth 8-3331] design axi_crossbar_v2_1_20_axi_crossbar has unconnected port s_axi_awlen[2]
WARNING: [Synth 8-3331] design axi_crossbar_v2_1_20_axi_crossbar has unconnected port s_axi_awlen[1]
WARNING: [Synth 8-3331] design axi_crossbar_v2_1_20_axi_crossbar has unconnected port s_axi_awlen[0]
WARNING: [Synth 8-3331] design axi_crossbar_v2_1_20_axi_crossbar has unconnected port s_axi_awsize[2]
WARNING: [Synth 8-3331] design axi_crossbar_v2_1_20_axi_crossbar has unconnected port s_axi_awsize[1]
WARNING: [Synth 8-3331] design axi_crossbar_v2_1_20_axi_crossbar has unconnected port s_axi_awsize[0]
WARNING: [Synth 8-3331] design axi_crossbar_v2_1_20_axi_crossbar has unconnected port s_axi_awburst[1]
WARNING: [Synth 8-3331] design axi_crossbar_v2_1_20_axi_crossbar has unconnected port s_axi_awburst[0]
WARNING: [Synth 8-3331] design axi_crossbar_v2_1_20_axi_crossbar has unconnected port s_axi_awlock[0]
WARNING: [Synth 8-3331] design axi_crossbar_v2_1_20_axi_crossbar has unconnected port s_axi_awcache[3]
WARNING: [Synth 8-3331] design axi_crossbar_v2_1_20_axi_crossbar has unconnected port s_axi_awcache[2]
WARNING: [Synth 8-3331] design axi_crossbar_v2_1_20_axi_crossbar has unconnected port s_axi_awcache[1]
WARNING: [Synth 8-3331] design axi_crossbar_v2_1_20_axi_crossbar has unconnected port s_axi_awcache[0]
WARNING: [Synth 8-3331] design axi_crossbar_v2_1_20_axi_crossbar has unconnected port s_axi_awqos[3]
WARNING: [Synth 8-3331] design axi_crossbar_v2_1_20_axi_crossbar has unconnected port s_axi_awqos[2]
WARNING: [Synth 8-3331] design axi_crossbar_v2_1_20_axi_crossbar has unconnected port s_axi_awqos[1]
WARNING: [Synth 8-3331] design axi_crossbar_v2_1_20_axi_crossbar has unconnected port s_axi_awqos[0]
WARNING: [Synth 8-3331] design axi_crossbar_v2_1_20_axi_crossbar has unconnected port s_axi_awuser[0]
WARNING: [Synth 8-3331] design axi_crossbar_v2_1_20_axi_crossbar has unconnected port s_axi_wid[0]
WARNING: [Synth 8-3331] design axi_crossbar_v2_1_20_axi_crossbar has unconnected port s_axi_wlast[0]
WARNING: [Synth 8-3331] design axi_crossbar_v2_1_20_axi_crossbar has unconnected port s_axi_wuser[0]
WARNING: [Synth 8-3331] design axi_crossbar_v2_1_20_axi_crossbar has unconnected port s_axi_arid[0]
WARNING: [Synth 8-3331] design axi_crossbar_v2_1_20_axi_crossbar has unconnected port s_axi_arlen[7]
WARNING: [Synth 8-3331] design axi_crossbar_v2_1_20_axi_crossbar has unconnected port s_axi_arlen[6]
WARNING: [Synth 8-3331] design axi_crossbar_v2_1_20_axi_crossbar has unconnected port s_axi_arlen[5]
WARNING: [Synth 8-3331] design axi_crossbar_v2_1_20_axi_crossbar has unconnected port s_axi_arlen[4]
WARNING: [Synth 8-3331] design axi_crossbar_v2_1_20_axi_crossbar has unconnected port s_axi_arlen[3]
WARNING: [Synth 8-3331] design axi_crossbar_v2_1_20_axi_crossbar has unconnected port s_axi_arlen[2]
WARNING: [Synth 8-3331] design axi_crossbar_v2_1_20_axi_crossbar has unconnected port s_axi_arlen[1]
WARNING: [Synth 8-3331] design axi_crossbar_v2_1_20_axi_crossbar has unconnected port s_axi_arlen[0]
WARNING: [Synth 8-3331] design axi_crossbar_v2_1_20_axi_crossbar has unconnected port s_axi_arsize[2]
WARNING: [Synth 8-3331] design axi_crossbar_v2_1_20_axi_crossbar has unconnected port s_axi_arsize[1]
WARNING: [Synth 8-3331] design axi_crossbar_v2_1_20_axi_crossbar has unconnected port s_axi_arsize[0]
WARNING: [Synth 8-3331] design axi_crossbar_v2_1_20_axi_crossbar has unconnected port s_axi_arburst[1]
WARNING: [Synth 8-3331] design axi_crossbar_v2_1_20_axi_crossbar has unconnected port s_axi_arburst[0]
WARNING: [Synth 8-3331] design axi_crossbar_v2_1_20_axi_crossbar has unconnected port s_axi_arlock[0]
WARNING: [Synth 8-3331] design axi_crossbar_v2_1_20_axi_crossbar has unconnected port s_axi_arcache[3]
WARNING: [Synth 8-3331] design axi_crossbar_v2_1_20_axi_crossbar has unconnected port s_axi_arcache[2]
WARNING: [Synth 8-3331] design axi_crossbar_v2_1_20_axi_crossbar has unconnected port s_axi_arcache[1]
WARNING: [Synth 8-3331] design axi_crossbar_v2_1_20_axi_crossbar has unconnected port s_axi_arcache[0]
WARNING: [Synth 8-3331] design axi_crossbar_v2_1_20_axi_crossbar has unconnected port s_axi_arqos[3]
WARNING: [Synth 8-3331] design axi_crossbar_v2_1_20_axi_crossbar has unconnected port s_axi_arqos[2]
WARNING: [Synth 8-3331] design axi_crossbar_v2_1_20_axi_crossbar has unconnected port s_axi_arqos[1]
WARNING: [Synth 8-3331] design axi_crossbar_v2_1_20_axi_crossbar has unconnected port s_axi_arqos[0]
WARNING: [Synth 8-3331] design axi_crossbar_v2_1_20_axi_crossbar has unconnected port s_axi_aruser[0]
WARNING: [Synth 8-3331] design axi_crossbar_v2_1_20_axi_crossbar has unconnected port m_axi_bid[1]
WARNING: [Synth 8-3331] design axi_crossbar_v2_1_20_axi_crossbar has unconnected port m_axi_bid[0]
WARNING: [Synth 8-3331] design axi_crossbar_v2_1_20_axi_crossbar has unconnected port m_axi_buser[1]
WARNING: [Synth 8-3331] design axi_crossbar_v2_1_20_axi_crossbar has unconnected port m_axi_buser[0]
WARNING: [Synth 8-3331] design axi_crossbar_v2_1_20_axi_crossbar has unconnected port m_axi_rid[1]
WARNING: [Synth 8-3331] design axi_crossbar_v2_1_20_axi_crossbar has unconnected port m_axi_rid[0]
WARNING: [Synth 8-3331] design axi_crossbar_v2_1_20_axi_crossbar has unconnected port m_axi_rlast[1]
WARNING: [Synth 8-3331] design axi_crossbar_v2_1_20_axi_crossbar has unconnected port m_axi_rlast[0]
WARNING: [Synth 8-3331] design axi_crossbar_v2_1_20_axi_crossbar has unconnected port m_axi_ruser[1]
WARNING: [Synth 8-3331] design axi_crossbar_v2_1_20_axi_crossbar has unconnected port m_axi_ruser[0]
---------------------------------------------------------------------------------
Finished RTL Elaboration : Time (s): cpu = 00:00:16 ; elapsed = 00:00:36 . Memory (MB): peak = 1854.793 ; gain = 301.371 ; free physical = 1216 ; free virtual = 12204
---------------------------------------------------------------------------------

Report Check Netlist: 
+------+------------------+-------+---------+-------+------------------+
|      |Item              |Errors |Warnings |Status |Description       |
+------+------------------+-------+---------+-------+------------------+
|1     |multi_driven_nets |      0|        0|Passed |Multi driven nets |
+------+------------------+-------+---------+-------+------------------+
---------------------------------------------------------------------------------
Start Handling Custom Attributes
---------------------------------------------------------------------------------
---------------------------------------------------------------------------------
Finished Handling Custom Attributes : Time (s): cpu = 00:00:17 ; elapsed = 00:00:36 . Memory (MB): peak = 1857.762 ; gain = 304.340 ; free physical = 1215 ; free virtual = 12202
---------------------------------------------------------------------------------
---------------------------------------------------------------------------------
Finished RTL Optimization Phase 1 : Time (s): cpu = 00:00:17 ; elapsed = 00:00:36 . Memory (MB): peak = 1857.762 ; gain = 304.340 ; free physical = 1215 ; free virtual = 12202
---------------------------------------------------------------------------------
INFO: [Project 1-570] Preparing netlist for logic optimization

Processing XDC Constraints
Initializing timing engine
Parsing XDC File [/home/xavier/MSc_Project/hls/yolo_conv_hls_2019/yolo_max_pool_fp_prj_2019_64/yolo_max_pool_fp_prj_2019_64.srcs/sources_1/bd/design_1/ip/design_1_xbar_0/design_1_xbar_0_ooc.xdc] for cell 'inst'
Finished Parsing XDC File [/home/xavier/MSc_Project/hls/yolo_conv_hls_2019/yolo_max_pool_fp_prj_2019_64/yolo_max_pool_fp_prj_2019_64.srcs/sources_1/bd/design_1/ip/design_1_xbar_0/design_1_xbar_0_ooc.xdc] for cell 'inst'
Parsing XDC File [/home/xavier/MSc_Project/hls/yolo_conv_hls_2019/yolo_max_pool_fp_prj_2019_64/yolo_max_pool_fp_prj_2019_64.runs/design_1_xbar_0_synth_1/dont_touch.xdc]
Finished Parsing XDC File [/home/xavier/MSc_Project/hls/yolo_conv_hls_2019/yolo_max_pool_fp_prj_2019_64/yolo_max_pool_fp_prj_2019_64.runs/design_1_xbar_0_synth_1/dont_touch.xdc]
Completed Processing XDC Constraints

Netlist sorting complete. Time (s): cpu = 00:00:00 ; elapsed = 00:00:00 . Memory (MB): peak = 1969.527 ; gain = 0.000 ; free physical = 1120 ; free virtual = 12107
INFO: [Project 1-111] Unisim Transformation Summary:
No Unisim elements were transformed.

Constraint Validation Runtime : Time (s): cpu = 00:00:00.04 ; elapsed = 00:00:00.04 . Memory (MB): peak = 1969.527 ; gain = 0.000 ; free physical = 1119 ; free virtual = 12107
---------------------------------------------------------------------------------
Finished Constraint Validation : Time (s): cpu = 00:00:22 ; elapsed = 00:00:43 . Memory (MB): peak = 1969.527 ; gain = 416.105 ; free physical = 1195 ; free virtual = 12182
---------------------------------------------------------------------------------
---------------------------------------------------------------------------------
Start Loading Part and Timing Information
---------------------------------------------------------------------------------
Loading part: xc7z020clg484-1
---------------------------------------------------------------------------------
Finished Loading Part and Timing Information : Time (s): cpu = 00:00:22 ; elapsed = 00:00:43 . Memory (MB): peak = 1969.527 ; gain = 416.105 ; free physical = 1195 ; free virtual = 12182
---------------------------------------------------------------------------------
---------------------------------------------------------------------------------
Start Applying 'set_property' XDC Constraints
---------------------------------------------------------------------------------
Applied set_property DONT_TOUCH = true for inst. (constraint file  /home/xavier/MSc_Project/hls/yolo_conv_hls_2019/yolo_max_pool_fp_prj_2019_64/yolo_max_pool_fp_prj_2019_64.runs/design_1_xbar_0_synth_1/dont_touch.xdc, line 9).
---------------------------------------------------------------------------------
Finished applying 'set_property' XDC Constraints : Time (s): cpu = 00:00:22 ; elapsed = 00:00:43 . Memory (MB): peak = 1969.527 ; gain = 416.105 ; free physical = 1195 ; free virtual = 12182
---------------------------------------------------------------------------------
INFO: [Synth 8-4471] merging register 'gen_axilite.s_axi_wready_i_reg' into 'gen_axilite.s_axi_awready_i_reg' [/home/xavier/MSc_Project/hls/yolo_conv_hls_2019/yolo_max_pool_fp_prj_2019_64/yolo_max_pool_fp_prj_2019_64.srcs/sources_1/bd/design_1/ipshared/ace7/hdl/axi_crossbar_v2_1_vl_rfs.v:3574]
---------------------------------------------------------------------------------
Finished RTL Optimization Phase 2 : Time (s): cpu = 00:00:22 ; elapsed = 00:00:43 . Memory (MB): peak = 1969.527 ; gain = 416.105 ; free physical = 1186 ; free virtual = 12174
---------------------------------------------------------------------------------

Report RTL Partitions: 
+-+--------------+------------+----------+
| |RTL Partition |Replication |Instances |
+-+--------------+------------+----------+
+-+--------------+------------+----------+
---------------------------------------------------------------------------------
Start RTL Component Statistics 
---------------------------------------------------------------------------------
Detailed RTL Component Info : 
+---Registers : 
	               64 Bit    Registers := 1     
	               36 Bit    Registers := 2     
	                3 Bit    Registers := 2     
	                2 Bit    Registers := 3     
	                1 Bit    Registers := 14    
+---Muxes : 
	   2 Input     64 Bit        Muxes := 1     
	   2 Input     36 Bit        Muxes := 2     
	   2 Input      3 Bit        Muxes := 1     
	   2 Input      2 Bit        Muxes := 2     
	   2 Input      1 Bit        Muxes := 30    
---------------------------------------------------------------------------------
Finished RTL Component Statistics 
---------------------------------------------------------------------------------
---------------------------------------------------------------------------------
Start RTL Hierarchical Component Statistics 
---------------------------------------------------------------------------------
Hierarchical RTL Component report 
Module axi_crossbar_v2_1_20_addr_decoder 
Detailed RTL Component Info : 
+---Muxes : 
	   2 Input      2 Bit        Muxes := 1     
Module axi_crossbar_v2_1_20_decerr_slave 
Detailed RTL Component Info : 
+---Registers : 
	                1 Bit    Registers := 4     
+---Muxes : 
	   2 Input      1 Bit        Muxes := 3     
Module axi_crossbar_v2_1_20_addr_arbiter_sasd 
Detailed RTL Component Info : 
+---Registers : 
	               64 Bit    Registers := 1     
	                1 Bit    Registers := 7     
+---Muxes : 
	   2 Input     64 Bit        Muxes := 1     
	   2 Input      1 Bit        Muxes := 5     
Module axi_crossbar_v2_1_20_splitter 
Detailed RTL Component Info : 
+---Registers : 
	                3 Bit    Registers := 1     
Module axi_crossbar_v2_1_20_splitter__parameterized0 
Detailed RTL Component Info : 
+---Registers : 
	                2 Bit    Registers := 1     
Module generic_baseblocks_v2_1_0_mux_enc 
Detailed RTL Component Info : 
+---Muxes : 
	   2 Input      1 Bit        Muxes := 3     
Module generic_baseblocks_v2_1_0_mux_enc__parameterized1 
Detailed RTL Component Info : 
+---Muxes : 
	   2 Input      1 Bit        Muxes := 3     
Module axi_register_slice_v2_1_19_axic_register_slice 
Detailed RTL Component Info : 
+---Registers : 
	               36 Bit    Registers := 2     
	                2 Bit    Registers := 1     
	                1 Bit    Registers := 2     
+---Muxes : 
	   2 Input     36 Bit        Muxes := 2     
Module generic_baseblocks_v2_1_0_mux_enc__parameterized2 
Detailed RTL Component Info : 
+---Muxes : 
	   2 Input      1 Bit        Muxes := 3     
Module axi_crossbar_v2_1_20_crossbar_sasd 
Detailed RTL Component Info : 
+---Registers : 
	                3 Bit    Registers := 1     
	                2 Bit    Registers := 1     
	                1 Bit    Registers := 1     
+---Muxes : 
	   2 Input      3 Bit        Muxes := 1     
	   2 Input      2 Bit        Muxes := 1     
	   2 Input      1 Bit        Muxes := 1     
---------------------------------------------------------------------------------
Finished RTL Hierarchical Component Statistics
---------------------------------------------------------------------------------
---------------------------------------------------------------------------------
Start Part Resource Summary
---------------------------------------------------------------------------------
Part Resources:
DSPs: 220 (col length:60)
BRAMs: 280 (col length: RAMB18 60 RAMB36 30)
---------------------------------------------------------------------------------
Finished Part Resource Summary
---------------------------------------------------------------------------------
---------------------------------------------------------------------------------
Start Cross Boundary and Area Optimization
---------------------------------------------------------------------------------
Warning: Parallel synthesis criteria is not met 
INFO: [Synth 8-3936] Found unconnected internal register 'gen_sasd.crossbar_sasd_0/reg_slice_r/m_payload_i_reg' and it is trimmed from '36' to '35' bits. [/home/xavier/MSc_Project/hls/yolo_conv_hls_2019/yolo_max_pool_fp_prj_2019_64/yolo_max_pool_fp_prj_2019_64.srcs/sources_1/bd/design_1/ipshared/4d88/hdl/axi_register_slice_v2_1_vl_rfs.v:721]
WARNING: [Synth 8-3331] design axi_crossbar_v2_1_20_axi_crossbar has unconnected port s_axi_awid[0]
WARNING: [Synth 8-3331] design axi_crossbar_v2_1_20_axi_crossbar has unconnected port s_axi_awlen[7]
WARNING: [Synth 8-3331] design axi_crossbar_v2_1_20_axi_crossbar has unconnected port s_axi_awlen[6]
WARNING: [Synth 8-3331] design axi_crossbar_v2_1_20_axi_crossbar has unconnected port s_axi_awlen[5]
WARNING: [Synth 8-3331] design axi_crossbar_v2_1_20_axi_crossbar has unconnected port s_axi_awlen[4]
WARNING: [Synth 8-3331] design axi_crossbar_v2_1_20_axi_crossbar has unconnected port s_axi_awlen[3]
WARNING: [Synth 8-3331] design axi_crossbar_v2_1_20_axi_crossbar has unconnected port s_axi_awlen[2]
WARNING: [Synth 8-3331] design axi_crossbar_v2_1_20_axi_crossbar has unconnected port s_axi_awlen[1]
WARNING: [Synth 8-3331] design axi_crossbar_v2_1_20_axi_crossbar has unconnected port s_axi_awlen[0]
WARNING: [Synth 8-3331] design axi_crossbar_v2_1_20_axi_crossbar has unconnected port s_axi_awsize[2]
WARNING: [Synth 8-3331] design axi_crossbar_v2_1_20_axi_crossbar has unconnected port s_axi_awsize[1]
WARNING: [Synth 8-3331] design axi_crossbar_v2_1_20_axi_crossbar has unconnected port s_axi_awsize[0]
WARNING: [Synth 8-3331] design axi_crossbar_v2_1_20_axi_crossbar has unconnected port s_axi_awburst[1]
WARNING: [Synth 8-3331] design axi_crossbar_v2_1_20_axi_crossbar has unconnected port s_axi_awburst[0]
WARNING: [Synth 8-3331] design axi_crossbar_v2_1_20_axi_crossbar has unconnected port s_axi_awlock[0]
WARNING: [Synth 8-3331] design axi_crossbar_v2_1_20_axi_crossbar has unconnected port s_axi_awcache[3]
WARNING: [Synth 8-3331] design axi_crossbar_v2_1_20_axi_crossbar has unconnected port s_axi_awcache[2]
WARNING: [Synth 8-3331] design axi_crossbar_v2_1_20_axi_crossbar has unconnected port s_axi_awcache[1]
WARNING: [Synth 8-3331] design axi_crossbar_v2_1_20_axi_crossbar has unconnected port s_axi_awcache[0]
INFO: [Common 17-14] Message 'Synth 8-3331' appears 100 times and further instances of the messages will be disabled. Use the Tcl command set_msg_config to change the current settings.
---------------------------------------------------------------------------------
Finished Cross Boundary and Area Optimization : Time (s): cpu = 00:00:23 ; elapsed = 00:00:44 . Memory (MB): peak = 1969.527 ; gain = 416.105 ; free physical = 1173 ; free virtual = 12164
---------------------------------------------------------------------------------

Report RTL Partitions: 
+-+--------------+------------+----------+
| |RTL Partition |Replication |Instances |
+-+--------------+------------+----------+
+-+--------------+------------+----------+
---------------------------------------------------------------------------------
Start Applying XDC Timing Constraints
---------------------------------------------------------------------------------
---------------------------------------------------------------------------------
Finished Applying XDC Timing Constraints : Time (s): cpu = 00:00:30 ; elapsed = 00:00:51 . Memory (MB): peak = 1969.527 ; gain = 416.105 ; free physical = 1052 ; free virtual = 12042
---------------------------------------------------------------------------------
---------------------------------------------------------------------------------
Start Timing Optimization
---------------------------------------------------------------------------------
---------------------------------------------------------------------------------
Finished Timing Optimization : Time (s): cpu = 00:00:30 ; elapsed = 00:00:51 . Memory (MB): peak = 1969.527 ; gain = 416.105 ; free physical = 1046 ; free virtual = 12037
---------------------------------------------------------------------------------

Report RTL Partitions: 
+-+--------------+------------+----------+
| |RTL Partition |Replication |Instances |
+-+--------------+------------+----------+
+-+--------------+------------+----------+
---------------------------------------------------------------------------------
Start Technology Mapping
---------------------------------------------------------------------------------
---------------------------------------------------------------------------------
Finished Technology Mapping : Time (s): cpu = 00:00:30 ; elapsed = 00:00:51 . Memory (MB): peak = 1969.527 ; gain = 416.105 ; free physical = 1046 ; free virtual = 12037
---------------------------------------------------------------------------------

Report RTL Partitions: 
+-+--------------+------------+----------+
| |RTL Partition |Replication |Instances |
+-+--------------+------------+----------+
+-+--------------+------------+----------+
---------------------------------------------------------------------------------
Start IO Insertion
---------------------------------------------------------------------------------
---------------------------------------------------------------------------------
Start Flattening Before IO Insertion
---------------------------------------------------------------------------------
---------------------------------------------------------------------------------
Finished Flattening Before IO Insertion
---------------------------------------------------------------------------------
---------------------------------------------------------------------------------
Start Final Netlist Cleanup
---------------------------------------------------------------------------------
---------------------------------------------------------------------------------
Finished Final Netlist Cleanup
---------------------------------------------------------------------------------
---------------------------------------------------------------------------------
Finished IO Insertion : Time (s): cpu = 00:00:31 ; elapsed = 00:00:52 . Memory (MB): peak = 1969.527 ; gain = 416.105 ; free physical = 1046 ; free virtual = 12036
---------------------------------------------------------------------------------

Report Check Netlist: 
+------+------------------+-------+---------+-------+------------------+
|      |Item              |Errors |Warnings |Status |Description       |
+------+------------------+-------+---------+-------+------------------+
|1     |multi_driven_nets |      0|        0|Passed |Multi driven nets |
+------+------------------+-------+---------+-------+------------------+
---------------------------------------------------------------------------------
Start Renaming Generated Instances
---------------------------------------------------------------------------------
---------------------------------------------------------------------------------
Finished Renaming Generated Instances : Time (s): cpu = 00:00:31 ; elapsed = 00:00:52 . Memory (MB): peak = 1969.527 ; gain = 416.105 ; free physical = 1046 ; free virtual = 12036
---------------------------------------------------------------------------------

Report RTL Partitions: 
+-+--------------+------------+----------+
| |RTL Partition |Replication |Instances |
+-+--------------+------------+----------+
+-+--------------+------------+----------+
---------------------------------------------------------------------------------
Start Rebuilding User Hierarchy
---------------------------------------------------------------------------------
---------------------------------------------------------------------------------
Finished Rebuilding User Hierarchy : Time (s): cpu = 00:00:31 ; elapsed = 00:00:53 . Memory (MB): peak = 1969.527 ; gain = 416.105 ; free physical = 1046 ; free virtual = 12036
---------------------------------------------------------------------------------
---------------------------------------------------------------------------------
Start Renaming Generated Ports
---------------------------------------------------------------------------------
---------------------------------------------------------------------------------
Finished Renaming Generated Ports : Time (s): cpu = 00:00:31 ; elapsed = 00:00:53 . Memory (MB): peak = 1969.527 ; gain = 416.105 ; free physical = 1046 ; free virtual = 12036
---------------------------------------------------------------------------------
---------------------------------------------------------------------------------
Start Handling Custom Attributes
---------------------------------------------------------------------------------
---------------------------------------------------------------------------------
Finished Handling Custom Attributes : Time (s): cpu = 00:00:31 ; elapsed = 00:00:53 . Memory (MB): peak = 1969.527 ; gain = 416.105 ; free physical = 1046 ; free virtual = 12036
---------------------------------------------------------------------------------
---------------------------------------------------------------------------------
Start Renaming Generated Nets
---------------------------------------------------------------------------------
---------------------------------------------------------------------------------
Finished Renaming Generated Nets : Time (s): cpu = 00:00:31 ; elapsed = 00:00:53 . Memory (MB): peak = 1969.527 ; gain = 416.105 ; free physical = 1046 ; free virtual = 12036
---------------------------------------------------------------------------------
---------------------------------------------------------------------------------
Start Writing Synthesis Report
---------------------------------------------------------------------------------

Report BlackBoxes: 
+-+--------------+----------+
| |BlackBox name |Instances |
+-+--------------+----------+
+-+--------------+----------+

Report Cell Usage: 
+------+-----+------+
|      |Cell |Count |
+------+-----+------+
|1     |LUT1 |     2|
|2     |LUT2 |    12|
|3     |LUT3 |     3|
|4     |LUT4 |    46|
|5     |LUT5 |    16|
|6     |LUT6 |    58|
|7     |FDRE |   130|
+------+-----+------+

Report Instance Areas: 
+------+-------------------------------------+-----------------------------------------------+------+
|      |Instance                             |Module                                         |Cells |
+------+-------------------------------------+-----------------------------------------------+------+
|1     |top                                  |                                               |   267|
|2     |  inst                               |axi_crossbar_v2_1_20_axi_crossbar              |   267|
|3     |    \gen_sasd.crossbar_sasd_0        |axi_crossbar_v2_1_20_crossbar_sasd             |   267|
|4     |      addr_arbiter_inst              |axi_crossbar_v2_1_20_addr_arbiter_sasd         |   124|
|5     |      \gen_decerr.decerr_slave_inst  |axi_crossbar_v2_1_20_decerr_slave              |    11|
|6     |      reg_slice_r                    |axi_register_slice_v2_1_19_axic_register_slice |   112|
|7     |      splitter_ar                    |axi_crossbar_v2_1_20_splitter__parameterized0  |     2|
|8     |      splitter_aw                    |axi_crossbar_v2_1_20_splitter                  |    10|
+------+-------------------------------------+-----------------------------------------------+------+
---------------------------------------------------------------------------------
Finished Writing Synthesis Report : Time (s): cpu = 00:00:31 ; elapsed = 00:00:53 . Memory (MB): peak = 1969.527 ; gain = 416.105 ; free physical = 1046 ; free virtual = 12036
---------------------------------------------------------------------------------
Synthesis finished with 0 errors, 0 critical warnings and 61 warnings.
Synthesis Optimization Runtime : Time (s): cpu = 00:00:29 ; elapsed = 00:00:50 . Memory (MB): peak = 1969.527 ; gain = 304.340 ; free physical = 1099 ; free virtual = 12090
Synthesis Optimization Complete : Time (s): cpu = 00:00:32 ; elapsed = 00:00:53 . Memory (MB): peak = 1969.535 ; gain = 416.105 ; free physical = 1099 ; free virtual = 12090
INFO: [Project 1-571] Translating synthesized netlist
INFO: [Project 1-570] Preparing netlist for logic optimization
INFO: [Opt 31-138] Pushed 0 inverter(s) to 0 load pin(s).
Netlist sorting complete. Time (s): cpu = 00:00:00 ; elapsed = 00:00:00 . Memory (MB): peak = 1969.535 ; gain = 0.000 ; free physical = 1046 ; free virtual = 12037
INFO: [Project 1-111] Unisim Transformation Summary:
No Unisim elements were transformed.

INFO: [Common 17-83] Releasing license: Synthesis
47 Infos, 104 Warnings, 0 Critical Warnings and 0 Errors encountered.
synth_design completed successfully
synth_design: Time (s): cpu = 00:00:38 ; elapsed = 00:00:59 . Memory (MB): peak = 1969.535 ; gain = 581.562 ; free physical = 1143 ; free virtual = 12134
Netlist sorting complete. Time (s): cpu = 00:00:00 ; elapsed = 00:00:00 . Memory (MB): peak = 1969.535 ; gain = 0.000 ; free physical = 1143 ; free virtual = 12134
WARNING: [Constraints 18-5210] No constraints selected for write.
Resolution: This message can indicate that there are no constraints for the design, or it can indicate that the used_in flags are set such that the constraints are ignored. This later case is used when running synth_design to not write synthesis constraints to the resulting checkpoint. Instead, project constraints are read when the synthesized design is opened.
INFO: [Common 17-1381] The checkpoint '/home/xavier/MSc_Project/hls/yolo_conv_hls_2019/yolo_max_pool_fp_prj_2019_64/yolo_max_pool_fp_prj_2019_64.runs/design_1_xbar_0_synth_1/design_1_xbar_0.dcp' has been generated.
WARNING: [Common 17-576] 'use_project_ipc' is deprecated. This option is deprecated and no longer used.
INFO: [Coretcl 2-1648] Added synthesis output to IP cache for IP design_1_xbar_0, cache-ID = 6429a62b604e4e8e
INFO: [Coretcl 2-1174] Renamed 7 cell refs.
Netlist sorting complete. Time (s): cpu = 00:00:00 ; elapsed = 00:00:00 . Memory (MB): peak = 1993.539 ; gain = 0.000 ; free physical = 1143 ; free virtual = 12135
WARNING: [Constraints 18-5210] No constraints selected for write.
Resolution: This message can indicate that there are no constraints for the design, or it can indicate that the used_in flags are set such that the constraints are ignored. This later case is used when running synth_design to not write synthesis constraints to the resulting checkpoint. Instead, project constraints are read when the synthesized design is opened.
INFO: [Common 17-1381] The checkpoint '/home/xavier/MSc_Project/hls/yolo_conv_hls_2019/yolo_max_pool_fp_prj_2019_64/yolo_max_pool_fp_prj_2019_64.runs/design_1_xbar_0_synth_1/design_1_xbar_0.dcp' has been generated.
INFO: [runtcl-4] Executing : report_utilization -file design_1_xbar_0_utilization_synth.rpt -pb design_1_xbar_0_utilization_synth.pb
INFO: [Common 17-206] Exiting Vivado at Sun Jun 30 21:14:23 2019...
