#-----------------------------------------------------------
# Vivado v2019.1 (64-bit)
# SW Build 2552052 on Fri May 24 14:47:09 MDT 2019
# IP Build 2548770 on Fri May 24 18:01:18 MDT 2019
# Start of session at: Mon Aug 19 13:29:27 2019
# Process ID: 3288
# Current directory: /home/xavier/MSc_Project/git_v/Tiny_YOLO_v3_ZYNQ/sw/Tiny_Yolo_v3
# Command line: vivado Tiny_Yolo_v3.xpr
# Log file: /home/xavier/MSc_Project/git_v/Tiny_YOLO_v3_ZYNQ/sw/Tiny_Yolo_v3/vivado.log
# Journal file: /home/xavier/MSc_Project/git_v/Tiny_YOLO_v3_ZYNQ/sw/Tiny_Yolo_v3/vivado.jou
#-----------------------------------------------------------
start_gui
open_project Tiny_Yolo_v3.xpr
Scanning sources...
Finished scanning sources
INFO: [IP_Flow 19-234] Refreshing IP repositories
INFO: [IP_Flow 19-1704] No user IP repositories specified
INFO: [IP_Flow 19-2313] Loaded Vivado IP repository '/opt/Xilinx_2019_1/Vivado/2019.1/data/ip'.
open_project: Time (s): cpu = 00:00:17 ; elapsed = 00:00:15 . Memory (MB): peak = 6436.227 ; gain = 107.965 ; free physical = 4615 ; free virtual = 14487
update_compile_order -fileset sources_1
launch_sdk -workspace /home/xavier/MSc_Project/git_v/Tiny_YOLO_v3_ZYNQ/sw/Tiny_Yolo_v3/Tiny_Yolo_v3.sdk -hwspec /home/xavier/MSc_Project/git_v/Tiny_YOLO_v3_ZYNQ/sw/Tiny_Yolo_v3/Tiny_Yolo_v3.sdk/yolo_sys_wrapper.hdf
INFO: [Vivado 12-393] Launching SDK...
INFO: [Vivado 12-417] Running xsdk -workspace /home/xavier/MSc_Project/git_v/Tiny_YOLO_v3_ZYNQ/sw/Tiny_Yolo_v3/Tiny_Yolo_v3.sdk -hwspec /home/xavier/MSc_Project/git_v/Tiny_YOLO_v3_ZYNQ/sw/Tiny_Yolo_v3/Tiny_Yolo_v3.sdk/yolo_sys_wrapper.hdf
INFO: [Vivado 12-3157] SDK launch initiated. Please check console for any further messages.
exit
INFO: [Common 17-206] Exiting Vivado at Mon Aug 19 13:38:23 2019...
