#-----------------------------------------------------------
# Vivado v2019.1 (64-bit)
# SW Build 2552052 on Fri May 24 14:47:09 MDT 2019
# IP Build 2548770 on Fri May 24 18:01:18 MDT 2019
# Start of session at: Sat Jun 22 15:54:41 2019
# Process ID: 10259
# Current directory: /home/xavier/MSc_Project/hls/yolo_conv_hls_2019/yolo_max_pool_2019/solution1/.autopilot/db/ip_tmp
# Command line: vivado  -notrace -mode batch -source run_vivado_gen_ip.tcl
# Log file: /home/xavier/MSc_Project/hls/yolo_conv_hls_2019/yolo_max_pool_2019/solution1/.autopilot/db/ip_tmp/vivado.log
# Journal file: /home/xavier/MSc_Project/hls/yolo_conv_hls_2019/yolo_max_pool_2019/solution1/.autopilot/db/ip_tmp/vivado.jou
#-----------------------------------------------------------
source run_vivado_gen_ip.tcl -notrace
INFO: [IP_Flow 19-234] Refreshing IP repositories
INFO: [IP_Flow 19-1704] No user IP repositories specified
INFO: [IP_Flow 19-2313] Loaded Vivado IP repository '/opt/Xilinx_2019_1/Vivado/2019.1/data/ip'.
WARNING: [IP_Flow 19-4832] The IP name 'yolo_max_pool_top_ap_fcmp_0_no_dsp_32' you have specified is long. The Windows operating system has path length limitations. It is recommended you use shorter names to reduce the likelihood of issues.
create_ip: Time (s): cpu = 00:00:03 ; elapsed = 00:00:05 . Memory (MB): peak = 1423.434 ; gain = 42.137 ; free physical = 891 ; free virtual = 12413
INFO: [IP_Flow 19-1686] Generating 'Synthesis' target for IP 'yolo_max_pool_top_ap_fcmp_0_no_dsp_32'...
INFO: [IP_Flow 19-1686] Generating 'Simulation' target for IP 'yolo_max_pool_top_ap_fcmp_0_no_dsp_32'...
INFO: [Common 17-206] Exiting Vivado at Sat Jun 22 15:55:10 2019...
