10:01:36 INFO  : Registering command handlers for SDK TCF services
10:01:39 INFO  : Launching XSCT server: xsct -n -interactive /home/xavier/MSc_Project/hls/yolo_conv_hls_2019/yolo_max_pool_fp_prj_2019/yolo_max_pool_fp_prj_2019.sdk/temp_xsdb_launch_script.tcl
10:01:44 INFO  : XSCT server has started successfully.
10:01:57 INFO  : Successfully done setting XSCT server connection channel  
10:01:57 INFO  : Successfully done setting SDK workspace  
10:01:57 INFO  : Processing command line option -hwspec /home/xavier/MSc_Project/hls/yolo_conv_hls_2019/yolo_max_pool_fp_prj_2019/yolo_max_pool_fp_prj_2019.sdk/design_1_wrapper.hdf.
10:08:22 INFO  : Connected to target on host '127.0.0.1' and port '3121'.
10:08:24 INFO  : 'targets -set -filter {jtag_cable_name =~ "Digilent Zed 210248586321" && level==0} -index 1' command is executed.
10:08:27 INFO  : FPGA configured successfully with bitstream "/home/xavier/MSc_Project/hls/yolo_conv_hls_2019/yolo_max_pool_fp_prj_2019/yolo_max_pool_fp_prj_2019.sdk/design_1_wrapper_hw_platform_0/design_1_wrapper.bit"
10:08:41 INFO  : 'targets -set -filter {jtag_cable_name =~ "Digilent Zed 210248586321" && level==0} -index 1' command is executed.
10:08:41 INFO  : 'fpga -state' command is executed.
10:08:41 INFO  : Connected to target on host '127.0.0.1' and port '3121'.
10:08:42 INFO  : Jtag cable 'Digilent Zed 210248586321' is selected.
10:08:42 INFO  : 'jtag frequency' command is executed.
10:08:42 INFO  : Sourcing of '/home/xavier/MSc_Project/hls/yolo_conv_hls_2019/yolo_max_pool_fp_prj_2019/yolo_max_pool_fp_prj_2019.sdk/design_1_wrapper_hw_platform_0/ps7_init.tcl' is done.
10:08:42 INFO  : Context for 'APU' is selected.
10:08:42 INFO  : Hardware design information is loaded from '/home/xavier/MSc_Project/hls/yolo_conv_hls_2019/yolo_max_pool_fp_prj_2019/yolo_max_pool_fp_prj_2019.sdk/design_1_wrapper_hw_platform_0/system.hdf'.
10:08:42 INFO  : 'configparams force-mem-access 1' command is executed.
10:08:42 INFO  : Context for 'APU' is selected.
10:08:42 INFO  : 'stop' command is executed.
10:08:42 INFO  : 'ps7_init' command is executed.
10:08:42 INFO  : 'ps7_post_config' command is executed.
10:08:42 INFO  : Context for processor 'ps7_cortexa9_0' is selected.
10:08:42 INFO  : Processor reset is completed for 'ps7_cortexa9_0'.
10:08:42 INFO  : Context for processor 'ps7_cortexa9_0' is selected.
10:08:56 INFO  : The application '/home/xavier/MSc_Project/hls/yolo_conv_hls_2019/yolo_max_pool_fp_prj_2019/yolo_max_pool_fp_prj_2019.sdk/yolo_max_pool_fp_ps/Debug/yolo_max_pool_fp_ps.elf' is downloaded to processor 'ps7_cortexa9_0'.
10:08:56 INFO  : 'configparams force-mem-access 0' command is executed.
10:08:56 INFO  : ----------------XSDB Script----------------
connect -url tcp:127.0.0.1:3121
source /home/xavier/MSc_Project/hls/yolo_conv_hls_2019/yolo_max_pool_fp_prj_2019/yolo_max_pool_fp_prj_2019.sdk/design_1_wrapper_hw_platform_0/ps7_init.tcl
targets -set -nocase -filter {name =~"APU*" && jtag_cable_name =~ "Digilent Zed 210248586321"} -index 0
loadhw -hw /home/xavier/MSc_Project/hls/yolo_conv_hls_2019/yolo_max_pool_fp_prj_2019/yolo_max_pool_fp_prj_2019.sdk/design_1_wrapper_hw_platform_0/system.hdf -mem-ranges [list {0x40000000 0xbfffffff}]
configparams force-mem-access 1
targets -set -nocase -filter {name =~"APU*" && jtag_cable_name =~ "Digilent Zed 210248586321"} -index 0
stop
ps7_init
ps7_post_config
targets -set -nocase -filter {name =~ "ARM*#0" && jtag_cable_name =~ "Digilent Zed 210248586321"} -index 0
rst -processor
targets -set -nocase -filter {name =~ "ARM*#0" && jtag_cable_name =~ "Digilent Zed 210248586321"} -index 0
dow /home/xavier/MSc_Project/hls/yolo_conv_hls_2019/yolo_max_pool_fp_prj_2019/yolo_max_pool_fp_prj_2019.sdk/yolo_max_pool_fp_ps/Debug/yolo_max_pool_fp_ps.elf
configparams force-mem-access 0
----------------End of Script----------------

10:08:56 INFO  : Context for processor 'ps7_cortexa9_0' is selected.
10:08:56 INFO  : 'con' command is executed.
10:08:56 INFO  : ----------------XSDB Script (After Launch)----------------
targets -set -nocase -filter {name =~ "ARM*#0" && jtag_cable_name =~ "Digilent Zed 210248586321"} -index 0
con
----------------End of Script----------------

10:08:56 INFO  : Disconnected from the channel tcfchan#1.
10:09:32 INFO  : 'targets -set -filter {jtag_cable_name =~ "Digilent Zed 210248586321" && level==0} -index 1' command is executed.
10:09:32 INFO  : 'fpga -state' command is executed.
10:09:32 INFO  : Connected to target on host '127.0.0.1' and port '3121'.
10:09:32 INFO  : Jtag cable 'Digilent Zed 210248586321' is selected.
10:09:32 INFO  : 'jtag frequency' command is executed.
10:09:32 INFO  : Sourcing of '/home/xavier/MSc_Project/hls/yolo_conv_hls_2019/yolo_max_pool_fp_prj_2019/yolo_max_pool_fp_prj_2019.sdk/design_1_wrapper_hw_platform_0/ps7_init.tcl' is done.
10:09:32 INFO  : Context for 'APU' is selected.
10:09:32 INFO  : Hardware design information is loaded from '/home/xavier/MSc_Project/hls/yolo_conv_hls_2019/yolo_max_pool_fp_prj_2019/yolo_max_pool_fp_prj_2019.sdk/design_1_wrapper_hw_platform_0/system.hdf'.
10:09:32 INFO  : 'configparams force-mem-access 1' command is executed.
10:09:33 INFO  : Context for 'APU' is selected.
10:09:33 INFO  : 'stop' command is executed.
10:09:33 INFO  : 'ps7_init' command is executed.
10:09:33 INFO  : 'ps7_post_config' command is executed.
10:09:33 INFO  : Context for processor 'ps7_cortexa9_0' is selected.
10:09:33 INFO  : Processor reset is completed for 'ps7_cortexa9_0'.
10:09:33 INFO  : Context for processor 'ps7_cortexa9_0' is selected.
10:09:47 INFO  : The application '/home/xavier/MSc_Project/hls/yolo_conv_hls_2019/yolo_max_pool_fp_prj_2019/yolo_max_pool_fp_prj_2019.sdk/yolo_max_pool_fp_ps/Debug/yolo_max_pool_fp_ps.elf' is downloaded to processor 'ps7_cortexa9_0'.
10:09:47 INFO  : 'configparams force-mem-access 0' command is executed.
10:09:47 INFO  : ----------------XSDB Script----------------
connect -url tcp:127.0.0.1:3121
source /home/xavier/MSc_Project/hls/yolo_conv_hls_2019/yolo_max_pool_fp_prj_2019/yolo_max_pool_fp_prj_2019.sdk/design_1_wrapper_hw_platform_0/ps7_init.tcl
targets -set -nocase -filter {name =~"APU*" && jtag_cable_name =~ "Digilent Zed 210248586321"} -index 0
loadhw -hw /home/xavier/MSc_Project/hls/yolo_conv_hls_2019/yolo_max_pool_fp_prj_2019/yolo_max_pool_fp_prj_2019.sdk/design_1_wrapper_hw_platform_0/system.hdf -mem-ranges [list {0x40000000 0xbfffffff}]
configparams force-mem-access 1
targets -set -nocase -filter {name =~"APU*" && jtag_cable_name =~ "Digilent Zed 210248586321"} -index 0
stop
ps7_init
ps7_post_config
targets -set -nocase -filter {name =~ "ARM*#0" && jtag_cable_name =~ "Digilent Zed 210248586321"} -index 0
rst -processor
targets -set -nocase -filter {name =~ "ARM*#0" && jtag_cable_name =~ "Digilent Zed 210248586321"} -index 0
dow /home/xavier/MSc_Project/hls/yolo_conv_hls_2019/yolo_max_pool_fp_prj_2019/yolo_max_pool_fp_prj_2019.sdk/yolo_max_pool_fp_ps/Debug/yolo_max_pool_fp_ps.elf
configparams force-mem-access 0
----------------End of Script----------------

10:09:47 INFO  : Context for processor 'ps7_cortexa9_0' is selected.
10:09:47 INFO  : 'con' command is executed.
10:09:47 INFO  : ----------------XSDB Script (After Launch)----------------
targets -set -nocase -filter {name =~ "ARM*#0" && jtag_cable_name =~ "Digilent Zed 210248586321"} -index 0
con
----------------End of Script----------------

10:09:47 INFO  : Disconnected from the channel tcfchan#2.
11:21:34 INFO  : Registering command handlers for SDK TCF services
11:21:36 INFO  : Launching XSCT server: xsct -n -interactive /home/xavier/MSc_Project/git_v/Tiny_YOLO_v3_ZYNQ/hw/yolo_max_pool_fp_prj_2019/yolo_max_pool_fp_prj_2019.sdk/temp_xsdb_launch_script.tcl
11:21:39 INFO  : XSCT server has started successfully.
11:21:39 INFO  : Successfully done setting XSCT server connection channel  
11:21:39 INFO  : Successfully done setting SDK workspace  
11:21:39 INFO  : Processing command line option -hwspec /home/xavier/MSc_Project/git_v/Tiny_YOLO_v3_ZYNQ/hw/yolo_max_pool_fp_prj_2019/yolo_max_pool_fp_prj_2019.sdk/design_1_wrapper.hdf.
11:21:49 INFO  : Connected to target on host '127.0.0.1' and port '3121'.
11:21:49 INFO  : 'targets -set -filter {jtag_cable_name =~ "Digilent Zed 210248586321" && level==0} -index 1' command is executed.
11:21:52 INFO  : FPGA configured successfully with bitstream "/home/xavier/MSc_Project/git_v/Tiny_YOLO_v3_ZYNQ/hw/yolo_max_pool_fp_prj_2019/yolo_max_pool_fp_prj_2019.sdk/design_1_wrapper_hw_platform_0/design_1_wrapper.bit"
11:22:01 INFO  : 'targets -set -filter {jtag_cable_name =~ "Digilent Zed 210248586321" && level==0} -index 1' command is executed.
11:22:01 INFO  : 'fpga -state' command is executed.
11:22:01 INFO  : Connected to target on host '127.0.0.1' and port '3121'.
11:22:01 INFO  : Jtag cable 'Digilent Zed 210248586321' is selected.
11:22:01 INFO  : 'jtag frequency' command is executed.
11:22:01 INFO  : Sourcing of '/home/xavier/MSc_Project/git_v/Tiny_YOLO_v3_ZYNQ/hw/yolo_max_pool_fp_prj_2019/yolo_max_pool_fp_prj_2019.sdk/design_1_wrapper_hw_platform_0/ps7_init.tcl' is done.
11:22:01 INFO  : Context for 'APU' is selected.
11:22:01 INFO  : Hardware design information is loaded from '/home/xavier/MSc_Project/git_v/Tiny_YOLO_v3_ZYNQ/hw/yolo_max_pool_fp_prj_2019/yolo_max_pool_fp_prj_2019.sdk/design_1_wrapper_hw_platform_0/system.hdf'.
11:22:01 INFO  : 'configparams force-mem-access 1' command is executed.
11:22:01 INFO  : Context for 'APU' is selected.
11:22:01 INFO  : 'stop' command is executed.
11:22:02 INFO  : 'ps7_init' command is executed.
11:22:02 INFO  : 'ps7_post_config' command is executed.
11:22:02 INFO  : Context for processor 'ps7_cortexa9_0' is selected.
11:22:02 INFO  : Processor reset is completed for 'ps7_cortexa9_0'.
11:22:02 INFO  : Context for processor 'ps7_cortexa9_0' is selected.
11:22:16 INFO  : The application '/home/xavier/MSc_Project/git_v/Tiny_YOLO_v3_ZYNQ/hw/yolo_max_pool_fp_prj_2019/yolo_max_pool_fp_prj_2019.sdk/yolo_max_pool_fp_ps/Debug/yolo_max_pool_fp_ps.elf' is downloaded to processor 'ps7_cortexa9_0'.
11:22:16 INFO  : 'configparams force-mem-access 0' command is executed.
11:22:16 INFO  : ----------------XSDB Script----------------
connect -url tcp:127.0.0.1:3121
source /home/xavier/MSc_Project/git_v/Tiny_YOLO_v3_ZYNQ/hw/yolo_max_pool_fp_prj_2019/yolo_max_pool_fp_prj_2019.sdk/design_1_wrapper_hw_platform_0/ps7_init.tcl
targets -set -nocase -filter {name =~"APU*" && jtag_cable_name =~ "Digilent Zed 210248586321"} -index 0
loadhw -hw /home/xavier/MSc_Project/git_v/Tiny_YOLO_v3_ZYNQ/hw/yolo_max_pool_fp_prj_2019/yolo_max_pool_fp_prj_2019.sdk/design_1_wrapper_hw_platform_0/system.hdf -mem-ranges [list {0x40000000 0xbfffffff}]
configparams force-mem-access 1
targets -set -nocase -filter {name =~"APU*" && jtag_cable_name =~ "Digilent Zed 210248586321"} -index 0
stop
ps7_init
ps7_post_config
targets -set -nocase -filter {name =~ "ARM*#0" && jtag_cable_name =~ "Digilent Zed 210248586321"} -index 0
rst -processor
targets -set -nocase -filter {name =~ "ARM*#0" && jtag_cable_name =~ "Digilent Zed 210248586321"} -index 0
dow /home/xavier/MSc_Project/git_v/Tiny_YOLO_v3_ZYNQ/hw/yolo_max_pool_fp_prj_2019/yolo_max_pool_fp_prj_2019.sdk/yolo_max_pool_fp_ps/Debug/yolo_max_pool_fp_ps.elf
configparams force-mem-access 0
----------------End of Script----------------

11:22:16 INFO  : Context for processor 'ps7_cortexa9_0' is selected.
11:22:16 INFO  : 'con' command is executed.
11:22:16 INFO  : ----------------XSDB Script (After Launch)----------------
targets -set -nocase -filter {name =~ "ARM*#0" && jtag_cable_name =~ "Digilent Zed 210248586321"} -index 0
con
----------------End of Script----------------

11:22:16 INFO  : Disconnected from the channel tcfchan#1.
